Date,CPU Utilization,Total Power,CPU Power,GPU Power
2023-05-10 01:06:56,0.07852,12.49609,12.49609,0.00000
2023-05-10 01:06:57,0.08208,13.38281,13.38281,0.00000
2023-05-10 01:06:58,0.10138,15.36328,15.36328,0.00000
2023-05-10 01:06:59,0.08829,13.80469,13.80469,0.00000
2023-05-10 01:07:00,0.09524,15.13672,15.13672,0.00000
2023-05-10 01:07:01,0.10144,15.40625,15.40625,0.00000
2023-05-10 01:07:02,0.10276,16.25391,16.25391,0.00000
2023-05-10 01:07:03,0.09580,15.34766,15.34766,0.00000
2023-05-10 01:07:04,0.09718,15.63672,15.63672,0.00000
2023-05-10 01:07:05,0.12633,18.60938,18.60938,0.00000
2023-05-10 01:07:06,0.09580,15.33984,15.33984,0.00000
2023-05-10 01:07:07,0.09631,15.06641,15.06641,0.00000
2023-05-10 01:07:08,0.09756,15.45703,15.45703,0.00000
2023-05-10 01:07:09,0.09706,15.68359,15.68359,0.00000
2023-05-10 01:07:10,0.09837,15.65234,15.65234,0.00000
2023-05-10 01:07:11,0.08954,14.49219,14.49219,0.00000
2023-05-10 01:07:12,0.11432,17.33984,17.33984,0.00000
2023-05-10 01:07:13,0.10846,16.31250,16.31250,0.00000
2023-05-10 01:07:14,0.08761,14.21875,14.21875,0.00000
2023-05-10 01:07:15,0.09536,15.31641,15.31641,0.00000
2023-05-10 01:07:16,0.10338,16.73047,16.73047,0.00000
2023-05-10 01:07:17,0.09530,15.43750,15.43750,0.00000
2023-05-10 01:07:18,0.08636,13.91797,13.91797,0.00000
2023-05-10 01:07:19,0.11666,17.83594,17.83594,0.00000
2023-05-10 01:07:20,0.10421,16.17578,16.17578,0.00000
2023-05-10 01:07:21,0.08636,14.51953,14.51953,0.00000
2023-05-10 01:07:22,0.09706,14.97656,14.97656,0.00000
2023-05-10 01:07:23,0.10526,16.71875,16.71875,0.00000
2023-05-10 01:07:24,0.10263,15.55859,15.55859,0.00000
2023-05-10 01:07:25,0.08573,14.12891,14.12891,0.00000
2023-05-10 01:07:26,0.10125,15.96875,15.96875,0.00000
2023-05-10 01:07:27,0.10721,16.86328,16.86328,0.00000
2023-05-10 01:07:28,0.09837,15.50781,15.50781,0.00000
2023-05-10 01:07:29,0.09574,15.54297,15.54297,0.00000
2023-05-10 01:07:30,0.11097,18.00781,18.00781,0.00000
2023-05-10 01:07:31,0.09744,15.42188,15.42188,0.00000
2023-05-10 01:07:32,0.09524,15.48828,15.48828,0.00000
2023-05-10 01:07:33,0.09819,15.25000,15.25000,0.00000
2023-05-10 01:07:34,0.09887,15.96484,15.96484,0.00000
2023-05-10 01:07:35,0.09461,15.50781,15.50781,0.00000
2023-05-10 01:07:36,0.09017,14.77734,14.77734,0.00000
2023-05-10 01:07:37,0.10763,16.71484,16.71484,0.00000
2023-05-10 01:07:38,0.10394,15.93750,15.93750,0.00000
2023-05-10 01:07:39,0.08584,14.14844,14.14844,0.00000
2023-05-10 01:07:40,0.09768,15.19531,15.19531,0.00000
2023-05-10 01:07:41,0.10325,16.32031,16.32031,0.00000
2023-05-10 01:07:42,0.10119,15.87109,15.87109,0.00000
2023-05-10 01:07:43,0.08881,14.00781,14.00781,0.00000
2023-05-10 01:07:44,0.10965,17.65234,17.65234,0.00000
2023-05-10 01:07:45,0.10540,16.59375,16.59375,0.00000
2023-05-10 01:07:46,0.08943,14.46094,14.46094,0.00000
2023-05-10 01:07:47,0.09781,15.29297,15.29297,0.00000
2023-05-10 01:07:48,0.10513,16.21094,16.21094,0.00000
2023-05-10 01:07:49,0.09881,15.38281,15.38281,0.00000
2023-05-10 01:07:50,0.08840,14.30859,14.30859,0.00000
2023-05-10 01:07:51,0.10269,16.03125,16.03125,0.00000
2023-05-10 01:07:52,0.10846,17.08203,17.08203,0.00000
2023-05-10 01:07:53,0.10013,15.80078,15.80078,0.00000
2023-05-10 01:07:54,0.09694,15.53125,15.53125,0.00000
2023-05-10 01:07:55,0.12203,18.74219,18.74219,0.00000
2023-05-10 01:07:56,0.09506,15.48047,15.48047,0.00000
2023-05-10 01:07:57,0.09706,15.23438,15.23438,0.00000
2023-05-10 01:07:58,0.09894,15.35938,15.35938,0.00000
2023-05-10 01:07:59,0.09906,15.63281,15.63281,0.00000
2023-05-10 01:08:00,0.09228,15.05078,15.05078,0.00000
2023-05-10 01:08:01,0.08943,14.69922,14.69922,0.00000
2023-05-10 01:08:02,0.10889,17.19531,17.19531,0.00000
2023-05-10 01:08:03,0.10652,15.73828,15.73828,0.00000
2023-05-10 01:08:04,0.08720,13.99219,13.99219,0.00000
2023-05-10 01:08:05,0.09518,15.10547,15.10547,0.00000
2023-05-10 01:08:06,0.10381,16.61328,16.61328,0.00000
2023-05-10 01:08:07,0.09580,15.30859,15.30859,0.00000
2023-05-10 01:08:08,0.08636,14.22656,14.22656,0.00000
2023-05-10 01:08:09,0.11069,16.69531,16.69531,0.00000
2023-05-10 01:08:10,0.10665,16.70313,16.70313,0.00000
2023-05-10 01:08:11,0.10157,15.79688,15.79688,0.00000
2023-05-10 01:08:12,0.10645,15.44922,15.44922,0.00000
2023-05-10 01:08:13,0.12531,18.93750,18.93750,0.00000
2023-05-10 01:08:14,0.09712,15.28516,15.28516,0.00000
2023-05-10 01:08:15,0.09410,15.58984,15.58984,0.00000
2023-05-10 01:08:16,0.09894,15.80078,15.80078,0.00000
2023-05-10 01:08:17,0.09975,16.18359,16.18359,0.00000
2023-05-10 01:08:18,0.10289,16.10938,16.10938,0.00000
2023-05-10 01:08:19,0.09125,14.69531,14.69531,0.00000
2023-05-10 01:08:20,0.11676,17.65234,17.65234,0.00000
2023-05-10 01:08:21,0.10388,15.78516,15.78516,0.00000
2023-05-10 01:08:22,0.08949,14.19531,14.19531,0.00000
2023-05-10 01:08:23,0.09661,15.46484,15.46484,0.00000
2023-05-10 01:08:24,0.10276,16.41016,16.41016,0.00000
2023-05-10 01:08:25,0.09900,15.49609,15.49609,0.00000
2023-05-10 01:08:26,0.08532,14.33203,14.33203,0.00000
2023-05-10 01:08:27,0.11146,17.51953,17.51953,0.00000
2023-05-10 01:08:28,0.10652,16.19531,16.19531,0.00000
2023-05-10 01:08:29,0.10381,16.00000,16.00000,0.00000
2023-05-10 01:08:30,0.08886,13.77344,13.77344,0.00000
2023-05-10 01:08:31,0.11584,16.93359,16.93359,0.00000
2023-05-10 01:08:32,0.10276,16.05078,16.05078,0.00000
2023-05-10 01:08:33,0.08579,14.38281,14.38281,0.00000
2023-05-10 01:08:34,0.10150,15.77734,15.77734,0.00000
2023-05-10 01:08:35,0.11348,17.36719,17.36719,0.00000
2023-05-10 01:08:36,0.09706,14.76953,14.76953,0.00000
2023-05-10 01:08:37,0.09536,15.14453,15.14453,0.00000
2023-05-10 01:08:38,0.11695,17.84375,17.84375,0.00000
2023-05-10 01:08:39,0.09655,15.71094,15.71094,0.00000
2023-05-10 01:08:40,0.09969,15.23438,15.23438,0.00000
2023-05-10 01:08:41,0.09694,15.26172,15.26172,0.00000
2023-05-10 01:08:42,0.11887,18.10156,18.10156,0.00000
2023-05-10 01:08:43,0.09142,14.64453,14.64453,0.00000
2023-05-10 01:08:44,0.10694,15.99219,15.99219,0.00000
2023-05-10 01:08:45,0.10194,15.78516,15.78516,0.00000
2023-05-10 01:08:46,0.10289,16.64063,16.64063,0.00000
2023-05-10 01:08:47,0.10882,16.29688,16.29688,0.00000
2023-05-10 01:08:48,0.10088,15.71484,15.71484,0.00000
2023-05-10 01:08:49,0.12023,18.53906,18.53906,0.00000
2023-05-10 01:08:50,0.10770,16.41797,16.41797,0.00000
2023-05-10 01:08:51,0.10451,16.08594,16.08594,0.00000
2023-05-10 01:08:52,0.10483,16.57813,16.57813,0.00000
2023-05-10 01:08:53,0.11069,17.80859,17.80859,0.00000
2023-05-10 01:08:54,0.09410,14.95313,14.95313,0.00000
2023-05-10 01:08:55,0.09700,15.55078,15.55078,0.00000
2023-05-10 01:08:56,0.11264,17.77344,17.77344,0.00000
2023-05-10 01:08:57,0.09712,15.71875,15.71875,0.00000
2023-05-10 01:08:58,0.09900,15.59375,15.59375,0.00000
2023-05-10 01:08:59,0.09586,15.71094,15.71094,0.00000
2023-05-10 01:09:00,0.11348,17.98438,17.98438,0.00000
2023-05-10 01:09:01,0.09142,14.57031,14.57031,0.00000
2023-05-10 01:09:02,0.10728,15.94531,15.94531,0.00000
2023-05-10 01:09:03,0.10394,16.52344,16.52344,0.00000
2023-05-10 01:09:04,0.09894,15.23438,15.23438,0.00000
2023-05-10 01:09:05,0.08652,13.98047,13.98047,0.00000
2023-05-10 01:09:06,0.09524,15.38281,15.38281,0.00000
2023-05-10 01:09:07,0.10632,16.20703,16.20703,0.00000
2023-05-10 01:09:08,0.09825,14.96484,14.96484,0.00000
2023-05-10 01:09:09,0.08589,14.04297,14.04297,0.00000
2023-05-10 01:09:10,0.11097,17.23828,17.23828,0.00000
2023-05-10 01:09:11,0.11216,17.05469,17.05469,0.00000
2023-05-10 01:09:12,0.10169,15.01953,15.01953,0.00000
2023-05-10 01:09:13,0.10394,16.03516,16.03516,0.00000
2023-05-10 01:09:14,0.12531,18.90625,18.90625,0.00000
2023-05-10 01:09:15,0.09837,16.01953,16.01953,0.00000
2023-05-10 01:09:16,0.09718,15.87500,15.87500,0.00000
2023-05-10 01:09:17,0.09655,15.14844,15.14844,0.00000
2023-05-10 01:09:18,0.09774,16.03906,16.03906,0.00000
2023-05-10 01:09:19,0.09449,15.25000,15.25000,0.00000
2023-05-10 01:09:20,0.10944,16.44922,16.44922,0.00000
2023-05-10 01:09:21,0.10144,16.52734,16.52734,0.00000
2023-05-10 01:09:22,0.09956,16.15625,16.15625,0.00000
2023-05-10 01:09:23,0.08663,14.27344,14.27344,0.00000
2023-05-10 01:09:24,0.09768,15.38672,15.38672,0.00000
2023-05-10 01:09:25,0.10401,16.27344,16.27344,0.00000
2023-05-10 01:09:26,0.09837,15.53516,15.53516,0.00000
2023-05-10 01:09:27,0.08606,14.28125,14.28125,0.00000
2023-05-10 01:09:28,0.11418,17.52344,17.52344,0.00000
2023-05-10 01:09:29,0.10546,16.18359,16.18359,0.00000
2023-05-10 01:09:30,0.08777,14.19922,14.19922,0.00000
2023-05-10 01:09:31,0.09768,15.54297,15.54297,0.00000
2023-05-10 01:09:32,0.10520,16.35547,16.35547,0.00000
2023-05-10 01:09:33,0.09849,15.73828,15.73828,0.00000
2023-05-10 01:09:34,0.08824,14.33594,14.33594,0.00000
2023-05-10 01:09:35,0.10576,15.71875,15.71875,0.00000
2023-05-10 01:09:36,0.10965,16.73438,16.73438,0.00000
2023-05-10 01:09:37,0.09586,15.53906,15.53906,0.00000
2023-05-10 01:09:38,0.09718,15.76953,15.76953,0.00000
2023-05-10 01:09:39,0.11237,17.81250,17.81250,0.00000
2023-05-10 01:09:40,0.10019,15.33203,15.33203,0.00000
2023-05-10 01:09:41,0.09756,15.48047,15.48047,0.00000
2023-05-10 01:09:42,0.09805,16.14844,16.14844,0.00000
2023-05-10 01:09:43,0.11418,17.93359,17.93359,0.00000
2023-05-10 01:09:44,0.09404,15.11328,15.11328,0.00000
2023-05-10 01:09:45,0.08829,14.54297,14.54297,0.00000
2023-05-10 01:09:46,0.11146,17.36719,17.36719,0.00000
2023-05-10 01:09:47,0.10602,16.11328,16.11328,0.00000
2023-05-10 01:09:48,0.08892,13.62500,13.62500,0.00000
2023-05-10 01:09:49,0.09768,15.03516,15.03516,0.00000
2023-05-10 01:09:50,0.11007,16.69922,16.69922,0.00000
2023-05-10 01:09:51,0.09712,16.11328,16.11328,0.00000
2023-05-10 01:09:52,0.08532,14.15234,14.15234,0.00000
2023-05-10 01:09:53,0.11139,16.78906,16.78906,0.00000
2023-05-10 01:09:54,0.10282,16.15625,16.15625,0.00000
2023-05-10 01:09:55,0.09875,15.60547,15.60547,0.00000
2023-05-10 01:09:57,0.10013,15.46484,15.46484,0.00000
2023-05-10 01:09:58,0.12233,18.79297,18.79297,0.00000
2023-05-10 01:09:59,0.09679,15.48438,15.48438,0.00000
2023-05-10 01:10:00,0.09700,15.64844,15.64844,0.00000
2023-05-10 01:10:01,0.09906,15.20313,15.20313,0.00000
2023-05-10 01:10:02,0.09649,15.95313,15.95313,0.00000
2023-05-10 01:10:03,0.09500,15.10547,15.10547,0.00000
2023-05-10 01:10:04,0.10909,16.37500,16.37500,0.00000
2023-05-10 01:10:05,0.10269,16.44531,16.44531,0.00000
2023-05-10 01:10:06,0.09819,15.45703,15.45703,0.00000
2023-05-10 01:10:07,0.08812,14.19531,14.19531,0.00000
2023-05-10 01:10:08,0.09592,15.26953,15.26953,0.00000
2023-05-10 01:10:09,0.10840,17.05469,17.05469,0.00000
2023-05-10 01:10:10,0.09712,15.52734,15.52734,0.00000
2023-05-10 01:10:11,0.08766,14.17969,14.17969,0.00000
2023-05-10 01:10:12,0.11250,16.69141,16.69141,0.00000
2023-05-10 01:10:13,0.12327,18.11328,18.11328,0.00000
2023-05-10 01:10:14,0.10302,15.74219,15.74219,0.00000
2023-05-10 01:10:15,0.10006,15.92969,15.92969,0.00000
2023-05-10 01:10:16,0.12414,19.18359,19.18359,0.00000
2023-05-10 01:10:17,0.09774,15.83594,15.83594,0.00000
2023-05-10 01:10:18,0.09712,15.59375,15.59375,0.00000
2023-05-10 01:10:19,0.09706,15.88672,15.88672,0.00000
2023-05-10 01:10:20,0.11160,17.92188,17.92188,0.00000
2023-05-10 01:10:21,0.09700,15.26953,15.26953,0.00000
2023-05-10 01:10:22,0.09017,14.40234,14.40234,0.00000
2023-05-10 01:10:23,0.11160,17.62891,17.62891,0.00000
2023-05-10 01:10:24,0.10219,15.85938,15.85938,0.00000
2023-05-10 01:10:25,0.08755,13.88672,13.88672,0.00000
2023-05-10 01:10:26,0.09530,15.29688,15.29688,0.00000
2023-05-10 01:10:27,0.10513,16.57422,16.57422,0.00000
2023-05-10 01:10:28,0.09837,15.32031,15.32031,0.00000
2023-05-10 01:10:29,0.08943,14.05859,14.05859,0.00000
2023-05-10 01:10:30,0.11920,17.94141,17.94141,0.00000
2023-05-10 01:10:31,0.10645,15.98047,15.98047,0.00000
2023-05-10 01:10:32,0.08641,14.01953,14.01953,0.00000
2023-05-10 01:10:33,0.10013,15.47266,15.47266,0.00000
2023-05-10 01:10:34,0.10520,16.29297,16.29297,0.00000
2023-05-10 01:10:35,0.09849,15.31641,15.31641,0.00000
2023-05-10 01:10:36,0.08579,13.92578,13.92578,0.00000
2023-05-10 01:10:37,0.10444,15.76563,15.76563,0.00000
2023-05-10 01:10:38,0.10819,16.63281,16.63281,0.00000
2023-05-10 01:10:39,0.09781,15.48828,15.48828,0.00000
2023-05-10 01:10:40,0.09724,15.51953,15.51953,0.00000
2023-05-10 01:10:41,0.11341,17.97656,17.97656,0.00000
2023-05-10 01:10:42,0.09768,15.51953,15.51953,0.00000
2023-05-10 01:10:43,0.09862,15.80859,15.80859,0.00000
2023-05-10 01:10:44,0.09410,15.51953,15.51953,0.00000
2023-05-10 01:10:45,0.11882,18.18359,18.18359,0.00000
2023-05-10 01:10:46,0.09028,14.77344,14.77344,0.00000
2023-05-10 01:10:47,0.09193,14.62500,14.62500,0.00000
2023-05-10 01:10:48,0.11307,17.71484,17.71484,0.00000
2023-05-10 01:10:49,0.10902,16.19922,16.19922,0.00000
2023-05-10 01:10:50,0.08777,-65518.62891,-65518.62891,0.00000
2023-05-10 01:10:51,0.09962,15.69944,15.69944,0.00000
2023-05-10 01:10:52,0.10526,16.76024,16.76024,0.00000
2023-05-10 01:10:53,0.09774,15.35017,15.35017,0.00000
2023-05-10 01:10:54,0.08647,14.45944,14.45944,0.00000
2023-05-10 01:10:55,0.10652,16.63068,16.63068,0.00000
2023-05-10 01:10:56,0.10394,16.52020,16.52020,0.00000
2023-05-10 01:10:57,0.09856,15.59084,15.59084,0.00000
2023-05-10 01:10:58,0.09530,15.48980,15.48980,0.00000
2023-05-10 01:10:59,0.12586,18.98663,18.98663,0.00000
2023-05-10 01:11:00,0.09718,15.49928,15.49928,0.00000
2023-05-10 01:11:01,0.09837,15.29788,15.29788,0.00000
2023-05-10 01:11:02,0.09825,15.62756,15.62756,0.00000
2023-05-10 01:11:03,0.10025,16.39357,16.39357,0.00000
2023-05-10 01:11:04,0.08903,14.77916,14.77916,0.00000
2023-05-10 01:11:05,0.09125,14.79185,14.79185,0.00000
2023-05-10 01:11:06,0.10325,16.81081,16.81081,0.00000
2023-05-10 01:11:07,0.09825,15.59274,15.59274,0.00000
2023-05-10 01:11:08,0.09011,14.64499,14.64499,0.00000
2023-05-10 01:11:09,0.09956,15.51971,15.51971,0.00000
2023-05-10 01:11:10,0.10232,16.80777,16.80777,0.00000
2023-05-10 01:11:11,0.10163,15.41772,15.41772,0.00000
2023-05-10 01:11:12,0.08937,14.46454,14.46454,0.00000
2023-05-10 01:11:13,0.11754,18.12457,18.12457,0.00000
2023-05-10 01:11:14,0.10853,16.90387,16.90387,0.00000
2023-05-10 01:11:15,0.09011,14.54843,14.54843,0.00000
2023-05-10 01:11:16,0.09643,15.60339,15.60339,0.00000
2023-05-10 01:11:17,0.10470,16.55505,16.55505,0.00000
2023-05-10 01:11:18,0.09843,15.34293,15.34293,0.00000
2023-05-10 01:11:19,0.08704,14.25604,14.25604,0.00000
2023-05-10 01:11:20,0.10401,15.82114,15.82114,0.00000
2023-05-10 01:11:21,0.11041,17.11005,17.11005,0.00000
2023-05-10 01:11:22,0.10401,15.57632,15.57632,0.00000
2023-05-10 01:11:23,0.09781,15.65375,15.65375,0.00000
2023-05-10 01:11:24,0.11688,17.56622,17.56622,0.00000
2023-05-10 01:11:25,0.09831,15.77570,15.77570,0.00000
2023-05-10 01:11:26,0.09643,15.39923,15.39923,0.00000
2023-05-10 01:11:27,0.09718,15.87775,15.87775,0.00000
2023-05-10 01:11:28,0.11411,18.43433,18.43433,0.00000
2023-05-10 01:11:29,0.09074,14.81073,14.81073,0.00000
2023-05-10 01:11:30,0.10770,16.32166,16.32166,0.00000
2023-05-10 01:11:31,0.10589,16.46295,16.46295,0.00000
2023-05-10 01:11:32,0.09950,15.59790,15.59790,0.00000
2023-05-10 01:11:33,0.08772,14.74921,14.74921,0.00000
2023-05-10 01:11:34,0.09530,15.27081,15.27081,0.00000
2023-05-10 01:11:35,0.10681,16.55695,16.55695,0.00000
2023-05-10 01:11:36,0.09950,15.57642,15.57642,0.00000
2023-05-10 01:11:37,0.08755,14.33160,14.33160,0.00000
2023-05-10 01:11:38,0.10470,16.83167,16.83167,0.00000
2023-05-10 01:11:39,0.10721,16.93396,16.93396,0.00000
2023-05-10 01:11:40,0.09655,15.20105,15.20105,0.00000
2023-05-10 01:11:41,0.09774,15.28864,15.28864,0.00000
2023-05-10 01:11:42,0.12226,18.57391,18.57391,0.00000
2023-05-10 01:11:43,0.10189,15.85712,15.85712,0.00000
2023-05-10 01:11:44,0.09831,15.26953,15.26953,0.00000
2023-05-10 01:11:45,0.09906,15.44507,15.44507,0.00000
2023-05-10 01:11:46,0.11076,16.28253,16.28253,0.00000
2023-05-10 01:11:47,0.09387,14.68298,14.68298,0.00000
2023-05-10 01:11:48,0.10958,15.76239,15.76239,0.00000
2023-05-10 01:11:49,0.10332,16.38464,16.38464,0.00000
2023-05-10 01:11:50,0.09718,15.98529,15.98529,0.00000
2023-05-10 01:11:51,0.08960,14.39978,14.39978,0.00000
2023-05-10 01:11:52,0.09712,15.22357,15.22357,0.00000
2023-05-10 01:11:53,0.10381,16.72534,16.72534,0.00000
2023-05-10 01:11:54,0.09724,15.44867,15.44867,0.00000
2023-05-10 01:11:55,0.08641,14.17737,14.17737,0.00000
2023-05-10 01:11:56,0.10652,16.58704,16.58704,0.00000
2023-05-10 01:11:57,0.10401,16.89221,16.89221,0.00000
2023-05-10 01:11:58,0.09706,15.80261,15.80261,0.00000
2023-05-10 01:11:59,0.09819,15.55176,15.55176,0.00000
2023-05-10 01:12:00,0.12288,18.59546,18.59546,0.00000
2023-05-10 01:12:01,0.09655,15.65576,15.65576,0.00000
2023-05-10 01:12:02,0.09536,15.48254,15.48254,0.00000
2023-05-10 01:12:03,0.09900,16.01929,16.01929,0.00000
2023-05-10 01:12:04,0.11418,17.66125,17.66125,0.00000
2023-05-10 01:12:05,0.09524,15.59229,15.59229,0.00000
2023-05-10 01:12:06,0.09074,14.33301,14.33301,0.00000
2023-05-10 01:12:07,0.11905,17.92786,17.92786,0.00000
2023-05-10 01:12:08,0.10401,16.02271,16.02271,0.00000
2023-05-10 01:12:09,0.08777,14.86169,14.86169,0.00000
2023-05-10 01:12:10,0.09756,15.38940,15.38940,0.00000
2023-05-10 01:12:11,0.10721,16.65344,16.65344,0.00000
2023-05-10 01:12:12,0.10081,15.19946,15.19946,0.00000
2023-05-10 01:12:13,0.09359,14.88208,14.88208,0.00000
2023-05-10 01:12:14,0.12273,18.09363,18.09363,0.00000
2023-05-10 01:12:15,0.11230,16.73804,16.73804,0.00000
2023-05-10 01:12:16,0.09530,15.09863,15.09863,0.00000
2023-05-10 01:12:17,0.09643,15.47986,15.47986,0.00000
2023-05-10 01:12:18,0.12523,18.94312,18.94312,0.00000
2023-05-10 01:12:19,0.09580,15.56897,15.56897,0.00000
2023-05-10 01:12:20,0.09479,15.62024,15.62024,0.00000
2023-05-10 01:12:21,0.09900,15.93433,15.93433,0.00000
2023-05-10 01:12:22,0.09894,15.80811,15.80811,0.00000
2023-05-10 01:12:23,0.09524,15.60828,15.60828,0.00000
2023-05-10 01:12:24,0.09108,14.87817,14.87817,0.00000
2023-05-10 01:12:25,0.12883,18.58191,18.58191,0.00000
2023-05-10 01:12:26,0.10345,15.94568,15.94568,0.00000
2023-05-10 01:12:27,0.08829,14.32227,14.32227,0.00000
2023-05-10 01:12:28,0.09831,14.82007,14.82007,0.00000
2023-05-10 01:12:29,0.10513,16.64526,16.64526,0.00000
2023-05-10 01:12:30,0.09918,15.56506,15.56506,0.00000
2023-05-10 01:12:31,0.08527,14.28162,14.28162,0.00000
2023-05-10 01:12:32,0.11404,17.53345,17.53345,0.00000
2023-05-10 01:12:33,0.10951,15.94275,15.94275,0.00000
2023-05-10 01:12:34,0.10219,16.48645,16.48645,0.00000
2023-05-10 01:12:35,0.11522,17.19580,17.19580,0.00000
2023-05-10 01:12:36,0.11975,18.51782,18.51782,0.00000
2023-05-10 01:12:37,0.11982,18.53979,18.53979,0.00000
2023-05-10 01:12:38,0.11967,18.52197,18.52197,0.00000
2023-05-10 01:12:39,0.12992,19.51563,19.51563,0.00000
2023-05-10 01:12:40,0.10477,16.66553,16.66553,0.00000
2023-05-10 01:12:41,0.09536,15.24487,15.24487,0.00000
2023-05-10 01:12:42,0.11835,18.26855,18.26855,0.00000
2023-05-10 01:12:43,0.11754,18.47815,18.47815,0.00000
2023-05-10 01:12:44,0.11945,17.91321,17.91321,0.00000
2023-05-10 01:12:45,0.11640,18.13770,18.13770,0.00000
2023-05-10 01:12:46,0.11146,17.78479,17.78479,0.00000
2023-05-10 01:12:47,0.09837,15.81042,15.81042,0.00000
2023-05-10 01:12:48,0.11216,17.29199,17.29199,0.00000
2023-05-10 01:12:49,0.10526,17.01611,17.01611,0.00000
2023-05-10 01:12:50,0.12774,19.38757,19.38757,0.00000
2023-05-10 01:12:51,0.12774,18.82666,18.82666,0.00000
2023-05-10 01:12:52,0.10388,16.18640,16.18640,0.00000
2023-05-10 01:12:53,0.10401,15.97009,15.97009,0.00000
2023-05-10 01:12:54,0.11488,17.43469,17.43469,0.00000
2023-05-10 01:12:55,0.10777,16.38489,16.38489,0.00000
2023-05-10 01:12:56,0.10520,16.29834,16.29834,0.00000
2023-05-10 01:12:57,0.11285,17.60693,17.60693,0.00000
2023-05-10 01:12:58,0.10895,16.65845,16.65845,0.00000
2023-05-10 01:12:59,0.11404,16.99316,16.99316,0.00000
2023-05-10 01:13:00,0.11591,17.48877,17.48877,0.00000
2023-05-10 01:13:01,0.13103,19.90845,19.90845,0.00000
2023-05-10 01:13:02,0.12516,18.08496,18.08496,0.00000
2023-05-10 01:13:03,0.12203,18.40527,18.40527,0.00000
2023-05-10 01:13:04,0.12594,18.88184,18.88184,0.00000
2023-05-10 01:13:05,0.11577,17.54932,17.54932,0.00000
2023-05-10 01:13:06,0.11459,17.68848,17.68848,0.00000
2023-05-10 01:13:07,0.11327,18.07129,18.07129,0.00000
2023-05-10 01:13:08,0.13275,19.91919,19.91919,0.00000
2023-05-10 01:13:09,0.11167,17.75928,17.75928,0.00000
2023-05-10 01:13:10,0.11041,17.42236,17.42236,0.00000
2023-05-10 01:13:11,0.12469,18.66309,18.66309,0.00000
2023-05-10 01:13:12,0.12203,18.29028,18.29028,0.00000
2023-05-10 01:13:13,0.12649,18.63745,18.63745,0.00000
2023-05-10 01:13:14,0.12617,17.59521,17.59521,0.00000
2023-05-10 01:13:15,0.13659,20.77637,20.77637,0.00000
2023-05-10 01:13:16,0.12155,17.99219,17.99219,0.00000
2023-05-10 01:13:17,0.12304,18.06714,18.06714,0.00000
2023-05-10 01:13:18,0.12030,18.25928,18.25928,0.00000
2023-05-10 01:13:19,0.12438,17.87427,17.87427,0.00000
2023-05-10 01:13:20,0.12163,18.10547,18.10547,0.00000
2023-05-10 01:13:21,0.12030,17.89404,17.89404,0.00000
2023-05-10 01:13:22,0.12594,18.85474,18.85474,0.00000
2023-05-10 01:13:23,0.10589,15.38208,15.38208,0.00000
2023-05-10 01:13:24,0.11599,17.34473,17.34473,0.00000
2023-05-10 01:13:25,0.11481,17.47119,17.47119,0.00000
2023-05-10 01:13:26,0.14160,21.05811,21.05811,0.00000
2023-05-10 01:13:27,0.11872,18.26855,18.26855,0.00000
2023-05-10 01:13:28,0.12438,18.25391,18.25391,0.00000
2023-05-10 01:13:29,0.11809,18.39600,18.39600,0.00000
2023-05-10 01:13:30,0.12281,18.74438,18.74438,0.00000
2023-05-10 01:13:31,0.11857,18.26196,18.26196,0.00000
2023-05-10 01:13:32,0.12328,18.46436,18.46436,0.00000
2023-05-10 01:13:33,0.13784,20.52539,20.52539,0.00000
2023-05-10 01:13:34,0.12343,18.06787,18.06787,0.00000
2023-05-10 01:13:35,0.12304,17.89844,17.89844,0.00000
2023-05-10 01:13:36,0.11459,17.27173,17.27173,0.00000
2023-05-10 01:13:37,0.11731,17.89380,17.89380,0.00000
2023-05-10 01:13:38,0.11271,17.74585,17.74585,0.00000
2023-05-10 01:13:39,0.11209,17.84766,17.84766,0.00000
2023-05-10 01:13:40,0.13434,19.26807,19.26807,0.00000
2023-05-10 01:13:41,0.10470,16.22729,16.22729,0.00000
2023-05-10 01:13:42,0.11034,16.89868,16.89868,0.00000
2023-05-10 01:13:43,0.10958,16.36426,16.36426,0.00000
2023-05-10 01:13:44,0.14384,20.60059,20.60059,0.00000
2023-05-10 01:13:45,0.12281,17.78149,17.78149,0.00000
2023-05-10 01:13:46,0.11905,17.80103,17.80103,0.00000
2023-05-10 01:13:47,0.12030,17.74609,17.74609,0.00000
2023-05-10 01:13:48,0.12281,18.32910,18.32910,0.00000
2023-05-10 01:13:49,0.12414,18.31885,18.31885,0.00000
2023-05-10 01:13:50,0.11850,18.39014,18.39014,0.00000
2023-05-10 01:13:51,0.13972,20.47437,20.47437,0.00000
2023-05-10 01:13:52,0.12203,17.85645,17.85645,0.00000
2023-05-10 01:13:53,0.12093,18.05054,18.05054,0.00000
2023-05-10 01:13:54,0.11864,18.15820,18.15820,0.00000
2023-05-10 01:13:55,0.12476,17.64941,17.64941,0.00000
2023-05-10 01:13:56,0.12461,17.13916,17.13916,0.00000
2023-05-10 01:13:57,0.12469,17.80542,17.80542,0.00000
2023-05-10 01:13:58,0.13722,20.12646,20.12646,0.00000
2023-05-10 01:13:59,0.11160,15.94849,15.94849,0.00000
2023-05-10 01:14:00,0.11591,17.37573,17.37573,0.00000
2023-05-10 01:14:01,0.12673,18.57080,18.57080,0.00000
2023-05-10 01:14:02,0.13730,20.48584,20.48584,0.00000
2023-05-10 01:14:03,0.12155,18.35767,18.35767,0.00000
2023-05-10 01:14:04,0.11920,18.26147,18.26147,0.00000
2023-05-10 01:14:05,0.11216,17.46729,17.46729,0.00000
2023-05-10 01:14:06,0.11709,17.81592,17.81592,0.00000
2023-05-10 01:14:07,0.11445,17.34448,17.34448,0.00000
2023-05-10 01:14:08,0.11411,17.26294,17.26294,0.00000
2023-05-10 01:14:09,0.12994,19.34497,19.34497,0.00000
2023-05-10 01:14:10,0.11223,17.20972,17.20972,0.00000
2023-05-10 01:14:11,0.10992,16.41650,16.41650,0.00000
2023-05-10 01:14:12,0.11014,17.08569,17.08569,0.00000
2023-05-10 01:14:13,0.12986,19.18408,19.18408,0.00000
2023-05-10 01:14:14,0.12869,19.17529,19.17529,0.00000
2023-05-10 01:14:15,0.13087,18.37915,18.37915,0.00000
2023-05-10 01:14:16,0.13668,19.91528,19.91528,0.00000
2023-05-10 01:14:17,0.10902,16.45996,16.45996,0.00000
2023-05-10 01:14:18,0.11299,17.36133,17.36133,0.00000
2023-05-10 01:14:19,0.12570,18.23584,18.23584,0.00000
2023-05-10 01:14:20,0.13668,20.49438,20.49438,0.00000
2023-05-10 01:14:21,0.12602,18.35938,18.35938,0.00000
2023-05-10 01:14:22,0.12148,17.98657,17.98657,0.00000
2023-05-10 01:14:23,0.12453,18.60693,18.60693,0.00000
2023-05-10 01:14:24,0.11299,17.44141,17.44141,0.00000
2023-05-10 01:14:25,0.11577,17.58594,17.58594,0.00000
2023-05-10 01:14:26,0.11425,17.74365,17.74365,0.00000
2023-05-10 01:14:27,0.13838,19.93311,19.93311,0.00000
2023-05-10 01:14:28,0.11445,17.43652,17.43652,0.00000
2023-05-10 01:14:29,0.11271,17.53882,17.53882,0.00000
2023-05-10 01:14:30,0.12171,18.22144,18.22144,0.00000
2023-05-10 01:14:31,0.12171,18.02441,18.02441,0.00000
2023-05-10 01:14:32,0.12336,17.92554,17.92554,0.00000
2023-05-10 01:14:33,0.12351,17.97510,17.97510,0.00000
2023-05-10 01:14:34,0.14098,20.56958,20.56958,0.00000
2023-05-10 01:14:35,0.12476,17.99194,17.99194,0.00000
2023-05-10 01:14:36,0.12060,18.03394,18.03394,0.00000
2023-05-10 01:14:37,0.12343,18.16382,18.16382,0.00000
2023-05-10 01:14:38,0.14035,20.36353,20.36353,0.00000
2023-05-10 01:14:39,0.12359,18.28979,18.28979,0.00000
2023-05-10 01:14:40,0.12093,17.95605,17.95605,0.00000
2023-05-10 01:14:41,0.12327,18.61523,18.61523,0.00000
2023-05-10 01:14:42,0.10833,16.33545,16.33545,0.00000
2023-05-10 01:14:43,0.11787,17.12207,17.12207,0.00000
2023-05-10 01:14:44,0.12194,17.66797,17.66797,0.00000
2023-05-10 01:14:45,0.13793,20.44458,20.44458,0.00000
2023-05-10 01:14:46,0.12226,18.16357,18.16357,0.00000
2023-05-10 01:14:47,0.11975,18.06372,18.06372,0.00000
2023-05-10 01:14:48,0.12336,17.98071,17.98071,0.00000
2023-05-10 01:14:49,0.12531,18.92383,18.92383,0.00000
2023-05-10 01:14:50,0.12123,17.96924,17.96924,0.00000
2023-05-10 01:14:51,0.12045,18.40625,18.40625,0.00000
2023-05-10 01:14:52,0.13463,19.94678,19.94678,0.00000
2023-05-10 01:14:53,0.10345,15.83154,15.83154,0.00000
2023-05-10 01:14:54,0.12093,17.34619,17.34619,0.00000
2023-05-10 01:14:55,0.11591,17.64551,17.64551,0.00000
2023-05-10 01:14:56,0.13112,20.05859,20.05859,0.00000
2023-05-10 01:14:57,0.11174,17.59668,17.59668,0.00000
2023-05-10 01:14:58,0.11160,17.64551,17.64551,0.00000
2023-05-10 01:14:59,0.12281,17.55273,17.55273,0.00000
2023-05-10 01:15:00,0.10840,16.38965,16.38965,0.00000
2023-05-10 01:15:01,0.11779,16.90332,16.90332,0.00000
2023-05-10 01:15:02,0.11104,17.26416,17.26416,0.00000
2023-05-10 01:15:03,0.13713,20.43311,20.43311,0.00000
2023-05-10 01:15:04,0.12265,18.55225,18.55225,0.00000
2023-05-10 01:15:05,0.11731,18.29590,18.29590,0.00000
2023-05-10 01:15:06,0.12148,18.01709,18.01709,0.00000
2023-05-10 01:15:07,0.13838,19.25098,19.25098,0.00000
2023-05-10 01:15:08,0.11341,17.01221,17.01221,0.00000
2023-05-10 01:15:09,0.11418,17.32520,17.32520,0.00000
2023-05-10 01:15:10,0.13250,19.80127,19.80127,0.00000
2023-05-10 01:15:11,0.11613,17.73730,17.73730,0.00000
2023-05-10 01:15:12,0.11473,17.37646,17.37646,0.00000
2023-05-10 01:15:13,0.11967,18.44141,18.44141,0.00000
2023-05-10 01:15:14,0.11355,17.20703,17.20703,0.00000
2023-05-10 01:15:15,0.11411,17.54688,17.54688,0.00000
2023-05-10 01:15:16,0.11967,18.13916,18.13916,0.00000
2023-05-10 01:15:17,0.12954,18.91309,18.91309,0.00000
2023-05-10 01:15:18,0.10345,16.41797,16.41797,0.00000
2023-05-10 01:15:19,0.11488,17.34326,17.34326,0.00000
2023-05-10 01:15:20,0.11271,17.15771,17.15771,0.00000
2023-05-10 01:15:21,0.13810,20.62354,20.62354,0.00000
2023-05-10 01:15:22,0.11551,17.29980,17.29980,0.00000
2023-05-10 01:15:23,0.11912,17.98291,17.98291,0.00000
2023-05-10 01:15:24,0.12085,17.77734,17.77734,0.00000
2023-05-10 01:15:25,0.12782,17.81982,17.81982,0.00000
2023-05-10 01:15:26,0.11912,17.78076,17.78076,0.00000
2023-05-10 01:15:27,0.11396,17.39014,17.39014,0.00000
2023-05-10 01:15:28,0.13409,19.66553,19.66553,0.00000
2023-05-10 01:15:29,0.11584,17.40186,17.40186,0.00000
2023-05-10 01:15:30,0.11654,17.70020,17.70020,0.00000
2023-05-10 01:15:31,0.11702,17.52930,17.52930,0.00000
2023-05-10 01:15:32,0.11216,17.53076,17.53076,0.00000
2023-05-10 01:15:33,0.10826,16.22021,16.22021,0.00000
2023-05-10 01:15:34,0.11990,18.26807,18.26807,0.00000
2023-05-10 01:15:35,0.13346,19.96240,19.96240,0.00000
2023-05-10 01:15:36,0.10708,16.20654,16.20654,0.00000
2023-05-10 01:15:37,0.11536,17.59375,17.59375,0.00000
2023-05-10 01:15:38,0.12273,18.27881,18.27881,0.00000
2023-05-10 01:15:39,0.13713,20.48975,20.48975,0.00000
2023-05-10 01:15:40,0.12336,18.27148,18.27148,0.00000
2023-05-10 01:15:41,0.11927,18.18945,18.18945,0.00000
2023-05-10 01:15:42,0.12406,18.73486,18.73486,0.00000
2023-05-10 01:15:43,0.11647,17.61182,17.61182,0.00000
2023-05-10 01:15:44,0.12524,17.97363,17.97363,0.00000
2023-05-10 01:15:45,0.11591,17.41943,17.41943,0.00000
2023-05-10 01:15:46,0.13292,19.63623,19.63623,0.00000
2023-05-10 01:15:47,0.11271,17.51367,17.51367,0.00000
2023-05-10 01:15:48,0.11382,17.50244,17.50244,0.00000
2023-05-10 01:15:49,0.12469,18.45166,18.45166,0.00000
2023-05-10 01:15:50,0.11942,18.38818,18.38818,0.00000
2023-05-10 01:15:51,0.12469,18.03906,18.03906,0.00000
2023-05-10 01:15:52,0.12030,17.99268,17.99268,0.00000
2023-05-10 01:15:53,0.13605,20.31738,20.31738,0.00000
2023-05-10 01:15:54,0.12649,18.13330,18.13330,0.00000
2023-05-10 01:15:55,0.13275,19.47607,19.47607,0.00000
2023-05-10 01:15:56,0.18245,24.81641,24.81641,0.00000
2023-05-10 01:15:57,0.12226,18.07568,18.07568,0.00000
2023-05-10 01:15:58,0.12531,18.31006,18.31006,0.00000
2023-05-10 01:15:59,0.12328,17.68018,17.68018,0.00000
2023-05-10 01:16:00,0.12790,19.07568,19.07568,0.00000
2023-05-10 01:16:01,0.10401,16.02637,16.02637,0.00000
2023-05-10 01:16:02,0.11285,16.62500,16.62500,0.00000
2023-05-10 01:16:03,0.11404,17.37549,17.37549,0.00000
2023-05-10 01:16:04,0.13748,19.80029,19.80029,0.00000
2023-05-10 01:16:05,0.12265,18.57813,18.57813,0.00000
2023-05-10 01:16:06,0.12038,17.90479,17.90479,0.00000
2023-05-10 01:16:07,0.12296,18.52881,18.52881,0.00000
2023-05-10 01:16:08,0.12359,18.29785,18.29785,0.00000
2023-05-10 01:16:09,0.12265,18.02539,18.02539,0.00000
2023-05-10 01:16:10,0.11514,17.05420,17.05420,0.00000
2023-05-10 01:16:11,0.12790,19.49902,19.49902,0.00000
2023-05-10 01:16:12,0.10276,16.03076,16.03076,0.00000
2023-05-10 01:16:13,0.12030,18.32813,18.32813,0.00000
2023-05-10 01:16:14,0.11879,18.31836,18.31836,0.00000
2023-05-10 01:16:15,0.13338,20.29248,20.29248,0.00000
2023-05-10 01:16:16,0.13120,18.70947,18.70947,0.00000
2023-05-10 01:16:17,0.11890,17.74707,17.74707,0.00000
2023-05-10 01:16:18,0.12296,18.76807,18.76807,0.00000
2023-05-10 01:16:19,0.10741,16.84180,16.84180,0.00000
2023-05-10 01:16:20,0.11278,17.19287,17.19287,0.00000
2023-05-10 01:16:21,0.11599,17.42383,17.42383,0.00000
2023-05-10 01:16:22,0.13087,19.93701,19.93701,0.00000
2023-05-10 01:16:23,0.11522,17.96338,17.96338,0.00000
2023-05-10 01:16:24,0.11278,17.40234,17.40234,0.00000
2023-05-10 01:16:25,0.11591,17.49170,17.49170,0.00000
2023-05-10 01:16:26,0.11543,17.77979,17.77979,0.00000
2023-05-10 01:16:27,0.11048,17.52197,17.52197,0.00000
2023-05-10 01:16:28,0.10777,16.36719,16.36719,0.00000
2023-05-10 01:16:29,0.13713,20.39502,20.39502,0.00000
2023-05-10 01:16:30,0.12273,17.71973,17.71973,0.00000
2023-05-10 01:16:31,0.12673,18.37988,18.37988,0.00000
2023-05-10 01:16:32,0.12657,18.41650,18.41650,0.00000
2023-05-10 01:16:33,0.12273,17.58398,17.58398,0.00000
2023-05-10 01:16:34,0.12422,18.12695,18.12695,0.00000
2023-05-10 01:16:35,0.12188,17.54932,17.54932,0.00000
2023-05-10 01:16:36,0.13514,19.57959,19.57959,0.00000
2023-05-10 01:16:37,0.12210,17.54053,17.54053,0.00000
2023-05-10 01:16:38,0.12116,17.62061,17.62061,0.00000
2023-05-10 01:16:39,0.12078,17.66113,17.66113,0.00000
2023-05-10 01:16:40,0.14107,20.42334,20.42334,0.00000
2023-05-10 01:16:41,0.12045,18.16943,18.16943,0.00000
2023-05-10 01:16:42,0.12078,17.97900,17.97900,0.00000
2023-05-10 01:16:43,0.12226,18.36816,18.36816,0.00000
2023-05-10 01:16:44,0.12948,19.06885,19.06885,0.00000
2023-05-10 01:16:45,0.11912,17.64307,17.64307,0.00000
2023-05-10 01:16:46,0.12218,18.53223,18.53223,0.00000
2023-05-10 01:16:47,0.15019,21.51221,21.51221,0.00000
2023-05-10 01:16:48,0.12288,17.80566,17.80566,0.00000
2023-05-10 01:16:49,0.12242,18.25977,18.25977,0.00000
2023-05-10 01:16:50,0.12023,18.36475,18.36475,0.00000
2023-05-10 01:16:51,0.12688,18.66016,18.66016,0.00000
2023-05-10 01:16:52,0.12492,18.54932,18.54932,0.00000
2023-05-10 01:16:53,0.11912,18.47607,18.47607,0.00000
2023-05-10 01:16:54,0.13534,20.45020,20.45020,0.00000
2023-05-10 01:16:55,0.12288,18.24707,18.24707,0.00000
2023-05-10 01:16:56,0.11967,17.72266,17.72266,0.00000
2023-05-10 01:16:57,0.12015,17.47314,17.47314,0.00000
2023-05-10 01:16:58,0.12359,18.68945,18.68945,0.00000
2023-05-10 01:16:59,0.12531,17.98193,17.98193,0.00000
2023-05-10 01:17:00,0.12594,18.38916,18.38916,0.00000
2023-05-10 01:17:01,0.13229,19.00195,19.00195,0.00000
2023-05-10 01:17:02,0.10289,15.92480,15.92480,0.00000
2023-05-10 01:17:03,0.12296,18.03711,18.03711,0.00000
2023-05-10 01:17:04,0.12045,18.11035,18.11035,0.00000
2023-05-10 01:17:05,0.13847,20.24854,20.24854,0.00000
2023-05-10 01:17:06,0.12390,17.43652,17.43652,0.00000
2023-05-10 01:17:07,0.12281,17.59375,17.59375,0.00000
2023-05-10 01:17:08,0.12218,17.59521,17.59521,0.00000
2023-05-10 01:17:09,0.12422,18.12793,18.12793,0.00000
2023-05-10 01:17:10,0.12000,17.10840,17.10840,0.00000
2023-05-10 01:17:11,0.11536,17.08398,17.08398,0.00000
2023-05-10 01:17:12,0.12962,19.61426,19.61426,0.00000
2023-05-10 01:17:13,0.12453,18.11035,18.11035,0.00000
2023-05-10 01:17:14,0.11997,17.83301,17.83301,0.00000
2023-05-10 01:17:15,0.10826,17.40039,17.40039,0.00000
