Date,CPU Utilization,Total Power,CPU Power,GPU Power
2023-05-10 01:06:56,0.07736,12.44531,12.44531,0.00000
2023-05-10 01:06:57,0.08333,13.39063,13.39063,0.00000
2023-05-10 01:06:58,0.10138,15.39063,15.39063,0.00000
2023-05-10 01:06:59,0.08777,13.81250,13.81250,0.00000
2023-05-10 01:07:00,0.09530,15.17969,15.17969,0.00000
2023-05-10 01:07:01,0.10144,15.41797,15.41797,0.00000
2023-05-10 01:07:02,0.10213,16.20703,16.20703,0.00000
2023-05-10 01:07:03,0.09637,15.31641,15.31641,0.00000
2023-05-10 01:07:04,0.09768,15.60547,15.60547,0.00000
2023-05-10 01:07:05,0.12633,18.60156,18.60156,0.00000
2023-05-10 01:07:06,0.09643,15.24219,15.24219,0.00000
2023-05-10 01:07:07,0.09574,15.12109,15.12109,0.00000
2023-05-10 01:07:08,0.09756,15.51172,15.51172,0.00000
2023-05-10 01:07:09,0.09655,15.63281,15.63281,0.00000
2023-05-10 01:07:10,0.09900,15.62109,15.62109,0.00000
2023-05-10 01:07:11,0.08960,14.50000,14.50000,0.00000
2023-05-10 01:07:12,0.11432,17.32031,17.32031,0.00000
2023-05-10 01:07:13,0.10840,16.31250,16.31250,0.00000
2023-05-10 01:07:14,0.08755,14.21875,14.21875,0.00000
2023-05-10 01:07:15,0.09530,15.32813,15.32813,0.00000
2023-05-10 01:07:16,0.10345,16.72656,16.72656,0.00000
2023-05-10 01:07:17,0.09530,15.46094,15.46094,0.00000
2023-05-10 01:07:18,0.08636,13.91797,13.91797,0.00000
2023-05-10 01:07:19,0.11673,17.83203,17.83203,0.00000
2023-05-10 01:07:20,0.10421,16.17578,16.17578,0.00000
2023-05-10 01:07:21,0.08636,14.50000,14.50000,0.00000
2023-05-10 01:07:22,0.09706,14.97656,14.97656,0.00000
2023-05-10 01:07:23,0.10533,16.71875,16.71875,0.00000
2023-05-10 01:07:24,0.10263,15.55859,15.55859,0.00000
2023-05-10 01:07:25,0.08573,14.13672,14.13672,0.00000
2023-05-10 01:07:26,0.10131,15.96875,15.96875,0.00000
2023-05-10 01:07:27,0.10714,16.86328,16.86328,0.00000
2023-05-10 01:07:28,0.09837,15.50781,15.50781,0.00000
2023-05-10 01:07:29,0.09568,15.55859,15.55859,0.00000
2023-05-10 01:07:30,0.11097,18.00781,18.00781,0.00000
2023-05-10 01:07:31,0.09744,15.42188,15.42188,0.00000
2023-05-10 01:07:32,0.09524,15.48828,15.48828,0.00000
2023-05-10 01:07:33,0.09819,15.25000,15.25000,0.00000
2023-05-10 01:07:34,0.09887,15.96484,15.96484,0.00000
2023-05-10 01:07:35,0.09461,15.50781,15.50781,0.00000
2023-05-10 01:07:36,0.09017,14.77734,14.77734,0.00000
2023-05-10 01:07:37,0.10763,16.71484,16.71484,0.00000
2023-05-10 01:07:38,0.10394,15.93750,15.93750,0.00000
2023-05-10 01:07:39,0.08584,14.14844,14.14844,0.00000
2023-05-10 01:07:40,0.09768,15.19531,15.19531,0.00000
2023-05-10 01:07:41,0.10325,16.32031,16.32031,0.00000
2023-05-10 01:07:42,0.10113,15.87109,15.87109,0.00000
2023-05-10 01:07:43,0.08881,14.00391,14.00391,0.00000
2023-05-10 01:07:44,0.10972,17.65234,17.65234,0.00000
2023-05-10 01:07:45,0.10546,16.59375,16.59375,0.00000
2023-05-10 01:07:46,0.08954,14.47656,14.47656,0.00000
2023-05-10 01:07:47,0.09774,15.30469,15.30469,0.00000
2023-05-10 01:07:48,0.10520,16.21094,16.21094,0.00000
2023-05-10 01:07:49,0.09881,15.37891,15.37891,0.00000
2023-05-10 01:07:50,0.08846,14.30859,14.30859,0.00000
2023-05-10 01:07:51,0.10269,16.03516,16.03516,0.00000
2023-05-10 01:07:52,0.10853,17.08594,17.08594,0.00000
2023-05-10 01:07:53,0.10019,15.82031,15.82031,0.00000
2023-05-10 01:07:54,0.09700,15.55078,15.55078,0.00000
2023-05-10 01:07:55,0.12203,18.75781,18.75781,0.00000
2023-05-10 01:07:56,0.09506,15.48047,15.48047,0.00000
2023-05-10 01:07:57,0.09712,15.21875,15.21875,0.00000
2023-05-10 01:07:58,0.09900,15.35938,15.35938,0.00000
2023-05-10 01:07:59,0.09900,15.63281,15.63281,0.00000
2023-05-10 01:08:00,0.09234,15.03516,15.03516,0.00000
2023-05-10 01:08:01,0.08937,14.72266,14.72266,0.00000
2023-05-10 01:08:02,0.10889,17.19531,17.19531,0.00000
2023-05-10 01:08:03,0.10652,15.73828,15.73828,0.00000
2023-05-10 01:08:04,0.08720,13.99219,13.99219,0.00000
2023-05-10 01:08:05,0.09518,15.10547,15.10547,0.00000
2023-05-10 01:08:06,0.10381,16.62891,16.62891,0.00000
2023-05-10 01:08:07,0.09586,15.30859,15.30859,0.00000
2023-05-10 01:08:08,0.08745,14.22656,14.22656,0.00000
2023-05-10 01:08:09,0.11069,16.68359,16.68359,0.00000
2023-05-10 01:08:10,0.10596,16.64063,16.64063,0.00000
2023-05-10 01:08:11,0.10219,15.83203,15.83203,0.00000
2023-05-10 01:08:12,0.10701,15.42969,15.42969,0.00000
2023-05-10 01:08:13,0.12406,18.95313,18.95313,0.00000
2023-05-10 01:08:14,0.09712,15.23047,15.23047,0.00000
2023-05-10 01:08:15,0.09461,15.65234,15.65234,0.00000
2023-05-10 01:08:16,0.09787,15.78906,15.78906,0.00000
2023-05-10 01:08:17,0.09975,16.17188,16.17188,0.00000
2023-05-10 01:08:18,0.10289,16.10938,16.10938,0.00000
2023-05-10 01:08:19,0.09119,14.69141,14.69141,0.00000
2023-05-10 01:08:20,0.11676,17.65234,17.65234,0.00000
2023-05-10 01:08:21,0.10381,15.81250,15.81250,0.00000
2023-05-10 01:08:22,0.08949,14.19531,14.19531,0.00000
2023-05-10 01:08:23,0.09661,15.48047,15.48047,0.00000
2023-05-10 01:08:24,0.10282,16.41016,16.41016,0.00000
2023-05-10 01:08:25,0.09900,15.51953,15.51953,0.00000
2023-05-10 01:08:26,0.08527,14.33203,14.33203,0.00000
2023-05-10 01:08:27,0.11146,17.52344,17.52344,0.00000
2023-05-10 01:08:28,0.10533,16.19531,16.19531,0.00000
2023-05-10 01:08:29,0.10381,15.97656,15.97656,0.00000
2023-05-10 01:08:30,0.08886,13.80078,13.80078,0.00000
2023-05-10 01:08:31,0.11584,16.90625,16.90625,0.00000
2023-05-10 01:08:32,0.10276,16.05078,16.05078,0.00000
2023-05-10 01:08:33,0.08579,14.36328,14.36328,0.00000
2023-05-10 01:08:34,0.10150,15.79688,15.79688,0.00000
2023-05-10 01:08:35,0.11341,17.34766,17.34766,0.00000
2023-05-10 01:08:36,0.09706,14.76953,14.76953,0.00000
2023-05-10 01:08:37,0.09536,15.14453,15.14453,0.00000
2023-05-10 01:08:38,0.11695,17.84375,17.84375,0.00000
2023-05-10 01:08:39,0.09655,15.70703,15.70703,0.00000
2023-05-10 01:08:40,0.09969,15.23438,15.23438,0.00000
2023-05-10 01:08:41,0.09700,15.28906,15.28906,0.00000
2023-05-10 01:08:42,0.11887,18.10156,18.10156,0.00000
2023-05-10 01:08:43,0.09142,14.64453,14.64453,0.00000
2023-05-10 01:08:44,0.10576,15.99219,15.99219,0.00000
2023-05-10 01:08:45,0.10250,15.76172,15.76172,0.00000
2023-05-10 01:08:46,0.10289,16.64063,16.64063,0.00000
2023-05-10 01:08:47,0.10882,16.27734,16.27734,0.00000
2023-05-10 01:08:48,0.10094,15.71484,15.71484,0.00000
2023-05-10 01:08:49,0.12015,18.51953,18.51953,0.00000
2023-05-10 01:08:50,0.10777,16.43750,16.43750,0.00000
2023-05-10 01:08:51,0.10451,16.06250,16.06250,0.00000
2023-05-10 01:08:52,0.10483,16.60156,16.60156,0.00000
2023-05-10 01:08:53,0.11069,17.80859,17.80859,0.00000
2023-05-10 01:08:54,0.09410,14.95313,14.95313,0.00000
2023-05-10 01:08:55,0.09643,15.53906,15.53906,0.00000
2023-05-10 01:08:56,0.11264,17.78516,17.78516,0.00000
2023-05-10 01:08:57,0.09712,15.70313,15.70313,0.00000
2023-05-10 01:08:58,0.09900,15.59375,15.59375,0.00000
2023-05-10 01:08:59,0.09580,15.69531,15.69531,0.00000
2023-05-10 01:09:00,0.11355,18.02734,18.02734,0.00000
2023-05-10 01:09:01,0.09142,14.48828,14.48828,0.00000
2023-05-10 01:09:02,0.10721,15.96875,15.96875,0.00000
2023-05-10 01:09:03,0.10457,16.58203,16.58203,0.00000
2023-05-10 01:09:04,0.09843,15.19922,15.19922,0.00000
2023-05-10 01:09:05,0.08709,13.96484,13.96484,0.00000
2023-05-10 01:09:06,0.09524,15.41797,15.41797,0.00000
2023-05-10 01:09:07,0.10576,16.21094,16.21094,0.00000
2023-05-10 01:09:08,0.09774,14.96484,14.96484,0.00000
2023-05-10 01:09:09,0.08584,14.04297,14.04297,0.00000
2023-05-10 01:09:10,0.11153,17.25000,17.25000,0.00000
2023-05-10 01:09:11,0.11264,17.12109,17.12109,0.00000
2023-05-10 01:09:12,0.10169,14.93750,14.93750,0.00000
2023-05-10 01:09:13,0.10451,16.05469,16.05469,0.00000
2023-05-10 01:09:14,0.12414,18.88281,18.88281,0.00000
2023-05-10 01:09:15,0.09950,16.08594,16.08594,0.00000
2023-05-10 01:09:16,0.09712,15.87109,15.87109,0.00000
2023-05-10 01:09:17,0.09661,15.14844,15.14844,0.00000
2023-05-10 01:09:18,0.09881,16.00391,16.00391,0.00000
2023-05-10 01:09:19,0.09336,15.21875,15.21875,0.00000
2023-05-10 01:09:20,0.11000,16.42969,16.42969,0.00000
2023-05-10 01:09:21,0.10138,16.63281,16.63281,0.00000
2023-05-10 01:09:22,0.09900,16.07813,16.07813,0.00000
2023-05-10 01:09:23,0.08783,14.28906,14.28906,0.00000
2023-05-10 01:09:24,0.09718,15.35938,15.35938,0.00000
2023-05-10 01:09:25,0.10401,16.30078,16.30078,0.00000
2023-05-10 01:09:26,0.09894,15.51953,15.51953,0.00000
2023-05-10 01:09:27,0.08600,14.30078,14.30078,0.00000
2023-05-10 01:09:28,0.11466,17.50000,17.50000,0.00000
2023-05-10 01:09:29,0.10546,16.19141,16.19141,0.00000
2023-05-10 01:09:30,0.08772,14.19531,14.19531,0.00000
2023-05-10 01:09:31,0.09712,15.56641,15.56641,0.00000
2023-05-10 01:09:32,0.10520,16.34766,16.34766,0.00000
2023-05-10 01:09:33,0.09906,15.75000,15.75000,0.00000
2023-05-10 01:09:34,0.08824,14.33594,14.33594,0.00000
2023-05-10 01:09:35,0.10576,15.71875,15.71875,0.00000
2023-05-10 01:09:36,0.10965,16.73438,16.73438,0.00000
2023-05-10 01:09:37,0.09580,15.53906,15.53906,0.00000
2023-05-10 01:09:38,0.09712,15.75000,15.75000,0.00000
2023-05-10 01:09:39,0.11230,17.81250,17.81250,0.00000
2023-05-10 01:09:40,0.09856,15.31641,15.31641,0.00000
2023-05-10 01:09:41,0.09756,15.48047,15.48047,0.00000
2023-05-10 01:09:42,0.09805,16.14844,16.14844,0.00000
2023-05-10 01:09:43,0.11418,17.93359,17.93359,0.00000
2023-05-10 01:09:44,0.09404,15.11328,15.11328,0.00000
2023-05-10 01:09:45,0.08829,14.54297,14.54297,0.00000
2023-05-10 01:09:46,0.11146,17.36719,17.36719,0.00000
2023-05-10 01:09:47,0.10609,16.11328,16.11328,0.00000
2023-05-10 01:09:48,0.09063,13.64844,13.64844,0.00000
2023-05-10 01:09:49,0.09768,15.03516,15.03516,0.00000
2023-05-10 01:09:50,0.11007,16.69922,16.69922,0.00000
2023-05-10 01:09:52,0.09706,16.11328,16.11328,0.00000
2023-05-10 01:09:53,0.08589,14.13281,14.13281,0.00000
2023-05-10 01:09:54,0.11028,16.76563,16.76563,0.00000
2023-05-10 01:09:55,0.10332,16.05469,16.05469,0.00000
2023-05-10 01:09:56,0.09813,15.67578,15.67578,0.00000
2023-05-10 01:09:57,0.10075,15.46094,15.46094,0.00000
2023-05-10 01:09:58,0.12178,18.77344,18.77344,0.00000
2023-05-10 01:09:59,0.09724,15.46094,15.46094,0.00000
2023-05-10 01:10:00,0.09580,15.72656,15.72656,0.00000
2023-05-10 01:10:01,0.09849,15.18750,15.18750,0.00000
2023-05-10 01:10:02,0.09712,15.91016,15.91016,0.00000
2023-05-10 01:10:03,0.09506,15.16797,15.16797,0.00000
2023-05-10 01:10:04,0.10958,16.36328,16.36328,0.00000
2023-05-10 01:10:05,0.10263,16.42578,16.42578,0.00000
2023-05-10 01:10:06,0.09768,15.43750,15.43750,0.00000
2023-05-10 01:10:07,0.08698,14.17188,14.17188,0.00000
2023-05-10 01:10:08,0.09649,15.25391,15.25391,0.00000
2023-05-10 01:10:09,0.10777,17.05078,17.05078,0.00000
2023-05-10 01:10:10,0.09718,15.49609,15.49609,0.00000
2023-05-10 01:10:11,0.08772,14.17969,14.17969,0.00000
2023-05-10 01:10:12,0.11194,16.71875,16.71875,0.00000
2023-05-10 01:10:13,0.12327,18.03516,18.03516,0.00000
2023-05-10 01:10:14,0.10302,15.78906,15.78906,0.00000
2023-05-10 01:10:15,0.10063,15.88281,15.88281,0.00000
2023-05-10 01:10:16,0.12359,19.25781,19.25781,0.00000
2023-05-10 01:10:17,0.09774,15.82813,15.82813,0.00000
2023-05-10 01:10:18,0.09655,15.59375,15.59375,0.00000
2023-05-10 01:10:19,0.09712,15.86719,15.86719,0.00000
2023-05-10 01:10:20,0.11160,17.89063,17.89063,0.00000
2023-05-10 01:10:21,0.09706,15.26953,15.26953,0.00000
2023-05-10 01:10:22,0.09017,14.40234,14.40234,0.00000
2023-05-10 01:10:23,0.11160,17.62891,17.62891,0.00000
2023-05-10 01:10:24,0.10219,15.85938,15.85938,0.00000
2023-05-10 01:10:25,0.08750,13.88672,13.88672,0.00000
2023-05-10 01:10:26,0.09530,15.29688,15.29688,0.00000
2023-05-10 01:10:27,0.10513,16.57422,16.57422,0.00000
2023-05-10 01:10:28,0.09837,15.32031,15.32031,0.00000
2023-05-10 01:10:29,0.08943,14.07422,14.07422,0.00000
2023-05-10 01:10:30,0.11912,17.94141,17.94141,0.00000
2023-05-10 01:10:31,0.10589,15.97656,15.97656,0.00000
2023-05-10 01:10:32,0.08641,14.01953,14.01953,0.00000
2023-05-10 01:10:33,0.10006,15.47266,15.47266,0.00000
2023-05-10 01:10:34,0.10513,16.28125,16.28125,0.00000
2023-05-10 01:10:35,0.09843,15.31250,15.31250,0.00000
2023-05-10 01:10:36,0.08579,13.92969,13.92969,0.00000
2023-05-10 01:10:37,0.10451,15.75391,15.75391,0.00000
2023-05-10 01:10:38,0.10770,16.63281,16.63281,0.00000
2023-05-10 01:10:39,0.09781,15.48828,15.48828,0.00000
2023-05-10 01:10:40,0.09724,15.50000,15.50000,0.00000
2023-05-10 01:10:41,0.11341,17.97656,17.97656,0.00000
2023-05-10 01:10:42,0.09768,15.53906,15.53906,0.00000
2023-05-10 01:10:43,0.09862,15.80469,15.80469,0.00000
2023-05-10 01:10:44,0.09416,15.50391,15.50391,0.00000
2023-05-10 01:10:45,0.11827,18.17969,18.17969,0.00000
2023-05-10 01:10:46,0.09028,14.77344,14.77344,0.00000
2023-05-10 01:10:47,0.09193,14.62500,14.62500,0.00000
2023-05-10 01:10:48,0.11299,17.71484,17.71484,0.00000
2023-05-10 01:10:49,0.10902,16.19922,16.19922,0.00000
2023-05-10 01:10:50,0.08777,-65518.64453,-65518.64453,0.00000
2023-05-10 01:10:51,0.09956,15.69623,15.69623,0.00000
2023-05-10 01:10:52,0.10645,16.76754,16.76754,0.00000
2023-05-10 01:10:53,0.09774,15.35386,15.35386,0.00000
2023-05-10 01:10:54,0.08647,14.45569,14.45569,0.00000
2023-05-10 01:10:55,0.10652,16.63940,16.63940,0.00000
2023-05-10 01:10:56,0.10394,16.51093,16.51093,0.00000
2023-05-10 01:10:57,0.09856,15.57481,15.57481,0.00000
2023-05-10 01:10:58,0.09530,15.48456,15.48456,0.00000
2023-05-10 01:10:59,0.12586,18.98506,18.98506,0.00000
2023-05-10 01:11:00,0.09774,15.49680,15.49680,0.00000
2023-05-10 01:11:01,0.09831,15.30386,15.30386,0.00000
2023-05-10 01:11:02,0.09825,15.62158,15.62158,0.00000
2023-05-10 01:11:03,0.10025,16.38332,16.38332,0.00000
2023-05-10 01:11:04,0.08903,14.76291,14.76291,0.00000
2023-05-10 01:11:05,0.09011,14.78310,14.78310,0.00000
2023-05-10 01:11:06,0.10325,16.81081,16.81081,0.00000
2023-05-10 01:11:07,0.09825,15.61368,15.61368,0.00000
2023-05-10 01:11:08,0.09011,14.66068,14.66068,0.00000
2023-05-10 01:11:09,0.09950,15.51971,15.51971,0.00000
2023-05-10 01:11:10,0.10163,16.80075,16.80075,0.00000
2023-05-10 01:11:11,0.10226,15.41827,15.41827,0.00000
2023-05-10 01:11:12,0.08937,14.42328,14.42328,0.00000
2023-05-10 01:11:13,0.11816,18.12869,18.12869,0.00000
2023-05-10 01:11:14,0.10853,16.87442,16.87442,0.00000
2023-05-10 01:11:15,0.08954,14.46103,14.46103,0.00000
2023-05-10 01:11:16,0.09592,15.61929,15.61929,0.00000
2023-05-10 01:11:17,0.10520,16.55688,16.55688,0.00000
2023-05-10 01:11:18,0.09787,15.36151,15.36151,0.00000
2023-05-10 01:11:19,0.08755,14.23792,14.23792,0.00000
2023-05-10 01:11:20,0.10408,15.86246,15.86246,0.00000
2023-05-10 01:11:21,0.11097,17.08557,17.08557,0.00000
2023-05-10 01:11:22,0.10401,15.55493,15.55493,0.00000
2023-05-10 01:11:23,0.09781,15.65063,15.65063,0.00000
2023-05-10 01:11:24,0.11688,17.55341,17.55341,0.00000
2023-05-10 01:11:25,0.09837,15.75806,15.75806,0.00000
2023-05-10 01:11:26,0.09580,15.46051,15.46051,0.00000
2023-05-10 01:11:27,0.09831,15.84149,15.84149,0.00000
2023-05-10 01:11:28,0.11411,18.43121,18.43121,0.00000
2023-05-10 01:11:29,0.09074,14.83716,14.83716,0.00000
2023-05-10 01:11:30,0.10826,16.29266,16.29266,0.00000
2023-05-10 01:11:31,0.10526,16.41052,16.41052,0.00000
2023-05-10 01:11:32,0.09894,15.55334,15.55334,0.00000
2023-05-10 01:11:33,0.08772,14.76569,14.76569,0.00000
2023-05-10 01:11:34,0.09643,15.26221,15.26221,0.00000
2023-05-10 01:11:35,0.10625,16.41901,16.41901,0.00000
2023-05-10 01:11:36,0.09894,15.74744,15.74744,0.00000
2023-05-10 01:11:37,0.08755,14.30402,14.30402,0.00000
2023-05-10 01:11:38,0.10358,16.86365,16.86365,0.00000
2023-05-10 01:11:39,0.10833,16.86273,16.86273,0.00000
2023-05-10 01:11:40,0.09712,15.19281,15.19281,0.00000
2023-05-10 01:11:41,0.09768,15.29486,15.29486,0.00000
2023-05-10 01:11:42,0.12226,18.53162,18.53162,0.00000
2023-05-10 01:11:43,0.10189,15.83478,15.83478,0.00000
2023-05-10 01:11:44,0.09774,15.22491,15.22491,0.00000
2023-05-10 01:11:45,0.09906,15.44989,15.44989,0.00000
2023-05-10 01:11:46,0.11069,16.30719,16.30719,0.00000
2023-05-10 01:11:47,0.09267,14.62823,14.62823,0.00000
2023-05-10 01:11:48,0.10895,15.79608,15.79608,0.00000
2023-05-10 01:11:49,0.10325,16.39478,16.39478,0.00000
2023-05-10 01:11:50,0.09768,15.99561,15.99561,0.00000
2023-05-10 01:11:51,0.08966,14.39410,14.39410,0.00000
2023-05-10 01:11:52,0.09655,15.25031,15.25031,0.00000
2023-05-10 01:11:53,0.10388,16.70264,16.70264,0.00000
2023-05-10 01:11:54,0.09718,15.45349,15.45349,0.00000
2023-05-10 01:11:55,0.08584,14.25769,14.25769,0.00000
2023-05-10 01:11:56,0.10763,16.55347,16.55347,0.00000
2023-05-10 01:11:57,0.10464,16.86157,16.86157,0.00000
2023-05-10 01:11:58,0.09768,15.80054,15.80054,0.00000
2023-05-10 01:11:59,0.09762,15.52795,15.52795,0.00000
2023-05-10 01:12:00,0.12288,18.59436,18.59436,0.00000
2023-05-10 01:12:01,0.09655,15.68188,15.68188,0.00000
2023-05-10 01:12:02,0.09473,15.51123,15.51123,0.00000
2023-05-10 01:12:03,0.09956,16.06445,16.06445,0.00000
2023-05-10 01:12:04,0.11418,17.67053,17.67053,0.00000
2023-05-10 01:12:05,0.09518,15.60986,15.60986,0.00000
2023-05-10 01:12:06,0.09125,14.31189,14.31189,0.00000
2023-05-10 01:12:07,0.11850,17.92090,17.92090,0.00000
2023-05-10 01:12:08,0.10457,16.08752,16.08752,0.00000
2023-05-10 01:12:09,0.08726,14.84314,14.84314,0.00000
2023-05-10 01:12:10,0.09712,15.40100,15.40100,0.00000
2023-05-10 01:12:11,0.10714,16.54028,16.54028,0.00000
2023-05-10 01:12:12,0.10131,15.46973,15.46973,0.00000
2023-05-10 01:12:13,0.09234,14.65295,14.65295,0.00000
2023-05-10 01:12:14,0.12398,18.12000,18.12000,0.00000
2023-05-10 01:12:15,0.11292,16.81006,16.81006,0.00000
2023-05-10 01:12:16,0.09592,15.21240,15.21240,0.00000
2023-05-10 01:12:17,0.09655,15.37769,15.37769,0.00000
2023-05-10 01:12:18,0.12523,18.95313,18.95313,0.00000
2023-05-10 01:12:19,0.09586,15.52551,15.52551,0.00000
2023-05-10 01:12:20,0.09530,15.76794,15.76794,0.00000
2023-05-10 01:12:21,0.09956,16.01807,16.01807,0.00000
2023-05-10 01:12:22,0.09843,15.81372,15.81372,0.00000
2023-05-10 01:12:23,0.09455,15.37415,15.37415,0.00000
2023-05-10 01:12:24,0.09045,14.77405,14.77405,0.00000
2023-05-10 01:12:25,0.12782,18.62231,18.62231,0.00000
2023-05-10 01:12:26,0.10394,15.91467,15.91467,0.00000
2023-05-10 01:12:27,0.08829,14.58313,14.58313,0.00000
2023-05-10 01:12:28,0.09825,14.62671,14.62671,0.00000
2023-05-10 01:12:29,0.10507,16.76196,16.76196,0.00000
2023-05-10 01:12:30,0.09862,15.54468,15.54468,0.00000
2023-05-10 01:12:31,0.08641,14.46533,14.46533,0.00000
2023-05-10 01:12:32,0.11348,17.52539,17.52539,0.00000
2023-05-10 01:12:33,0.10840,16.10779,16.10779,0.00000
2023-05-10 01:12:34,0.10381,16.34863,16.34863,0.00000
2023-05-10 01:12:35,0.11459,17.19958,17.19958,0.00000
2023-05-10 01:12:36,0.11975,18.49463,18.49463,0.00000
2023-05-10 01:12:37,0.12030,18.52710,18.52710,0.00000
2023-05-10 01:12:38,0.11960,18.28845,18.28845,0.00000
2023-05-10 01:12:39,0.12829,19.59900,19.59900,0.00000
2023-05-10 01:12:40,0.10833,16.97412,16.97412,0.00000
2023-05-10 01:12:41,0.09536,15.15149,15.15149,0.00000
2023-05-10 01:12:42,0.11842,18.49402,18.49402,0.00000
2023-05-10 01:12:43,0.11787,18.35876,18.35876,0.00000
2023-05-10 01:12:44,0.11967,18.02625,18.02625,0.00000
2023-05-10 01:12:45,0.11536,18.00037,18.00037,0.00000
2023-05-10 01:12:46,0.11153,17.74500,17.74500,0.00000
2023-05-10 01:12:47,0.09962,15.71875,15.71875,0.00000
2023-05-10 01:12:48,0.10902,16.98230,16.98230,0.00000
2023-05-10 01:12:49,0.10477,17.21228,17.21228,0.00000
2023-05-10 01:12:50,0.12837,19.54370,19.54370,0.00000
2023-05-10 01:12:51,0.12837,18.60864,18.60864,0.00000
2023-05-10 01:12:52,0.10276,16.13452,16.13452,0.00000
2023-05-10 01:12:53,0.10457,16.03003,16.03003,0.00000
2023-05-10 01:12:54,0.11613,17.70105,17.70105,0.00000
2023-05-10 01:12:55,0.10728,16.22412,16.22412,0.00000
2023-05-10 01:12:56,0.10464,16.37610,16.37610,0.00000
2023-05-10 01:12:57,0.11348,17.43945,17.43945,0.00000
2023-05-10 01:12:58,0.11209,16.99805,16.99805,0.00000
2023-05-10 01:12:59,0.11348,16.98511,16.98511,0.00000
2023-05-10 01:13:00,0.11647,17.39087,17.39087,0.00000
2023-05-10 01:13:01,0.13166,20.10718,20.10718,0.00000
2023-05-10 01:13:02,0.12406,18.17871,18.17871,0.00000
2023-05-10 01:13:03,0.12210,18.59863,18.59863,0.00000
2023-05-10 01:13:04,0.12602,18.76807,18.76807,0.00000
2023-05-10 01:13:05,0.11459,17.50806,17.50806,0.00000
2023-05-10 01:13:06,0.11577,17.67603,17.67603,0.00000
2023-05-10 01:13:07,0.11285,17.87134,17.87134,0.00000
2023-05-10 01:13:08,0.13346,19.90039,19.90039,0.00000
2023-05-10 01:13:09,0.11160,17.83130,17.83130,0.00000
2023-05-10 01:13:10,0.10596,16.88770,16.88770,0.00000
2023-05-10 01:13:11,0.12461,18.91992,18.91992,0.00000
2023-05-10 01:13:12,0.12078,18.22192,18.22192,0.00000
2023-05-10 01:13:13,0.12516,18.53662,18.53662,0.00000
2023-05-10 01:13:14,0.13008,17.82349,17.82349,0.00000
2023-05-10 01:13:15,0.13713,20.71924,20.71924,0.00000
2023-05-10 01:13:16,0.12155,18.14746,18.14746,0.00000
2023-05-10 01:13:17,0.12351,17.80591,17.80591,0.00000
2023-05-10 01:13:18,0.11890,18.06250,18.06250,0.00000
2023-05-10 01:13:19,0.12625,18.08154,18.08154,0.00000
2023-05-10 01:13:20,0.12171,18.17188,18.17188,0.00000
2023-05-10 01:13:21,0.12038,17.72461,17.72461,0.00000
2023-05-10 01:13:22,0.12602,18.99365,18.99365,0.00000
2023-05-10 01:13:23,0.10965,15.99829,15.99829,0.00000
2023-05-10 01:13:24,0.11355,16.98901,16.98901,0.00000
2023-05-10 01:13:25,0.11717,17.66724,17.66724,0.00000
2023-05-10 01:13:26,0.14160,21.26270,21.26270,0.00000
2023-05-10 01:13:27,0.11982,18.28442,18.28442,0.00000
2023-05-10 01:13:28,0.12328,18.25854,18.25854,0.00000
2023-05-10 01:13:29,0.11912,18.18628,18.18628,0.00000
2023-05-10 01:13:30,0.12210,18.74194,18.74194,0.00000
2023-05-10 01:13:31,0.11927,18.32275,18.32275,0.00000
2023-05-10 01:13:32,0.12336,18.46973,18.46973,0.00000
2023-05-10 01:13:33,0.13776,20.77075,20.77075,0.00000
2023-05-10 01:13:34,0.12343,18.12354,18.12354,0.00000
2023-05-10 01:13:35,0.12296,17.81958,17.81958,0.00000
2023-05-10 01:13:36,0.11355,17.25708,17.25708,0.00000
2023-05-10 01:13:37,0.11717,17.80664,17.80664,0.00000
2023-05-10 01:13:38,0.11271,17.68530,17.68530,0.00000
2023-05-10 01:13:39,0.11216,17.70166,17.70166,0.00000
2023-05-10 01:13:40,0.12923,19.06348,19.06348,0.00000
2023-05-10 01:13:41,0.11028,16.54712,16.54712,0.00000
2023-05-10 01:13:42,0.10477,16.41089,16.41089,0.00000
2023-05-10 01:13:43,0.11062,16.38013,16.38013,0.00000
2023-05-10 01:13:44,0.14340,20.77466,20.77466,0.00000
2023-05-10 01:13:45,0.12398,17.51392,17.51392,0.00000
2023-05-10 01:13:46,0.11850,17.93408,17.93408,0.00000
2023-05-10 01:13:47,0.12078,17.70483,17.70483,0.00000
2023-05-10 01:13:48,0.12281,18.42578,18.42578,0.00000
2023-05-10 01:13:49,0.12343,18.32251,18.32251,0.00000
2023-05-10 01:13:50,0.11897,18.52710,18.52710,0.00000
2023-05-10 01:13:51,0.13981,20.43896,20.43896,0.00000
2023-05-10 01:13:52,0.12203,17.88818,17.88818,0.00000
2023-05-10 01:13:53,0.12203,18.01685,18.01685,0.00000
2023-05-10 01:13:54,0.11809,18.05737,18.05737,0.00000
2023-05-10 01:13:55,0.12469,17.76587,17.76587,0.00000
2023-05-10 01:13:56,0.12508,17.47705,17.47705,0.00000
2023-05-10 01:13:57,0.12469,17.94849,17.94849,0.00000
2023-05-10 01:13:58,0.13722,19.86206,19.86206,0.00000
2023-05-10 01:13:59,0.11647,16.57861,16.57861,0.00000
2023-05-10 01:14:00,0.11529,17.18994,17.18994,0.00000
2023-05-10 01:14:01,0.12743,18.56470,18.56470,0.00000
2023-05-10 01:14:02,0.13730,20.44385,20.44385,0.00000
2023-05-10 01:14:03,0.12265,18.64502,18.64502,0.00000
2023-05-10 01:14:04,0.11927,17.96484,17.96484,0.00000
2023-05-10 01:14:05,0.11153,17.36475,17.36475,0.00000
2023-05-10 01:14:06,0.11661,17.76904,17.76904,0.00000
2023-05-10 01:14:07,0.11445,17.45825,17.45825,0.00000
2023-05-10 01:14:08,0.11459,17.25879,17.25879,0.00000
2023-05-10 01:14:09,0.12986,19.31323,19.31323,0.00000
2023-05-10 01:14:10,0.10965,17.03174,17.03174,0.00000
2023-05-10 01:14:11,0.10734,16.12866,16.12866,0.00000
2023-05-10 01:14:12,0.11014,17.22900,17.22900,0.00000
2023-05-10 01:14:13,0.13033,19.10278,19.10278,0.00000
2023-05-10 01:14:14,0.12869,18.98218,18.98218,0.00000
2023-05-10 01:14:15,0.12978,18.65820,18.65820,0.00000
2023-05-10 01:14:16,0.13784,19.59790,19.59790,0.00000
2023-05-10 01:14:17,0.11216,17.09839,17.09839,0.00000
2023-05-10 01:14:18,0.11299,17.39111,17.39111,0.00000
2023-05-10 01:14:19,0.12508,18.22241,18.22241,0.00000
2023-05-10 01:14:20,0.13722,20.62427,20.62427,0.00000
2023-05-10 01:14:21,0.12547,18.49292,18.49292,0.00000
2023-05-10 01:14:22,0.12140,18.11938,18.11938,0.00000
2023-05-10 01:14:23,0.12516,18.17334,18.17334,0.00000
2023-05-10 01:14:24,0.11348,17.76050,17.76050,0.00000
2023-05-10 01:14:25,0.11522,17.54248,17.54248,0.00000
2023-05-10 01:14:26,0.11473,17.72461,17.72461,0.00000
2023-05-10 01:14:27,0.13784,19.88306,19.88306,0.00000
2023-05-10 01:14:28,0.11445,17.35889,17.35889,0.00000
2023-05-10 01:14:29,0.10708,16.88599,16.88599,0.00000
2023-05-10 01:14:30,0.12171,18.52466,18.52466,0.00000
2023-05-10 01:14:31,0.12233,17.94629,17.94629,0.00000
2023-05-10 01:14:32,0.12226,18.07642,18.07642,0.00000
2023-05-10 01:14:33,0.12516,17.84912,17.84912,0.00000
2023-05-10 01:14:34,0.14044,20.40698,20.40698,0.00000
2023-05-10 01:14:35,0.12429,18.02686,18.02686,0.00000
2023-05-10 01:14:36,0.12108,18.09741,18.09741,0.00000
2023-05-10 01:14:37,0.12343,18.19556,18.19556,0.00000
2023-05-10 01:14:38,0.13972,20.45703,20.45703,0.00000
2023-05-10 01:14:39,0.12414,18.31958,18.31958,0.00000
2023-05-10 01:14:40,0.12203,17.97729,17.97729,0.00000
2023-05-10 01:14:41,0.12312,18.34375,18.34375,0.00000
2023-05-10 01:14:42,0.11237,17.30151,17.30151,0.00000
2023-05-10 01:14:43,0.11787,16.95020,16.95020,0.00000
2023-05-10 01:14:44,0.12194,17.78857,17.78857,0.00000
2023-05-10 01:14:45,0.13793,20.43140,20.43140,0.00000
2023-05-10 01:14:46,0.12281,18.20874,18.20874,0.00000
2023-05-10 01:14:47,0.11975,18.11597,18.11597,0.00000
2023-05-10 01:14:48,0.12218,17.91528,17.91528,0.00000
2023-05-10 01:14:49,0.12649,18.95654,18.95654,0.00000
2023-05-10 01:14:50,0.12060,17.93457,17.93457,0.00000
2023-05-10 01:14:51,0.12273,18.32324,18.32324,0.00000
2023-05-10 01:14:52,0.13354,19.95264,19.95264,0.00000
2023-05-10 01:14:53,0.10408,15.87305,15.87305,0.00000
2023-05-10 01:14:54,0.12038,17.46045,17.46045,0.00000
2023-05-10 01:14:55,0.11584,17.59668,17.59668,0.00000
2023-05-10 01:14:56,0.13166,20.14404,20.14404,0.00000
2023-05-10 01:14:57,0.11111,17.56348,17.56348,0.00000
2023-05-10 01:14:58,0.10763,16.95703,16.95703,0.00000
2023-05-10 01:14:59,0.12186,17.70557,17.70557,0.00000
2023-05-10 01:15:00,0.11348,16.87695,16.87695,0.00000
2023-05-10 01:15:01,0.11724,17.04053,17.04053,0.00000
2023-05-10 01:15:02,0.11271,17.23438,17.23438,0.00000
2023-05-10 01:15:03,0.13668,20.41406,20.41406,0.00000
2023-05-10 01:15:04,0.12163,18.45508,18.45508,0.00000
2023-05-10 01:15:05,0.11787,18.23486,18.23486,0.00000
2023-05-10 01:15:06,0.12085,18.10742,18.10742,0.00000
2023-05-10 01:15:07,0.13838,19.23486,19.23486,0.00000
2023-05-10 01:15:08,0.11389,17.29297,17.29297,0.00000
2023-05-10 01:15:09,0.11411,17.11768,17.11768,0.00000
2023-05-10 01:15:10,0.13204,19.85840,19.85840,0.00000
2023-05-10 01:15:11,0.11779,18.03857,18.03857,0.00000
2023-05-10 01:15:12,0.11584,17.32666,17.32666,0.00000
2023-05-10 01:15:13,0.11536,17.68506,17.68506,0.00000
2023-05-10 01:15:14,0.11299,17.49316,17.49316,0.00000
2023-05-10 01:15:15,0.11418,17.33496,17.33496,0.00000
2023-05-10 01:15:16,0.11912,18.10840,18.10840,0.00000
2023-05-10 01:15:17,0.13125,18.95850,18.95850,0.00000
2023-05-10 01:15:18,0.10728,17.03516,17.03516,0.00000
2023-05-10 01:15:19,0.11418,17.41211,17.41211,0.00000
2023-05-10 01:15:20,0.11285,17.20215,17.20215,0.00000
2023-05-10 01:15:21,0.13765,20.50000,20.50000,0.00000
2023-05-10 01:15:22,0.11551,17.16162,17.16162,0.00000
2023-05-10 01:15:23,0.11850,18.04297,18.04297,0.00000
2023-05-10 01:15:24,0.12085,17.82471,17.82471,0.00000
2023-05-10 01:15:25,0.12845,17.76855,17.76855,0.00000
2023-05-10 01:15:26,0.11809,17.87354,17.87354,0.00000
2023-05-10 01:15:27,0.11459,17.35889,17.35889,0.00000
2023-05-10 01:15:28,0.13354,19.75635,19.75635,0.00000
2023-05-10 01:15:29,0.11584,17.46484,17.46484,0.00000
2023-05-10 01:15:30,0.11654,17.69336,17.69336,0.00000
2023-05-10 01:15:31,0.11765,17.63379,17.63379,0.00000
2023-05-10 01:15:32,0.10533,16.71777,16.71777,0.00000
2023-05-10 01:15:33,0.11132,16.64795,16.64795,0.00000
2023-05-10 01:15:34,0.12045,18.02441,18.02441,0.00000
2023-05-10 01:15:35,0.13400,19.87305,19.87305,0.00000
2023-05-10 01:15:36,0.11028,16.57959,16.57959,0.00000
2023-05-10 01:15:37,0.11591,17.63574,17.63574,0.00000
2023-05-10 01:15:38,0.12210,18.42920,18.42920,0.00000
2023-05-10 01:15:39,0.13776,20.57422,20.57422,0.00000
2023-05-10 01:15:40,0.12226,18.27930,18.27930,0.00000
2023-05-10 01:15:41,0.11975,18.03955,18.03955,0.00000
2023-05-10 01:15:42,0.12406,18.66504,18.66504,0.00000
2023-05-10 01:15:43,0.11529,17.55859,17.55859,0.00000
2023-05-10 01:15:44,0.12445,17.95654,17.95654,0.00000
2023-05-10 01:15:45,0.11827,17.64258,17.64258,0.00000
2023-05-10 01:15:46,0.13229,19.62744,19.62744,0.00000
2023-05-10 01:15:47,0.11264,17.75195,17.75195,0.00000
2023-05-10 01:15:48,0.10951,16.75586,16.75586,0.00000
2023-05-10 01:15:49,0.12406,18.46484,18.46484,0.00000
2023-05-10 01:15:50,0.12163,18.32471,18.32471,0.00000
2023-05-10 01:15:51,0.12414,18.21045,18.21045,0.00000
2023-05-10 01:15:52,0.12038,17.87451,17.87451,0.00000
2023-05-10 01:15:53,0.13605,20.39990,20.39990,0.00000
2023-05-10 01:15:54,0.12602,18.13477,18.13477,0.00000
2023-05-10 01:15:55,0.12782,18.88574,18.88574,0.00000
2023-05-10 01:15:56,0.18421,25.25244,25.25244,0.00000
2023-05-10 01:15:57,0.12523,18.57764,18.57764,0.00000
2023-05-10 01:15:58,0.12469,18.04980,18.04980,0.00000
2023-05-10 01:15:59,0.12336,17.66455,17.66455,0.00000
2023-05-10 01:16:00,0.12845,19.01074,19.01074,0.00000
2023-05-10 01:16:01,0.10895,16.66699,16.66699,0.00000
2023-05-10 01:16:02,0.11396,17.03955,17.03955,0.00000
2023-05-10 01:16:03,0.11278,17.03125,17.03125,0.00000
2023-05-10 01:16:04,0.13856,19.75635,19.75635,0.00000
2023-05-10 01:16:05,0.12218,18.44824,18.44824,0.00000
2023-05-10 01:16:06,0.12100,18.26221,18.26221,0.00000
2023-05-10 01:16:07,0.12288,18.22217,18.22217,0.00000
2023-05-10 01:16:08,0.12414,18.56738,18.56738,0.00000
2023-05-10 01:16:09,0.12163,17.84717,17.84717,0.00000
2023-05-10 01:16:10,0.11459,17.06885,17.06885,0.00000
2023-05-10 01:16:11,0.12798,19.43213,19.43213,0.00000
2023-05-10 01:16:12,0.10263,16.09082,16.09082,0.00000
2023-05-10 01:16:13,0.12100,18.53613,18.53613,0.00000
2023-05-10 01:16:14,0.11990,18.26172,18.26172,0.00000
2023-05-10 01:16:15,0.12727,19.74756,19.74756,0.00000
2023-05-10 01:16:16,0.13283,18.62256,18.62256,0.00000
2023-05-10 01:16:17,0.11606,17.97119,17.97119,0.00000
2023-05-10 01:16:18,0.12516,18.59180,18.59180,0.00000
2023-05-10 01:16:19,0.11237,17.27441,17.27441,0.00000
2023-05-10 01:16:20,0.11230,17.31787,17.31787,0.00000
2023-05-10 01:16:21,0.11654,17.38428,17.38428,0.00000
2023-05-10 01:16:22,0.12970,20.00684,20.00684,0.00000
2023-05-10 01:16:23,0.11688,17.75977,17.75977,0.00000
2023-05-10 01:16:24,0.11285,17.51611,17.51611,0.00000
2023-05-10 01:16:25,0.11529,17.57861,17.57861,0.00000
2023-05-10 01:16:26,0.11551,17.84033,17.84033,0.00000
2023-05-10 01:16:27,0.10364,16.70996,16.70996,0.00000
2023-05-10 01:16:28,0.10784,16.52588,16.52588,0.00000
2023-05-10 01:16:29,0.13830,20.30908,20.30908,0.00000
2023-05-10 01:16:30,0.12226,17.64209,17.64209,0.00000
2023-05-10 01:16:31,0.12555,18.29541,18.29541,0.00000
2023-05-10 01:16:32,0.12719,18.46143,18.46143,0.00000
2023-05-10 01:16:33,0.12273,17.90625,17.90625,0.00000
2023-05-10 01:16:34,0.12414,17.85840,17.85840,0.00000
2023-05-10 01:16:35,0.12085,17.55908,17.55908,0.00000
2023-05-10 01:16:36,0.13622,19.84961,19.84961,0.00000
2023-05-10 01:16:37,0.12343,17.59717,17.59717,0.00000
2023-05-10 01:16:38,0.12116,17.58789,17.58789,0.00000
2023-05-10 01:16:39,0.12030,17.65771,17.65771,0.00000
2023-05-10 01:16:40,0.14152,20.25146,20.25146,0.00000
2023-05-10 01:16:41,0.12045,18.26465,18.26465,0.00000
2023-05-10 01:16:42,0.12078,18.16699,18.16699,0.00000
2023-05-10 01:16:43,0.12281,18.26611,18.26611,0.00000
2023-05-10 01:16:44,0.12948,18.98779,18.98779,0.00000
2023-05-10 01:16:45,0.11920,17.75977,17.75977,0.00000
2023-05-10 01:16:46,0.12163,18.51611,18.51611,0.00000
2023-05-10 01:16:47,0.14966,21.37646,21.37646,0.00000
2023-05-10 01:16:48,0.12288,17.93408,17.93408,0.00000
2023-05-10 01:16:49,0.12070,18.33447,18.33447,0.00000
2023-05-10 01:16:50,0.12242,18.16846,18.16846,0.00000
2023-05-10 01:16:51,0.12241,18.47021,18.47021,0.00000
2023-05-10 01:16:52,0.12986,18.68018,18.68018,0.00000
2023-05-10 01:16:53,0.11960,18.56055,18.56055,0.00000
2023-05-10 01:16:54,0.13488,20.49902,20.49902,0.00000
2023-05-10 01:16:55,0.12226,18.20361,18.20361,0.00000
2023-05-10 01:16:56,0.12030,17.72266,17.72266,0.00000
2023-05-10 01:16:57,0.11960,17.61670,17.61670,0.00000
2023-05-10 01:16:58,0.12336,18.54785,18.54785,0.00000
2023-05-10 01:16:59,0.12547,18.28320,18.28320,0.00000
2023-05-10 01:17:00,0.12594,18.07373,18.07373,0.00000
2023-05-10 01:17:01,0.13338,18.94873,18.94873,0.00000
2023-05-10 01:17:02,0.10846,16.64746,16.64746,0.00000
2023-05-10 01:17:03,0.12343,18.07031,18.07031,0.00000
2023-05-10 01:17:04,0.11975,18.09277,18.09277,0.00000
2023-05-10 01:17:05,0.14152,20.32959,20.32959,0.00000
2023-05-10 01:17:06,0.12336,17.49219,17.49219,0.00000
2023-05-10 01:17:07,0.12336,17.68457,17.68457,0.00000
2023-05-10 01:17:08,0.12281,17.51074,17.51074,0.00000
2023-05-10 01:17:09,0.12312,18.03467,18.03467,0.00000
2023-05-10 01:17:10,0.11757,16.95703,16.95703,0.00000
2023-05-10 01:17:11,0.11835,17.34229,17.34229,0.00000
2023-05-10 01:17:12,0.12962,19.44580,19.44580,0.00000
2023-05-10 01:17:13,0.12562,18.46045,18.46045,0.00000
2023-05-10 01:17:14,0.11857,17.36523,17.36523,0.00000
2023-05-10 01:17:15,0.10882,17.38379,17.38379,0.00000
2023-05-10 01:17:16,0.08025,13.44629,13.44629,0.00000
2023-05-10 01:17:17,0.06725,9.49902,9.49902,0.00000
2023-05-10 01:17:18,0.04523,7.85791,7.85791,0.00000
