Date,CPU Utilization,Total Power,CPU Power,GPU Power
2023-05-10 01:06:56,0.07852,12.50391,12.50391,0.00000
2023-05-10 01:06:57,0.08213,13.35938,13.35938,0.00000
2023-05-10 01:06:58,0.10138,15.37109,15.37109,0.00000
2023-05-10 01:06:59,0.08835,13.78906,13.78906,0.00000
2023-05-10 01:07:00,0.09524,15.13672,15.13672,0.00000
2023-05-10 01:07:01,0.10144,15.41797,15.41797,0.00000
2023-05-10 01:07:02,0.10276,16.22266,16.22266,0.00000
2023-05-10 01:07:03,0.09580,15.35156,15.35156,0.00000
2023-05-10 01:07:04,0.09718,15.62500,15.62500,0.00000
2023-05-10 01:07:05,0.12641,18.60156,18.60156,0.00000
2023-05-10 01:07:06,0.09586,15.33984,15.33984,0.00000
2023-05-10 01:07:07,0.09631,15.06641,15.06641,0.00000
2023-05-10 01:07:08,0.09756,15.45703,15.45703,0.00000
2023-05-10 01:07:09,0.09706,15.68359,15.68359,0.00000
2023-05-10 01:07:10,0.09837,15.65234,15.65234,0.00000
2023-05-10 01:07:11,0.08954,14.49219,14.49219,0.00000
2023-05-10 01:07:12,0.11432,17.33984,17.33984,0.00000
2023-05-10 01:07:13,0.10846,16.31250,16.31250,0.00000
2023-05-10 01:07:14,0.08761,14.21875,14.21875,0.00000
2023-05-10 01:07:15,0.09536,15.31641,15.31641,0.00000
2023-05-10 01:07:16,0.10345,16.73047,16.73047,0.00000
2023-05-10 01:07:17,0.09530,15.44922,15.44922,0.00000
2023-05-10 01:07:18,0.08636,13.93750,13.93750,0.00000
2023-05-10 01:07:19,0.11570,17.82031,17.82031,0.00000
2023-05-10 01:07:20,0.10526,16.19141,16.19141,0.00000
2023-05-10 01:07:21,0.08641,14.51953,14.51953,0.00000
2023-05-10 01:07:22,0.09706,14.99219,14.99219,0.00000
2023-05-10 01:07:23,0.10533,16.73438,16.73438,0.00000
2023-05-10 01:07:24,0.10256,15.58203,15.58203,0.00000
2023-05-10 01:07:25,0.08573,14.13672,14.13672,0.00000
2023-05-10 01:07:26,0.10131,15.96875,15.96875,0.00000
2023-05-10 01:07:27,0.10721,16.86328,16.86328,0.00000
2023-05-10 01:07:28,0.09837,15.50781,15.50781,0.00000
2023-05-10 01:07:29,0.09568,15.55859,15.55859,0.00000
2023-05-10 01:07:30,0.11097,18.00781,18.00781,0.00000
2023-05-10 01:07:31,0.09744,15.42188,15.42188,0.00000
2023-05-10 01:07:32,0.09518,15.48828,15.48828,0.00000
2023-05-10 01:07:33,0.09825,15.25000,15.25000,0.00000
2023-05-10 01:07:34,0.09894,15.96484,15.96484,0.00000
2023-05-10 01:07:35,0.09461,15.52734,15.52734,0.00000
2023-05-10 01:07:36,0.09017,14.77734,14.77734,0.00000
2023-05-10 01:07:37,0.10757,16.71484,16.71484,0.00000
2023-05-10 01:07:38,0.10394,15.93750,15.93750,0.00000
2023-05-10 01:07:39,0.08584,14.14844,14.14844,0.00000
2023-05-10 01:07:40,0.09768,15.19531,15.19531,0.00000
2023-05-10 01:07:41,0.10325,16.32031,16.32031,0.00000
2023-05-10 01:07:42,0.10113,15.87109,15.87109,0.00000
2023-05-10 01:07:43,0.08881,14.00391,14.00391,0.00000
2023-05-10 01:07:44,0.10972,17.65234,17.65234,0.00000
2023-05-10 01:07:45,0.10540,16.59375,16.59375,0.00000
2023-05-10 01:07:46,0.08943,14.46094,14.46094,0.00000
2023-05-10 01:07:47,0.09781,15.29297,15.29297,0.00000
2023-05-10 01:07:48,0.10513,16.21094,16.21094,0.00000
2023-05-10 01:07:49,0.09875,15.38672,15.38672,0.00000
2023-05-10 01:07:50,0.08840,14.30859,14.30859,0.00000
2023-05-10 01:07:51,0.10269,16.03125,16.03125,0.00000
2023-05-10 01:07:52,0.10846,17.08203,17.08203,0.00000
2023-05-10 01:07:53,0.10013,15.80078,15.80078,0.00000
2023-05-10 01:07:54,0.09694,15.53125,15.53125,0.00000
2023-05-10 01:07:55,0.12203,18.74219,18.74219,0.00000
2023-05-10 01:07:56,0.09506,15.49219,15.49219,0.00000
2023-05-10 01:07:57,0.09706,15.21875,15.21875,0.00000
2023-05-10 01:07:58,0.09894,15.36719,15.36719,0.00000
2023-05-10 01:07:59,0.09900,15.63281,15.63281,0.00000
2023-05-10 01:08:00,0.09234,15.03516,15.03516,0.00000
2023-05-10 01:08:01,0.08943,14.69141,14.69141,0.00000
2023-05-10 01:08:02,0.10938,17.21094,17.21094,0.00000
2023-05-10 01:08:03,0.10645,15.75391,15.75391,0.00000
2023-05-10 01:08:04,0.08720,14.00781,14.00781,0.00000
2023-05-10 01:08:05,0.09518,15.10547,15.10547,0.00000
2023-05-10 01:08:06,0.10381,16.61328,16.61328,0.00000
2023-05-10 01:08:07,0.09580,15.30859,15.30859,0.00000
2023-05-10 01:08:08,0.08630,14.22656,14.22656,0.00000
2023-05-10 01:08:09,0.11069,16.68359,16.68359,0.00000
2023-05-10 01:08:10,0.10596,16.64063,16.64063,0.00000
2023-05-10 01:08:11,0.10219,15.83203,15.83203,0.00000
2023-05-10 01:08:12,0.10701,15.42969,15.42969,0.00000
2023-05-10 01:08:13,0.12414,18.95313,18.95313,0.00000
2023-05-10 01:08:14,0.09712,15.25000,15.25000,0.00000
2023-05-10 01:08:15,0.09461,15.65234,15.65234,0.00000
2023-05-10 01:08:16,0.09787,15.78906,15.78906,0.00000
2023-05-10 01:08:17,0.09975,16.19922,16.19922,0.00000
2023-05-10 01:08:18,0.10282,16.10938,16.10938,0.00000
2023-05-10 01:08:19,0.09125,14.71094,14.71094,0.00000
2023-05-10 01:08:20,0.11676,17.65234,17.65234,0.00000
2023-05-10 01:08:21,0.10444,15.79688,15.79688,0.00000
2023-05-10 01:08:22,0.08886,14.30078,14.30078,0.00000
2023-05-10 01:08:23,0.09718,15.42969,15.42969,0.00000
2023-05-10 01:08:24,0.10282,16.41406,16.41406,0.00000
2023-05-10 01:08:25,0.09900,15.53516,15.53516,0.00000
2023-05-10 01:08:26,0.08584,14.27734,14.27734,0.00000
2023-05-10 01:08:27,0.11139,17.52734,17.52734,0.00000
2023-05-10 01:08:28,0.10589,16.21484,16.21484,0.00000
2023-05-10 01:08:29,0.10437,15.98438,15.98438,0.00000
2023-05-10 01:08:30,0.08829,13.78906,13.78906,0.00000
2023-05-10 01:08:31,0.11640,16.93750,16.93750,0.00000
2023-05-10 01:08:32,0.10219,16.07031,16.07031,0.00000
2023-05-10 01:08:33,0.08579,14.38672,14.38672,0.00000
2023-05-10 01:08:34,0.10150,15.77344,15.77344,0.00000
2023-05-10 01:08:35,0.11341,17.37891,17.37891,0.00000
2023-05-10 01:08:36,0.09718,14.77344,14.77344,0.00000
2023-05-10 01:08:37,0.09643,15.16406,15.16406,0.00000
2023-05-10 01:08:38,0.11632,17.88281,17.88281,0.00000
2023-05-10 01:08:39,0.09768,15.73828,15.73828,0.00000
2023-05-10 01:08:40,0.09912,15.20703,15.20703,0.00000
2023-05-10 01:08:41,0.09694,15.27734,15.27734,0.00000
2023-05-10 01:08:42,0.11887,18.12109,18.12109,0.00000
2023-05-10 01:08:43,0.09136,14.56641,14.56641,0.00000
2023-05-10 01:08:44,0.10576,15.97656,15.97656,0.00000
2023-05-10 01:08:45,0.10250,15.76953,15.76953,0.00000
2023-05-10 01:08:46,0.10345,16.64063,16.64063,0.00000
2023-05-10 01:08:47,0.10882,16.32813,16.32813,0.00000
2023-05-10 01:08:48,0.10038,15.72656,15.72656,0.00000
2023-05-10 01:08:49,0.12078,18.51563,18.51563,0.00000
2023-05-10 01:08:50,0.10833,16.43750,16.43750,0.00000
2023-05-10 01:08:51,0.10338,16.07422,16.07422,0.00000
2023-05-10 01:08:52,0.10540,16.57422,16.57422,0.00000
2023-05-10 01:08:53,0.11069,17.80859,17.80859,0.00000
2023-05-10 01:08:54,0.09410,14.95313,14.95313,0.00000
2023-05-10 01:08:55,0.09700,15.55078,15.55078,0.00000
2023-05-10 01:08:56,0.11264,17.77344,17.77344,0.00000
2023-05-10 01:08:57,0.09712,15.69531,15.69531,0.00000
2023-05-10 01:08:58,0.09900,15.59375,15.59375,0.00000
2023-05-10 01:08:59,0.09586,15.69141,15.69141,0.00000
2023-05-10 01:09:00,0.11348,17.98438,17.98438,0.00000
2023-05-10 01:09:01,0.09142,14.55469,14.55469,0.00000
2023-05-10 01:09:02,0.10728,15.94531,15.94531,0.00000
2023-05-10 01:09:03,0.10394,16.52344,16.52344,0.00000
2023-05-10 01:09:04,0.09900,15.20703,15.20703,0.00000
2023-05-10 01:09:05,0.08652,13.98047,13.98047,0.00000
2023-05-10 01:09:06,0.09524,15.38281,15.38281,0.00000
2023-05-10 01:09:07,0.10638,16.20703,16.20703,0.00000
2023-05-10 01:09:08,0.09825,14.98828,14.98828,0.00000
2023-05-10 01:09:09,0.08589,14.02734,14.02734,0.00000
2023-05-10 01:09:10,0.11097,17.23828,17.23828,0.00000
2023-05-10 01:09:11,0.11209,17.03906,17.03906,0.00000
2023-05-10 01:09:12,0.10163,15.01953,15.01953,0.00000
2023-05-10 01:09:13,0.10394,16.03516,16.03516,0.00000
2023-05-10 01:09:14,0.12531,18.90625,18.90625,0.00000
2023-05-10 01:09:15,0.09837,16.01953,16.01953,0.00000
2023-05-10 01:09:16,0.09718,15.87500,15.87500,0.00000
2023-05-10 01:09:17,0.09655,15.14844,15.14844,0.00000
2023-05-10 01:09:18,0.09774,16.03906,16.03906,0.00000
2023-05-10 01:09:19,0.09449,15.25000,15.25000,0.00000
2023-05-10 01:09:20,0.10944,16.44922,16.44922,0.00000
2023-05-10 01:09:21,0.10144,16.52734,16.52734,0.00000
2023-05-10 01:09:22,0.09956,16.15625,16.15625,0.00000
2023-05-10 01:09:23,0.08663,14.27344,14.27344,0.00000
2023-05-10 01:09:24,0.09768,15.38672,15.38672,0.00000
2023-05-10 01:09:25,0.10457,16.27344,16.27344,0.00000
2023-05-10 01:09:26,0.09837,15.53516,15.53516,0.00000
2023-05-10 01:09:27,0.08600,14.28125,14.28125,0.00000
2023-05-10 01:09:28,0.11411,17.52344,17.52344,0.00000
2023-05-10 01:09:29,0.10540,16.18359,16.18359,0.00000
2023-05-10 01:09:30,0.08772,14.19922,14.19922,0.00000
2023-05-10 01:09:31,0.09768,15.54297,15.54297,0.00000
2023-05-10 01:09:32,0.10520,16.33594,16.33594,0.00000
2023-05-10 01:09:33,0.09849,15.73828,15.73828,0.00000
2023-05-10 01:09:34,0.08824,14.33594,14.33594,0.00000
2023-05-10 01:09:35,0.10576,15.71875,15.71875,0.00000
2023-05-10 01:09:36,0.10965,16.73438,16.73438,0.00000
2023-05-10 01:09:37,0.09580,15.53906,15.53906,0.00000
2023-05-10 01:09:38,0.09712,15.75000,15.75000,0.00000
2023-05-10 01:09:39,0.11237,17.81250,17.81250,0.00000
2023-05-10 01:09:40,0.10019,15.33203,15.33203,0.00000
2023-05-10 01:09:41,0.09756,15.48047,15.48047,0.00000
2023-05-10 01:09:42,0.09799,16.14844,16.14844,0.00000
2023-05-10 01:09:43,0.11418,17.93359,17.93359,0.00000
2023-05-10 01:09:44,0.09404,15.11328,15.11328,0.00000
2023-05-10 01:09:45,0.08829,14.54297,14.54297,0.00000
2023-05-10 01:09:46,0.11153,17.36719,17.36719,0.00000
2023-05-10 01:09:47,0.10609,16.12891,16.12891,0.00000
2023-05-10 01:09:48,0.09063,13.64844,13.64844,0.00000
2023-05-10 01:09:49,0.09768,15.03516,15.03516,0.00000
2023-05-10 01:09:50,0.11007,16.69922,16.69922,0.00000
2023-05-10 01:09:51,0.09706,16.11328,16.11328,0.00000
2023-05-10 01:09:52,0.08532,14.14453,14.14453,0.00000
2023-05-10 01:09:53,0.11139,16.79688,16.79688,0.00000
2023-05-10 01:09:54,0.10276,16.15625,16.15625,0.00000
2023-05-10 01:09:55,0.09813,15.60156,15.60156,0.00000
2023-05-10 01:09:57,0.10013,15.45313,15.45313,0.00000
2023-05-10 01:09:58,0.12226,18.78516,18.78516,0.00000
2023-05-10 01:09:59,0.09724,15.46094,15.46094,0.00000
2023-05-10 01:10:00,0.09580,15.72656,15.72656,0.00000
2023-05-10 01:10:01,0.09849,15.18750,15.18750,0.00000
2023-05-10 01:10:02,0.09712,15.91016,15.91016,0.00000
2023-05-10 01:10:03,0.09506,15.16797,15.16797,0.00000
2023-05-10 01:10:04,0.10965,16.36328,16.36328,0.00000
2023-05-10 01:10:05,0.10263,16.42578,16.42578,0.00000
2023-05-10 01:10:06,0.09768,15.43750,15.43750,0.00000
2023-05-10 01:10:07,0.08698,14.17188,14.17188,0.00000
2023-05-10 01:10:08,0.09649,15.25391,15.25391,0.00000
2023-05-10 01:10:09,0.10777,17.05078,17.05078,0.00000
2023-05-10 01:10:10,0.09718,15.49609,15.49609,0.00000
2023-05-10 01:10:11,0.08772,14.17969,14.17969,0.00000
2023-05-10 01:10:12,0.11194,16.71875,16.71875,0.00000
2023-05-10 01:10:13,0.12327,18.03516,18.03516,0.00000
2023-05-10 01:10:14,0.10302,15.78906,15.78906,0.00000
2023-05-10 01:10:15,0.10006,15.88281,15.88281,0.00000
2023-05-10 01:10:16,0.12359,19.23828,19.23828,0.00000
2023-05-10 01:10:17,0.09774,15.84766,15.84766,0.00000
2023-05-10 01:10:18,0.09655,15.57422,15.57422,0.00000
2023-05-10 01:10:19,0.09706,15.88672,15.88672,0.00000
2023-05-10 01:10:20,0.11167,17.87891,17.87891,0.00000
2023-05-10 01:10:21,0.09700,15.28906,15.28906,0.00000
2023-05-10 01:10:22,0.09017,14.40234,14.40234,0.00000
2023-05-10 01:10:23,0.11167,17.62891,17.62891,0.00000
2023-05-10 01:10:24,0.10282,15.86328,15.86328,0.00000
2023-05-10 01:10:25,0.08755,13.89453,13.89453,0.00000
2023-05-10 01:10:26,0.09530,15.29688,15.29688,0.00000
2023-05-10 01:10:27,0.10520,16.59375,16.59375,0.00000
2023-05-10 01:10:28,0.09837,15.31641,15.31641,0.00000
2023-05-10 01:10:29,0.08949,14.07813,14.07813,0.00000
2023-05-10 01:10:30,0.11912,17.94922,17.94922,0.00000
2023-05-10 01:10:31,0.10638,15.96875,15.96875,0.00000
2023-05-10 01:10:32,0.08641,14.01953,14.01953,0.00000
2023-05-10 01:10:33,0.10006,15.47266,15.47266,0.00000
2023-05-10 01:10:34,0.10513,16.28125,16.28125,0.00000
2023-05-10 01:10:35,0.09843,15.31250,15.31250,0.00000
2023-05-10 01:10:36,0.08579,13.92969,13.92969,0.00000
2023-05-10 01:10:37,0.10500,15.75391,15.75391,0.00000
2023-05-10 01:10:38,0.10763,16.63281,16.63281,0.00000
2023-05-10 01:10:39,0.09781,15.48828,15.48828,0.00000
2023-05-10 01:10:40,0.09730,15.50000,15.50000,0.00000
2023-05-10 01:10:41,0.11341,17.99219,17.99219,0.00000
2023-05-10 01:10:42,0.09768,15.51953,15.51953,0.00000
2023-05-10 01:10:43,0.09862,15.80469,15.80469,0.00000
2023-05-10 01:10:44,0.09410,15.50391,15.50391,0.00000
2023-05-10 01:10:45,0.11827,18.17969,18.17969,0.00000
2023-05-10 01:10:46,0.09028,14.77344,14.77344,0.00000
2023-05-10 01:10:47,0.09193,14.62500,14.62500,0.00000
2023-05-10 01:10:48,0.11299,17.71484,17.71484,0.00000
2023-05-10 01:10:49,0.10902,16.19922,16.19922,0.00000
2023-05-10 01:10:50,0.08777,-65518.62891,-65518.62891,0.00000
2023-05-10 01:10:51,0.09956,15.69623,15.69623,0.00000
2023-05-10 01:10:52,0.10645,16.76754,16.76754,0.00000
2023-05-10 01:10:53,0.09774,15.35386,15.35386,0.00000
2023-05-10 01:10:54,0.08647,14.43909,14.43909,0.00000
2023-05-10 01:10:55,0.10652,16.63940,16.63940,0.00000
2023-05-10 01:10:56,0.10401,16.49489,16.49489,0.00000
2023-05-10 01:10:57,0.09849,15.59084,15.59084,0.00000
2023-05-10 01:10:58,0.09524,15.48980,15.48980,0.00000
2023-05-10 01:10:59,0.12594,18.98506,18.98506,0.00000
2023-05-10 01:11:00,0.09774,15.49680,15.49680,0.00000
2023-05-10 01:11:01,0.09837,15.30386,15.30386,0.00000
2023-05-10 01:11:02,0.09825,15.62158,15.62158,0.00000
2023-05-10 01:11:03,0.10025,16.39357,16.39357,0.00000
2023-05-10 01:11:04,0.08903,14.76291,14.76291,0.00000
2023-05-10 01:11:05,0.09011,14.78310,14.78310,0.00000
2023-05-10 01:11:06,0.10325,16.81081,16.81081,0.00000
2023-05-10 01:11:07,0.09825,15.61368,15.61368,0.00000
2023-05-10 01:11:08,0.09011,14.66068,14.66068,0.00000
2023-05-10 01:11:09,0.09950,15.51971,15.51971,0.00000
2023-05-10 01:11:10,0.10163,16.80075,16.80075,0.00000
2023-05-10 01:11:11,0.10226,15.41827,15.41827,0.00000
2023-05-10 01:11:12,0.08937,14.42328,14.42328,0.00000
2023-05-10 01:11:13,0.11816,18.12869,18.12869,0.00000
2023-05-10 01:11:14,0.10853,16.87442,16.87442,0.00000
2023-05-10 01:11:15,0.08954,14.46103,14.46103,0.00000
2023-05-10 01:11:16,0.09592,15.61929,15.61929,0.00000
2023-05-10 01:11:17,0.10520,16.55688,16.55688,0.00000
2023-05-10 01:11:18,0.09787,15.36151,15.36151,0.00000
2023-05-10 01:11:19,0.08761,14.23792,14.23792,0.00000
2023-05-10 01:11:20,0.10414,15.86246,15.86246,0.00000
2023-05-10 01:11:21,0.11041,17.08557,17.08557,0.00000
2023-05-10 01:11:22,0.10408,15.57898,15.57898,0.00000
2023-05-10 01:11:23,0.09781,15.65063,15.65063,0.00000
2023-05-10 01:11:24,0.11688,17.56885,17.56885,0.00000
2023-05-10 01:11:25,0.09831,15.75330,15.75330,0.00000
2023-05-10 01:11:26,0.09580,15.46051,15.46051,0.00000
2023-05-10 01:11:27,0.09831,15.86700,15.86700,0.00000
2023-05-10 01:11:28,0.11411,18.43121,18.43121,0.00000
2023-05-10 01:11:29,0.09080,14.86292,14.86292,0.00000
2023-05-10 01:11:30,0.10714,16.29266,16.29266,0.00000
2023-05-10 01:11:31,0.10526,16.43903,16.43903,0.00000
2023-05-10 01:11:32,0.09894,15.55334,15.55334,0.00000
2023-05-10 01:11:33,0.08772,14.77100,14.77100,0.00000
2023-05-10 01:11:34,0.09643,15.26221,15.26221,0.00000
2023-05-10 01:11:35,0.10632,16.53931,16.53931,0.00000
2023-05-10 01:11:36,0.09894,15.60822,15.60822,0.00000
2023-05-10 01:11:37,0.08761,14.31061,14.31061,0.00000
2023-05-10 01:11:38,0.10470,16.84839,16.84839,0.00000
2023-05-10 01:11:39,0.10721,16.88257,16.88257,0.00000
2023-05-10 01:11:40,0.09655,15.20123,15.20123,0.00000
2023-05-10 01:11:41,0.09718,15.28699,15.28699,0.00000
2023-05-10 01:11:42,0.12288,18.54156,18.54156,0.00000
2023-05-10 01:11:43,0.10132,15.85626,15.85626,0.00000
2023-05-10 01:11:44,0.09774,15.27814,15.27814,0.00000
2023-05-10 01:11:45,0.09962,15.42810,15.42810,0.00000
2023-05-10 01:11:46,0.11021,16.26440,16.26440,0.00000
2023-05-10 01:11:47,0.09267,14.58105,14.58105,0.00000
2023-05-10 01:11:48,0.11007,15.85016,15.85016,0.00000
2023-05-10 01:11:49,0.10332,16.40430,16.40430,0.00000
2023-05-10 01:11:50,0.09774,15.94641,15.94641,0.00000
2023-05-10 01:11:51,0.08960,14.41766,14.41766,0.00000
2023-05-10 01:11:52,0.09712,15.22443,15.22443,0.00000
2023-05-10 01:11:53,0.10381,16.72400,16.72400,0.00000
2023-05-10 01:11:54,0.09724,15.45770,15.45770,0.00000
2023-05-10 01:11:55,0.08527,14.36426,14.36426,0.00000
2023-05-10 01:11:56,0.10875,16.45862,16.45862,0.00000
2023-05-10 01:11:57,0.10408,16.90503,16.90503,0.00000
2023-05-10 01:11:58,0.09712,15.74414,15.74414,0.00000
2023-05-10 01:11:59,0.09762,15.54919,15.54919,0.00000
2023-05-10 01:12:00,0.12336,18.59717,18.59717,0.00000
2023-05-10 01:12:01,0.09598,15.65710,15.65710,0.00000
2023-05-10 01:12:02,0.09536,15.56750,15.56750,0.00000
2023-05-10 01:12:03,0.09962,16.08447,16.08447,0.00000
2023-05-10 01:12:04,0.11418,17.65857,17.65857,0.00000
2023-05-10 01:12:05,0.09524,15.60986,15.60986,0.00000
2023-05-10 01:12:06,0.09125,14.32361,14.32361,0.00000
2023-05-10 01:12:07,0.11850,17.92090,17.92090,0.00000
2023-05-10 01:12:08,0.10457,16.08752,16.08752,0.00000
2023-05-10 01:12:09,0.08720,14.84314,14.84314,0.00000
2023-05-10 01:12:10,0.09706,15.38965,15.38965,0.00000
2023-05-10 01:12:11,0.10826,16.53406,16.53406,0.00000
2023-05-10 01:12:12,0.10019,15.47437,15.47437,0.00000
2023-05-10 01:12:13,0.09234,14.64417,14.64417,0.00000
2023-05-10 01:12:14,0.12398,18.13196,18.13196,0.00000
2023-05-10 01:12:15,0.11292,16.81531,16.81531,0.00000
2023-05-10 01:12:16,0.09592,15.20715,15.20715,0.00000
2023-05-10 01:12:17,0.09655,15.39514,15.39514,0.00000
2023-05-10 01:12:18,0.12531,18.93567,18.93567,0.00000
2023-05-10 01:12:19,0.09649,15.52637,15.52637,0.00000
2023-05-10 01:12:20,0.09536,15.75146,15.75146,0.00000
2023-05-10 01:12:21,0.09900,16.02649,16.02649,0.00000
2023-05-10 01:12:22,0.09843,15.82764,15.82764,0.00000
2023-05-10 01:12:23,0.09461,15.37805,15.37805,0.00000
2023-05-10 01:12:24,0.09040,14.79395,14.79395,0.00000
2023-05-10 01:12:25,0.12782,18.60242,18.60242,0.00000
2023-05-10 01:12:26,0.10401,15.91382,15.91382,0.00000
2023-05-10 01:12:27,0.08829,14.56738,14.56738,0.00000
2023-05-10 01:12:28,0.09881,14.62439,14.62439,0.00000
2023-05-10 01:12:29,0.10513,16.75134,16.75134,0.00000
2023-05-10 01:12:30,0.09856,15.55737,15.55737,0.00000
2023-05-10 01:12:31,0.08641,14.45337,14.45337,0.00000
2023-05-10 01:12:32,0.11348,17.52539,17.52539,0.00000
2023-05-10 01:12:33,0.10840,16.10779,16.10779,0.00000
2023-05-10 01:12:34,0.10388,16.33984,16.33984,0.00000
2023-05-10 01:12:35,0.11459,17.19958,17.19958,0.00000
2023-05-10 01:12:36,0.11975,18.49463,18.49463,0.00000
2023-05-10 01:12:37,0.12030,18.53503,18.53503,0.00000
2023-05-10 01:12:38,0.11952,18.28845,18.28845,0.00000
2023-05-10 01:12:39,0.12829,19.59900,19.59900,0.00000
2023-05-10 01:12:40,0.10777,16.97412,16.97412,0.00000
2023-05-10 01:12:41,0.09530,15.15149,15.15149,0.00000
2023-05-10 01:12:42,0.11842,18.47778,18.47778,0.00000
2023-05-10 01:12:43,0.11787,18.38037,18.38037,0.00000
2023-05-10 01:12:44,0.11967,18.00464,18.00464,0.00000
2023-05-10 01:12:45,0.11536,18.00024,18.00024,0.00000
2023-05-10 01:12:46,0.11153,17.74011,17.74011,0.00000
2023-05-10 01:12:47,0.09843,15.71350,15.71350,0.00000
2023-05-10 01:12:48,0.10902,16.96509,16.96509,0.00000
2023-05-10 01:12:49,0.10470,17.23145,17.23145,0.00000
2023-05-10 01:12:50,0.12829,19.52454,19.52454,0.00000
2023-05-10 01:12:51,0.12829,18.61658,18.61658,0.00000
2023-05-10 01:12:52,0.10269,16.12659,16.12659,0.00000
2023-05-10 01:12:53,0.10457,16.01941,16.01941,0.00000
2023-05-10 01:12:54,0.11558,17.69214,17.69214,0.00000
2023-05-10 01:12:55,0.10721,16.20947,16.20947,0.00000
2023-05-10 01:12:56,0.10526,16.36707,16.36707,0.00000
2023-05-10 01:12:57,0.11285,17.45630,17.45630,0.00000
2023-05-10 01:12:58,0.11216,16.96021,16.96021,0.00000
2023-05-10 01:12:59,0.11285,16.98462,16.98462,0.00000
2023-05-10 01:13:00,0.11695,17.44531,17.44531,0.00000
2023-05-10 01:13:01,0.13212,20.12573,20.12573,0.00000
2023-05-10 01:13:02,0.12406,18.12842,18.12842,0.00000
2023-05-10 01:13:03,0.12258,18.42334,18.42334,0.00000
2023-05-10 01:13:04,0.12594,18.88525,18.88525,0.00000
2023-05-10 01:13:05,0.11522,17.48047,17.48047,0.00000
2023-05-10 01:13:06,0.11522,17.68018,17.68018,0.00000
2023-05-10 01:13:07,0.11327,17.86768,17.86768,0.00000
2023-05-10 01:13:08,0.13338,19.83838,19.83838,0.00000
2023-05-10 01:13:09,0.11111,17.97021,17.97021,0.00000
2023-05-10 01:13:10,0.10665,16.92432,16.92432,0.00000
2023-05-10 01:13:11,0.12461,18.92456,18.92456,0.00000
2023-05-10 01:13:12,0.12085,18.12061,18.12061,0.00000
2023-05-10 01:13:13,0.12626,18.67578,18.67578,0.00000
2023-05-10 01:13:14,0.12766,17.67188,17.67188,0.00000
2023-05-10 01:13:15,0.13659,20.69800,20.69800,0.00000
2023-05-10 01:13:16,0.12273,18.12354,18.12354,0.00000
2023-05-10 01:13:17,0.12304,17.86133,17.86133,0.00000
2023-05-10 01:13:18,0.11897,18.05127,18.05127,0.00000
2023-05-10 01:13:19,0.12625,18.09253,18.09253,0.00000
2023-05-10 01:13:20,0.12171,18.15405,18.15405,0.00000
2023-05-10 01:13:21,0.12038,17.74390,17.74390,0.00000
2023-05-10 01:13:22,0.12602,19.01099,19.01099,0.00000
2023-05-10 01:13:23,0.11076,16.02515,16.02515,0.00000
2023-05-10 01:13:24,0.11355,17.00854,17.00854,0.00000
2023-05-10 01:13:25,0.11731,17.66724,17.66724,0.00000
2023-05-10 01:13:26,0.14160,21.26587,21.26587,0.00000
2023-05-10 01:13:27,0.11982,18.29980,18.29980,0.00000
2023-05-10 01:13:28,0.12328,18.26343,18.26343,0.00000
2023-05-10 01:13:29,0.11905,18.19849,18.19849,0.00000
2023-05-10 01:13:30,0.12210,18.73340,18.73340,0.00000
2023-05-10 01:13:31,0.11927,18.34106,18.34106,0.00000
2023-05-10 01:13:32,0.12328,18.46973,18.46973,0.00000
2023-05-10 01:13:33,0.13784,20.75659,20.75659,0.00000
2023-05-10 01:13:34,0.12336,18.13770,18.13770,0.00000
2023-05-10 01:13:35,0.12304,17.81958,17.81958,0.00000
2023-05-10 01:13:36,0.11348,17.27466,17.27466,0.00000
2023-05-10 01:13:37,0.11724,17.81250,17.81250,0.00000
2023-05-10 01:13:38,0.11271,17.68433,17.68433,0.00000
2023-05-10 01:13:39,0.11216,17.71118,17.71118,0.00000
2023-05-10 01:13:40,0.12923,19.05933,19.05933,0.00000
2023-05-10 01:13:41,0.11034,16.54370,16.54370,0.00000
2023-05-10 01:13:42,0.10477,16.39404,16.39404,0.00000
2023-05-10 01:13:43,0.11007,16.38403,16.38403,0.00000
2023-05-10 01:13:44,0.14403,20.77490,20.77490,0.00000
2023-05-10 01:13:45,0.12288,17.52563,17.52563,0.00000
2023-05-10 01:13:46,0.11850,17.91577,17.91577,0.00000
2023-05-10 01:13:47,0.12078,17.72314,17.72314,0.00000
2023-05-10 01:13:48,0.12281,18.43213,18.43213,0.00000
2023-05-10 01:13:49,0.12351,18.33789,18.33789,0.00000
2023-05-10 01:13:50,0.11842,18.47388,18.47388,0.00000
2023-05-10 01:13:51,0.13964,20.46143,20.46143,0.00000
2023-05-10 01:13:52,0.12203,17.86230,17.86230,0.00000
2023-05-10 01:13:53,0.12203,18.00415,18.00415,0.00000
2023-05-10 01:13:54,0.11809,18.06641,18.06641,0.00000
2023-05-10 01:13:55,0.12523,17.74146,17.74146,0.00000
2023-05-10 01:13:56,0.12523,17.41748,17.41748,0.00000
2023-05-10 01:13:57,0.12414,18.01172,18.01172,0.00000
2023-05-10 01:13:58,0.13776,19.84790,19.84790,0.00000
2023-05-10 01:13:59,0.11591,16.56055,16.56055,0.00000
2023-05-10 01:14:00,0.11529,17.18945,17.18945,0.00000
2023-05-10 01:14:01,0.12688,18.54419,18.54419,0.00000
2023-05-10 01:14:02,0.13739,20.44995,20.44995,0.00000
2023-05-10 01:14:03,0.12328,18.59668,18.59668,0.00000
2023-05-10 01:14:04,0.11927,18.00122,18.00122,0.00000
2023-05-10 01:14:05,0.11097,17.32422,17.32422,0.00000
2023-05-10 01:14:06,0.11772,17.75879,17.75879,0.00000
2023-05-10 01:14:07,0.11389,17.44653,17.44653,0.00000
2023-05-10 01:14:08,0.11404,17.24658,17.24658,0.00000
2023-05-10 01:14:09,0.12986,19.30298,19.30298,0.00000
2023-05-10 01:14:10,0.10965,17.04346,17.04346,0.00000
2023-05-10 01:14:11,0.10846,16.13086,16.13086,0.00000
2023-05-10 01:14:12,0.10965,17.20947,17.20947,0.00000
2023-05-10 01:14:13,0.13033,19.09717,19.09717,0.00000
2023-05-10 01:14:14,0.12861,18.98218,18.98218,0.00000
2023-05-10 01:14:15,0.12978,18.64648,18.64648,0.00000
2023-05-10 01:14:16,0.13784,19.59790,19.59790,0.00000
2023-05-10 01:14:17,0.11216,17.09839,17.09839,0.00000
2023-05-10 01:14:18,0.11292,17.36816,17.36816,0.00000
2023-05-10 01:14:19,0.12516,18.20142,18.20142,0.00000
2023-05-10 01:14:20,0.13784,20.67651,20.67651,0.00000
2023-05-10 01:14:21,0.12484,18.45923,18.45923,0.00000
2023-05-10 01:14:22,0.12203,18.10156,18.10156,0.00000
2023-05-10 01:14:23,0.12461,18.16235,18.16235,0.00000
2023-05-10 01:14:24,0.11299,17.75000,17.75000,0.00000
2023-05-10 01:14:25,0.11584,17.54785,17.54785,0.00000
2023-05-10 01:14:26,0.11425,17.69238,17.69238,0.00000
2023-05-10 01:14:27,0.13847,19.85425,19.85425,0.00000
2023-05-10 01:14:28,0.11445,17.36475,17.36475,0.00000
2023-05-10 01:14:29,0.10714,16.92529,16.92529,0.00000
2023-05-10 01:14:30,0.12178,18.49854,18.49854,0.00000
2023-05-10 01:14:31,0.12178,17.90405,17.90405,0.00000
2023-05-10 01:14:32,0.12281,18.07031,18.07031,0.00000
2023-05-10 01:14:33,0.12461,17.84375,17.84375,0.00000
2023-05-10 01:14:34,0.14044,20.40405,20.40405,0.00000
2023-05-10 01:14:35,0.12429,17.99023,17.99023,0.00000
2023-05-10 01:14:36,0.12116,18.09082,18.09082,0.00000
2023-05-10 01:14:37,0.12336,18.21240,18.21240,0.00000
2023-05-10 01:14:38,0.13918,20.44092,20.44092,0.00000
2023-05-10 01:14:39,0.12414,18.30176,18.30176,0.00000
2023-05-10 01:14:40,0.12210,17.96924,17.96924,0.00000
2023-05-10 01:14:41,0.12374,18.37109,18.37109,0.00000
2023-05-10 01:14:42,0.11292,17.26196,17.26196,0.00000
2023-05-10 01:14:43,0.11731,16.95679,16.95679,0.00000
2023-05-10 01:14:44,0.12186,17.77734,17.77734,0.00000
2023-05-10 01:14:45,0.13802,20.42773,20.42773,0.00000
2023-05-10 01:14:46,0.12226,18.20825,18.20825,0.00000
2023-05-10 01:14:47,0.11975,18.08472,18.08472,0.00000
2023-05-10 01:14:48,0.12226,17.90747,17.90747,0.00000
2023-05-10 01:14:49,0.12649,18.89600,18.89600,0.00000
2023-05-10 01:14:50,0.12053,17.95166,17.95166,0.00000
2023-05-10 01:14:51,0.12273,18.35010,18.35010,0.00000
2023-05-10 01:14:52,0.13409,19.95605,19.95605,0.00000
2023-05-10 01:14:53,0.10351,15.81738,15.81738,0.00000
2023-05-10 01:14:54,0.12085,17.47070,17.47070,0.00000
2023-05-10 01:14:55,0.11529,17.60596,17.60596,0.00000
2023-05-10 01:14:56,0.13221,20.14160,20.14160,0.00000
2023-05-10 01:14:57,0.11111,17.56348,17.56348,0.00000
2023-05-10 01:14:58,0.10763,16.95703,16.95703,0.00000
2023-05-10 01:14:59,0.12186,17.70557,17.70557,0.00000
2023-05-10 01:15:00,0.11348,16.87695,16.87695,0.00000
2023-05-10 01:15:01,0.11717,17.04053,17.04053,0.00000
2023-05-10 01:15:02,0.11271,17.23438,17.23438,0.00000
2023-05-10 01:15:03,0.13668,20.41406,20.41406,0.00000
2023-05-10 01:15:04,0.12171,18.44531,18.44531,0.00000
2023-05-10 01:15:05,0.11842,18.23486,18.23486,0.00000
2023-05-10 01:15:06,0.12085,18.10742,18.10742,0.00000
2023-05-10 01:15:07,0.13838,19.23486,19.23486,0.00000
2023-05-10 01:15:08,0.11396,17.29297,17.29297,0.00000
2023-05-10 01:15:09,0.11418,17.13379,17.13379,0.00000
2023-05-10 01:15:10,0.13196,19.87793,19.87793,0.00000
2023-05-10 01:15:11,0.11779,18.02344,18.02344,0.00000
2023-05-10 01:15:12,0.11584,17.32666,17.32666,0.00000
2023-05-10 01:15:13,0.11536,17.68506,17.68506,0.00000
2023-05-10 01:15:14,0.11299,17.49316,17.49316,0.00000
2023-05-10 01:15:15,0.11411,17.34375,17.34375,0.00000
2023-05-10 01:15:16,0.11905,18.10840,18.10840,0.00000
2023-05-10 01:15:17,0.13125,18.95850,18.95850,0.00000
2023-05-10 01:15:18,0.10721,17.03516,17.03516,0.00000
2023-05-10 01:15:19,0.11418,17.39648,17.39648,0.00000
2023-05-10 01:15:20,0.11396,17.18555,17.18555,0.00000
2023-05-10 01:15:21,0.13756,20.49072,20.49072,0.00000
2023-05-10 01:15:22,0.11543,17.15674,17.15674,0.00000
2023-05-10 01:15:23,0.11850,18.04492,18.04492,0.00000
2023-05-10 01:15:24,0.12093,17.81836,17.81836,0.00000
2023-05-10 01:15:25,0.12899,17.75977,17.75977,0.00000
2023-05-10 01:15:26,0.11809,17.87354,17.87354,0.00000
2023-05-10 01:15:27,0.11459,17.35889,17.35889,0.00000
2023-05-10 01:15:28,0.13354,19.75635,19.75635,0.00000
2023-05-10 01:15:29,0.11584,17.46484,17.46484,0.00000
2023-05-10 01:15:30,0.11654,17.69336,17.69336,0.00000
2023-05-10 01:15:31,0.11765,17.63379,17.63379,0.00000
2023-05-10 01:15:32,0.10533,16.71777,16.71777,0.00000
2023-05-10 01:15:33,0.11132,16.64795,16.64795,0.00000
2023-05-10 01:15:34,0.12045,18.02441,18.02441,0.00000
2023-05-10 01:15:35,0.13400,19.87305,19.87305,0.00000
2023-05-10 01:15:36,0.11028,16.57959,16.57959,0.00000
2023-05-10 01:15:37,0.11591,17.63574,17.63574,0.00000
2023-05-10 01:15:38,0.12210,18.42920,18.42920,0.00000
2023-05-10 01:15:39,0.13784,20.57422,20.57422,0.00000
2023-05-10 01:15:40,0.12233,18.29248,18.29248,0.00000
2023-05-10 01:15:41,0.11975,18.03564,18.03564,0.00000
2023-05-10 01:15:42,0.12476,18.65967,18.65967,0.00000
2023-05-10 01:15:43,0.11584,17.59473,17.59473,0.00000
2023-05-10 01:15:44,0.12437,18.02832,18.02832,0.00000
2023-05-10 01:15:45,0.11717,17.51367,17.51367,0.00000
2023-05-10 01:15:46,0.13292,19.59326,19.59326,0.00000
2023-05-10 01:15:47,0.11271,17.80029,17.80029,0.00000
2023-05-10 01:15:48,0.10833,16.77148,16.77148,0.00000
2023-05-10 01:15:49,0.12406,18.44385,18.44385,0.00000
2023-05-10 01:15:50,0.12116,18.36914,18.36914,0.00000
2023-05-10 01:15:51,0.12516,18.21729,18.21729,0.00000
2023-05-10 01:15:52,0.12085,17.89893,17.89893,0.00000
2023-05-10 01:15:53,0.13497,20.50830,20.50830,0.00000
2023-05-10 01:15:54,0.12657,17.98584,17.98584,0.00000
2023-05-10 01:15:55,0.12711,18.76758,18.76758,0.00000
2023-05-10 01:15:56,0.18472,25.32813,25.32813,0.00000
2023-05-10 01:15:57,0.12594,18.60596,18.60596,0.00000
2023-05-10 01:15:58,0.12523,18.03223,18.03223,0.00000
2023-05-10 01:15:59,0.12273,17.84277,17.84277,0.00000
2023-05-10 01:16:00,0.12837,18.92725,18.92725,0.00000
2023-05-10 01:16:01,0.11014,16.67969,16.67969,0.00000
2023-05-10 01:16:02,0.11389,17.05957,17.05957,0.00000
2023-05-10 01:16:03,0.11285,17.04395,17.04395,0.00000
2023-05-10 01:16:04,0.13864,19.76709,19.76709,0.00000
2023-05-10 01:16:05,0.12163,18.45898,18.45898,0.00000
2023-05-10 01:16:06,0.12045,18.26074,18.26074,0.00000
2023-05-10 01:16:07,0.12288,18.22363,18.22363,0.00000
2023-05-10 01:16:08,0.12422,18.56592,18.56592,0.00000
2023-05-10 01:16:09,0.12155,17.86377,17.86377,0.00000
2023-05-10 01:16:10,0.11522,17.08545,17.08545,0.00000
2023-05-10 01:16:11,0.12853,19.37500,19.37500,0.00000
2023-05-10 01:16:12,0.10207,16.05322,16.05322,0.00000
2023-05-10 01:16:13,0.12155,18.56689,18.56689,0.00000
2023-05-10 01:16:14,0.11935,18.25488,18.25488,0.00000
2023-05-10 01:16:15,0.12735,19.73535,19.73535,0.00000
2023-05-10 01:16:16,0.13229,18.63965,18.63965,0.00000
2023-05-10 01:16:17,0.11669,17.99414,17.99414,0.00000
2023-05-10 01:16:18,0.12461,18.58008,18.58008,0.00000
2023-05-10 01:16:19,0.11348,17.29346,17.29346,0.00000
2023-05-10 01:16:20,0.11230,17.31299,17.31299,0.00000
2023-05-10 01:16:21,0.11647,17.37744,17.37744,0.00000
2023-05-10 01:16:22,0.12970,20.02100,20.02100,0.00000
2023-05-10 01:16:23,0.11688,17.76465,17.76465,0.00000
2023-05-10 01:16:24,0.11230,17.54004,17.54004,0.00000
2023-05-10 01:16:25,0.11529,17.53809,17.53809,0.00000
2023-05-10 01:16:26,0.11495,17.82471,17.82471,0.00000
2023-05-10 01:16:27,0.10364,16.71826,16.71826,0.00000
2023-05-10 01:16:28,0.10902,16.56104,16.56104,0.00000
2023-05-10 01:16:29,0.13830,20.33740,20.33740,0.00000
2023-05-10 01:16:30,0.12218,17.62549,17.62549,0.00000
2023-05-10 01:16:31,0.12563,18.30469,18.30469,0.00000
2023-05-10 01:16:32,0.12711,18.45313,18.45313,0.00000
2023-05-10 01:16:33,0.12273,17.90820,17.90820,0.00000
2023-05-10 01:16:34,0.12476,17.85010,17.85010,0.00000
2023-05-10 01:16:35,0.12038,17.57227,17.57227,0.00000
2023-05-10 01:16:36,0.13622,19.85010,19.85010,0.00000
2023-05-10 01:16:37,0.12343,17.61475,17.61475,0.00000
2023-05-10 01:16:38,0.12116,17.57959,17.57959,0.00000
2023-05-10 01:16:39,0.12030,17.65137,17.65137,0.00000
2023-05-10 01:16:40,0.14160,20.27051,20.27051,0.00000
2023-05-10 01:16:41,0.11935,18.25049,18.25049,0.00000
2023-05-10 01:16:42,0.12078,18.18408,18.18408,0.00000
2023-05-10 01:16:43,0.12281,18.25537,18.25537,0.00000
2023-05-10 01:16:44,0.12948,18.98779,18.98779,0.00000
2023-05-10 01:16:45,0.11912,17.74463,17.74463,0.00000
2023-05-10 01:16:46,0.12163,18.51611,18.51611,0.00000
2023-05-10 01:16:47,0.14966,21.37646,21.37646,0.00000
2023-05-10 01:16:48,0.12281,17.93408,17.93408,0.00000
2023-05-10 01:16:49,0.12070,18.33447,18.33447,0.00000
2023-05-10 01:16:50,0.12242,18.15771,18.15771,0.00000
2023-05-10 01:16:51,0.12241,18.47021,18.47021,0.00000
2023-05-10 01:16:52,0.12986,18.68018,18.68018,0.00000
2023-05-10 01:16:53,0.11960,18.54150,18.54150,0.00000
2023-05-10 01:16:54,0.13480,20.50391,20.50391,0.00000
2023-05-10 01:16:55,0.12233,18.19287,18.19287,0.00000
2023-05-10 01:16:56,0.11960,17.69971,17.69971,0.00000
2023-05-10 01:16:57,0.12070,17.61523,17.61523,0.00000
2023-05-10 01:16:58,0.12351,18.62061,18.62061,0.00000
2023-05-10 01:16:59,0.12484,18.19775,18.19775,0.00000
2023-05-10 01:17:00,0.12649,18.15479,18.15479,0.00000
2023-05-10 01:17:01,0.13283,18.92871,18.92871,0.00000
2023-05-10 01:17:02,0.10790,16.60547,16.60547,0.00000
2023-05-10 01:17:03,0.12351,18.04639,18.04639,0.00000
2023-05-10 01:17:04,0.11920,18.12500,18.12500,0.00000
2023-05-10 01:17:05,0.14044,20.32959,20.32959,0.00000
2023-05-10 01:17:06,0.12336,17.48730,17.48730,0.00000
2023-05-10 01:17:07,0.12336,17.68457,17.68457,0.00000
2023-05-10 01:17:08,0.12273,17.51074,17.51074,0.00000
2023-05-10 01:17:09,0.12304,18.02979,18.02979,0.00000
2023-05-10 01:17:10,0.11765,16.95703,16.95703,0.00000
2023-05-10 01:17:11,0.11835,17.35840,17.35840,0.00000
2023-05-10 01:17:12,0.12962,19.42236,19.42236,0.00000
2023-05-10 01:17:13,0.12562,18.46045,18.46045,0.00000
2023-05-10 01:17:14,0.11850,17.36523,17.36523,0.00000
2023-05-10 01:17:15,0.10889,17.36230,17.36230,0.00000
2023-05-10 01:17:16,0.08025,13.44629,13.44629,0.00000
2023-05-10 01:17:17,0.06725,9.49902,9.49902,0.00000
2023-05-10 01:17:18,0.04523,7.85791,7.85791,0.00000
2023-05-10 01:17:19,0.04419,7.33252,7.33252,0.00000
2023-05-10 01:17:20,0.03817,6.68945,6.68945,0.00000
2023-05-10 01:17:21,0.02698,5.49023,5.49023,0.00000
2023-05-10 01:17:22,0.04881,7.37988,7.37988,0.00000
2023-05-10 01:17:23,0.02693,5.64209,5.64209,0.00000
2023-05-10 01:17:24,0.03139,6.55078,6.55078,0.00000
2023-05-10 01:17:25,0.02190,5.19727,5.19727,0.00000
2023-05-10 01:17:26,0.03064,9.56006,9.56006,0.00000
