Date,CPU Utilization,Total Power,CPU Power,GPU Power
2023-05-12 18:35:58,0.09765,12.35742,12.35742,0.00000
2023-05-12 18:35:59,0.16719,17.06836,17.06836,0.00000
2023-05-12 18:36:00,0.15696,16.39648,16.39648,0.00000
2023-05-12 18:36:01,0.21720,21.89258,21.89258,0.00000
2023-05-12 18:36:02,0.12548,13.12891,13.12891,0.00000
2023-05-12 18:36:03,0.13312,13.97266,13.97266,0.00000
2023-05-12 18:36:04,0.09639,11.15234,11.15234,0.00000
2023-05-12 18:36:05,0.12318,14.77930,14.77930,0.00000
2023-05-12 18:36:06,0.13165,13.32422,13.32422,0.00000
2023-05-12 18:36:07,0.12231,13.29102,13.29102,0.00000
2023-05-12 18:36:08,0.11899,13.09375,13.09375,0.00000
2023-05-12 18:36:09,0.13013,14.27930,14.27930,0.00000
2023-05-12 18:36:10,0.11153,12.84961,12.84961,0.00000
2023-05-12 18:36:11,0.10872,13.95703,13.95703,0.00000
2023-05-12 18:36:12,0.10209,12.30664,12.30664,0.00000
2023-05-12 18:36:13,0.08296,10.47852,10.47852,0.00000
2023-05-12 18:36:14,0.10082,11.94531,11.94531,0.00000
2023-05-12 18:36:15,0.08481,10.69922,10.69922,0.00000
2023-05-12 18:36:16,0.13633,15.00391,15.00391,0.00000
2023-05-12 18:36:17,0.10000,12.06641,12.06641,0.00000
2023-05-12 18:36:18,0.08244,10.73633,10.73633,0.00000
2023-05-12 18:36:19,0.10316,12.41211,12.41211,0.00000
2023-05-12 18:36:20,0.12142,13.91016,13.91016,0.00000
2023-05-12 18:36:21,0.13824,13.51758,13.51758,0.00000
2023-05-12 18:36:22,0.12278,14.83984,14.83984,0.00000
2023-05-12 18:36:23,0.12642,13.83008,13.83008,0.00000
2023-05-12 18:36:24,0.09074,10.89453,10.89453,0.00000
2023-05-12 18:36:25,0.13616,13.95117,13.95117,0.00000
2023-05-12 18:36:26,0.13469,14.25195,14.25195,0.00000
2023-05-12 18:36:27,0.15124,15.72852,15.72852,0.00000
2023-05-12 18:36:28,0.10000,13.49023,13.49023,0.00000
2023-05-12 18:36:29,0.10723,12.70313,12.70313,0.00000
2023-05-12 18:36:30,0.11273,11.74609,11.74609,0.00000
2023-05-12 18:36:31,0.10393,12.63281,12.63281,0.00000
2023-05-12 18:36:32,0.07843,10.51563,10.51563,0.00000
2023-05-12 18:36:33,0.11329,14.78320,14.78320,0.00000
2023-05-12 18:36:34,0.11891,13.71289,13.71289,0.00000
2023-05-12 18:36:35,0.08740,11.35938,11.35938,0.00000
2023-05-12 18:36:36,0.09421,12.12891,12.12891,0.00000
2023-05-12 18:36:37,0.08715,11.00391,11.00391,0.00000
2023-05-12 18:36:38,0.09379,12.08008,12.08008,0.00000
2023-05-12 18:36:39,0.10696,13.59766,13.59766,0.00000
2023-05-12 18:36:40,0.11280,12.46094,12.46094,0.00000
2023-05-12 18:36:41,0.08428,10.83203,10.83203,0.00000
2023-05-12 18:36:42,0.10500,12.14648,12.14648,0.00000
2023-05-12 18:36:43,0.09418,11.17188,11.17188,0.00000
2023-05-12 18:36:44,0.12066,15.22656,15.22656,0.00000
2023-05-12 18:36:45,0.10253,12.01563,12.01563,0.00000
2023-05-12 18:36:46,0.08503,11.05078,11.05078,0.00000
2023-05-12 18:36:47,0.10949,12.73242,12.73242,0.00000
2023-05-12 18:36:48,0.09476,11.76563,11.76563,0.00000
2023-05-12 18:36:49,0.08745,11.42188,11.42188,0.00000
2023-05-12 18:36:50,0.09590,13.05273,13.05273,0.00000
2023-05-12 18:36:51,0.10689,12.71680,12.71680,0.00000
2023-05-12 18:36:52,0.11977,13.22266,13.22266,0.00000
2023-05-12 18:36:53,0.11167,12.54688,12.54688,0.00000
2023-05-12 18:36:54,0.08723,10.36523,10.36523,0.00000
2023-05-12 18:36:55,0.11791,15.06445,15.06445,0.00000
2023-05-12 18:36:56,0.11560,12.86719,12.86719,0.00000
2023-05-12 18:36:57,0.08112,10.73633,10.73633,0.00000
2023-05-12 18:36:58,0.10636,12.68555,12.68555,0.00000
2023-05-12 18:36:59,0.08792,11.65820,11.65820,0.00000
2023-05-12 18:37:00,0.11937,14.84766,14.84766,0.00000
2023-05-12 18:37:01,0.23023,22.47656,22.47656,0.00000
2023-05-12 18:37:02,0.16603,20.09766,20.09766,0.00000
2023-05-12 18:37:03,0.13165,15.21875,15.21875,0.00000
2023-05-12 18:37:04,0.10057,12.74805,12.74805,0.00000
2023-05-12 18:37:05,0.12563,16.95508,16.95508,0.00000
2023-05-12 18:37:06,0.22618,24.65234,24.65234,0.00000
2023-05-12 18:37:07,0.19452,19.44141,19.44141,0.00000
2023-05-12 18:37:08,0.11597,12.73438,12.73438,0.00000
2023-05-12 18:37:09,0.10653,11.94141,11.94141,0.00000
2023-05-12 18:37:10,0.13917,15.63281,15.63281,0.00000
2023-05-12 18:37:11,0.16301,20.91406,20.91406,0.00000
2023-05-12 18:37:12,0.17473,20.26367,20.26367,0.00000
2023-05-12 18:37:13,0.15525,17.52539,17.52539,0.00000
2023-05-12 18:37:14,0.10768,12.67383,12.67383,0.00000
2023-05-12 18:37:15,0.11314,12.46289,12.46289,0.00000
2023-05-12 18:37:16,0.12508,11.82227,11.82227,0.00000
2023-05-12 18:37:17,0.18719,19.71680,19.71680,0.00000
2023-05-12 18:37:18,0.24937,24.19531,24.19531,0.00000
2023-05-12 18:37:19,0.15066,14.62500,14.62500,0.00000
2023-05-12 18:37:20,0.09817,10.79102,10.79102,0.00000
2023-05-12 18:37:21,0.10766,11.84766,11.84766,0.00000
2023-05-12 18:37:22,0.08018,10.41211,10.41211,0.00000
2023-05-12 18:37:23,0.13797,15.77148,15.77148,0.00000
2023-05-12 18:37:24,0.14485,14.89453,14.89453,0.00000
2023-05-12 18:37:25,0.09355,11.05273,11.05273,0.00000
2023-05-12 18:37:26,0.10303,11.84570,11.84570,0.00000
2023-05-12 18:37:27,0.08748,10.65625,10.65625,0.00000
2023-05-12 18:37:28,0.09326,11.25781,11.25781,0.00000
2023-05-12 18:37:29,0.11917,13.41797,13.41797,0.00000
2023-05-12 18:37:30,0.09165,11.51172,11.51172,0.00000
2023-05-12 18:37:31,0.08176,9.95898,9.95898,0.00000
2023-05-12 18:37:32,0.10845,12.10156,12.10156,0.00000
2023-05-12 18:37:33,0.09949,10.88672,10.88672,0.00000
2023-05-12 18:37:34,0.13924,15.51758,15.51758,0.00000
2023-05-12 18:37:35,0.13671,13.72852,13.72852,0.00000
2023-05-12 18:37:36,0.08312,10.50000,10.50000,0.00000
2023-05-12 18:37:37,0.10426,12.25195,12.25195,0.00000
2023-05-12 18:37:38,0.10730,12.29492,12.29492,0.00000
2023-05-12 18:37:39,0.12094,12.99023,12.99023,0.00000
2023-05-12 18:37:40,0.10649,13.44922,13.44922,0.00000
2023-05-12 18:37:41,0.11490,12.10938,12.10938,0.00000
2023-05-12 18:37:42,0.11517,12.76563,12.76563,0.00000
2023-05-12 18:37:43,0.13312,13.93164,13.93164,0.00000
2023-05-12 18:37:44,0.11286,11.65430,11.65430,0.00000
2023-05-12 18:37:45,0.11485,12.51758,12.51758,0.00000
2023-05-12 18:37:46,0.14730,16.08398,16.08398,0.00000
2023-05-12 18:37:47,0.09722,11.68555,11.68555,0.00000
2023-05-12 18:37:48,0.11965,13.12695,13.12695,0.00000
2023-05-12 18:37:49,0.10196,12.11328,12.11328,0.00000
2023-05-12 18:37:50,0.09614,13.10938,13.10938,0.00000
2023-05-12 18:37:51,0.13493,15.10742,15.10742,0.00000
2023-05-12 18:37:52,0.11188,12.53711,12.53711,0.00000
2023-05-12 18:37:53,0.12705,13.58398,13.58398,0.00000
2023-05-12 18:37:54,0.10019,11.12891,11.12891,0.00000
2023-05-12 18:37:55,0.09446,11.40820,11.40820,0.00000
2023-05-12 18:37:56,0.10563,12.42383,12.42383,0.00000
2023-05-12 18:37:57,0.12318,15.13086,15.13086,0.00000
2023-05-12 18:37:58,0.13502,16.97266,16.97266,0.00000
2023-05-12 18:37:59,0.10696,12.13672,12.13672,0.00000
2023-05-12 18:38:00,0.11869,12.76367,12.76367,0.00000
2023-05-12 18:38:01,0.10277,11.60156,11.60156,0.00000
2023-05-12 18:38:02,0.12808,15.19141,15.19141,0.00000
2023-05-12 18:38:03,0.11139,12.38867,12.38867,0.00000
2023-05-12 18:38:04,0.10676,12.77148,12.77148,0.00000
2023-05-12 18:38:05,0.12934,13.50977,13.50977,0.00000
2023-05-12 18:38:06,0.13211,13.94727,13.94727,0.00000
2023-05-12 18:38:07,0.11828,13.75781,13.75781,0.00000
2023-05-12 18:38:08,0.12665,14.22266,14.22266,0.00000
2023-05-12 18:38:09,0.13266,13.70313,13.70313,0.00000
2023-05-12 18:38:10,0.08879,10.52344,10.52344,0.00000
2023-05-12 18:38:11,0.12106,13.37695,13.37695,0.00000
2023-05-12 18:38:12,0.07659,9.94922,9.94922,0.00000
2023-05-12 18:38:13,0.10642,14.35742,14.35742,0.00000
2023-05-12 18:38:14,0.11125,13.47461,13.47461,0.00000
2023-05-12 18:38:15,0.10401,12.37891,12.37891,0.00000
2023-05-12 18:38:16,0.11321,12.08789,12.08789,0.00000
2023-05-12 18:38:17,0.12587,16.05078,16.05078,0.00000
2023-05-12 18:38:18,0.10493,13.44922,13.44922,0.00000
2023-05-12 18:38:19,0.21545,19.34375,19.34375,0.00000
2023-05-12 18:38:20,0.10421,11.60547,11.60547,0.00000
2023-05-12 18:38:21,0.09097,11.06250,11.06250,0.00000
2023-05-12 18:38:22,0.11546,12.47070,12.47070,0.00000
2023-05-12 18:38:23,0.08354,10.19922,10.19922,0.00000
2023-05-12 18:38:24,0.10957,12.01758,12.01758,0.00000
2023-05-12 18:38:25,0.11432,13.82813,13.82813,0.00000
2023-05-12 18:38:26,0.09108,12.14258,12.14258,0.00000
2023-05-12 18:38:27,0.08302,11.14063,11.14063,0.00000
2023-05-12 18:38:28,0.11083,13.10352,13.10352,0.00000
2023-05-12 18:38:29,0.08239,10.39648,10.39648,0.00000
2023-05-12 18:38:30,0.10665,14.38672,14.38672,0.00000
2023-05-12 18:38:31,0.11342,12.25586,12.25586,0.00000
2023-05-12 18:38:32,0.08444,11.61523,11.61523,0.00000
2023-05-12 18:38:33,0.09148,11.41992,11.41992,0.00000
2023-05-12 18:38:34,0.09114,10.62891,10.62891,0.00000
2023-05-12 18:38:35,0.11069,12.99219,12.99219,0.00000
2023-05-12 18:38:36,0.11321,13.52344,13.52344,0.00000
2023-05-12 18:38:37,0.12571,15.12891,15.12891,0.00000
2023-05-12 18:38:38,0.09401,11.26367,11.26367,0.00000
2023-05-12 18:38:39,0.09521,11.61133,11.61133,0.00000
2023-05-12 18:38:40,0.11820,13.79883,13.79883,0.00000
2023-05-12 18:38:41,0.13933,17.11719,17.11719,0.00000
2023-05-12 18:38:42,0.12200,13.24609,13.24609,0.00000
2023-05-12 18:38:43,0.08902,10.46875,10.46875,0.00000
2023-05-12 18:38:44,0.15152,16.11328,16.11328,0.00000
2023-05-12 18:38:45,0.09542,11.61328,11.61328,0.00000
2023-05-12 18:38:46,0.10139,11.91797,11.91797,0.00000
2023-05-12 18:38:47,0.09736,13.29492,13.29492,0.00000
2023-05-12 18:38:48,0.10447,13.75195,13.75195,0.00000
2023-05-12 18:38:49,0.10999,12.58789,12.58789,0.00000
2023-05-12 18:38:50,0.08988,12.26758,12.26758,0.00000
2023-05-12 18:38:51,0.07982,10.56250,10.56250,0.00000
2023-05-12 18:38:52,0.10804,14.51563,14.51563,0.00000
2023-05-12 18:38:53,0.10264,13.25391,13.25391,0.00000
2023-05-12 18:38:54,0.09062,12.26367,12.26367,0.00000
2023-05-12 18:38:55,0.10573,13.30859,13.30859,0.00000
2023-05-12 18:38:56,0.10258,11.86523,11.86523,0.00000
2023-05-12 18:38:57,0.11076,12.90039,12.90039,0.00000
2023-05-12 18:38:58,0.13926,17.53906,17.53906,0.00000
2023-05-12 18:38:59,0.09647,12.31445,12.31445,0.00000
2023-05-12 18:39:00,0.12302,14.32813,14.32813,0.00000
2023-05-12 18:39:01,0.11069,13.34766,13.34766,0.00000
2023-05-12 18:39:02,0.10804,12.26172,12.26172,0.00000
2023-05-12 18:39:03,0.14582,15.15625,15.15625,0.00000
2023-05-12 18:39:04,0.13702,15.24219,15.24219,0.00000
2023-05-12 18:39:05,0.08438,11.19922,11.19922,0.00000
2023-05-12 18:39:06,0.09708,13.09375,13.09375,0.00000
2023-05-12 18:39:07,0.12190,13.26172,13.26172,0.00000
2023-05-12 18:39:08,0.10726,12.21289,12.21289,0.00000
2023-05-12 18:39:09,0.14539,16.84375,16.84375,0.00000
2023-05-12 18:39:10,0.10775,12.61523,12.61523,0.00000
2023-05-12 18:39:11,0.11783,14.47461,14.47461,0.00000
2023-05-12 18:39:12,0.10992,13.39648,13.39648,0.00000
2023-05-12 18:39:13,0.12958,15.55469,15.55469,0.00000
2023-05-12 18:39:14,0.13148,16.71875,16.71875,0.00000
2023-05-12 18:39:15,0.14820,17.89258,17.89258,0.00000
2023-05-12 18:39:16,0.13863,15.51172,15.51172,0.00000
2023-05-12 18:39:17,0.15268,15.03711,15.03711,0.00000
