Date,CPU Utilization,Total Power,CPU Power,GPU Power
2023-05-10 02:23:42,0.06721,15.85840,15.85840,0.00000
2023-05-10 02:23:43,0.11765,21.12598,21.12598,0.00000
2023-05-10 02:23:44,0.08687,18.22363,18.22363,0.00000
2023-05-10 02:23:45,0.09536,19.59082,19.59082,0.00000
2023-05-10 02:23:46,0.08949,18.81250,18.81250,0.00000
2023-05-10 02:23:47,0.09900,19.27832,19.27832,0.00000
2023-05-10 02:23:48,0.08835,18.45166,18.45166,0.00000
2023-05-10 02:23:49,0.09774,19.64307,19.64307,0.00000
2023-05-10 02:23:50,0.08657,18.46777,18.46777,0.00000
2023-05-10 02:23:51,0.10252,19.99072,19.99072,0.00000
2023-05-10 02:23:52,0.08897,18.60010,18.60010,0.00000
2023-05-10 02:23:53,0.09774,19.26172,19.26172,0.00000
2023-05-10 02:23:54,0.08835,18.25195,18.25195,0.00000
2023-05-10 02:23:55,0.09586,19.42383,19.42383,0.00000
2023-05-10 02:23:56,0.08647,18.19141,18.19141,0.00000
2023-05-10 02:23:57,0.09700,19.79980,19.79980,0.00000
2023-05-10 02:23:58,0.10464,20.74854,20.74854,0.00000
2023-05-10 02:23:59,0.09762,19.77539,19.77539,0.00000
2023-05-10 02:24:00,0.08647,18.47754,18.47754,0.00000
2023-05-10 02:24:01,0.09912,19.13867,19.13867,0.00000
2023-05-10 02:24:02,0.08761,18.23535,18.23535,0.00000
2023-05-10 02:24:03,0.09649,19.39258,19.39258,0.00000
2023-05-10 02:24:04,0.08897,18.70557,18.70557,0.00000
2023-05-10 02:24:05,0.09687,19.21289,19.21289,0.00000
2023-05-10 02:24:06,0.08647,17.98779,17.98779,0.00000
2023-05-10 02:24:07,0.09774,19.15137,19.15137,0.00000
2023-05-10 02:24:08,0.08824,18.33887,18.33887,0.00000
2023-05-10 02:24:09,0.09524,19.40430,19.40430,0.00000
2023-05-10 02:24:10,0.09125,18.29590,18.29590,0.00000
2023-05-10 02:24:11,0.09799,19.00195,19.00195,0.00000
2023-05-10 02:24:12,0.09712,19.08691,19.08691,0.00000
2023-05-10 02:24:13,0.13283,20.99756,20.99756,0.00000
2023-05-10 02:24:14,0.09649,19.25195,19.25195,0.00000
2023-05-10 02:24:15,0.09900,19.25977,19.25977,0.00000
2023-05-10 02:24:16,0.10150,19.26807,19.26807,0.00000
2023-05-10 02:24:17,0.09875,18.37158,18.37158,0.00000
2023-05-10 02:24:18,0.09637,18.35498,18.35498,0.00000
2023-05-10 02:24:19,0.09700,19.07568,19.07568,0.00000
2023-05-10 02:24:20,0.09637,19.12451,19.12451,0.00000
2023-05-10 02:24:21,0.10139,19.48340,19.48340,0.00000
2023-05-10 02:24:22,0.09034,18.30615,18.30615,0.00000
2023-05-10 02:24:23,0.10025,19.73340,19.73340,0.00000
2023-05-10 02:24:24,0.08647,18.00879,18.00879,0.00000
2023-05-10 02:24:25,0.09700,19.11328,19.11328,0.00000
2023-05-10 02:24:26,0.08647,18.01123,18.01123,0.00000
2023-05-10 02:24:27,0.11355,21.11230,21.11230,0.00000
2023-05-10 02:24:28,0.10638,19.42090,19.42090,0.00000
2023-05-10 02:24:29,0.08897,16.67578,16.67578,0.00000
2023-05-10 02:24:30,0.09712,17.90430,17.90430,0.00000
2023-05-10 02:24:31,0.08657,17.91016,17.91016,0.00000
2023-05-10 02:24:32,0.09712,19.08936,19.08936,0.00000
2023-05-10 02:24:33,0.08709,18.17285,18.17285,0.00000
2023-05-10 02:24:34,0.10200,19.60400,19.60400,0.00000
2023-05-10 02:24:35,0.08647,17.83594,17.83594,0.00000
2023-05-10 02:24:36,0.09637,19.37939,19.37939,0.00000
2023-05-10 02:24:37,0.08720,17.53613,17.53613,0.00000
2023-05-10 02:24:38,0.09712,18.81299,18.81299,0.00000
2023-05-10 02:24:39,0.08521,17.93359,17.93359,0.00000
2023-05-10 02:24:40,0.09774,18.84473,18.84473,0.00000
2023-05-10 02:24:41,0.10276,19.51318,19.51318,0.00000
2023-05-10 02:24:42,0.10138,19.00977,19.00977,0.00000
2023-05-10 02:24:43,0.09649,19.03125,19.03125,0.00000
2023-05-10 02:24:44,0.09598,18.88086,18.88086,0.00000
2023-05-10 02:24:45,0.09700,19.06787,19.06787,0.00000
2023-05-10 02:24:46,0.09586,19.32910,19.32910,0.00000
2023-05-10 02:24:47,0.09712,19.64258,19.64258,0.00000
2023-05-10 02:24:48,0.09422,18.61768,18.61768,0.00000
2023-05-10 02:24:49,0.09712,19.12793,19.12793,0.00000
2023-05-10 02:24:50,0.10276,18.68506,18.68506,0.00000
2023-05-10 02:24:51,0.10100,18.66455,18.66455,0.00000
2023-05-10 02:24:52,0.08783,18.35107,18.35107,0.00000
2023-05-10 02:24:53,0.09625,18.61865,18.61865,0.00000
2023-05-10 02:24:54,0.08824,17.76025,17.76025,0.00000
2023-05-10 02:24:55,0.09586,19.08643,19.08643,0.00000
2023-05-10 02:24:56,0.10477,19.94434,19.94434,0.00000
2023-05-10 02:24:57,0.10638,18.38135,18.38135,0.00000
2023-05-10 02:24:58,0.09159,17.67090,17.67090,0.00000
2023-05-10 02:24:59,0.10000,18.84521,18.84521,0.00000
2023-05-10 02:25:00,0.08731,17.19434,17.19434,0.00000
2023-05-10 02:25:01,0.09774,18.27441,18.27441,0.00000
2023-05-10 02:25:02,0.10951,20.59180,20.59180,0.00000
2023-05-10 02:25:03,0.09712,18.92920,18.92920,0.00000
2023-05-10 02:25:04,0.08761,17.54590,17.54590,0.00000
2023-05-10 02:25:05,0.09975,18.69385,18.69385,0.00000
2023-05-10 02:25:06,0.08636,17.33398,17.33398,0.00000
2023-05-10 02:25:07,0.10050,18.13770,18.13770,0.00000
2023-05-10 02:25:08,0.08698,16.81543,16.81543,0.00000
2023-05-10 02:25:09,0.09712,17.72852,17.72852,0.00000
2023-05-10 02:25:10,0.10563,19.67920,19.67920,0.00000
2023-05-10 02:25:11,0.09975,19.07031,19.07031,0.00000
2023-05-10 02:25:12,0.08783,16.88574,16.88574,0.00000
2023-05-10 02:25:13,0.10200,18.92627,18.92627,0.00000
2023-05-10 02:25:14,0.08835,17.31689,17.31689,0.00000
2023-05-10 02:25:15,0.09962,18.23291,18.23291,0.00000
2023-05-10 02:25:16,0.08731,17.67969,17.67969,0.00000
2023-05-10 02:25:17,0.10088,19.05664,19.05664,0.00000
2023-05-10 02:25:18,0.08937,17.46875,17.46875,0.00000
2023-05-10 02:25:19,0.10025,18.41260,18.41260,0.00000
2023-05-10 02:25:20,0.08761,17.45166,17.45166,0.00000
2023-05-10 02:25:21,0.10440,18.91113,18.91113,0.00000
2023-05-10 02:25:22,0.08835,17.63916,17.63916,0.00000
2023-05-10 02:25:23,0.10038,18.64209,18.64209,0.00000
2023-05-10 02:25:24,0.08709,17.67822,17.67822,0.00000
2023-05-10 02:25:25,0.11341,20.89990,20.89990,0.00000
2023-05-10 02:25:26,0.10338,19.33203,19.33203,0.00000
2023-05-10 02:25:27,0.08647,17.86621,17.86621,0.00000
2023-05-10 02:25:28,0.09837,18.35303,18.35303,0.00000
2023-05-10 02:25:29,0.08731,18.10889,18.10889,0.00000
2023-05-10 02:25:30,0.10025,19.14893,19.14893,0.00000
2023-05-10 02:25:31,0.08647,17.98779,17.98779,0.00000
2023-05-10 02:25:32,0.09700,18.88135,18.88135,0.00000
2023-05-10 02:25:33,0.08532,17.67627,17.67627,0.00000
2023-05-10 02:25:34,0.10112,18.07129,18.07129,0.00000
2023-05-10 02:25:35,0.09211,17.23584,17.23584,0.00000
2023-05-10 02:25:36,0.09586,18.35498,18.35498,0.00000
2023-05-10 02:25:37,0.08824,17.04639,17.04639,0.00000
2023-05-10 02:25:38,0.09837,18.45313,18.45313,0.00000
2023-05-10 02:25:39,0.10513,19.49316,19.49316,0.00000
2023-05-10 02:25:40,0.10088,18.71777,18.71777,0.00000
2023-05-10 02:25:41,0.08772,16.67871,16.67871,0.00000
2023-05-10 02:25:42,0.09837,17.54248,17.54248,0.00000
2023-05-10 02:25:43,0.08657,16.58301,16.58301,0.00000
2023-05-10 02:25:44,0.09787,18.68506,18.68506,0.00000
2023-05-10 02:25:45,0.08772,16.07910,16.07910,0.00000
2023-05-10 02:25:46,0.09598,18.76904,18.76904,0.00000
2023-05-10 02:25:47,0.08835,18.20654,18.20654,0.00000
2023-05-10 02:25:48,0.09586,18.02930,18.02930,0.00000
2023-05-10 02:25:49,0.08606,17.49219,17.49219,0.00000
2023-05-10 02:25:50,0.09598,18.74316,18.74316,0.00000
2023-05-10 02:25:51,0.09700,18.13721,18.13721,0.00000
2023-05-10 02:25:52,0.09825,18.40479,18.40479,0.00000
2023-05-10 02:25:53,0.09000,15.94189,15.94189,0.00000
2023-05-10 02:25:54,0.10464,19.25098,19.25098,0.00000
2023-05-10 02:25:55,0.08469,17.32422,17.32422,0.00000
2023-05-10 02:25:56,0.09837,18.23828,18.23828,0.00000
2023-05-10 02:25:57,0.08636,17.89551,17.89551,0.00000
2023-05-10 02:25:58,0.09536,18.42236,18.42236,0.00000
2023-05-10 02:25:59,0.09011,17.40869,17.40869,0.00000
2023-05-10 02:26:00,0.09700,18.35254,18.35254,0.00000
2023-05-10 02:26:01,0.08794,17.16064,17.16064,0.00000
2023-05-10 02:26:02,0.09950,18.09326,18.09326,0.00000
2023-05-10 02:26:03,0.08835,16.74707,16.74707,0.00000
2023-05-10 02:26:04,0.09712,17.81934,17.81934,0.00000
2023-05-10 02:26:05,0.08835,17.66602,17.66602,0.00000
2023-05-10 02:26:06,0.09774,18.71045,18.71045,0.00000
2023-05-10 02:26:07,0.08657,17.21875,17.21875,0.00000
2023-05-10 02:26:08,0.11418,19.83740,19.83740,0.00000
2023-05-10 02:26:09,0.10464,18.33887,18.33887,0.00000
2023-05-10 02:26:10,0.08824,15.90137,15.90137,0.00000
2023-05-10 02:26:11,0.09900,18.81152,18.81152,0.00000
2023-05-10 02:26:12,0.08761,17.54199,17.54199,0.00000
2023-05-10 02:26:13,0.10513,18.80762,18.80762,0.00000
2023-05-10 02:26:14,0.08532,17.89844,17.89844,0.00000
2023-05-10 02:26:15,0.09950,19.05469,19.05469,0.00000
2023-05-10 02:26:16,0.08595,17.83691,17.83691,0.00000
2023-05-10 02:26:17,0.10075,18.81543,18.81543,0.00000
2023-05-10 02:26:18,0.08835,16.69141,16.69141,0.00000
2023-05-10 02:26:19,0.09712,18.75879,18.75879,0.00000
2023-05-10 02:26:20,0.08761,17.50781,17.50781,0.00000
2023-05-10 02:26:21,0.10728,18.73145,18.73145,0.00000
2023-05-10 02:26:22,0.09724,17.94727,17.94727,0.00000
2023-05-10 02:26:23,0.11216,20.46191,20.46191,0.00000
2023-05-10 02:26:24,0.09712,18.82520,18.82520,0.00000
2023-05-10 02:26:25,0.09649,18.88965,18.88965,0.00000
2023-05-10 02:26:26,0.09586,19.03906,19.03906,0.00000
2023-05-10 02:26:27,0.09712,19.03320,19.03320,0.00000
2023-05-10 02:26:28,0.09649,18.80957,18.80957,0.00000
2023-05-10 02:26:29,0.09724,19.01660,19.01660,0.00000
2023-05-10 02:26:30,0.09598,18.13184,18.13184,0.00000
2023-05-10 02:26:31,0.09398,17.56055,17.56055,0.00000
2023-05-10 02:26:32,0.08846,18.07910,18.07910,0.00000
2023-05-10 02:26:33,0.09461,18.13867,18.13867,0.00000
2023-05-10 02:26:34,0.08709,17.77539,17.77539,0.00000
2023-05-10 02:26:35,0.10025,18.78613,18.78613,0.00000
2023-05-10 02:26:36,0.08772,17.32227,17.32227,0.00000
2023-05-10 02:26:37,0.11278,20.52344,20.52344,0.00000
2023-05-10 02:26:38,0.10289,18.66895,18.66895,0.00000
2023-05-10 02:26:39,0.08698,17.10938,17.10938,0.00000
2023-05-10 02:26:40,0.10088,18.54199,18.54199,0.00000
2023-05-10 02:26:41,0.09211,16.63281,16.63281,0.00000
2023-05-10 02:26:42,0.09649,18.38379,18.38379,0.00000
2023-05-10 02:26:43,0.08647,17.48535,17.48535,0.00000
2023-05-10 02:26:44,0.09649,18.49805,18.49805,0.00000
2023-05-10 02:26:45,0.08469,17.51855,17.51855,0.00000
2023-05-10 02:26:46,0.09712,18.30664,18.30664,0.00000
2023-05-10 02:26:47,0.08886,17.27637,17.27637,0.00000
2023-05-10 02:26:48,0.09774,18.26074,18.26074,0.00000
2023-05-10 02:26:49,0.08584,17.36230,17.36230,0.00000
2023-05-10 02:26:50,0.09962,19.06152,19.06152,0.00000
2023-05-10 02:26:51,0.11495,19.74219,19.74219,0.00000
2023-05-10 02:26:52,0.09912,18.68262,18.68262,0.00000
2023-05-10 02:26:53,0.08772,17.66016,17.66016,0.00000
2023-05-10 02:26:54,0.09724,18.23438,18.23438,0.00000
2023-05-10 02:26:55,0.08960,16.55176,16.55176,0.00000
2023-05-10 02:26:56,0.09862,18.63672,18.63672,0.00000
2023-05-10 02:26:57,0.08772,17.49805,17.49805,0.00000
2023-05-10 02:26:58,0.09837,17.91113,17.91113,0.00000
2023-05-10 02:26:59,0.08794,16.44531,16.44531,0.00000
2023-05-10 02:27:00,0.09774,17.42676,17.42676,0.00000
2023-05-10 02:27:01,0.09398,16.62793,16.62793,0.00000
2023-05-10 02:27:02,0.10464,18.97461,18.97461,0.00000
2023-05-10 02:27:03,0.08857,17.08789,17.08789,0.00000
2023-05-10 02:27:04,0.09774,18.05176,18.05176,0.00000
2023-05-10 02:27:05,0.10163,19.58301,19.58301,0.00000
2023-05-10 02:27:06,0.12469,20.10547,20.10547,0.00000
2023-05-10 02:27:07,0.10351,19.64160,19.64160,0.00000
2023-05-10 02:27:08,0.10652,19.45215,19.45215,0.00000
2023-05-10 02:27:09,0.10589,18.71875,18.71875,0.00000
2023-05-10 02:27:10,0.10351,18.34961,18.34961,0.00000
2023-05-10 02:27:11,0.10728,18.17285,18.17285,0.00000
2023-05-10 02:27:12,0.10351,18.87012,18.87012,0.00000
2023-05-10 02:27:13,0.11104,18.94141,18.94141,0.00000
2023-05-10 02:27:14,0.10688,19.33398,19.33398,0.00000
2023-05-10 02:27:15,0.10553,19.25391,19.25391,0.00000
2023-05-10 02:27:16,0.10840,17.82617,17.82617,0.00000
2023-05-10 02:27:17,0.11028,18.34766,18.34766,0.00000
2023-05-10 02:27:18,0.10902,18.59180,18.59180,0.00000
2023-05-10 02:27:19,0.10239,18.78516,18.78516,0.00000
2023-05-10 02:27:20,0.10777,18.94629,18.94629,0.00000
2023-05-10 02:27:21,0.12091,19.07910,19.07910,0.00000
2023-05-10 02:27:22,0.09649,17.66699,17.66699,0.00000
2023-05-10 02:27:23,0.09598,17.47754,17.47754,0.00000
2023-05-10 02:27:24,0.09536,18.18457,18.18457,0.00000
2023-05-10 02:27:25,0.09700,18.72559,18.72559,0.00000
2023-05-10 02:27:26,0.09724,18.88965,18.88965,0.00000
2023-05-10 02:27:27,0.09598,18.90137,18.90137,0.00000
2023-05-10 02:27:28,0.09774,18.73828,18.73828,0.00000
2023-05-10 02:27:29,0.08897,17.84570,17.84570,0.00000
2023-05-10 02:27:30,0.09975,18.48242,18.48242,0.00000
2023-05-10 02:27:31,0.08794,17.47070,17.47070,0.00000
2023-05-10 02:27:32,0.09962,18.53516,18.53516,0.00000
2023-05-10 02:27:33,0.08647,17.33594,17.33594,0.00000
2023-05-10 02:27:34,0.09787,18.55078,18.55078,0.00000
2023-05-10 02:27:35,0.11028,18.70508,18.70508,0.00000
2023-05-10 02:27:36,0.10163,18.41797,18.41797,0.00000
2023-05-10 02:27:37,0.08835,17.10156,17.10156,0.00000
2023-05-10 02:27:38,0.09849,18.61914,18.61914,0.00000
2023-05-10 02:27:39,0.08761,17.33691,17.33691,0.00000
2023-05-10 02:27:40,0.09724,18.57715,18.57715,0.00000
2023-05-10 02:27:41,0.08647,17.36523,17.36523,0.00000
2023-05-10 02:27:42,0.09724,18.60352,18.60352,0.00000
2023-05-10 02:27:43,0.08657,17.37988,17.37988,0.00000
2023-05-10 02:27:44,0.09837,17.73730,17.73730,0.00000
2023-05-10 02:27:45,0.08532,17.80371,17.80371,0.00000
2023-05-10 02:27:46,0.09787,17.35645,17.35645,0.00000
2023-05-10 02:27:47,0.08709,17.07813,17.07813,0.00000
2023-05-10 02:27:48,0.09774,18.48340,18.48340,0.00000
2023-05-10 02:27:49,0.09887,18.43555,18.43555,0.00000
2023-05-10 02:27:50,0.11028,19.83594,19.83594,0.00000
2023-05-10 02:27:51,0.10490,19.13672,19.13672,0.00000
2023-05-10 02:27:52,0.09586,18.38965,18.38965,0.00000
2023-05-10 02:27:53,0.09712,18.77539,18.77539,0.00000
2023-05-10 02:27:54,0.10075,18.00000,18.00000,0.00000
2023-05-10 02:27:55,0.09598,18.44629,18.44629,0.00000
2023-05-10 02:27:56,0.09837,18.87012,18.87012,0.00000
2023-05-10 02:27:57,0.09586,18.06250,18.06250,0.00000
2023-05-10 02:27:58,0.09136,17.08398,17.08398,0.00000
2023-05-10 02:27:59,0.09348,17.83203,17.83203,0.00000
2023-05-10 02:28:00,0.08772,17.81641,17.81641,0.00000
2023-05-10 02:28:01,0.09548,18.51172,18.51172,0.00000
2023-05-10 02:28:02,0.09023,17.17480,17.17480,0.00000
2023-05-10 02:28:03,0.09962,17.54688,17.54688,0.00000
2023-05-10 02:28:04,0.10451,18.35352,18.35352,0.00000
2023-05-10 02:28:05,0.09736,18.30664,18.30664,0.00000
2023-05-10 02:28:06,0.08720,17.13965,17.13965,0.00000
2023-05-10 02:28:07,0.09661,18.87402,18.87402,0.00000
2023-05-10 02:28:08,0.08794,17.12793,17.12793,0.00000
2023-05-10 02:28:09,0.10063,17.94922,17.94922,0.00000
2023-05-10 02:28:10,0.08897,16.47070,16.47070,0.00000
2023-05-10 02:28:11,0.09724,16.78516,16.78516,0.00000
2023-05-10 02:28:12,0.08824,17.32813,17.32813,0.00000
2023-05-10 02:28:13,0.10239,18.25098,18.25098,0.00000
2023-05-10 02:28:14,0.08960,17.74121,17.74121,0.00000
2023-05-10 02:28:15,0.09938,18.66406,18.66406,0.00000
2023-05-10 02:28:16,0.08835,17.06836,17.06836,0.00000
2023-05-10 02:28:17,0.09900,17.69531,17.69531,0.00000
2023-05-10 02:28:18,0.09398,17.33496,17.33496,0.00000
2023-05-10 02:28:19,0.11202,19.49512,19.49512,0.00000
2023-05-10 02:28:20,0.10150,18.28516,18.28516,0.00000
2023-05-10 02:28:21,0.13208,20.72363,20.72363,0.00000
2023-05-10 02:28:22,0.10790,19.55566,19.55566,0.00000
2023-05-10 02:28:23,0.09649,18.91309,18.91309,0.00000
2023-05-10 02:28:24,0.09574,18.84668,18.84668,0.00000
2023-05-10 02:28:25,0.09611,18.02734,18.02734,0.00000
2023-05-10 02:28:26,0.09938,17.73145,17.73145,0.00000
2023-05-10 02:28:27,0.08920,17.58691,17.58691,0.00000
2023-05-10 02:28:28,0.09023,17.34082,17.34082,0.00000
2023-05-10 02:28:29,0.08521,16.94824,16.94824,0.00000
2023-05-10 02:28:30,0.09875,18.17383,18.17383,0.00000
2023-05-10 02:28:31,0.08835,17.02832,17.02832,0.00000
2023-05-10 02:28:32,0.09837,18.11816,18.11816,0.00000
2023-05-10 02:28:33,0.11076,19.22363,19.22363,0.00000
2023-05-10 02:28:34,0.09825,18.79688,18.79688,0.00000
2023-05-10 02:28:35,0.08521,17.73535,17.73535,0.00000
2023-05-10 02:28:36,0.09724,18.41309,18.41309,0.00000
2023-05-10 02:28:37,0.08698,17.04492,17.04492,0.00000
2023-05-10 02:28:38,0.09962,17.86426,17.86426,0.00000
2023-05-10 02:28:39,0.08937,17.54980,17.54980,0.00000
2023-05-10 02:28:40,0.09887,18.32227,18.32227,0.00000
2023-05-10 02:28:41,0.08543,16.39844,16.39844,0.00000
2023-05-10 02:28:42,0.09536,18.04297,18.04297,0.00000
2023-05-10 02:28:43,0.08595,16.11816,16.11816,0.00000
2023-05-10 02:28:44,0.09912,17.50879,17.50879,0.00000
2023-05-10 02:28:45,0.08783,17.19238,17.19238,0.00000
2023-05-10 02:28:46,0.10150,19.10156,19.10156,0.00000
2023-05-10 02:28:47,0.13158,21.14648,21.14648,0.00000
2023-05-10 02:28:48,0.14636,22.77930,22.77930,0.00000
2023-05-10 02:28:49,0.09762,18.60449,18.60449,0.00000
2023-05-10 02:28:50,0.09912,18.71484,18.71484,0.00000
2023-05-10 02:28:51,0.10025,18.97949,18.97949,0.00000
2023-05-10 02:28:52,0.11746,19.60449,19.60449,0.00000
2023-05-10 02:28:53,0.09649,18.84863,18.84863,0.00000
2023-05-10 02:28:54,0.09586,18.40820,18.40820,0.00000
2023-05-10 02:28:55,0.09774,18.59277,18.59277,0.00000
2023-05-10 02:28:56,0.09712,18.26758,18.26758,0.00000
2023-05-10 02:28:57,0.10867,19.29590,19.29590,0.00000
2023-05-10 02:28:58,0.08647,16.83887,16.83887,0.00000
2023-05-10 02:28:59,0.09736,18.29980,18.29980,0.00000
