Date,CPU Utilization,Total Power,CPU Power,GPU Power
2023-05-12 18:39:24,0.12840,14.04883,14.04883,0.00000
2023-05-12 18:39:25,0.11118,12.60938,12.60938,0.00000
2023-05-12 18:39:26,0.15856,16.63086,16.63086,0.00000
2023-05-12 18:39:27,0.14195,14.87695,14.87695,0.00000
2023-05-12 18:39:28,0.13659,13.47461,13.47461,0.00000
2023-05-12 18:39:29,0.18084,19.35742,19.35742,0.00000
2023-05-12 18:39:30,0.13115,15.88086,15.88086,0.00000
2023-05-12 18:39:31,0.11742,14.86133,14.86133,0.00000
2023-05-12 18:39:32,0.16980,19.10352,19.10352,0.00000
2023-05-12 18:39:33,0.12382,14.92578,14.92578,0.00000
2023-05-12 18:39:34,0.11216,13.02539,13.02539,0.00000
2023-05-12 18:39:35,0.11987,13.60352,13.60352,0.00000
2023-05-12 18:39:36,0.14008,14.66016,14.66016,0.00000
2023-05-12 18:39:37,0.13082,13.85156,13.85156,0.00000
2023-05-12 18:39:38,0.10506,11.80664,11.80664,0.00000
2023-05-12 18:39:39,0.11006,12.99414,12.99414,0.00000
2023-05-12 18:39:40,0.14268,14.22070,14.22070,0.00000
2023-05-12 18:39:41,0.15082,17.16992,17.16992,0.00000
2023-05-12 18:39:42,0.11369,12.77734,12.77734,0.00000
2023-05-12 18:39:43,0.09458,11.65625,11.65625,0.00000
2023-05-12 18:39:44,0.10540,11.79102,11.79102,0.00000
2023-05-12 18:39:45,0.13338,16.41211,16.41211,0.00000
2023-05-12 18:39:46,0.20624,17.48633,17.48633,0.00000
2023-05-12 18:39:47,0.13236,13.64258,13.64258,0.00000
2023-05-12 18:39:48,0.14537,15.84375,15.84375,0.00000
2023-05-12 18:39:49,0.16604,18.87891,18.87891,0.00000
2023-05-12 18:39:50,0.15365,17.20313,17.20313,0.00000
2023-05-12 18:39:51,0.14214,16.45117,16.45117,0.00000
2023-05-12 18:39:52,0.13245,14.65039,14.65039,0.00000
2023-05-12 18:39:53,0.22412,23.22852,23.22852,0.00000
2023-05-12 18:39:54,0.13038,15.26367,15.26367,0.00000
2023-05-12 18:39:55,0.13203,15.92188,15.92188,0.00000
2023-05-12 18:39:56,0.12966,14.95508,14.95508,0.00000
2023-05-12 18:39:57,0.14763,17.94141,17.94141,0.00000
2023-05-12 18:39:58,0.11861,13.87305,13.87305,0.00000
2023-05-12 18:39:59,0.12280,14.47266,14.47266,0.00000
2023-05-12 18:40:00,0.11962,13.33398,13.33398,0.00000
2023-05-12 18:40:01,0.14241,17.39258,17.39258,0.00000
2023-05-12 18:40:02,0.12920,14.91211,14.91211,0.00000
2023-05-12 18:40:03,0.13590,15.10352,15.10352,0.00000
2023-05-12 18:40:04,0.12200,14.00391,14.00391,0.00000
2023-05-12 18:40:05,0.14745,17.13477,17.13477,0.00000
2023-05-12 18:40:06,0.13662,15.38086,15.38086,0.00000
2023-05-12 18:40:07,0.14393,14.91797,14.91797,0.00000
2023-05-12 18:40:08,0.16048,18.00586,18.00586,0.00000
2023-05-12 18:40:09,0.16625,18.66016,18.66016,0.00000
2023-05-12 18:40:10,0.16436,17.44531,17.44531,0.00000
2023-05-12 18:40:11,0.15142,16.95313,16.95313,0.00000
2023-05-12 18:40:12,0.19006,19.08203,19.08203,0.00000
2023-05-12 18:40:13,0.11348,14.42578,14.42578,0.00000
2023-05-12 18:40:14,0.08835,11.35938,11.35938,0.00000
2023-05-12 18:40:15,0.08908,11.53906,11.53906,0.00000
2023-05-12 18:40:16,0.08777,11.50586,11.50586,0.00000
2023-05-12 18:40:17,0.10308,14.53906,14.53906,0.00000
2023-05-12 18:40:18,0.08354,10.33203,10.33203,0.00000
2023-05-12 18:40:19,0.08166,10.66797,10.66797,0.00000
2023-05-12 18:40:20,0.07726,10.37891,10.37891,0.00000
2023-05-12 18:40:21,0.09623,13.25977,13.25977,0.00000
2023-05-12 18:40:22,0.10768,11.70117,11.70117,0.00000
2023-05-12 18:40:23,0.08281,10.37500,10.37500,0.00000
2023-05-12 18:40:24,0.08855,10.90430,10.90430,0.00000
2023-05-12 18:40:25,0.11125,13.83398,13.83398,0.00000
2023-05-12 18:40:26,0.14078,16.43750,16.43750,0.00000
2023-05-12 18:40:27,0.15336,16.90234,16.90234,0.00000
2023-05-12 18:40:28,0.13889,16.04492,16.04492,0.00000
2023-05-12 18:40:29,0.15220,17.78516,17.78516,0.00000
2023-05-12 18:40:30,0.18458,19.55273,19.55273,0.00000
2023-05-12 18:40:31,0.07867,10.19727,10.19727,0.00000
2023-05-12 18:40:32,0.10284,11.55078,11.55078,0.00000
2023-05-12 18:40:33,0.11034,13.85938,13.85938,0.00000
2023-05-12 18:40:34,0.12650,13.15039,13.15039,0.00000
2023-05-12 18:40:35,0.12723,13.91992,13.91992,0.00000
2023-05-12 18:40:36,0.11995,12.42188,12.42188,0.00000
2023-05-12 18:40:37,0.09924,13.01172,13.01172,0.00000
2023-05-12 18:40:38,0.13316,14.46289,14.46289,0.00000
2023-05-12 18:40:39,0.12144,13.05664,13.05664,0.00000
2023-05-12 18:40:40,0.11203,12.61719,12.61719,0.00000
2023-05-12 18:40:41,0.12791,14.49609,14.49609,0.00000
2023-05-12 18:40:42,0.10678,12.02148,12.02148,0.00000
2023-05-12 18:40:43,0.09316,11.92773,11.92773,0.00000
2023-05-12 18:40:44,0.13915,14.34766,14.34766,0.00000
2023-05-12 18:40:45,0.09755,12.75195,12.75195,0.00000
2023-05-12 18:40:46,0.08851,10.89258,10.89258,0.00000
2023-05-12 18:40:47,0.09584,11.80859,11.80859,0.00000
2023-05-12 18:40:48,0.11279,12.66602,12.66602,0.00000
2023-05-12 18:40:49,0.11954,15.42773,15.42773,0.00000
2023-05-12 18:40:50,0.14395,15.87305,15.87305,0.00000
2023-05-12 18:40:51,0.11802,13.84180,13.84180,0.00000
2023-05-12 18:40:52,0.14115,16.87891,16.87891,0.00000
2023-05-12 18:40:53,0.18193,21.31445,21.31445,0.00000
2023-05-12 18:40:54,0.08788,10.73047,10.73047,0.00000
2023-05-12 18:40:55,0.08401,11.50977,11.50977,0.00000
2023-05-12 18:40:56,0.08805,11.55273,11.55273,0.00000
2023-05-12 18:40:57,0.12548,15.92383,15.92383,0.00000
2023-05-12 18:40:58,0.11174,12.85352,12.85352,0.00000
2023-05-12 18:40:59,0.09005,12.19922,12.19922,0.00000
2023-05-12 18:41:00,0.10139,11.71289,11.71289,0.00000
2023-05-12 18:41:01,0.16510,17.13672,17.13672,0.00000
2023-05-12 18:41:02,0.14943,17.45508,17.45508,0.00000
2023-05-12 18:41:03,0.14068,15.74609,15.74609,0.00000
2023-05-12 18:41:04,0.11846,13.71680,13.71680,0.00000
2023-05-12 18:41:05,0.19521,21.19531,21.19531,0.00000
2023-05-12 18:41:06,0.10051,11.55664,11.55664,0.00000
2023-05-12 18:41:07,0.14591,15.28516,15.28516,0.00000
2023-05-12 18:41:08,0.14367,15.75586,15.75586,0.00000
2023-05-12 18:41:09,0.15322,16.95313,16.95313,0.00000
2023-05-12 18:41:10,0.15942,17.52539,17.52539,0.00000
2023-05-12 18:41:11,0.16437,16.49414,16.49414,0.00000
2023-05-12 18:41:12,0.11575,13.85742,13.85742,0.00000
2023-05-12 18:41:13,0.16013,18.85938,18.85938,0.00000
2023-05-12 18:41:14,0.09767,12.23438,12.23438,0.00000
2023-05-12 18:41:15,0.10867,12.61133,12.61133,0.00000
2023-05-12 18:41:16,0.09257,12.28906,12.28906,0.00000
2023-05-12 18:41:17,0.15117,17.75000,17.75000,0.00000
2023-05-12 18:41:18,0.15088,15.35742,15.35742,0.00000
2023-05-12 18:41:19,0.10513,11.89063,11.89063,0.00000
2023-05-12 18:41:20,0.09218,12.05078,12.05078,0.00000
2023-05-12 18:41:21,0.11293,13.90625,13.90625,0.00000
2023-05-12 18:41:22,0.10823,12.17383,12.17383,0.00000
2023-05-12 18:41:23,0.09010,11.36523,11.36523,0.00000
2023-05-12 18:41:24,0.10759,12.40039,12.40039,0.00000
2023-05-12 18:41:25,0.10964,13.40430,13.40430,0.00000
2023-05-12 18:41:26,0.09937,11.72070,11.72070,0.00000
2023-05-12 18:41:27,0.10057,11.93359,11.93359,0.00000
2023-05-12 18:41:28,0.09956,12.50391,12.50391,0.00000
2023-05-12 18:41:29,0.12830,15.45313,15.45313,0.00000
2023-05-12 18:41:30,0.11321,13.64453,13.64453,0.00000
2023-05-12 18:41:31,0.11447,12.26758,12.26758,0.00000
2023-05-12 18:41:32,0.11258,12.36328,12.36328,0.00000
2023-05-12 18:41:33,0.11447,14.16992,14.16992,0.00000
2023-05-12 18:41:34,0.11884,13.11719,13.11719,0.00000
2023-05-12 18:41:35,0.10500,11.93359,11.93359,0.00000
2023-05-12 18:41:36,0.13832,14.15820,14.15820,0.00000
2023-05-12 18:41:37,0.13321,15.50781,15.50781,0.00000
2023-05-12 18:41:38,0.13219,14.28516,14.28516,0.00000
2023-05-12 18:41:39,0.11118,12.51953,12.51953,0.00000
2023-05-12 18:41:40,0.13219,14.42578,14.42578,0.00000
2023-05-12 18:41:41,0.10019,13.23242,13.23242,0.00000
2023-05-12 18:41:42,0.10586,12.67188,12.67188,0.00000
2023-05-12 18:41:43,0.09028,11.64258,11.64258,0.00000
2023-05-12 18:41:44,0.10500,12.79492,12.79492,0.00000
2023-05-12 18:41:45,0.10070,13.31055,13.31055,0.00000
2023-05-12 18:41:46,0.09690,12.33008,12.33008,0.00000
2023-05-12 18:41:47,0.12767,12.85156,12.85156,0.00000
2023-05-12 18:41:48,0.11118,13.12500,13.12500,0.00000
2023-05-12 18:41:49,0.13095,14.65625,14.65625,0.00000
2023-05-12 18:41:50,0.10999,13.06250,13.06250,0.00000
2023-05-12 18:41:51,0.09182,10.61719,10.61719,0.00000
2023-05-12 18:41:52,0.13054,13.82617,13.82617,0.00000
2023-05-12 18:41:53,0.12635,14.47266,14.47266,0.00000
2023-05-12 18:41:54,0.10443,13.00391,13.00391,0.00000
2023-05-12 18:41:55,0.10088,11.48242,11.48242,0.00000
2023-05-12 18:41:56,0.10177,12.22656,12.22656,0.00000
2023-05-12 18:41:57,0.13418,15.69336,15.69336,0.00000
2023-05-12 18:41:58,0.13005,14.35742,14.35742,0.00000
2023-05-12 18:41:59,0.08874,11.03516,11.03516,0.00000
2023-05-12 18:42:00,0.11448,14.15625,14.15625,0.00000
2023-05-12 18:42:01,0.11328,13.03906,13.03906,0.00000
2023-05-12 18:42:02,0.09912,12.30078,12.30078,0.00000
2023-05-12 18:42:03,0.09137,10.99414,10.99414,0.00000
2023-05-12 18:42:04,0.10347,12.16602,12.16602,0.00000
2023-05-12 18:42:05,0.11279,13.84180,13.84180,0.00000
2023-05-12 18:42:06,0.09494,12.22070,12.22070,0.00000
2023-05-12 18:42:07,0.09241,10.93555,10.93555,0.00000
2023-05-12 18:42:08,0.15629,17.88672,17.88672,0.00000
2023-05-12 18:42:09,0.14106,17.15234,17.15234,0.00000
2023-05-12 18:42:10,0.14169,16.47656,16.47656,0.00000
2023-05-12 18:42:11,0.12587,15.31641,15.31641,0.00000
2023-05-12 18:42:12,0.15260,17.05469,17.05469,0.00000
2023-05-12 18:42:13,0.13476,16.85742,16.85742,0.00000
2023-05-12 18:42:14,0.13199,15.05859,15.05859,0.00000
2023-05-12 18:42:15,0.12642,14.39453,14.39453,0.00000
2023-05-12 18:42:16,0.14070,15.95898,15.95898,0.00000
2023-05-12 18:42:17,0.14991,17.90625,17.90625,0.00000
2023-05-12 18:42:18,0.12824,15.43359,15.43359,0.00000
2023-05-12 18:42:19,0.12986,15.08398,15.08398,0.00000
2023-05-12 18:42:20,0.11167,13.78906,13.78906,0.00000
2023-05-12 18:42:21,0.10314,13.56445,13.56445,0.00000
2023-05-12 18:42:22,0.10384,12.82031,12.82031,0.00000
2023-05-12 18:42:23,0.13955,13.70508,13.70508,0.00000
2023-05-12 18:42:24,0.13371,15.12891,15.12891,0.00000
2023-05-12 18:42:25,0.16868,16.85156,16.85156,0.00000
2023-05-12 18:42:26,0.13148,14.76367,14.76367,0.00000
2023-05-12 18:42:27,0.08844,10.96484,10.96484,0.00000
2023-05-12 18:42:28,0.12358,14.38477,14.38477,0.00000
2023-05-12 18:42:29,0.15123,17.12500,17.12500,0.00000
2023-05-12 18:42:30,0.16045,17.94141,17.94141,0.00000
2023-05-12 18:42:31,0.15613,15.66211,15.66211,0.00000
2023-05-12 18:42:32,0.11716,14.19727,14.19727,0.00000
2023-05-12 18:42:33,0.15899,17.49805,17.49805,0.00000
2023-05-12 18:42:34,0.12476,15.79883,15.79883,0.00000
2023-05-12 18:42:35,0.14663,15.20313,15.20313,0.00000
2023-05-12 18:42:36,0.14700,16.06445,16.06445,0.00000
2023-05-12 18:42:37,0.11244,15.11523,15.11523,0.00000
2023-05-12 18:42:38,0.08970,11.97852,11.97852,0.00000
2023-05-12 18:42:39,0.10126,13.62305,13.62305,0.00000
2023-05-12 18:42:40,0.10408,13.34180,13.34180,0.00000
2023-05-12 18:42:41,0.10434,14.24023,14.24023,0.00000
2023-05-12 18:42:42,0.08025,10.23438,10.23438,0.00000
2023-05-12 18:42:43,0.08239,11.22070,11.22070,0.00000
2023-05-12 18:42:44,0.05280,9.94141,9.94141,0.00000
