Date,CPU Utilization,Total Power,CPU Power,GPU Power
2023-05-10 01:01:32,0.07586,16.53125,16.53125,0.00000
2023-05-10 01:01:33,0.11599,21.44141,21.44141,0.00000
2023-05-10 01:01:34,0.08715,18.37500,18.37500,0.00000
2023-05-10 01:01:35,0.09536,19.43750,19.43750,0.00000
2023-05-10 01:01:36,0.08777,18.21094,18.21094,0.00000
2023-05-10 01:01:37,0.10013,19.60938,19.60938,0.00000
2023-05-10 01:01:38,0.09011,18.47656,18.47656,0.00000
2023-05-10 01:01:39,0.09605,19.51563,19.51563,0.00000
2023-05-10 01:01:40,0.08840,18.41016,18.41016,0.00000
2023-05-10 01:01:41,0.09937,19.81641,19.81641,0.00000
2023-05-10 01:01:42,0.09068,18.37500,18.37500,0.00000
2023-05-10 01:01:43,0.09781,19.32422,19.32422,0.00000
2023-05-10 01:01:44,0.08709,18.07813,18.07813,0.00000
2023-05-10 01:01:45,0.10081,18.97656,18.97656,0.00000
2023-05-10 01:01:46,0.08652,18.48828,18.48828,0.00000
2023-05-10 01:01:47,0.10006,18.92969,18.92969,0.00000
2023-05-10 01:01:48,0.10226,20.27734,20.27734,0.00000
2023-05-10 01:01:49,0.09649,19.49219,19.49219,0.00000
2023-05-10 01:01:50,0.08892,18.11328,18.11328,0.00000
2023-05-10 01:01:51,0.09837,18.92578,18.92578,0.00000
2023-05-10 01:01:52,0.08537,17.69531,17.69531,0.00000
2023-05-10 01:01:53,0.09473,19.03906,19.03906,0.00000
2023-05-10 01:01:54,0.08537,18.34375,18.34375,0.00000
2023-05-10 01:01:55,0.09524,19.21875,19.21875,0.00000
2023-05-10 01:01:56,0.08824,17.96484,17.96484,0.00000
2023-05-10 01:01:57,0.10006,19.54688,19.54688,0.00000
2023-05-10 01:01:58,0.08960,17.18359,17.18359,0.00000
2023-05-10 01:01:59,0.09793,18.69141,18.69141,0.00000
2023-05-10 01:02:00,0.08726,18.03906,18.03906,0.00000
2023-05-10 01:02:01,0.09637,19.41016,19.41016,0.00000
2023-05-10 01:02:02,0.08777,18.10547,18.10547,0.00000
2023-05-10 01:02:03,0.10652,19.97266,19.97266,0.00000
2023-05-10 01:02:04,0.08589,17.95703,17.95703,0.00000
2023-05-10 01:02:05,0.09849,18.41797,18.41797,0.00000
2023-05-10 01:02:06,0.08652,18.01563,18.01563,0.00000
2023-05-10 01:02:07,0.09649,18.40625,18.40625,0.00000
2023-05-10 01:02:08,0.08994,17.57813,17.57813,0.00000
2023-05-10 01:02:09,0.10295,18.97656,18.97656,0.00000
2023-05-10 01:02:10,0.08772,17.99609,17.99609,0.00000
2023-05-10 01:02:11,0.10602,19.68750,19.68750,0.00000
2023-05-10 01:02:12,0.08908,18.17188,18.17188,0.00000
2023-05-10 01:02:13,0.10207,19.09766,19.09766,0.00000
2023-05-10 01:02:14,0.08647,18.02734,18.02734,0.00000
2023-05-10 01:02:15,0.10150,19.26563,19.26563,0.00000
2023-05-10 01:02:16,0.09324,17.87891,17.87891,0.00000
2023-05-10 01:02:17,0.11613,21.04688,21.04688,0.00000
2023-05-10 01:02:18,0.10332,18.68750,18.68750,0.00000
2023-05-10 01:02:19,0.08704,17.76172,17.76172,0.00000
2023-05-10 01:02:20,0.10150,18.25000,18.25000,0.00000
2023-05-10 01:02:21,0.09011,18.15234,18.15234,0.00000
2023-05-10 01:02:22,0.09655,18.39063,18.39063,0.00000
2023-05-10 01:02:23,0.08949,17.52734,17.52734,0.00000
2023-05-10 01:02:24,0.09661,19.05469,19.05469,0.00000
2023-05-10 01:02:25,0.08704,17.77734,17.77734,0.00000
2023-05-10 01:02:26,0.09661,18.30078,18.30078,0.00000
2023-05-10 01:02:27,0.09028,17.33984,17.33984,0.00000
2023-05-10 01:02:28,0.09592,18.55859,18.55859,0.00000
2023-05-10 01:02:29,0.08647,18.09375,18.09375,0.00000
2023-05-10 01:02:30,0.09548,18.76172,18.76172,0.00000
2023-05-10 01:02:31,0.09687,18.64063,18.64063,0.00000
2023-05-10 01:02:32,0.10840,20.26563,20.26563,0.00000
2023-05-10 01:02:33,0.09781,19.07422,19.07422,0.00000
2023-05-10 01:02:34,0.09718,19.17188,19.17188,0.00000
2023-05-10 01:02:35,0.09605,19.19141,19.19141,0.00000
2023-05-10 01:02:36,0.09831,18.83984,18.83984,0.00000
2023-05-10 01:02:37,0.09774,18.47266,18.47266,0.00000
2023-05-10 01:02:38,0.09592,18.57422,18.57422,0.00000
2023-05-10 01:02:39,0.09975,19.09766,19.09766,0.00000
2023-05-10 01:02:40,0.09649,18.78125,18.78125,0.00000
2023-05-10 01:02:41,0.09554,18.59375,18.59375,0.00000
2023-05-10 01:02:42,0.10513,19.26953,19.26953,0.00000
2023-05-10 01:02:43,0.08835,17.28906,17.28906,0.00000
2023-05-10 01:02:44,0.10075,19.17969,19.17969,0.00000
2023-05-10 01:02:45,0.08589,18.02734,18.02734,0.00000
2023-05-10 01:02:46,0.11473,20.83203,20.83203,0.00000
2023-05-10 01:02:47,0.10269,19.57031,19.57031,0.00000
2023-05-10 01:02:48,0.08835,17.88281,17.88281,0.00000
2023-05-10 01:02:49,0.09768,19.09766,19.09766,0.00000
2023-05-10 01:02:50,0.09017,17.81641,17.81641,0.00000
2023-05-10 01:02:51,0.09768,18.60938,18.60938,0.00000
2023-05-10 01:02:52,0.08417,17.83594,17.83594,0.00000
2023-05-10 01:02:53,0.09655,18.62500,18.62500,0.00000
2023-05-10 01:02:54,0.08663,17.85547,17.85547,0.00000
2023-05-10 01:02:55,0.09781,18.60938,18.60938,0.00000
2023-05-10 01:02:56,0.08657,17.99609,17.99609,0.00000
2023-05-10 01:02:57,0.09473,18.38281,18.38281,0.00000
2023-05-10 01:02:58,0.08772,17.57422,17.57422,0.00000
2023-05-10 01:02:59,0.09598,17.96484,17.96484,0.00000
2023-05-10 01:03:00,0.10763,19.51172,19.51172,0.00000
2023-05-10 01:03:01,0.09906,18.37500,18.37500,0.00000
2023-05-10 01:03:02,0.08527,17.64453,17.64453,0.00000
2023-05-10 01:03:03,0.09661,18.75781,18.75781,0.00000
2023-05-10 01:03:04,0.08715,17.66016,17.66016,0.00000
2023-05-10 01:03:05,0.09649,18.77734,18.77734,0.00000
2023-05-10 01:03:06,0.08840,17.77734,17.77734,0.00000
2023-05-10 01:03:07,0.09831,18.44141,18.44141,0.00000
2023-05-10 01:03:08,0.08532,17.92578,17.92578,0.00000
2023-05-10 01:03:09,0.09643,19.16016,19.16016,0.00000
2023-05-10 01:03:10,0.08709,17.81641,17.81641,0.00000
2023-05-10 01:03:11,0.10302,19.17969,19.17969,0.00000
2023-05-10 01:03:12,0.08954,17.74609,17.74609,0.00000
2023-05-10 01:03:13,0.10163,18.61328,18.61328,0.00000
2023-05-10 01:03:14,0.10276,19.58203,19.58203,0.00000
2023-05-10 01:03:15,0.10408,19.22656,19.22656,0.00000
2023-05-10 01:03:16,0.09718,18.46094,18.46094,0.00000
2023-05-10 01:03:17,0.08726,16.83203,16.83203,0.00000
2023-05-10 01:03:18,0.10401,19.33984,19.33984,0.00000
2023-05-10 01:03:19,0.08766,17.10547,17.10547,0.00000
2023-05-10 01:03:20,0.10013,18.42969,18.42969,0.00000
2023-05-10 01:03:21,0.08840,17.47266,17.47266,0.00000
2023-05-10 01:03:22,0.09975,18.77734,18.77734,0.00000
2023-05-10 01:03:23,0.08709,17.62500,17.62500,0.00000
2023-05-10 01:03:24,0.10100,18.28516,18.28516,0.00000
2023-05-10 01:03:25,0.08709,16.84766,16.84766,0.00000
2023-05-10 01:03:26,0.09416,18.17188,18.17188,0.00000
2023-05-10 01:03:27,0.08704,16.91406,16.91406,0.00000
2023-05-10 01:03:28,0.09598,18.60547,18.60547,0.00000
2023-05-10 01:03:29,0.10464,19.80859,19.80859,0.00000
2023-05-10 01:03:30,0.09969,18.75000,18.75000,0.00000
2023-05-10 01:03:31,0.08766,17.25000,17.25000,0.00000
2023-05-10 01:03:32,0.09655,18.38672,18.38672,0.00000
2023-05-10 01:03:33,0.08469,17.51953,17.51953,0.00000
2023-05-10 01:03:34,0.10088,18.76953,18.76953,0.00000
2023-05-10 01:03:35,0.08595,16.91797,16.91797,0.00000
2023-05-10 01:03:36,0.10256,17.30078,17.30078,0.00000
2023-05-10 01:03:37,0.08875,16.01953,16.01953,0.00000
2023-05-10 01:03:38,0.09774,17.01172,17.01172,0.00000
2023-05-10 01:03:39,0.08777,17.36328,17.36328,0.00000
2023-05-10 01:03:40,0.09655,18.10156,18.10156,0.00000
2023-05-10 01:03:41,0.09398,17.82031,17.82031,0.00000
2023-05-10 01:03:42,0.10075,18.85938,18.85938,0.00000
2023-05-10 01:03:43,0.08647,17.00391,17.00391,0.00000
2023-05-10 01:03:44,0.11292,20.33984,20.33984,0.00000
2023-05-10 01:03:45,0.10464,18.39844,18.39844,0.00000
2023-05-10 01:03:46,0.08668,16.63281,16.63281,0.00000
2023-05-10 01:03:47,0.09819,18.06250,18.06250,0.00000
2023-05-10 01:03:48,0.08954,16.86719,16.86719,0.00000
2023-05-10 01:03:49,0.09700,18.46094,18.46094,0.00000
2023-05-10 01:03:50,0.08840,17.67578,17.67578,0.00000
2023-05-10 01:03:51,0.09900,18.46875,18.46875,0.00000
2023-05-10 01:03:52,0.08892,16.50000,16.50000,0.00000
2023-05-10 01:03:53,0.09467,17.85156,17.85156,0.00000
2023-05-10 01:03:54,0.09244,17.07422,17.07422,0.00000
2023-05-10 01:03:55,0.09586,17.72266,17.72266,0.00000
2023-05-10 01:03:56,0.08835,16.20703,16.20703,0.00000
2023-05-10 01:03:57,0.09649,18.40625,18.40625,0.00000
2023-05-10 01:03:58,0.10638,18.74219,18.74219,0.00000
2023-05-10 01:03:59,0.10150,18.54688,18.54688,0.00000
2023-05-10 01:04:00,0.08748,17.98047,17.98047,0.00000
2023-05-10 01:04:01,0.09894,17.74609,17.74609,0.00000
2023-05-10 01:04:02,0.08761,17.56250,17.56250,0.00000
2023-05-10 01:04:03,0.09598,18.22266,18.22266,0.00000
2023-05-10 01:04:04,0.08647,17.23828,17.23828,0.00000
2023-05-10 01:04:05,0.09649,17.63281,17.63281,0.00000
2023-05-10 01:04:06,0.09006,16.66797,16.66797,0.00000
2023-05-10 01:04:07,0.09724,17.34375,17.34375,0.00000
2023-05-10 01:04:08,0.08647,16.14063,16.14063,0.00000
2023-05-10 01:04:09,0.09900,18.16406,18.16406,0.00000
2023-05-10 01:04:10,0.09348,18.00781,18.00781,0.00000
2023-05-10 01:04:11,0.10132,18.50781,18.50781,0.00000
2023-05-10 01:04:12,0.09159,16.58984,16.58984,0.00000
2023-05-10 01:04:13,0.12414,20.84375,20.84375,0.00000
2023-05-10 01:04:14,0.09837,18.29297,18.29297,0.00000
2023-05-10 01:04:15,0.10351,18.19922,18.19922,0.00000
2023-05-10 01:04:16,0.09799,18.23438,18.23438,0.00000
2023-05-10 01:04:17,0.09655,18.59766,18.59766,0.00000
2023-05-10 01:04:18,0.09787,18.81641,18.81641,0.00000
2023-05-10 01:04:19,0.10401,18.23047,18.23047,0.00000
2023-05-10 01:04:20,0.10638,18.44922,18.44922,0.00000
2023-05-10 01:04:21,0.10319,18.32813,18.32813,0.00000
2023-05-10 01:04:22,0.09142,17.80469,17.80469,0.00000
2023-05-10 01:04:23,0.09730,18.44141,18.44141,0.00000
2023-05-10 01:04:24,0.08960,16.75781,16.75781,0.00000
2023-05-10 01:04:25,0.09825,17.69531,17.69531,0.00000
2023-05-10 01:04:26,0.09063,16.95313,16.95313,0.00000
2023-05-10 01:04:27,0.11570,19.81250,19.81250,0.00000
2023-05-10 01:04:28,0.10345,19.25000,19.25000,0.00000
2023-05-10 01:04:29,0.11187,17.80859,17.80859,0.00000
2023-05-10 01:04:30,0.10672,19.17188,19.17188,0.00000
2023-05-10 01:04:31,0.08903,17.02734,17.02734,0.00000
2023-05-10 01:04:32,0.09712,18.69141,18.69141,0.00000
2023-05-10 01:04:33,0.08641,17.42188,17.42188,0.00000
2023-05-10 01:04:34,0.09956,18.01172,18.01172,0.00000
2023-05-10 01:04:35,0.08589,17.53125,17.53125,0.00000
2023-05-10 01:04:36,0.09894,18.85547,18.85547,0.00000
2023-05-10 01:04:37,0.08532,17.43359,17.43359,0.00000
2023-05-10 01:04:38,0.09598,18.58203,18.58203,0.00000
2023-05-10 01:04:39,0.08755,16.93359,16.93359,0.00000
2023-05-10 01:04:40,0.09912,18.31641,18.31641,0.00000
2023-05-10 01:04:41,0.09234,17.48047,17.48047,0.00000
2023-05-10 01:04:42,0.10895,19.01172,19.01172,0.00000
2023-05-10 01:04:43,0.08943,17.17188,17.17188,0.00000
2023-05-10 01:04:44,0.09706,18.07422,18.07422,0.00000
2023-05-10 01:04:45,0.08761,16.18359,16.18359,0.00000
2023-05-10 01:04:46,0.09969,16.57813,16.57813,0.00000
2023-05-10 01:04:47,0.08818,16.87891,16.87891,0.00000
2023-05-10 01:04:48,0.09856,18.12891,18.12891,0.00000
2023-05-10 01:04:49,0.08772,17.16406,17.16406,0.00000
2023-05-10 01:04:50,0.09781,17.91406,17.91406,0.00000
2023-05-10 01:04:51,0.08589,16.35547,16.35547,0.00000
2023-05-10 01:04:52,0.09649,16.94922,16.94922,0.00000
2023-05-10 01:04:53,0.09404,16.01953,16.01953,0.00000
2023-05-10 01:04:54,0.10784,17.62500,17.62500,0.00000
2023-05-10 01:04:55,0.08761,17.00781,17.00781,0.00000
2023-05-10 01:04:56,0.11425,20.03125,20.03125,0.00000
2023-05-10 01:04:57,0.10408,18.87891,18.87891,0.00000
2023-05-10 01:04:58,0.08595,17.22656,17.22656,0.00000
2023-05-10 01:04:59,0.09536,17.54297,17.54297,0.00000
2023-05-10 01:05:00,0.09017,17.56641,17.56641,0.00000
2023-05-10 01:05:01,0.09787,18.56641,18.56641,0.00000
2023-05-10 01:05:02,0.08589,16.95313,16.95313,0.00000
2023-05-10 01:05:03,0.09843,17.93359,17.93359,0.00000
2023-05-10 01:05:04,0.08698,17.36719,17.36719,0.00000
2023-05-10 01:05:05,0.09548,18.28516,18.28516,0.00000
2023-05-10 01:05:06,0.08840,16.25391,16.25391,0.00000
2023-05-10 01:05:07,0.09598,17.51172,17.51172,0.00000
2023-05-10 01:05:08,0.08777,16.59375,16.59375,0.00000
2023-05-10 01:05:09,0.09837,17.39844,17.39844,0.00000
2023-05-10 01:05:10,0.08892,16.98438,16.98438,0.00000
2023-05-10 01:05:11,0.11376,18.82031,18.82031,0.00000
2023-05-10 01:05:12,0.09034,16.18359,16.18359,0.00000
2023-05-10 01:05:13,0.10157,17.96484,17.96484,0.00000
2023-05-10 01:05:14,0.08761,17.33984,17.33984,0.00000
2023-05-10 01:05:15,0.09598,17.90625,17.90625,0.00000
2023-05-10 01:05:16,0.08881,17.05078,17.05078,0.00000
2023-05-10 01:05:17,0.09712,17.85938,17.85938,0.00000
2023-05-10 01:05:18,0.08715,17.80469,17.80469,0.00000
2023-05-10 01:05:19,0.09774,18.23828,18.23828,0.00000
2023-05-10 01:05:20,0.08903,16.32813,16.32813,0.00000
2023-05-10 01:05:21,0.10282,16.66016,16.66016,0.00000
2023-05-10 01:05:22,0.08527,17.23438,17.23438,0.00000
2023-05-10 01:05:23,0.09762,16.93750,16.93750,0.00000
2023-05-10 01:05:24,0.08761,16.15234,16.15234,0.00000
2023-05-10 01:05:25,0.11488,20.50781,20.50781,0.00000
2023-05-10 01:05:26,0.10464,18.88281,18.88281,0.00000
2023-05-10 01:05:27,0.08772,16.80859,16.80859,0.00000
2023-05-10 01:05:28,0.09718,18.46484,18.46484,0.00000
2023-05-10 01:05:29,0.08772,17.15234,17.15234,0.00000
2023-05-10 01:05:30,0.10388,18.54688,18.54688,0.00000
2023-05-10 01:05:31,0.08903,17.30078,17.30078,0.00000
2023-05-10 01:05:32,0.09724,17.94141,17.94141,0.00000
2023-05-10 01:05:33,0.08647,16.92969,16.92969,0.00000
2023-05-10 01:05:34,0.09724,17.48047,17.48047,0.00000
2023-05-10 01:05:35,0.08657,16.70703,16.70703,0.00000
2023-05-10 01:05:36,0.09956,17.82422,17.82422,0.00000
2023-05-10 01:05:37,0.08709,17.87891,17.87891,0.00000
2023-05-10 01:05:38,0.09530,18.32813,18.32813,0.00000
2023-05-10 01:05:39,0.08766,17.00781,17.00781,0.00000
2023-05-10 01:05:40,0.10526,19.41016,19.41016,0.00000
2023-05-10 01:05:41,0.09023,17.30469,17.30469,0.00000
2023-05-10 01:05:42,0.09849,18.46875,18.46875,0.00000
2023-05-10 01:05:43,0.08949,17.00781,17.00781,0.00000
2023-05-10 01:05:44,0.09724,18.26563,18.26563,0.00000
2023-05-10 01:05:45,0.09006,17.13672,17.13672,0.00000
2023-05-10 01:05:46,0.09655,17.77734,17.77734,0.00000
2023-05-10 01:05:47,0.08709,17.50391,17.50391,0.00000
2023-05-10 01:05:48,0.09536,18.35156,18.35156,0.00000
2023-05-10 01:05:49,0.09080,17.29688,17.29688,0.00000
2023-05-10 01:05:50,0.09856,18.53906,18.53906,0.00000
2023-05-10 01:05:51,0.09091,16.73047,16.73047,0.00000
2023-05-10 01:05:52,0.09975,16.75000,16.75000,0.00000
2023-05-10 01:05:53,0.08641,16.35156,16.35156,0.00000
2023-05-10 01:05:54,0.11613,19.27734,19.27734,0.00000
2023-05-10 01:05:55,0.10658,19.18359,19.18359,0.00000
2023-05-10 01:05:56,0.08720,17.11328,17.11328,0.00000
2023-05-10 01:05:57,0.09837,18.00000,18.00000,0.00000
2023-05-10 01:05:58,0.08755,17.45703,17.45703,0.00000
2023-05-10 01:05:59,0.09673,18.11719,18.11719,0.00000
2023-05-10 01:06:00,0.08949,16.98438,16.98438,0.00000
2023-05-10 01:06:01,0.10187,18.30078,18.30078,0.00000
2023-05-10 01:06:02,0.08469,17.29688,17.29688,0.00000
2023-05-10 01:06:03,0.09912,18.19922,18.19922,0.00000
2023-05-10 01:06:04,0.08824,17.02344,17.02344,0.00000
2023-05-10 01:06:05,0.10144,17.79688,17.79688,0.00000
2023-05-10 01:06:06,0.08589,17.28125,17.28125,0.00000
2023-05-10 01:06:07,0.09925,17.60156,17.60156,0.00000
2023-05-10 01:06:08,0.09085,16.44922,16.44922,0.00000
2023-05-10 01:06:09,0.11230,19.32422,19.32422,0.00000
2023-05-10 01:06:10,0.10369,18.86328,18.86328,0.00000
2023-05-10 01:06:11,0.10792,18.54688,18.54688,0.00000
2023-05-10 01:06:12,0.10314,18.54297,18.54297,0.00000
2023-05-10 01:06:13,0.10351,17.83984,17.83984,0.00000
2023-05-10 01:06:14,0.10019,16.92969,16.92969,0.00000
2023-05-10 01:06:15,0.09706,17.84766,17.84766,0.00000
2023-05-10 01:06:16,0.09781,18.16406,18.16406,0.00000
2023-05-10 01:06:17,0.09318,17.05469,17.05469,0.00000
2023-05-10 01:06:18,0.10566,19.04297,19.04297,0.00000
2023-05-10 01:06:19,0.08914,16.85547,16.85547,0.00000
2023-05-10 01:06:20,0.09605,18.32422,18.32422,0.00000
2023-05-10 01:06:21,0.09613,17.37500,17.37500,0.00000
2023-05-10 01:06:22,0.10314,19.11328,19.11328,0.00000
2023-05-10 01:06:23,0.10694,19.42188,19.42188,0.00000
2023-05-10 01:06:24,0.09894,17.98047,17.98047,0.00000
2023-05-10 01:06:25,0.08824,17.30859,17.30859,0.00000
2023-05-10 01:06:26,0.09598,18.17188,18.17188,0.00000
2023-05-10 01:06:27,0.08892,15.96094,15.96094,0.00000
2023-05-10 01:06:28,0.09969,16.96094,16.96094,0.00000
2023-05-10 01:06:29,0.09262,16.20313,16.20313,0.00000
2023-05-10 01:06:30,0.09756,18.54688,18.54688,0.00000
2023-05-10 01:06:31,0.08589,16.68750,16.68750,0.00000
2023-05-10 01:06:32,0.09774,17.98438,17.98438,0.00000
2023-05-10 01:06:33,0.08777,17.24609,17.24609,0.00000
2023-05-10 01:06:34,0.09894,18.38672,18.38672,0.00000
2023-05-10 01:06:35,0.08532,17.21094,17.21094,0.00000
2023-05-10 01:06:36,0.09724,17.83984,17.83984,0.00000
2023-05-10 01:06:37,0.08698,17.23047,17.23047,0.00000
2023-05-10 01:06:38,0.10757,17.81250,17.81250,0.00000
2023-05-10 01:06:39,0.08715,16.01563,16.01563,0.00000
2023-05-10 01:06:40,0.10025,18.24219,18.24219,0.00000
2023-05-10 01:06:41,0.08715,16.81641,16.81641,0.00000
2023-05-10 01:06:42,0.10533,17.48047,17.48047,0.00000
2023-05-10 01:06:43,0.08761,16.96094,16.96094,0.00000
2023-05-10 01:06:44,0.09667,18.21094,18.21094,0.00000
2023-05-10 01:06:45,0.08527,17.66016,17.66016,0.00000
2023-05-10 01:06:46,0.10131,18.63281,18.63281,0.00000
2023-05-10 01:06:47,0.08761,17.44922,17.44922,0.00000
2023-05-10 01:06:48,0.09598,18.11719,18.11719,0.00000
2023-05-10 01:06:49,0.08584,16.69531,16.69531,0.00000
