Date,CPU Utilization,Total Power,CPU Power,GPU Power
2023-05-12 18:28:32,0.08428,9.92773,9.92773,0.00000
2023-05-12 18:28:33,0.12144,13.88867,13.88867,0.00000
2023-05-12 18:28:34,0.11062,12.91113,12.91113,0.00000
2023-05-12 18:28:35,0.10196,12.08008,12.08008,0.00000
2023-05-12 18:28:36,0.09436,12.19531,12.19531,0.00000
2023-05-12 18:28:37,0.12991,13.57227,13.57227,0.00000
2023-05-12 18:28:38,0.09473,12.02344,12.02344,0.00000
2023-05-12 18:28:39,0.15496,16.42871,16.42871,0.00000
2023-05-12 18:28:40,0.10872,12.82031,12.82031,0.00000
2023-05-12 18:28:41,0.09500,11.76074,11.76074,0.00000
2023-05-12 18:28:42,0.15457,20.99902,20.99902,0.00000
2023-05-12 18:28:43,0.14277,13.35352,13.35352,0.00000
2023-05-12 18:28:44,0.11041,12.38965,12.38965,0.00000
2023-05-12 18:28:45,0.09608,13.03613,13.03613,0.00000
2023-05-12 18:28:46,0.12028,13.15723,13.15723,0.00000
2023-05-12 18:28:47,0.11441,12.36426,12.36426,0.00000
2023-05-12 18:28:48,0.11414,12.20117,12.20117,0.00000
2023-05-12 18:28:49,0.12119,12.83105,12.83105,0.00000
2023-05-12 18:28:50,0.09798,11.58789,11.58789,0.00000
2023-05-12 18:28:51,0.12121,15.36035,15.36035,0.00000
2023-05-12 18:28:52,0.11798,13.32422,13.32422,0.00000
2023-05-12 18:28:53,0.08976,10.41113,10.41113,0.00000
2023-05-12 18:28:54,0.09551,11.09961,11.09961,0.00000
2023-05-12 18:28:55,0.11111,12.05078,12.05078,0.00000
2023-05-12 18:28:56,0.15142,15.82910,15.82910,0.00000
2023-05-12 18:28:57,0.11490,13.34082,13.34082,0.00000
2023-05-12 18:28:58,0.10240,11.59668,11.59668,0.00000
2023-05-12 18:28:59,0.11477,13.49707,13.49707,0.00000
2023-05-12 18:29:00,0.09804,11.43555,11.43555,0.00000
2023-05-12 18:29:01,0.15414,16.56250,16.56250,0.00000
2023-05-12 18:29:02,0.12994,15.25684,15.25684,0.00000
2023-05-12 18:29:03,0.17947,18.44824,18.44824,0.00000
2023-05-12 18:29:04,0.16425,17.86035,17.86035,0.00000
2023-05-12 18:29:05,0.12366,13.29199,13.29199,0.00000
2023-05-12 18:29:06,0.08920,10.16406,10.16406,0.00000
2023-05-12 18:29:07,0.12238,15.47363,15.47363,0.00000
2023-05-12 18:29:08,0.10297,11.63574,11.63574,0.00000
2023-05-12 18:29:09,0.07876,10.11328,10.11328,0.00000
2023-05-12 18:29:10,0.09741,11.29004,11.29004,0.00000
2023-05-12 18:29:11,0.09241,11.26660,11.26660,0.00000
2023-05-12 18:29:12,0.10330,11.38086,11.38086,0.00000
2023-05-12 18:29:13,0.10586,12.79004,12.79004,0.00000
2023-05-12 18:29:14,0.11392,12.48926,12.48926,0.00000
2023-05-12 18:29:15,0.12516,14.32324,14.32324,0.00000
2023-05-12 18:29:16,0.15219,15.33398,15.33398,0.00000
2023-05-12 18:29:17,0.14331,14.87305,14.87305,0.00000
2023-05-12 18:29:18,0.14059,15.72949,15.72949,0.00000
2023-05-12 18:29:19,0.16436,17.58691,17.58691,0.00000
2023-05-12 18:29:20,0.14871,16.23633,16.23633,0.00000
2023-05-12 18:29:21,0.15929,17.94531,17.94531,0.00000
2023-05-12 18:29:22,0.12834,13.85254,13.85254,0.00000
2023-05-12 18:29:23,0.10190,11.67480,11.67480,0.00000
2023-05-12 18:29:24,0.14177,15.27441,15.27441,0.00000
2023-05-12 18:29:25,0.10260,12.17676,12.17676,0.00000
2023-05-12 18:29:26,0.08281,10.57715,10.57715,0.00000
2023-05-12 18:29:27,0.08792,10.92578,10.92578,0.00000
2023-05-12 18:29:28,0.08613,10.94141,10.94141,0.00000
2023-05-12 18:29:29,0.10956,11.64063,11.64063,0.00000
2023-05-12 18:29:30,0.11590,14.21484,14.21484,0.00000
2023-05-12 18:29:31,0.10857,12.47656,12.47656,0.00000
2023-05-12 18:29:32,0.10430,12.28418,12.28418,0.00000
2023-05-12 18:29:33,0.09102,11.48438,11.48438,0.00000
2023-05-12 18:29:34,0.09575,11.14551,11.14551,0.00000
2023-05-12 18:29:35,0.14530,16.10352,16.10352,0.00000
2023-05-12 18:29:36,0.12834,13.65039,13.65039,0.00000
2023-05-12 18:29:37,0.07668,9.83008,9.83008,0.00000
2023-05-12 18:29:38,0.10789,12.35742,12.35742,0.00000
2023-05-12 18:29:39,0.11104,12.45898,12.45898,0.00000
2023-05-12 18:29:40,0.13005,13.68555,13.68555,0.00000
2023-05-12 18:29:41,0.16129,17.96484,17.96484,0.00000
2023-05-12 18:29:42,0.14051,14.78711,14.78711,0.00000
2023-05-12 18:29:43,0.09880,11.54688,11.54688,0.00000
2023-05-12 18:29:44,0.11548,12.79297,12.79297,0.00000
2023-05-12 18:29:45,0.09720,11.51172,11.51172,0.00000
2023-05-12 18:29:46,0.11575,14.56055,14.56055,0.00000
2023-05-12 18:29:47,0.12697,14.82227,14.82227,0.00000
2023-05-12 18:29:48,0.18439,19.44141,19.44141,0.00000
2023-05-12 18:29:49,0.09296,12.12695,12.12695,0.00000
2023-05-12 18:29:50,0.09578,12.31641,12.31641,0.00000
2023-05-12 18:29:51,0.14095,15.52539,15.52539,0.00000
2023-05-12 18:29:52,0.15013,17.22266,17.22266,0.00000
2023-05-12 18:29:53,0.10063,12.39648,12.39648,0.00000
2023-05-12 18:29:54,0.11924,14.27148,14.27148,0.00000
2023-05-12 18:29:55,0.10977,12.95703,12.95703,0.00000
2023-05-12 18:29:56,0.14738,18.45313,18.45313,0.00000
2023-05-12 18:29:57,0.10159,11.85156,11.85156,0.00000
2023-05-12 18:29:58,0.11230,13.91406,13.91406,0.00000
2023-05-12 18:29:59,0.11597,13.46484,13.46484,0.00000
2023-05-12 18:30:00,0.10127,11.28320,11.28320,0.00000
2023-05-12 18:30:01,0.13447,13.95898,13.95898,0.00000
2023-05-12 18:30:02,0.13321,14.39258,14.39258,0.00000
2023-05-12 18:30:03,0.12743,15.00195,15.00195,0.00000
2023-05-12 18:30:04,0.10656,12.03906,12.03906,0.00000
2023-05-12 18:30:05,0.09560,10.91016,10.91016,0.00000
2023-05-12 18:30:06,0.10057,12.01758,12.01758,0.00000
2023-05-12 18:30:07,0.08925,10.66211,10.66211,0.00000
2023-05-12 18:30:08,0.09868,11.67969,11.67969,0.00000
2023-05-12 18:30:09,0.11731,14.07422,14.07422,0.00000
2023-05-12 18:30:10,0.10894,12.45703,12.45703,0.00000
2023-05-12 18:30:11,0.13980,15.03125,15.03125,0.00000
2023-05-12 18:30:12,0.10195,11.99609,11.99609,0.00000
2023-05-12 18:30:13,0.13843,15.76172,15.76172,0.00000
2023-05-12 18:30:14,0.12241,13.38672,13.38672,0.00000
2023-05-12 18:30:15,0.13279,16.75195,16.75195,0.00000
2023-05-12 18:30:16,0.14583,17.09570,17.09570,0.00000
2023-05-12 18:30:17,0.12966,15.33398,15.33398,0.00000
2023-05-12 18:30:18,0.12854,15.18555,15.18555,0.00000
2023-05-12 18:30:19,0.14556,16.43945,16.43945,0.00000
2023-05-12 18:30:20,0.12532,15.41016,15.41016,0.00000
2023-05-12 18:30:21,0.10299,12.80859,12.80859,0.00000
2023-05-12 18:30:22,0.08312,10.08789,10.08789,0.00000
2023-05-12 18:30:23,0.08570,11.29883,11.29883,0.00000
2023-05-12 18:30:24,0.08103,9.96484,9.96484,0.00000
2023-05-12 18:30:25,0.08161,10.89258,10.89258,0.00000
2023-05-12 18:30:26,0.09586,12.86719,12.86719,0.00000
2023-05-12 18:30:27,0.09091,11.17383,11.17383,0.00000
2023-05-12 18:30:28,0.07789,10.12109,10.12109,0.00000
2023-05-12 18:30:29,0.09016,11.19727,11.19727,0.00000
2023-05-12 18:30:30,0.11027,12.44727,12.44727,0.00000
2023-05-12 18:30:31,0.15146,17.55273,17.55273,0.00000
2023-05-12 18:30:32,0.11560,12.67383,12.67383,0.00000
2023-05-12 18:30:33,0.09830,10.56836,10.56836,0.00000
2023-05-12 18:30:34,0.11041,11.97070,11.97070,0.00000
2023-05-12 18:30:35,0.08050,10.19531,10.19531,0.00000
2023-05-12 18:30:36,0.10063,12.08008,12.08008,0.00000
2023-05-12 18:30:37,0.14131,15.38281,15.38281,0.00000
2023-05-12 18:30:38,0.11034,12.76953,12.76953,0.00000
2023-05-12 18:30:39,0.09584,11.55273,11.55273,0.00000
2023-05-12 18:30:40,0.12786,12.86328,12.86328,0.00000
2023-05-12 18:30:41,0.13005,13.81641,13.81641,0.00000
2023-05-12 18:30:42,0.13817,14.88086,14.88086,0.00000
2023-05-12 18:30:43,0.12005,14.84961,14.84961,0.00000
2023-05-12 18:30:45,0.10252,12.00586,12.00586,0.00000
2023-05-12 18:30:46,0.08674,11.09570,11.09570,0.00000
2023-05-12 18:30:47,0.08999,11.66406,11.66406,0.00000
2023-05-12 18:30:48,0.08600,10.25195,10.25195,0.00000
2023-05-12 18:30:49,0.10881,13.98438,13.98438,0.00000
2023-05-12 18:30:50,0.10824,12.14258,12.14258,0.00000
2023-05-12 18:30:51,0.09182,11.21875,11.21875,0.00000
2023-05-12 18:30:52,0.09422,11.42969,11.42969,0.00000
2023-05-12 18:30:53,0.07663,9.95313,9.95313,0.00000
2023-05-12 18:30:54,0.08753,11.36328,11.36328,0.00000
2023-05-12 18:30:55,0.09837,13.35352,13.35352,0.00000
2023-05-12 18:30:56,0.09102,11.15625,11.15625,0.00000
2023-05-12 18:30:57,0.07967,10.16406,10.16406,0.00000
2023-05-12 18:30:58,0.08799,11.48633,11.48633,0.00000
2023-05-12 18:30:59,0.08229,9.93164,9.93164,0.00000
2023-05-12 18:31:00,0.10057,14.36328,14.36328,0.00000
2023-05-12 18:31:01,0.11468,13.14844,13.14844,0.00000
2023-05-12 18:31:02,0.11970,13.84766,13.84766,0.00000
2023-05-12 18:31:03,0.09436,12.72656,12.72656,0.00000
2023-05-12 18:31:04,0.09745,11.97070,11.97070,0.00000
2023-05-12 18:31:05,0.13350,14.70508,14.70508,0.00000
2023-05-12 18:31:06,0.11980,14.36523,14.36523,0.00000
2023-05-12 18:31:07,0.10436,12.42383,12.42383,0.00000
2023-05-12 18:31:08,0.08185,10.67969,10.67969,0.00000
2023-05-12 18:31:09,0.11033,13.00391,13.00391,0.00000
2023-05-12 18:31:10,0.12066,13.04297,13.04297,0.00000
2023-05-12 18:31:11,0.09632,12.29883,12.29883,0.00000
2023-05-12 18:31:12,0.12161,14.42773,14.42773,0.00000
2023-05-12 18:31:13,0.09810,12.16406,12.16406,0.00000
2023-05-12 18:31:14,0.09304,11.18750,11.18750,0.00000
2023-05-12 18:31:15,0.11965,14.11719,14.11719,0.00000
2023-05-12 18:31:16,0.13030,16.22656,16.22656,0.00000
2023-05-12 18:31:17,0.14322,15.59766,15.59766,0.00000
2023-05-12 18:31:18,0.11602,13.37891,13.37891,0.00000
2023-05-12 18:31:19,0.10814,12.35547,12.35547,0.00000
2023-05-12 18:31:20,0.08176,11.10156,11.10156,0.00000
2023-05-12 18:31:21,0.09137,11.46094,11.46094,0.00000
2023-05-12 18:31:22,0.10227,12.54102,12.54102,0.00000
2023-05-12 18:31:23,0.11980,14.04492,14.04492,0.00000
2023-05-12 18:31:24,0.11787,12.92383,12.92383,0.00000
2023-05-12 18:31:25,0.09539,11.28711,11.28711,0.00000
2023-05-12 18:31:26,0.10290,11.55078,11.55078,0.00000
2023-05-12 18:31:27,0.10613,11.58594,11.58594,0.00000
2023-05-12 18:31:28,0.12453,15.50000,15.50000,0.00000
2023-05-12 18:31:29,0.15720,14.24414,14.24414,0.00000
2023-05-12 18:31:30,0.09602,10.69727,10.69727,0.00000
2023-05-12 18:31:31,0.12705,15.11133,15.11133,0.00000
2023-05-12 18:31:32,0.16362,18.42578,18.42578,0.00000
2023-05-12 18:31:33,0.08799,11.07031,11.07031,0.00000
2023-05-12 18:31:34,0.08988,12.71484,12.71484,0.00000
2023-05-12 18:31:35,0.09539,12.47070,12.47070,0.00000
2023-05-12 18:31:36,0.12056,14.16211,14.16211,0.00000
2023-05-12 18:31:37,0.14892,15.72852,15.72852,0.00000
2023-05-12 18:31:38,0.10303,11.89844,11.89844,0.00000
2023-05-12 18:31:39,0.11485,13.47656,13.47656,0.00000
2023-05-12 18:31:40,0.10775,13.66602,13.66602,0.00000
2023-05-12 18:31:41,0.09503,12.06641,12.06641,0.00000
2023-05-12 18:31:42,0.09177,11.21484,11.21484,0.00000
2023-05-12 18:31:43,0.09131,11.48242,11.48242,0.00000
2023-05-12 18:31:44,0.07494,10.08984,10.08984,0.00000
2023-05-12 18:31:45,0.10741,14.27344,14.27344,0.00000
2023-05-12 18:31:46,0.09716,11.70898,11.70898,0.00000
2023-05-12 18:31:47,0.09137,10.90820,10.90820,0.00000
2023-05-12 18:31:48,0.09665,12.02734,12.02734,0.00000
2023-05-12 18:31:49,0.07659,10.40820,10.40820,0.00000
2023-05-12 18:31:50,0.09286,12.27148,12.27148,0.00000
2023-05-12 18:31:51,0.13375,16.17383,16.17383,0.00000
2023-05-12 18:31:52,0.10556,13.39258,13.39258,0.00000
