Date,CPU Utilization,Total Power,CPU Power,GPU Power
2023-05-12 18:28:32,0.08486,9.95117,9.95117,0.00000
2023-05-12 18:28:33,0.12089,13.85547,13.85547,0.00000
2023-05-12 18:28:34,0.11055,12.95508,12.95508,0.00000
2023-05-12 18:28:35,0.10253,12.09277,12.09277,0.00000
2023-05-12 18:28:36,0.09436,12.19531,12.19531,0.00000
2023-05-12 18:28:37,0.12991,13.54883,13.54883,0.00000
2023-05-12 18:28:38,0.09422,12.04785,12.04785,0.00000
2023-05-12 18:28:39,0.15486,16.40527,16.40527,0.00000
2023-05-12 18:28:40,0.10872,12.84277,12.84277,0.00000
2023-05-12 18:28:41,0.09442,11.66504,11.66504,0.00000
2023-05-12 18:28:42,0.15554,21.02246,21.02246,0.00000
2023-05-12 18:28:43,0.14277,13.39746,13.39746,0.00000
2023-05-12 18:28:44,0.11027,12.38867,12.38867,0.00000
2023-05-12 18:28:45,0.09722,13.04102,13.04102,0.00000
2023-05-12 18:28:46,0.12028,13.15918,13.15918,0.00000
2023-05-12 18:28:47,0.11322,12.36035,12.36035,0.00000
2023-05-12 18:28:48,0.11534,12.20313,12.20313,0.00000
2023-05-12 18:28:49,0.12056,12.82910,12.82910,0.00000
2023-05-12 18:28:50,0.09792,11.59473,11.59473,0.00000
2023-05-12 18:28:51,0.12129,15.36328,15.36328,0.00000
2023-05-12 18:28:52,0.11735,13.32422,13.32422,0.00000
2023-05-12 18:28:53,0.09033,10.41211,10.41211,0.00000
2023-05-12 18:28:54,0.09551,11.10059,11.10059,0.00000
2023-05-12 18:28:55,0.10999,12.04688,12.04688,0.00000
2023-05-12 18:28:56,0.15249,15.82910,15.82910,0.00000
2023-05-12 18:28:57,0.11483,13.25781,13.25781,0.00000
2023-05-12 18:28:58,0.10177,11.67871,11.67871,0.00000
2023-05-12 18:28:59,0.11526,13.49023,13.49023,0.00000
2023-05-12 18:29:00,0.09741,11.44238,11.44238,0.00000
2023-05-12 18:29:01,0.15360,16.54590,16.54590,0.00000
2023-05-12 18:29:02,0.12986,15.19629,15.19629,0.00000
2023-05-12 18:29:03,0.17958,18.52051,18.52051,0.00000
2023-05-12 18:29:04,0.16436,17.84375,17.84375,0.00000
2023-05-12 18:29:05,0.12366,13.31738,13.31738,0.00000
2023-05-12 18:29:06,0.08862,10.15918,10.15918,0.00000
2023-05-12 18:29:07,0.12294,15.47070,15.47070,0.00000
2023-05-12 18:29:08,0.10290,11.63477,11.63477,0.00000
2023-05-12 18:29:09,0.07876,10.11816,10.11816,0.00000
2023-05-12 18:29:10,0.09741,11.28809,11.28809,0.00000
2023-05-12 18:29:11,0.09241,11.27246,11.27246,0.00000
2023-05-12 18:29:12,0.10393,11.38672,11.38672,0.00000
2023-05-12 18:29:13,0.10586,12.79590,12.79590,0.00000
2023-05-12 18:29:14,0.11392,12.49414,12.49414,0.00000
2023-05-12 18:29:15,0.12516,14.31055,14.31055,0.00000
2023-05-12 18:29:16,0.15219,15.33398,15.33398,0.00000
2023-05-12 18:29:17,0.14277,14.87793,14.87793,0.00000
2023-05-12 18:29:18,0.14113,15.72656,15.72656,0.00000
2023-05-12 18:29:19,0.16446,17.58691,17.58691,0.00000
2023-05-12 18:29:20,0.14871,16.23633,16.23633,0.00000
2023-05-12 18:29:21,0.15929,17.94531,17.94531,0.00000
2023-05-12 18:29:22,0.12834,13.85254,13.85254,0.00000
2023-05-12 18:29:23,0.10190,11.67480,11.67480,0.00000
2023-05-12 18:29:24,0.14177,15.27441,15.27441,0.00000
2023-05-12 18:29:25,0.10260,12.17676,12.17676,0.00000
2023-05-12 18:29:26,0.08281,10.57715,10.57715,0.00000
2023-05-12 18:29:27,0.08792,10.92578,10.92578,0.00000
2023-05-12 18:29:28,0.08613,10.94043,10.94043,0.00000
2023-05-12 18:29:29,0.10956,11.63672,11.63672,0.00000
2023-05-12 18:29:30,0.11590,14.21387,14.21387,0.00000
2023-05-12 18:29:31,0.10850,12.47559,12.47559,0.00000
2023-05-12 18:29:32,0.10423,12.28906,12.28906,0.00000
2023-05-12 18:29:33,0.09102,11.48535,11.48535,0.00000
2023-05-12 18:29:34,0.09575,11.14453,11.14453,0.00000
2023-05-12 18:29:35,0.14521,16.09863,16.09863,0.00000
2023-05-12 18:29:36,0.12889,13.64941,13.64941,0.00000
2023-05-12 18:29:37,0.07609,9.83008,9.83008,0.00000
2023-05-12 18:29:38,0.10789,12.36133,12.36133,0.00000
2023-05-12 18:29:39,0.11104,12.46484,12.46484,0.00000
2023-05-12 18:29:40,0.13005,13.68750,13.68750,0.00000
2023-05-12 18:29:41,0.16119,17.95703,17.95703,0.00000
2023-05-12 18:29:42,0.13996,14.78906,14.78906,0.00000
2023-05-12 18:29:43,0.09880,11.54492,11.54492,0.00000
2023-05-12 18:29:44,0.11556,12.81250,12.81250,0.00000
2023-05-12 18:29:45,0.09720,11.49219,11.49219,0.00000
2023-05-12 18:29:46,0.11575,14.54492,14.54492,0.00000
2023-05-12 18:29:47,0.12697,14.83594,14.83594,0.00000
2023-05-12 18:29:48,0.18388,19.44727,19.44727,0.00000
2023-05-12 18:29:49,0.09296,12.13086,12.13086,0.00000
2023-05-12 18:29:50,0.09578,12.31250,12.31250,0.00000
2023-05-12 18:29:51,0.14095,15.52539,15.52539,0.00000
2023-05-12 18:29:52,0.15022,17.22266,17.22266,0.00000
2023-05-12 18:29:53,0.10070,12.40430,12.40430,0.00000
2023-05-12 18:29:54,0.11806,14.15430,14.15430,0.00000
2023-05-12 18:29:55,0.11203,13.08398,13.08398,0.00000
2023-05-12 18:29:56,0.14630,18.36133,18.36133,0.00000
2023-05-12 18:29:57,0.10159,11.95117,11.95117,0.00000
2023-05-12 18:29:58,0.11286,13.86523,13.86523,0.00000
2023-05-12 18:29:59,0.11597,13.51758,13.51758,0.00000
2023-05-12 18:30:00,0.10000,11.06641,11.06641,0.00000
2023-05-12 18:30:01,0.13628,14.09961,14.09961,0.00000
2023-05-12 18:30:02,0.13249,14.44727,14.44727,0.00000
2023-05-12 18:30:03,0.12806,15.01758,15.01758,0.00000
2023-05-12 18:30:04,0.10649,12.03711,12.03711,0.00000
2023-05-12 18:30:05,0.09560,10.89844,10.89844,0.00000
2023-05-12 18:30:06,0.10050,12.01758,12.01758,0.00000
2023-05-12 18:30:07,0.08925,10.67188,10.67188,0.00000
2023-05-12 18:30:08,0.09918,11.68555,11.68555,0.00000
2023-05-12 18:30:09,0.11613,14.04883,14.04883,0.00000
2023-05-12 18:30:10,0.11006,12.47656,12.47656,0.00000
2023-05-12 18:30:11,0.13971,15.03906,15.03906,0.00000
2023-05-12 18:30:12,0.10132,11.99023,11.99023,0.00000
2023-05-12 18:30:13,0.13952,15.64063,15.64063,0.00000
2023-05-12 18:30:14,0.12194,13.50781,13.50781,0.00000
2023-05-12 18:30:15,0.13388,16.76172,16.76172,0.00000
2023-05-12 18:30:16,0.14583,17.08789,17.08789,0.00000
2023-05-12 18:30:17,0.12966,15.33203,15.33203,0.00000
2023-05-12 18:30:18,0.12728,15.12305,15.12305,0.00000
2023-05-12 18:30:19,0.14619,16.49219,16.49219,0.00000
2023-05-12 18:30:20,0.12532,15.30859,15.30859,0.00000
2023-05-12 18:30:21,0.10362,12.87891,12.87891,0.00000
2023-05-12 18:30:22,0.08249,10.07422,10.07422,0.00000
2023-05-12 18:30:23,0.08564,11.29102,11.29102,0.00000
2023-05-12 18:30:24,0.08103,9.96875,9.96875,0.00000
2023-05-12 18:30:25,0.08103,10.88867,10.88867,0.00000
2023-05-12 18:30:26,0.09586,12.86719,12.86719,0.00000
2023-05-12 18:30:27,0.09097,11.17383,11.17383,0.00000
2023-05-12 18:30:28,0.07789,10.12109,10.12109,0.00000
2023-05-12 18:30:29,0.09011,11.19922,11.19922,0.00000
2023-05-12 18:30:30,0.11020,12.45117,12.45117,0.00000
2023-05-12 18:30:31,0.15136,17.54883,17.54883,0.00000
2023-05-12 18:30:32,0.11553,12.66797,12.66797,0.00000
2023-05-12 18:30:33,0.09943,10.56836,10.56836,0.00000
2023-05-12 18:30:34,0.11034,11.97461,11.97461,0.00000
2023-05-12 18:30:35,0.08050,10.19922,10.19922,0.00000
2023-05-12 18:30:36,0.10063,12.08203,12.08203,0.00000
2023-05-12 18:30:37,0.14140,15.38281,15.38281,0.00000
2023-05-12 18:30:38,0.11034,12.76172,12.76172,0.00000
2023-05-12 18:30:39,0.09527,11.58398,11.58398,0.00000
2023-05-12 18:30:40,0.12794,12.83398,12.83398,0.00000
2023-05-12 18:30:41,0.12887,13.79883,13.79883,0.00000
2023-05-12 18:30:42,0.13934,14.90430,14.90430,0.00000
2023-05-12 18:30:43,0.11990,14.86719,14.86719,0.00000
2023-05-12 18:30:44,0.10252,12.01367,12.01367,0.00000
2023-05-12 18:30:45,0.08726,11.09375,11.09375,0.00000
2023-05-12 18:30:47,0.08994,11.66992,11.66992,0.00000
2023-05-12 18:30:48,0.08600,10.25195,10.25195,0.00000
2023-05-12 18:30:49,0.10881,13.98438,13.98438,0.00000
2023-05-12 18:30:50,0.10824,12.14258,12.14258,0.00000
2023-05-12 18:30:51,0.09182,11.21875,11.21875,0.00000
2023-05-12 18:30:52,0.09422,11.42969,11.42969,0.00000
2023-05-12 18:30:53,0.07663,9.95313,9.95313,0.00000
2023-05-12 18:30:54,0.08753,11.36328,11.36328,0.00000
2023-05-12 18:30:55,0.09837,13.35352,13.35352,0.00000
2023-05-12 18:30:56,0.09102,11.15625,11.15625,0.00000
2023-05-12 18:30:57,0.07967,10.16406,10.16406,0.00000
2023-05-12 18:30:58,0.08799,11.48242,11.48242,0.00000
2023-05-12 18:30:59,0.08229,9.91992,9.91992,0.00000
2023-05-12 18:31:00,0.10057,14.35742,14.35742,0.00000
2023-05-12 18:31:01,0.11468,13.13672,13.13672,0.00000
2023-05-12 18:31:02,0.11977,13.89453,13.89453,0.00000
2023-05-12 18:31:03,0.09436,12.72656,12.72656,0.00000
2023-05-12 18:31:04,0.09751,11.96484,11.96484,0.00000
2023-05-12 18:31:05,0.13350,14.70898,14.70898,0.00000
2023-05-12 18:31:06,0.11924,14.36523,14.36523,0.00000
2023-05-12 18:31:07,0.10436,12.41602,12.41602,0.00000
2023-05-12 18:31:08,0.08180,10.68359,10.68359,0.00000
2023-05-12 18:31:09,0.11033,13.00391,13.00391,0.00000
2023-05-12 18:31:10,0.12066,13.04102,13.04102,0.00000
2023-05-12 18:31:11,0.09632,12.30273,12.30273,0.00000
2023-05-12 18:31:12,0.12224,14.42969,14.42969,0.00000
2023-05-12 18:31:13,0.09753,12.16016,12.16016,0.00000
2023-05-12 18:31:14,0.09361,11.18945,11.18945,0.00000
2023-05-12 18:31:15,0.11861,14.19727,14.19727,0.00000
2023-05-12 18:31:16,0.13038,16.14258,16.14258,0.00000
2023-05-12 18:31:17,0.14376,15.59766,15.59766,0.00000
2023-05-12 18:31:18,0.11602,13.37109,13.37109,0.00000
2023-05-12 18:31:19,0.10921,12.36328,12.36328,0.00000
2023-05-12 18:31:20,0.08113,11.09961,11.09961,0.00000
2023-05-12 18:31:21,0.09131,11.46875,11.46875,0.00000
2023-05-12 18:31:22,0.10221,12.53125,12.53125,0.00000
2023-05-12 18:31:23,0.11980,14.05273,14.05273,0.00000
2023-05-12 18:31:24,0.11731,12.91406,12.91406,0.00000
2023-05-12 18:31:25,0.09539,11.29102,11.29102,0.00000
2023-05-12 18:31:26,0.10290,11.54297,11.54297,0.00000
2023-05-12 18:31:27,0.10606,11.58203,11.58203,0.00000
2023-05-12 18:31:28,0.12516,15.50391,15.50391,0.00000
2023-05-12 18:31:29,0.15657,14.24609,14.24609,0.00000
2023-05-12 18:31:30,0.09602,10.69727,10.69727,0.00000
2023-05-12 18:31:31,0.12761,15.11914,15.11914,0.00000
2023-05-12 18:31:32,0.16310,18.42578,18.42578,0.00000
2023-05-12 18:31:33,0.08914,11.06836,11.06836,0.00000
2023-05-12 18:31:34,0.08925,12.72070,12.72070,0.00000
2023-05-12 18:31:35,0.09545,12.47656,12.47656,0.00000
2023-05-12 18:31:36,0.12238,14.16602,14.16602,0.00000
2023-05-12 18:31:37,0.14848,15.74219,15.74219,0.00000
2023-05-12 18:31:38,0.10360,11.89453,11.89453,0.00000
2023-05-12 18:31:39,0.11372,13.46094,13.46094,0.00000
2023-05-12 18:31:40,0.10775,13.66211,13.66211,0.00000
2023-05-12 18:31:41,0.09509,12.08398,12.08398,0.00000
2023-05-12 18:31:42,0.09125,11.21094,11.21094,0.00000
2023-05-12 18:31:43,0.09188,11.48438,11.48438,0.00000
2023-05-12 18:31:44,0.07435,10.08984,10.08984,0.00000
2023-05-12 18:31:45,0.10741,14.26758,14.26758,0.00000
2023-05-12 18:31:46,0.09773,11.70508,11.70508,0.00000
2023-05-12 18:31:47,0.09079,10.91406,10.91406,0.00000
2023-05-12 18:31:48,0.09671,12.03125,12.03125,0.00000
2023-05-12 18:31:49,0.07659,10.41016,10.41016,0.00000
2023-05-12 18:31:50,0.09229,12.27148,12.27148,0.00000
2023-05-12 18:31:51,0.13375,16.17383,16.17383,0.00000
2023-05-12 18:31:52,0.10550,13.36523,13.36523,0.00000
