Date,CPU Utilization,Total Power,CPU Power,GPU Power
2023-05-14 14:54:23,0.02945,5.22852,5.22852,0.00000
2023-05-14 14:54:24,0.16750,14.70117,14.70117,0.00000
2023-05-14 14:54:25,0.15945,11.77734,11.77734,0.00000
2023-05-14 14:54:26,0.13856,10.85547,10.85547,0.00000
2023-05-14 14:54:27,0.15987,11.78711,11.78711,0.00000
2023-05-14 14:54:28,0.14160,11.28125,11.28125,0.00000
2023-05-14 14:54:29,0.16155,11.67773,11.67773,0.00000
2023-05-14 14:54:30,0.14232,10.90625,10.90625,0.00000
2023-05-14 14:54:31,0.15872,11.78320,11.78320,0.00000
2023-05-14 14:54:32,0.14734,11.07813,11.07813,0.00000
2023-05-14 14:54:33,0.15819,11.89648,11.89648,0.00000
2023-05-14 14:54:34,0.14178,10.89258,10.89258,0.00000
2023-05-14 14:54:35,0.15967,11.66992,11.66992,0.00000
2023-05-14 14:54:36,0.14402,11.18164,11.18164,0.00000
2023-05-14 14:54:37,0.15895,11.65234,11.65234,0.00000
2023-05-14 14:54:38,0.14268,11.26953,11.26953,0.00000
2023-05-14 14:54:39,0.15704,11.70313,11.70313,0.00000
2023-05-14 14:54:40,0.13748,11.07813,11.07813,0.00000
2023-05-14 14:54:41,0.15915,12.16211,12.16211,0.00000
2023-05-14 14:54:42,0.14564,10.88477,10.88477,0.00000
2023-05-14 14:54:43,0.17146,11.97070,11.97070,0.00000
2023-05-14 14:54:44,0.14903,11.06641,11.06641,0.00000
2023-05-14 14:54:45,0.16426,11.88477,11.88477,0.00000
2023-05-14 14:54:46,0.14411,11.24023,11.24023,0.00000
2023-05-14 14:54:47,0.16803,12.11133,12.11133,0.00000
2023-05-14 14:54:48,0.14555,11.06250,11.06250,0.00000
2023-05-14 14:54:49,0.15597,11.78125,11.78125,0.00000
2023-05-14 14:54:50,0.14527,10.84961,10.84961,0.00000
2023-05-14 14:54:51,0.15987,11.59375,11.59375,0.00000
2023-05-14 14:54:52,0.14313,10.89063,10.89063,0.00000
2023-05-14 14:54:53,0.15852,11.60352,11.60352,0.00000
2023-05-14 14:54:54,0.14277,11.17578,11.17578,0.00000
2023-05-14 14:54:55,0.16165,12.18555,12.18555,0.00000
2023-05-14 14:54:56,0.14402,11.47656,11.47656,0.00000
2023-05-14 14:54:57,0.15496,11.69336,11.69336,0.00000
2023-05-14 14:54:58,0.14134,11.90820,11.90820,0.00000
2023-05-14 14:54:59,0.16573,11.91992,11.91992,0.00000
2023-05-14 14:55:00,0.14070,10.98438,10.98438,0.00000
2023-05-14 14:55:01,0.15789,11.87695,11.87695,0.00000
2023-05-14 14:55:02,0.14044,11.02148,11.02148,0.00000
2023-05-14 14:55:03,0.15443,11.86328,11.86328,0.00000
2023-05-14 14:55:04,0.13784,11.22070,11.22070,0.00000
2023-05-14 14:55:05,0.16375,11.79883,11.79883,0.00000
2023-05-14 14:55:06,0.13971,11.33398,11.33398,0.00000
2023-05-14 14:55:07,0.15862,12.09180,12.09180,0.00000
2023-05-14 14:55:08,0.14437,11.01953,11.01953,0.00000
2023-05-14 14:55:09,0.16073,11.91992,11.91992,0.00000
2023-05-14 14:55:10,0.13892,11.26172,11.26172,0.00000
2023-05-14 14:55:11,0.16135,12.12891,12.12891,0.00000
2023-05-14 14:55:12,0.14107,11.24805,11.24805,0.00000
2023-05-14 14:55:13,0.15191,11.54297,11.54297,0.00000
2023-05-14 14:55:14,0.14590,11.01953,11.01953,0.00000
2023-05-14 14:55:15,0.16083,11.81055,11.81055,0.00000
2023-05-14 14:55:16,0.15009,11.12500,11.12500,0.00000
2023-05-14 14:55:17,0.17481,11.82422,11.82422,0.00000
2023-05-14 14:55:18,0.14089,11.07031,11.07031,0.00000
2023-05-14 14:55:19,0.15684,12.14453,12.14453,0.00000
2023-05-14 14:55:20,0.14160,10.89648,10.89648,0.00000
2023-05-14 14:55:21,0.17128,14.09375,14.09375,0.00000
2023-05-14 14:55:22,0.14143,10.95117,10.95117,0.00000
2023-05-14 14:55:23,0.15937,12.19922,12.19922,0.00000
2023-05-14 14:55:24,0.13793,11.19727,11.19727,0.00000
2023-05-14 14:55:25,0.16073,11.84570,11.84570,0.00000
2023-05-14 14:55:26,0.14160,10.76367,10.76367,0.00000
2023-05-14 14:55:27,0.15862,11.75781,11.75781,0.00000
2023-05-14 14:55:28,0.14438,10.93750,10.93750,0.00000
2023-05-14 14:55:29,0.15457,11.94531,11.94531,0.00000
2023-05-14 14:55:30,0.13767,11.05859,11.05859,0.00000
2023-05-14 14:55:31,0.15674,11.94727,11.94727,0.00000
2023-05-14 14:55:32,0.14536,10.87109,10.87109,0.00000
2023-05-14 14:55:33,0.15119,12.09375,12.09375,0.00000
2023-05-14 14:55:34,0.13776,11.05664,11.05664,0.00000
2023-05-14 14:55:35,0.15519,12.17188,12.17188,0.00000
2023-05-14 14:55:36,0.13784,10.94727,10.94727,0.00000
2023-05-14 14:55:37,0.15341,12.40430,12.40430,0.00000
2023-05-14 14:55:38,0.14304,11.15820,11.15820,0.00000
2023-05-14 14:55:39,0.15935,11.88672,11.88672,0.00000
2023-05-14 14:55:40,0.13972,11.03516,11.03516,0.00000
2023-05-14 14:55:41,0.15809,12.35938,12.35938,0.00000
2023-05-14 14:55:42,0.13991,11.03320,11.03320,0.00000
2023-05-14 14:55:43,0.15925,12.01563,12.01563,0.00000
2023-05-14 14:55:44,0.13730,11.00195,11.00195,0.00000
2023-05-14 14:55:45,0.15317,12.05078,12.05078,0.00000
2023-05-14 14:55:46,0.13972,10.88477,10.88477,0.00000
2023-05-14 14:55:47,0.16844,13.22656,13.22656,0.00000
2023-05-14 14:55:48,0.13802,11.18945,11.18945,0.00000
2023-05-14 14:55:49,0.15621,11.89648,11.89648,0.00000
2023-05-14 14:55:50,0.14536,11.05664,11.05664,0.00000
2023-05-14 14:55:51,0.16333,11.59180,11.59180,0.00000
2023-05-14 14:55:52,0.14026,10.98633,10.98633,0.00000
2023-05-14 14:55:53,0.15780,12.00000,12.00000,0.00000
2023-05-14 14:55:54,0.14750,10.89258,10.89258,0.00000
2023-05-14 14:55:55,0.15664,11.66406,11.66406,0.00000
2023-05-14 14:55:56,0.15009,11.15820,11.15820,0.00000
2023-05-14 14:55:57,0.15935,12.59180,12.59180,0.00000
2023-05-14 14:55:58,0.13964,10.82031,10.82031,0.00000
2023-05-14 14:55:59,0.15414,11.99805,11.99805,0.00000
2023-05-14 14:56:00,0.14474,11.26758,11.26758,0.00000
2023-05-14 14:56:01,0.15829,12.26367,12.26367,0.00000
2023-05-14 14:56:02,0.13892,10.93164,10.93164,0.00000
2023-05-14 14:56:03,0.15737,15.43164,15.43164,0.00000
2023-05-14 14:56:04,0.08176,13.22461,13.22461,0.00000
2023-05-14 14:56:05,0.04025,7.26953,7.26953,0.00000
2023-05-14 14:56:06,0.07697,11.60352,11.60352,0.00000
2023-05-14 14:56:07,0.03323,6.42969,6.42969,0.00000
2023-05-14 14:56:08,0.03880,7.16602,7.16602,0.00000
2023-05-14 14:56:09,0.03515,6.91016,6.91016,0.00000
2023-05-14 14:56:10,0.03947,7.37891,7.37891,0.00000
2023-05-14 14:56:11,0.03193,6.25000,6.25000,0.00000
2023-05-14 14:56:12,0.03569,6.95313,6.95313,0.00000
2023-05-14 14:56:13,0.02564,5.65234,5.65234,0.00000
