Date,CPU Utilization,Total Power,CPU Power,GPU Power
2023-05-12 18:31:58,0.12563,15.47656,15.47656,0.00000
2023-05-12 18:31:59,0.15132,15.84961,15.84961,0.00000
2023-05-12 18:32:00,0.12041,14.26172,14.26172,0.00000
2023-05-12 18:32:01,0.12484,14.08398,14.08398,0.00000
2023-05-12 18:32:02,0.16446,16.10156,16.10156,0.00000
2023-05-12 18:32:03,0.14556,17.56836,17.56836,0.00000
2023-05-12 18:32:04,0.11495,13.54102,13.54102,0.00000
2023-05-12 18:32:05,0.10530,12.70898,12.70898,0.00000
2023-05-12 18:32:06,0.12327,14.68555,14.68555,0.00000
2023-05-12 18:32:07,0.16551,19.97266,19.97266,0.00000
2023-05-12 18:32:08,0.14965,17.76953,17.76953,0.00000
2023-05-12 18:32:09,0.19546,20.24219,20.24219,0.00000
2023-05-12 18:32:10,0.07731,9.70313,9.70313,0.00000
2023-05-12 18:32:11,0.11538,14.01758,14.01758,0.00000
2023-05-12 18:32:12,0.10390,12.12109,12.12109,0.00000
2023-05-12 18:32:13,0.07417,9.64063,9.64063,0.00000
2023-05-12 18:32:14,0.10546,11.65625,11.65625,0.00000
2023-05-12 18:32:15,0.11034,13.85938,13.85938,0.00000
2023-05-12 18:32:16,0.08788,10.48242,10.48242,0.00000
2023-05-12 18:32:17,0.07242,9.82422,9.82422,0.00000
2023-05-12 18:32:18,0.09671,11.86133,11.86133,0.00000
2023-05-12 18:32:19,0.15680,18.11719,18.11719,0.00000
2023-05-12 18:32:20,0.09515,11.40430,11.40430,0.00000
2023-05-12 18:32:21,0.09539,11.63281,11.63281,0.00000
2023-05-12 18:32:22,0.12445,14.08008,14.08008,0.00000
2023-05-12 18:32:23,0.14511,17.42969,17.42969,0.00000
2023-05-12 18:32:24,0.15230,16.48047,16.48047,0.00000
2023-05-12 18:32:25,0.13782,14.40039,14.40039,0.00000
2023-05-12 18:32:26,0.08737,11.49609,11.49609,0.00000
2023-05-12 18:32:27,0.12673,15.83594,15.83594,0.00000
2023-05-12 18:32:28,0.15273,16.68750,16.68750,0.00000
2023-05-12 18:32:29,0.11761,14.06055,14.06055,0.00000
2023-05-12 18:32:30,0.12948,14.09766,14.09766,0.00000
2023-05-12 18:32:31,0.15142,17.50391,17.50391,0.00000
2023-05-12 18:32:32,0.10985,12.75586,12.75586,0.00000
2023-05-12 18:32:33,0.11502,12.84570,12.84570,0.00000
2023-05-12 18:32:34,0.10302,11.48047,11.48047,0.00000
2023-05-12 18:32:35,0.11635,14.17188,14.17188,0.00000
2023-05-12 18:32:36,0.10290,11.72070,11.72070,0.00000
2023-05-12 18:32:37,0.08113,10.13672,10.13672,0.00000
2023-05-12 18:32:38,0.12961,14.10742,14.10742,0.00000
2023-05-12 18:32:39,0.11027,13.84180,13.84180,0.00000
2023-05-12 18:32:40,0.10486,11.65820,11.65820,0.00000
2023-05-12 18:32:41,0.09470,10.28711,10.28711,0.00000
2023-05-12 18:32:42,0.11308,12.52539,12.52539,0.00000
2023-05-12 18:32:43,0.10295,13.02539,13.02539,0.00000
2023-05-12 18:32:44,0.10846,12.23242,12.23242,0.00000
2023-05-12 18:32:45,0.07538,10.03516,10.03516,0.00000
2023-05-12 18:32:46,0.09810,11.03516,11.03516,0.00000
2023-05-12 18:32:47,0.12390,15.11523,15.11523,0.00000
2023-05-12 18:32:48,0.11672,12.89258,12.89258,0.00000
2023-05-12 18:32:49,0.10964,11.35938,11.35938,0.00000
2023-05-12 18:32:50,0.10273,11.87109,11.87109,0.00000
2023-05-12 18:32:51,0.09545,12.86328,12.86328,0.00000
2023-05-12 18:32:52,0.10746,12.47070,12.47070,0.00000
2023-05-12 18:32:53,0.09937,11.29102,11.29102,0.00000
2023-05-12 18:32:54,0.10127,12.35547,12.35547,0.00000
2023-05-12 18:32:55,0.14476,15.24023,15.24023,0.00000
2023-05-12 18:32:56,0.11111,12.22461,12.22461,0.00000
2023-05-12 18:32:57,0.10316,11.03516,11.03516,0.00000
2023-05-12 18:32:58,0.09533,11.47852,11.47852,0.00000
2023-05-12 18:32:59,0.13636,15.53711,15.53711,0.00000
2023-05-12 18:33:00,0.10209,11.83203,11.83203,0.00000
2023-05-12 18:33:01,0.08323,10.39063,10.39063,0.00000
2023-05-12 18:33:02,0.12791,13.25781,13.25781,0.00000
2023-05-12 18:33:03,0.12594,14.03516,14.03516,0.00000
2023-05-12 18:33:04,0.09623,11.62109,11.62109,0.00000
2023-05-12 18:33:05,0.09428,10.96680,10.96680,0.00000
2023-05-12 18:33:06,0.10013,12.12695,12.12695,0.00000
2023-05-12 18:33:07,0.11307,13.96484,13.96484,0.00000
2023-05-12 18:33:08,0.10708,12.41602,12.41602,0.00000
2023-05-12 18:33:09,0.09548,11.27734,11.27734,0.00000
2023-05-12 18:33:10,0.13987,13.95898,13.95898,0.00000
2023-05-12 18:33:11,0.13688,16.10352,16.10352,0.00000
2023-05-12 18:33:12,0.13041,15.42188,15.42188,0.00000
2023-05-12 18:33:13,0.11780,14.28906,14.28906,0.00000
2023-05-12 18:33:14,0.14204,15.20313,15.20313,0.00000
2023-05-12 18:33:15,0.16456,18.50195,18.50195,0.00000
2023-05-12 18:33:16,0.15457,16.68164,16.68164,0.00000
2023-05-12 18:33:17,0.13131,14.52930,14.52930,0.00000
2023-05-12 18:33:18,0.11335,13.61914,13.61914,0.00000
2023-05-12 18:33:19,0.09862,13.41016,13.41016,0.00000
2023-05-12 18:33:20,0.10436,12.16406,12.16406,0.00000
2023-05-12 18:33:21,0.09530,10.86133,10.86133,0.00000
2023-05-12 18:33:22,0.10616,12.61133,12.61133,0.00000
2023-05-12 18:33:23,0.14169,17.40625,17.40625,0.00000
2023-05-12 18:33:24,0.14214,15.40234,15.40234,0.00000
2023-05-12 18:33:25,0.10782,12.31836,12.31836,0.00000
2023-05-12 18:33:26,0.16603,19.24414,19.24414,0.00000
2023-05-12 18:33:27,0.11962,16.38672,16.38672,0.00000
2023-05-12 18:33:28,0.09759,12.75000,12.75000,0.00000
2023-05-12 18:33:29,0.10423,12.80078,12.80078,0.00000
2023-05-12 18:33:30,0.10703,12.90039,12.90039,0.00000
2023-05-12 18:33:31,0.12983,16.00391,16.00391,0.00000
2023-05-12 18:33:32,0.09602,11.14648,11.14648,0.00000
2023-05-12 18:33:33,0.11280,12.58789,12.58789,0.00000
2023-05-12 18:33:34,0.10653,12.03516,12.03516,0.00000
2023-05-12 18:33:35,0.11553,15.22461,15.22461,0.00000
2023-05-12 18:33:36,0.10114,11.90820,11.90820,0.00000
2023-05-12 18:33:37,0.07600,10.58984,10.58984,0.00000
2023-05-12 18:33:38,0.08850,11.49023,11.49023,0.00000
2023-05-12 18:33:39,0.12500,15.45313,15.45313,0.00000
2023-05-12 18:33:40,0.14548,14.94336,14.94336,0.00000
2023-05-12 18:33:41,0.13110,14.31055,14.31055,0.00000
2023-05-12 18:33:42,0.14104,16.96289,16.96289,0.00000
2023-05-12 18:33:43,0.12154,15.23047,15.23047,0.00000
2023-05-12 18:33:44,0.10076,12.14453,12.14453,0.00000
2023-05-12 18:33:45,0.07910,9.85938,9.85938,0.00000
2023-05-12 18:33:46,0.10553,12.78906,12.78906,0.00000
2023-05-12 18:33:47,0.11432,15.12695,15.12695,0.00000
2023-05-12 18:33:48,0.08249,11.02734,11.02734,0.00000
2023-05-12 18:33:49,0.08861,10.45703,10.45703,0.00000
2023-05-12 18:33:50,0.13151,13.47266,13.47266,0.00000
2023-05-12 18:33:51,0.10373,13.89453,13.89453,0.00000
2023-05-12 18:33:52,0.08402,11.42383,11.42383,0.00000
2023-05-12 18:33:53,0.08781,11.01758,11.01758,0.00000
2023-05-12 18:33:54,0.12405,12.55664,12.55664,0.00000
2023-05-12 18:33:55,0.12706,14.27344,14.27344,0.00000
2023-05-12 18:33:56,0.10630,12.41797,12.41797,0.00000
2023-05-12 18:33:57,0.08751,10.55469,10.55469,0.00000
2023-05-12 18:33:58,0.09657,11.83203,11.83203,0.00000
2023-05-12 18:33:59,0.11602,14.35742,14.35742,0.00000
2023-05-12 18:34:00,0.09773,11.93164,11.93164,0.00000
2023-05-12 18:34:01,0.13261,13.29102,13.29102,0.00000
2023-05-12 18:34:02,0.09836,11.61914,11.61914,0.00000
2023-05-12 18:34:03,0.12761,15.46484,15.46484,0.00000
2023-05-12 18:34:04,0.13178,14.14648,14.14648,0.00000
2023-05-12 18:34:05,0.10063,11.69531,11.69531,0.00000
2023-05-12 18:34:06,0.09679,12.21680,12.21680,0.00000
2023-05-12 18:34:07,0.13019,15.75391,15.75391,0.00000
2023-05-12 18:34:08,0.09755,12.02734,12.02734,0.00000
2023-05-12 18:34:09,0.10386,11.97266,11.97266,0.00000
2023-05-12 18:34:10,0.11335,12.59180,12.59180,0.00000
2023-05-12 18:34:11,0.15584,18.28906,18.28906,0.00000
2023-05-12 18:34:12,0.12958,15.50000,15.50000,0.00000
2023-05-12 18:34:13,0.10456,12.14844,12.14844,0.00000
2023-05-12 18:34:14,0.13896,14.07227,14.07227,0.00000
2023-05-12 18:34:15,0.12106,15.47070,15.47070,0.00000
2023-05-12 18:34:16,0.10563,13.30859,13.30859,0.00000
2023-05-12 18:34:17,0.10183,12.02344,12.02344,0.00000
2023-05-12 18:34:18,0.16530,16.34961,16.34961,0.00000
2023-05-12 18:34:19,0.13845,17.16797,17.16797,0.00000
2023-05-12 18:34:20,0.12272,13.70898,13.70898,0.00000
2023-05-12 18:34:21,0.12453,13.10156,13.10156,0.00000
2023-05-12 18:34:22,0.13388,16.23633,16.23633,0.00000
2023-05-12 18:34:23,0.15079,18.79297,18.79297,0.00000
2023-05-12 18:34:24,0.20176,16.73828,16.73828,0.00000
2023-05-12 18:34:25,0.07876,10.28906,10.28906,0.00000
2023-05-12 18:34:26,0.10633,12.32031,12.32031,0.00000
2023-05-12 18:34:27,0.12761,15.70117,15.70117,0.00000
2023-05-12 18:34:28,0.12152,14.16406,14.16406,0.00000
2023-05-12 18:34:29,0.10235,12.75781,12.75781,0.00000
2023-05-12 18:34:30,0.10101,12.48828,12.48828,0.00000
2023-05-12 18:34:31,0.17677,19.57422,19.57422,0.00000
2023-05-12 18:34:32,0.10245,11.92383,11.92383,0.00000
2023-05-12 18:34:33,0.15453,15.74609,15.74609,0.00000
2023-05-12 18:34:34,0.13725,16.05664,16.05664,0.00000
2023-05-12 18:34:35,0.13413,17.65625,17.65625,0.00000
2023-05-12 18:34:36,0.14168,16.58594,16.58594,0.00000
2023-05-12 18:34:37,0.15254,17.63477,17.63477,0.00000
2023-05-12 18:34:38,0.14611,15.33984,15.33984,0.00000
2023-05-12 18:34:39,0.15843,18.63281,18.63281,0.00000
2023-05-12 18:34:40,0.10209,12.11523,12.11523,0.00000
2023-05-12 18:34:41,0.09886,12.64648,12.64648,0.00000
2023-05-12 18:34:42,0.10879,13.45898,13.45898,0.00000
2023-05-12 18:34:43,0.14006,16.58398,16.58398,0.00000
2023-05-12 18:34:44,0.10712,12.60742,12.60742,0.00000
2023-05-12 18:34:45,0.08999,11.36719,11.36719,0.00000
2023-05-12 18:34:46,0.12048,14.97852,14.97852,0.00000
2023-05-12 18:34:47,0.10656,13.58594,13.58594,0.00000
2023-05-12 18:34:48,0.11188,12.70898,12.70898,0.00000
2023-05-12 18:34:49,0.10520,12.49609,12.49609,0.00000
2023-05-12 18:34:50,0.13995,15.14453,15.14453,0.00000
2023-05-12 18:34:51,0.12618,15.58594,15.58594,0.00000
2023-05-12 18:34:52,0.12382,14.04688,14.04688,0.00000
2023-05-12 18:34:53,0.08685,10.42383,10.42383,0.00000
2023-05-12 18:34:54,0.10802,12.99023,12.99023,0.00000
2023-05-12 18:34:55,0.12650,16.06250,16.06250,0.00000
2023-05-12 18:34:56,0.17421,20.25000,20.25000,0.00000
2023-05-12 18:34:57,0.07741,10.42383,10.42383,0.00000
2023-05-12 18:34:58,0.08679,11.74414,11.74414,0.00000
2023-05-12 18:34:59,0.10107,12.98633,12.98633,0.00000
2023-05-12 18:35:00,0.09051,11.50000,11.50000,0.00000
2023-05-12 18:35:01,0.07987,10.16992,10.16992,0.00000
2023-05-12 18:35:02,0.08307,11.66797,11.66797,0.00000
2023-05-12 18:35:03,0.09222,13.14453,13.14453,0.00000
2023-05-12 18:35:04,0.08281,10.91797,10.91797,0.00000
2023-05-12 18:35:05,0.07475,9.73242,9.73242,0.00000
2023-05-12 18:35:06,0.09159,11.32227,11.32227,0.00000
2023-05-12 18:35:07,0.09655,12.97461,12.97461,0.00000
2023-05-12 18:35:08,0.08851,11.41992,11.41992,0.00000
2023-05-12 18:35:09,0.07349,10.03516,10.03516,0.00000
2023-05-12 18:35:10,0.08931,11.45117,11.45117,0.00000
2023-05-12 18:35:11,0.09512,13.09961,13.09961,0.00000
2023-05-12 18:35:12,0.09033,12.23047,12.23047,0.00000
2023-05-12 18:35:13,0.07233,10.08789,10.08789,0.00000
2023-05-12 18:35:14,0.08475,11.22852,11.22852,0.00000
2023-05-12 18:35:15,0.09005,12.82813,12.82813,0.00000
2023-05-12 18:35:16,0.11267,13.02148,13.02148,0.00000
2023-05-12 18:35:17,0.10886,12.50781,12.50781,0.00000
2023-05-12 18:35:18,0.06654,11.63477,11.63477,0.00000
2023-05-12 18:35:19,0.09120,12.82031,12.82031,0.00000
2023-05-12 18:35:20,0.06302,9.91016,9.91016,0.00000
