Date,CPU Utilization,Total Power,CPU Power,GPU Power
2023-05-10 03:01:53,0.08614,12.56641,12.56641,0.00000
2023-05-10 03:01:54,0.09837,15.86719,15.86719,0.00000
2023-05-10 03:01:55,0.09950,15.15625,15.15625,0.00000
2023-05-10 03:01:56,0.08761,14.11719,14.11719,0.00000
2023-05-10 03:01:57,0.09774,15.34766,15.34766,0.00000
2023-05-10 03:01:58,0.10401,16.26563,16.26563,0.00000
2023-05-10 03:01:59,0.09862,15.58594,15.58594,0.00000
2023-05-10 03:02:00,0.10263,15.91016,15.91016,0.00000
2023-05-10 03:02:01,0.10388,16.36328,16.36328,0.00000
2023-05-10 03:02:02,0.11794,18.26172,18.26172,0.00000
2023-05-10 03:02:03,0.10500,15.63281,15.63281,0.00000
2023-05-10 03:02:04,0.10276,16.25391,16.25391,0.00000
2023-05-10 03:02:05,0.10763,16.81250,16.81250,0.00000
2023-05-10 03:02:06,0.11041,17.11328,17.11328,0.00000
2023-05-10 03:02:07,0.09887,15.73438,15.73438,0.00000
2023-05-10 03:02:08,0.09524,15.33984,15.33984,0.00000
2023-05-10 03:02:09,0.11872,18.75781,18.75781,0.00000
2023-05-10 03:02:10,0.09875,15.45313,15.45313,0.00000
2023-05-10 03:02:11,0.09461,15.56641,15.56641,0.00000
2023-05-10 03:02:12,0.09524,15.43750,15.43750,0.00000
2023-05-10 03:02:13,0.11890,18.53125,18.53125,0.00000
2023-05-10 03:02:14,0.09449,15.35156,15.35156,0.00000
2023-05-10 03:02:15,0.08960,14.88281,14.88281,0.00000
2023-05-10 03:02:16,0.10965,17.41406,17.41406,0.00000
2023-05-10 03:02:17,0.10388,16.11328,16.11328,0.00000
2023-05-10 03:02:18,0.08698,13.77734,13.77734,0.00000
2023-05-10 03:02:19,0.09774,15.55078,15.55078,0.00000
2023-05-10 03:02:20,0.10401,16.39453,16.39453,0.00000
2023-05-10 03:02:21,0.09774,15.31250,15.31250,0.00000
2023-05-10 03:02:22,0.08521,14.35156,14.35156,0.00000
2023-05-10 03:02:23,0.10777,16.98047,16.98047,0.00000
2023-05-10 03:02:24,0.10992,17.31250,17.31250,0.00000
2023-05-10 03:02:25,0.09938,15.60156,15.60156,0.00000
2023-05-10 03:02:26,0.09524,15.21875,15.21875,0.00000
2023-05-10 03:02:27,0.11827,18.73047,18.73047,0.00000
2023-05-10 03:02:28,0.09574,16.26563,16.26563,0.00000
2023-05-10 03:02:29,0.09461,15.88281,15.88281,0.00000
2023-05-10 03:02:30,0.09900,16.63672,16.63672,0.00000
2023-05-10 03:02:31,0.11202,17.12891,17.12891,0.00000
2023-05-10 03:02:32,0.09700,15.48828,15.48828,0.00000
2023-05-10 03:02:33,0.09387,15.26953,15.26953,0.00000
2023-05-10 03:02:34,0.10526,16.93750,16.93750,0.00000
2023-05-10 03:02:35,0.09348,15.06641,15.06641,0.00000
2023-05-10 03:02:36,0.09273,14.80078,14.80078,0.00000
2023-05-10 03:02:37,0.09837,15.25391,15.25391,0.00000
2023-05-10 03:02:38,0.08835,13.90234,13.90234,0.00000
2023-05-10 03:02:39,0.10013,15.52344,15.52344,0.00000
2023-05-10 03:02:40,0.08584,14.17188,14.17188,0.00000
2023-05-10 03:02:41,0.11250,17.60938,17.60938,0.00000
2023-05-10 03:02:42,0.10338,16.10547,16.10547,0.00000
2023-05-10 03:02:43,0.09136,14.34766,14.34766,0.00000
2023-05-10 03:02:44,0.09524,15.31250,15.31250,0.00000
2023-05-10 03:02:45,0.10263,16.61328,16.61328,0.00000
2023-05-10 03:02:46,0.09536,15.55469,15.55469,0.00000
2023-05-10 03:02:47,0.08636,14.46484,14.46484,0.00000
2023-05-10 03:02:48,0.10025,16.02344,16.02344,0.00000
2023-05-10 03:02:49,0.11375,17.43750,17.43750,0.00000
2023-05-10 03:02:50,0.09661,15.24609,15.24609,0.00000
2023-05-10 03:02:51,0.09762,15.72656,15.72656,0.00000
2023-05-10 03:02:52,0.11341,18.40625,18.40625,0.00000
2023-05-10 03:02:53,0.09875,15.50391,15.50391,0.00000
2023-05-10 03:02:54,0.09473,15.50391,15.50391,0.00000
2023-05-10 03:02:55,0.09825,15.77344,15.77344,0.00000
2023-05-10 03:02:56,0.11327,17.92578,17.92578,0.00000
2023-05-10 03:02:57,0.09512,15.28125,15.28125,0.00000
2023-05-10 03:02:58,0.08949,14.45703,14.45703,0.00000
2023-05-10 03:02:59,0.11028,17.19141,17.19141,0.00000
2023-05-10 03:03:00,0.10763,16.15625,16.15625,0.00000
2023-05-10 03:03:01,0.08772,13.89063,13.89063,0.00000
2023-05-10 03:03:02,0.09637,15.42969,15.42969,0.00000
2023-05-10 03:03:03,0.10763,16.10547,16.10547,0.00000
2023-05-10 03:03:04,0.09787,15.17969,15.17969,0.00000
2023-05-10 03:03:05,0.08668,14.17969,14.17969,0.00000
2023-05-10 03:03:06,0.10464,16.55469,16.55469,0.00000
2023-05-10 03:03:07,0.10853,16.83203,16.83203,0.00000
2023-05-10 03:03:08,0.09700,15.20313,15.20313,0.00000
2023-05-10 03:03:09,0.10930,16.23047,16.23047,0.00000
2023-05-10 03:03:10,0.12531,19.07031,19.07031,0.00000
2023-05-10 03:03:11,0.09750,15.66016,15.66016,0.00000
2023-05-10 03:03:12,0.09649,15.71094,15.71094,0.00000
2023-05-10 03:03:13,0.10176,16.34375,16.34375,0.00000
2023-05-10 03:03:14,0.09712,15.70703,15.70703,0.00000
2023-05-10 03:03:15,0.09211,14.76563,14.76563,0.00000
2023-05-10 03:03:16,0.08857,14.31641,14.31641,0.00000
2023-05-10 03:03:17,0.11438,17.69141,17.69141,0.00000
2023-05-10 03:03:18,0.10338,16.66016,16.66016,0.00000
2023-05-10 03:03:19,0.09063,14.81641,14.81641,0.00000
2023-05-10 03:03:20,0.09586,15.23047,15.23047,0.00000
2023-05-10 03:03:21,0.10276,16.64063,16.64063,0.00000
2023-05-10 03:03:22,0.09473,15.28906,15.28906,0.00000
2023-05-10 03:03:23,0.08647,14.02734,14.02734,0.00000
2023-05-10 03:03:24,0.11563,17.48438,17.48438,0.00000
2023-05-10 03:03:25,0.10652,16.69141,16.69141,0.00000
2023-05-10 03:03:26,0.08761,14.07813,14.07813,0.00000
2023-05-10 03:03:27,0.09837,14.75000,14.75000,0.00000
2023-05-10 03:03:28,0.10638,16.66016,16.66016,0.00000
2023-05-10 03:03:29,0.09661,15.08594,15.08594,0.00000
2023-05-10 03:03:30,0.08625,14.28516,14.28516,0.00000
2023-05-10 03:03:31,0.10025,15.62500,15.62500,0.00000
2023-05-10 03:03:32,0.10338,16.13281,16.13281,0.00000
2023-05-10 03:03:33,0.08750,14.47266,14.47266,0.00000
2023-05-10 03:03:34,0.09700,15.58203,15.58203,0.00000
2023-05-10 03:03:35,0.10226,16.91016,16.91016,0.00000
2023-05-10 03:03:36,0.10276,15.92188,15.92188,0.00000
2023-05-10 03:03:37,0.09461,14.89063,14.89063,0.00000
2023-05-10 03:03:38,0.09712,15.27734,15.27734,0.00000
2023-05-10 03:03:39,0.11090,17.22266,17.22266,0.00000
2023-05-10 03:03:40,0.09774,15.75391,15.75391,0.00000
2023-05-10 03:03:41,0.08584,14.36719,14.36719,0.00000
2023-05-10 03:03:42,0.11500,17.91406,17.91406,0.00000
2023-05-10 03:03:43,0.10589,16.23828,16.23828,0.00000
2023-05-10 03:03:44,0.08647,14.31250,14.31250,0.00000
2023-05-10 03:03:45,0.09712,15.35938,15.35938,0.00000
2023-05-10 03:03:46,0.10500,16.91797,16.91797,0.00000
2023-05-10 03:03:47,0.09813,15.66797,15.66797,0.00000
2023-05-10 03:03:48,0.08709,14.26172,14.26172,0.00000
2023-05-10 03:03:49,0.11375,17.44922,17.44922,0.00000
2023-05-10 03:03:50,0.11153,17.10547,17.10547,0.00000
2023-05-10 03:03:51,0.09524,14.60938,14.60938,0.00000
2023-05-10 03:03:52,0.09712,15.50391,15.50391,0.00000
2023-05-10 03:03:53,0.11982,18.57813,18.57813,0.00000
2023-05-10 03:03:54,0.09649,15.65625,15.65625,0.00000
2023-05-10 03:03:55,0.09649,15.89453,15.89453,0.00000
2023-05-10 03:03:56,0.10388,16.57422,16.57422,0.00000
2023-05-10 03:03:57,0.10652,17.52344,17.52344,0.00000
2023-05-10 03:03:58,0.09524,15.70703,15.70703,0.00000
2023-05-10 03:03:59,0.09085,14.83594,14.83594,0.00000
2023-05-10 03:04:00,0.10840,16.94531,16.94531,0.00000
2023-05-10 03:04:01,0.09837,15.64063,15.64063,0.00000
2023-05-10 03:04:02,0.09250,14.24219,14.24219,0.00000
2023-05-10 03:04:03,0.10050,15.52734,15.52734,0.00000
2023-05-10 03:04:04,0.11230,17.71484,17.71484,0.00000
2023-05-10 03:04:05,0.09586,15.37109,15.37109,0.00000
2023-05-10 03:04:06,0.09673,15.72656,15.72656,0.00000
2023-05-10 03:04:07,0.11153,18.12109,18.12109,0.00000
2023-05-10 03:04:08,0.09900,15.79297,15.79297,0.00000
2023-05-10 03:04:09,0.10050,16.16406,16.16406,0.00000
2023-05-10 03:04:10,0.09938,15.65625,15.65625,0.00000
2023-05-10 03:04:11,0.11466,17.82813,17.82813,0.00000
2023-05-10 03:04:12,0.09034,14.69922,14.69922,0.00000
2023-05-10 03:04:13,0.09661,15.51172,15.51172,0.00000
2023-05-10 03:04:14,0.11418,17.52734,17.52734,0.00000
2023-05-10 03:04:15,0.10338,15.96484,15.96484,0.00000
2023-05-10 03:04:16,0.09500,14.76563,14.76563,0.00000
2023-05-10 03:04:17,0.09649,15.69531,15.69531,0.00000
2023-05-10 03:04:18,0.10276,16.92969,16.92969,0.00000
2023-05-10 03:04:19,0.10113,15.51563,15.51563,0.00000
2023-05-10 03:04:20,0.08846,14.63672,14.63672,0.00000
2023-05-10 03:04:21,0.10728,17.02734,17.02734,0.00000
2023-05-10 03:04:22,0.11278,17.11719,17.11719,0.00000
2023-05-10 03:04:23,0.09586,15.13281,15.13281,0.00000
2023-05-10 03:04:24,0.09586,15.45703,15.45703,0.00000
2023-05-10 03:04:25,0.12203,18.60156,18.60156,0.00000
2023-05-10 03:04:26,0.09724,15.87500,15.87500,0.00000
2023-05-10 03:04:27,0.09738,15.35547,15.35547,0.00000
2023-05-10 03:04:28,0.10088,15.18359,15.18359,0.00000
2023-05-10 03:04:29,0.11264,18.08594,18.08594,0.00000
2023-05-10 03:04:30,0.09222,15.01563,15.01563,0.00000
2023-05-10 03:04:31,0.09063,14.56641,14.56641,0.00000
2023-05-10 03:04:32,0.11216,17.52344,17.52344,0.00000
2023-05-10 03:04:33,0.10276,16.10547,16.10547,0.00000
2023-05-10 03:04:34,0.08772,14.14844,14.14844,0.00000
2023-05-10 03:04:35,0.09825,15.17969,15.17969,0.00000
2023-05-10 03:04:36,0.10513,16.54688,16.54688,0.00000
2023-05-10 03:04:37,0.09925,15.57813,15.57813,0.00000
2023-05-10 03:04:38,0.09222,15.03125,15.03125,0.00000
2023-05-10 03:04:39,0.11606,17.59375,17.59375,0.00000
2023-05-10 03:04:40,0.10777,16.73047,16.73047,0.00000
2023-05-10 03:04:41,0.09473,15.58594,15.58594,0.00000
2023-05-10 03:04:42,0.09762,15.42578,15.42578,0.00000
2023-05-10 03:04:43,0.11404,17.33594,17.33594,0.00000
2023-05-10 03:04:44,0.09900,15.91406,15.91406,0.00000
2023-05-10 03:04:45,0.09637,15.50781,15.50781,0.00000
2023-05-10 03:04:46,0.10213,16.48438,16.48438,0.00000
2023-05-10 03:04:47,0.10938,17.15234,17.15234,0.00000
2023-05-10 03:04:48,0.09637,15.68359,15.68359,0.00000
2023-05-10 03:04:49,0.09410,15.60938,15.60938,0.00000
2023-05-10 03:04:50,0.11153,17.65234,17.65234,0.00000
2023-05-10 03:04:51,0.10325,15.88281,15.88281,0.00000
2023-05-10 03:04:52,0.08657,14.12500,14.12500,0.00000
2023-05-10 03:04:53,0.09887,15.48438,15.48438,0.00000
2023-05-10 03:04:54,0.08835,14.60938,14.60938,0.00000
2023-05-10 03:04:55,0.09774,15.68359,15.68359,0.00000
2023-05-10 03:04:56,0.08824,14.71094,14.71094,0.00000
2023-05-10 03:04:57,0.11514,17.59375,17.59375,0.00000
2023-05-10 03:04:58,0.10665,16.63672,16.63672,0.00000
2023-05-10 03:04:59,0.08584,14.22266,14.22266,0.00000
2023-05-10 03:05:00,0.10088,15.17188,15.17188,0.00000
2023-05-10 03:05:01,0.10276,16.82422,16.82422,0.00000
2023-05-10 03:05:02,0.09962,15.60938,15.60938,0.00000
2023-05-10 03:05:03,0.08750,14.36719,14.36719,0.00000
2023-05-10 03:05:04,0.11404,17.18359,17.18359,0.00000
2023-05-10 03:05:05,0.10477,16.47266,16.47266,0.00000
2023-05-10 03:05:06,0.10526,16.03906,16.03906,0.00000
2023-05-10 03:05:07,0.10276,16.02734,16.02734,0.00000
2023-05-10 03:05:08,0.12547,18.91797,18.91797,0.00000
2023-05-10 03:05:09,0.10818,16.50391,16.50391,0.00000
2023-05-10 03:05:10,0.10853,16.82031,16.82031,0.00000
2023-05-10 03:05:11,0.10652,16.80078,16.80078,0.00000
2023-05-10 03:05:12,0.10364,16.46484,16.46484,0.00000
2023-05-10 03:05:13,0.11000,16.76172,16.76172,0.00000
2023-05-10 03:05:14,0.10513,16.51953,16.51953,0.00000
2023-05-10 03:05:15,0.12093,18.43750,18.43750,0.00000
2023-05-10 03:05:16,0.10638,16.40234,16.40234,0.00000
2023-05-10 03:05:17,0.10589,16.31250,16.31250,0.00000
2023-05-10 03:05:18,0.10200,16.19922,16.19922,0.00000
2023-05-10 03:05:19,0.12203,18.42969,18.42969,0.00000
2023-05-10 03:05:20,0.10490,16.44141,16.44141,0.00000
2023-05-10 03:05:21,0.10375,16.14844,16.14844,0.00000
2023-05-10 03:05:22,0.11905,18.60547,18.60547,0.00000
2023-05-10 03:05:23,0.10938,16.45313,16.45313,0.00000
2023-05-10 03:05:24,0.10276,16.32031,16.32031,0.00000
2023-05-10 03:05:25,0.10464,15.83594,15.83594,0.00000
2023-05-10 03:05:26,0.11967,18.51953,18.51953,0.00000
2023-05-10 03:05:27,0.10526,16.14453,16.14453,0.00000
2023-05-10 03:05:28,0.10213,15.92188,15.92188,0.00000
2023-05-10 03:05:29,0.10916,17.50781,17.50781,0.00000
2023-05-10 03:05:30,0.11341,17.71875,17.71875,0.00000
2023-05-10 03:05:31,0.09586,15.26563,15.26563,0.00000
2023-05-10 03:05:32,0.09586,15.81641,15.81641,0.00000
2023-05-10 03:05:33,0.12281,18.64063,18.64063,0.00000
2023-05-10 03:05:34,0.09762,15.80469,15.80469,0.00000
2023-05-10 03:05:35,0.09912,16.37109,16.37109,0.00000
2023-05-10 03:05:36,0.09774,16.07031,16.07031,0.00000
2023-05-10 03:05:37,0.09837,15.91406,15.91406,0.00000
2023-05-10 03:05:38,0.09085,14.92188,14.92188,0.00000
2023-05-10 03:05:39,0.11244,17.16797,17.16797,0.00000
2023-05-10 03:05:40,0.10213,16.94141,16.94141,0.00000
2023-05-10 03:05:41,0.10250,15.69922,15.69922,0.00000
2023-05-10 03:05:42,0.08407,14.39453,14.39453,0.00000
2023-05-10 03:05:43,0.09774,15.18359,15.18359,0.00000
2023-05-10 03:05:44,0.12657,19.92188,19.92188,0.00000
2023-05-10 03:05:45,0.15783,20.38281,20.38281,0.00000
2023-05-10 03:05:46,0.12736,18.89844,18.89844,0.00000
2023-05-10 03:05:47,0.16478,23.46484,23.46484,0.00000
2023-05-10 03:05:48,0.17315,24.37500,24.37500,0.00000
2023-05-10 03:05:49,0.14680,21.10547,21.10547,0.00000
2023-05-10 03:05:50,0.16248,23.30859,23.30859,0.00000
2023-05-10 03:05:51,0.17437,23.57422,23.57422,0.00000
2023-05-10 03:05:52,0.16228,22.70703,22.70703,0.00000
2023-05-10 03:05:53,0.15226,21.07422,21.07422,0.00000
2023-05-10 03:05:54,0.16457,22.76563,22.76563,0.00000
2023-05-10 03:05:55,0.17920,22.75781,22.75781,0.00000
2023-05-10 03:05:56,0.15977,22.73438,22.73438,0.00000
2023-05-10 03:05:57,0.16208,22.47266,22.47266,0.00000
2023-05-10 03:05:58,0.17817,24.60547,24.60547,0.00000
2023-05-10 03:05:59,0.16165,22.68359,22.68359,0.00000
2023-05-10 03:06:00,0.16040,22.72266,22.72266,0.00000
2023-05-10 03:06:01,0.10338,16.27734,16.27734,0.00000
2023-05-10 03:06:02,0.11543,18.36328,18.36328,0.00000
2023-05-10 03:06:03,0.09136,14.80859,14.80859,0.00000
2023-05-10 03:06:04,0.09023,14.16797,14.16797,0.00000
2023-05-10 03:06:05,0.11481,17.76172,17.76172,0.00000
2023-05-10 03:06:06,0.10338,15.87500,15.87500,0.00000
2023-05-10 03:06:07,0.08772,13.93359,13.93359,0.00000
2023-05-10 03:06:08,0.09586,15.07031,15.07031,0.00000
2023-05-10 03:06:09,0.10692,16.54297,16.54297,0.00000
2023-05-10 03:06:10,0.10150,15.08203,15.08203,0.00000
2023-05-10 03:06:11,0.08720,14.40234,14.40234,0.00000
2023-05-10 03:06:12,0.10213,15.57031,15.57031,0.00000
2023-05-10 03:06:13,0.11529,18.14453,18.14453,0.00000
2023-05-10 03:06:14,0.09962,15.00781,15.00781,0.00000
2023-05-10 03:06:15,0.09536,15.25781,15.25781,0.00000
2023-05-10 03:06:16,0.11389,18.04297,18.04297,0.00000
2023-05-10 03:06:17,0.10302,15.89063,15.89063,0.00000
2023-05-10 03:06:18,0.09637,15.34375,15.34375,0.00000
2023-05-10 03:06:19,0.09649,15.22266,15.22266,0.00000
2023-05-10 03:06:20,0.11794,18.27734,18.27734,0.00000
2023-05-10 03:06:21,0.09023,14.34766,14.34766,0.00000
2023-05-10 03:06:22,0.09245,14.82422,14.82422,0.00000
2023-05-10 03:06:23,0.12281,18.82422,18.82422,0.00000
2023-05-10 03:06:24,0.10589,16.26563,16.26563,0.00000
2023-05-10 03:06:25,0.08698,13.91406,13.91406,0.00000
2023-05-10 03:06:26,0.09750,15.16406,15.16406,0.00000
2023-05-10 03:06:27,0.10593,16.67188,16.67188,0.00000
2023-05-10 03:06:28,0.09712,15.26172,15.26172,0.00000
2023-05-10 03:06:29,0.08886,14.07813,14.07813,0.00000
2023-05-10 03:06:30,0.10688,16.27734,16.27734,0.00000
2023-05-10 03:06:31,0.10714,17.04688,17.04688,0.00000
2023-05-10 03:06:32,0.09700,15.33203,15.33203,0.00000
2023-05-10 03:06:33,0.09586,15.58984,15.58984,0.00000
2023-05-10 03:06:34,0.11466,17.86719,17.86719,0.00000
2023-05-10 03:06:35,0.10163,15.48828,15.48828,0.00000
2023-05-10 03:06:36,0.09712,15.66406,15.66406,0.00000
2023-05-10 03:06:37,0.09774,15.48438,15.48438,0.00000
2023-05-10 03:06:38,0.09900,15.86719,15.86719,0.00000
2023-05-10 03:06:39,0.10263,15.57422,15.57422,0.00000
2023-05-10 03:06:40,0.09074,14.48828,14.48828,0.00000
2023-05-10 03:06:41,0.11857,18.03125,18.03125,0.00000
2023-05-10 03:06:42,0.11125,16.62109,16.62109,0.00000
2023-05-10 03:06:43,0.08783,14.40234,14.40234,0.00000
2023-05-10 03:06:44,0.09774,15.23828,15.23828,0.00000
2023-05-10 03:06:45,0.10325,16.29688,16.29688,0.00000
2023-05-10 03:06:46,0.09787,15.33984,15.33984,0.00000
2023-05-10 03:06:47,0.08824,14.12109,14.12109,0.00000
2023-05-10 03:06:48,0.11216,17.67188,17.67188,0.00000
2023-05-10 03:06:49,0.11591,16.96484,16.96484,0.00000
2023-05-10 03:06:50,0.08772,14.25391,14.25391,0.00000
2023-05-10 03:06:51,0.09649,15.22656,15.22656,0.00000
2023-05-10 03:06:52,0.11174,17.18359,17.18359,0.00000
2023-05-10 03:06:53,0.09975,15.57031,15.57031,0.00000
2023-05-10 03:06:54,0.08625,14.04688,14.04688,0.00000
2023-05-10 03:06:55,0.10239,15.92578,15.92578,0.00000
2023-05-10 03:06:56,0.10889,17.05078,17.05078,0.00000
2023-05-10 03:06:57,0.09485,15.40625,15.40625,0.00000
2023-05-10 03:06:58,0.09762,15.48047,15.48047,0.00000
2023-05-10 03:06:59,0.11404,18.46094,18.46094,0.00000
2023-05-10 03:07:00,0.09962,16.17578,16.17578,0.00000
2023-05-10 03:07:01,0.09673,15.76172,15.76172,0.00000
2023-05-10 03:07:02,0.09536,15.57422,15.57422,0.00000
2023-05-10 03:07:03,0.09837,16.07031,16.07031,0.00000
2023-05-10 03:07:04,0.08949,14.65234,14.65234,0.00000
2023-05-10 03:07:05,0.10163,16.05469,16.05469,0.00000
2023-05-10 03:07:06,0.10213,16.78906,16.78906,0.00000
2023-05-10 03:07:07,0.09712,15.58594,15.58594,0.00000
2023-05-10 03:07:08,0.08636,14.03516,14.03516,0.00000
2023-05-10 03:07:09,0.10100,15.77734,15.77734,0.00000
2023-05-10 03:07:10,0.10652,16.72266,16.72266,0.00000
2023-05-10 03:07:11,0.10979,16.17188,16.17188,0.00000
2023-05-10 03:07:12,0.08772,14.08594,14.08594,0.00000
2023-05-10 03:07:13,0.11937,17.92188,17.92188,0.00000
2023-05-10 03:07:14,0.10840,16.54688,16.54688,0.00000
2023-05-10 03:07:15,0.08647,14.17969,14.17969,0.00000
2023-05-10 03:07:16,0.09649,15.36328,15.36328,0.00000
2023-05-10 03:07:17,0.10638,16.57031,16.57031,0.00000
2023-05-10 03:07:18,0.09900,15.24609,15.24609,0.00000
2023-05-10 03:07:19,0.08886,14.08984,14.08984,0.00000
2023-05-10 03:07:20,0.10075,15.64453,15.64453,0.00000
2023-05-10 03:07:21,0.11216,17.72656,17.72656,0.00000
2023-05-10 03:07:22,0.09649,15.40625,15.40625,0.00000
2023-05-10 03:07:23,0.09774,15.54297,15.54297,0.00000
2023-05-10 03:07:24,0.12469,18.50391,18.50391,0.00000
2023-05-10 03:07:25,0.16228,24.62109,24.62109,0.00000
2023-05-10 03:07:26,0.15915,22.36719,22.36719,0.00000
2023-05-10 03:07:27,0.16123,22.26172,22.26172,0.00000
2023-05-10 03:07:28,0.17942,23.89453,23.89453,0.00000
2023-05-10 03:07:29,0.13596,18.67188,18.67188,0.00000
2023-05-10 03:07:30,0.09925,15.75391,15.75391,0.00000
2023-05-10 03:07:31,0.10200,16.28516,16.28516,0.00000
2023-05-10 03:07:32,0.10025,15.83203,15.83203,0.00000
2023-05-10 03:07:33,0.08584,14.09766,14.09766,0.00000
2023-05-10 03:07:34,0.09774,15.36719,15.36719,0.00000
2023-05-10 03:07:35,0.11000,16.72656,16.72656,0.00000
2023-05-10 03:07:36,0.09912,15.66016,15.66016,0.00000
2023-05-10 03:07:37,0.09387,14.23438,14.23438,0.00000
2023-05-10 03:07:38,0.09900,15.19531,15.19531,0.00000
2023-05-10 03:07:39,0.11404,16.98438,16.98438,0.00000
2023-05-10 03:07:40,0.08772,14.03516,14.03516,0.00000
2023-05-10 03:07:41,0.10125,15.55078,15.55078,0.00000
2023-05-10 03:07:42,0.10576,16.63672,16.63672,0.00000
2023-05-10 03:07:43,0.10100,15.61719,15.61719,0.00000
2023-05-10 03:07:44,0.08824,13.42969,13.42969,0.00000
2023-05-10 03:07:45,0.09787,14.86328,14.86328,0.00000
2023-05-10 03:07:46,0.10437,16.60156,16.60156,0.00000
2023-05-10 03:07:47,0.09900,15.53906,15.53906,0.00000
2023-05-10 03:07:48,0.08772,14.46875,14.46875,0.00000
2023-05-10 03:07:49,0.10513,16.62109,16.62109,0.00000
2023-05-10 03:07:50,0.10840,16.15625,16.15625,0.00000
2023-05-10 03:07:51,0.09849,15.12891,15.12891,0.00000
2023-05-10 03:07:52,0.09825,15.35547,15.35547,0.00000
2023-05-10 03:07:53,0.12375,18.62500,18.62500,0.00000
2023-05-10 03:07:54,0.09724,15.85938,15.85938,0.00000
2023-05-10 03:07:55,0.09762,15.64063,15.64063,0.00000
2023-05-10 03:07:56,0.09586,15.73047,15.73047,0.00000
2023-05-10 03:07:57,0.09900,16.08984,16.08984,0.00000
2023-05-10 03:07:58,0.10826,16.77734,16.77734,0.00000
2023-05-10 03:07:59,0.10714,16.91016,16.91016,0.00000
2023-05-10 03:08:00,0.13972,20.91406,20.91406,0.00000
2023-05-10 03:08:01,0.11982,18.61719,18.61719,0.00000
2023-05-10 03:08:02,0.12140,17.87500,17.87500,0.00000
2023-05-10 03:08:03,0.11890,18.07813,18.07813,0.00000
2023-05-10 03:08:04,0.12045,18.29297,18.29297,0.00000
2023-05-10 03:08:05,0.12030,18.35547,18.35547,0.00000
2023-05-10 03:08:06,0.12155,18.34766,18.34766,0.00000
2023-05-10 03:08:07,0.13642,20.05469,20.05469,0.00000
2023-05-10 03:08:08,0.10790,16.08203,16.08203,0.00000
2023-05-10 03:08:09,0.10464,16.10156,16.10156,0.00000
2023-05-10 03:08:10,0.11982,17.69141,17.69141,0.00000
2023-05-10 03:08:11,0.13813,20.91797,20.91797,0.00000
2023-05-10 03:08:12,0.12312,18.84375,18.84375,0.00000
2023-05-10 03:08:13,0.12531,18.81641,18.81641,0.00000
2023-05-10 03:08:14,0.12594,18.89844,18.89844,0.00000
2023-05-10 03:08:15,0.11278,17.68359,17.68359,0.00000
2023-05-10 03:08:16,0.12531,18.61328,18.61328,0.00000
2023-05-10 03:08:17,0.11872,18.11328,18.11328,0.00000
2023-05-10 03:08:18,0.14393,20.80859,20.80859,0.00000
2023-05-10 03:08:19,0.12045,18.48438,18.48438,0.00000
2023-05-10 03:08:20,0.12045,18.73828,18.73828,0.00000
2023-05-10 03:08:21,0.11982,18.66797,18.66797,0.00000
2023-05-10 03:08:22,0.12296,18.88672,18.88672,0.00000
2023-05-10 03:08:23,0.12013,18.11328,18.11328,0.00000
2023-05-10 03:08:24,0.12719,17.52344,17.52344,0.00000
2023-05-10 03:08:25,0.13614,20.88281,20.88281,0.00000
2023-05-10 03:08:26,0.12093,18.55859,18.55859,0.00000
2023-05-10 03:08:27,0.11967,18.20703,18.20703,0.00000
2023-05-10 03:08:28,0.12281,18.48047,18.48047,0.00000
2023-05-10 03:08:29,0.12265,18.49609,18.49609,0.00000
2023-05-10 03:08:30,0.12155,18.59766,18.59766,0.00000
2023-05-10 03:08:31,0.11278,17.13672,17.13672,0.00000
2023-05-10 03:08:32,0.12719,18.71875,18.71875,0.00000
2023-05-10 03:08:33,0.10401,16.79688,16.79688,0.00000
2023-05-10 03:08:34,0.11167,17.78125,17.78125,0.00000
2023-05-10 03:08:35,0.11278,17.67969,17.67969,0.00000
2023-05-10 03:08:36,0.12907,19.59375,19.59375,0.00000
2023-05-10 03:08:37,0.11857,18.05469,18.05469,0.00000
2023-05-10 03:08:38,0.11827,18.23047,18.23047,0.00000
2023-05-10 03:08:39,0.12484,19.19922,19.19922,0.00000
2023-05-10 03:08:40,0.11669,18.24219,18.24219,0.00000
2023-05-10 03:08:41,0.11202,17.59766,17.59766,0.00000
2023-05-10 03:08:42,0.11529,17.51953,17.51953,0.00000
2023-05-10 03:08:43,0.13927,20.55469,20.55469,0.00000
2023-05-10 03:08:44,0.12469,18.84375,18.84375,0.00000
2023-05-10 03:08:45,0.12861,18.76563,18.76563,0.00000
2023-05-10 03:08:46,0.11389,17.56641,17.56641,0.00000
2023-05-10 03:08:47,0.11952,17.93750,17.93750,0.00000
2023-05-10 03:08:48,0.11341,17.62891,17.62891,0.00000
2023-05-10 03:08:49,0.11216,17.83984,17.83984,0.00000
2023-05-10 03:08:50,0.13300,20.07813,20.07813,0.00000
2023-05-10 03:08:51,0.10750,17.35938,17.35938,0.00000
2023-05-10 03:08:52,0.10652,16.92969,16.92969,0.00000
2023-05-10 03:08:53,0.11905,17.98828,17.98828,0.00000
2023-05-10 03:08:54,0.12045,18.14453,18.14453,0.00000
2023-05-10 03:08:55,0.12203,18.28125,18.28125,0.00000
2023-05-10 03:08:56,0.12030,18.39453,18.39453,0.00000
2023-05-10 03:08:57,0.12140,17.96094,17.96094,0.00000
2023-05-10 03:08:58,0.11118,17.03125,17.03125,0.00000
2023-05-10 03:08:59,0.11389,17.20313,17.20313,0.00000
2023-05-10 03:09:00,0.11591,17.10938,17.10938,0.00000
2023-05-10 03:09:01,0.13784,20.79688,20.79688,0.00000
2023-05-10 03:09:02,0.12108,18.63281,18.63281,0.00000
2023-05-10 03:09:03,0.12155,18.69922,18.69922,0.00000
2023-05-10 03:09:04,0.12469,18.42578,18.42578,0.00000
2023-05-10 03:09:05,0.11167,17.76563,17.76563,0.00000
2023-05-10 03:09:06,0.11104,17.51563,17.51563,0.00000
2023-05-10 03:09:07,0.11327,17.90625,17.90625,0.00000
2023-05-10 03:09:08,0.13346,19.64063,19.64063,0.00000
2023-05-10 03:09:09,0.11369,18.00000,18.00000,0.00000
2023-05-10 03:09:10,0.11702,17.88281,17.88281,0.00000
2023-05-10 03:09:11,0.10902,16.82422,16.82422,0.00000
2023-05-10 03:09:12,0.11717,18.03516,18.03516,0.00000
2023-05-10 03:09:13,0.12970,18.94922,18.94922,0.00000
2023-05-10 03:09:14,0.11982,18.51563,18.51563,0.00000
2023-05-10 03:09:15,0.13990,21.37109,21.37109,0.00000
2023-05-10 03:09:16,0.12657,19.13672,19.13672,0.00000
2023-05-10 03:09:17,0.12516,18.41016,18.41016,0.00000
2023-05-10 03:09:18,0.12030,18.15625,18.15625,0.00000
2023-05-10 03:09:19,0.12155,18.16797,18.16797,0.00000
2023-05-10 03:09:20,0.12186,18.28516,18.28516,0.00000
2023-05-10 03:09:21,0.12155,18.23828,18.23828,0.00000
2023-05-10 03:09:22,0.12719,19.10938,19.10938,0.00000
2023-05-10 03:09:23,0.10777,16.60547,16.60547,0.00000
2023-05-10 03:09:24,0.11244,17.56641,17.56641,0.00000
2023-05-10 03:09:25,0.11577,17.43359,17.43359,0.00000
2023-05-10 03:09:26,0.13534,20.42188,20.42188,0.00000
2023-05-10 03:09:27,0.12719,18.56250,18.56250,0.00000
2023-05-10 03:09:28,0.12171,18.19922,18.19922,0.00000
2023-05-10 03:09:29,0.12093,18.17188,18.17188,0.00000
2023-05-10 03:09:30,0.12108,18.76953,18.76953,0.00000
2023-05-10 03:09:31,0.11264,17.13281,17.13281,0.00000
2023-05-10 03:09:32,0.12218,17.71484,17.71484,0.00000
2023-05-10 03:09:33,0.13346,19.79688,19.79688,0.00000
2023-05-10 03:09:34,0.11529,17.13672,17.13672,0.00000
2023-05-10 03:09:35,0.11341,17.21484,17.21484,0.00000
2023-05-10 03:09:36,0.11514,17.71875,17.71875,0.00000
2023-05-10 03:09:37,0.13910,19.89844,19.89844,0.00000
2023-05-10 03:09:38,0.10714,16.50781,16.50781,0.00000
2023-05-10 03:09:39,0.11466,16.93359,16.93359,0.00000
2023-05-10 03:09:40,0.13191,19.24609,19.24609,0.00000
2023-05-10 03:09:41,0.11104,17.41406,17.41406,0.00000
2023-05-10 03:09:42,0.11278,17.48828,17.48828,0.00000
2023-05-10 03:09:43,0.11375,17.40234,17.40234,0.00000
2023-05-10 03:09:44,0.13488,20.71484,20.71484,0.00000
2023-05-10 03:09:45,0.12516,19.01563,19.01563,0.00000
2023-05-10 03:09:46,0.12312,18.21094,18.21094,0.00000
2023-05-10 03:09:47,0.12155,17.94922,17.94922,0.00000
2023-05-10 03:09:48,0.12281,18.85547,18.85547,0.00000
2023-05-10 03:09:49,0.11935,17.84766,17.84766,0.00000
2023-05-10 03:09:50,0.12218,18.38281,18.38281,0.00000
2023-05-10 03:09:51,0.14500,20.78516,20.78516,0.00000
2023-05-10 03:09:52,0.09837,15.77344,15.77344,0.00000
2023-05-10 03:09:53,0.11278,17.55469,17.55469,0.00000
2023-05-10 03:09:54,0.11375,17.43750,17.43750,0.00000
2023-05-10 03:09:55,0.12015,17.82031,17.82031,0.00000
2023-05-10 03:09:56,0.11389,17.15234,17.15234,0.00000
2023-05-10 03:09:57,0.10840,17.16016,17.16016,0.00000
2023-05-10 03:09:58,0.11000,16.68359,16.68359,0.00000
2023-05-10 03:09:59,0.11341,17.29297,17.29297,0.00000
2023-05-10 03:10:00,0.09787,15.12109,15.12109,0.00000
2023-05-10 03:10:01,0.12233,18.44531,18.44531,0.00000
2023-05-10 03:10:02,0.11418,17.39063,17.39063,0.00000
2023-05-10 03:10:03,0.11688,17.10938,17.10938,0.00000
2023-05-10 03:10:04,0.11341,17.12891,17.12891,0.00000
2023-05-10 03:10:05,0.11341,17.25781,17.25781,0.00000
2023-05-10 03:10:06,0.11654,18.24609,18.24609,0.00000
2023-05-10 03:10:07,0.11230,17.53125,17.53125,0.00000
2023-05-10 03:10:08,0.10589,16.89844,16.89844,0.00000
2023-05-10 03:10:09,0.13033,19.61719,19.61719,0.00000
2023-05-10 03:10:10,0.12970,19.05469,19.05469,0.00000
2023-05-10 03:10:11,0.11842,18.53906,18.53906,0.00000
2023-05-10 03:10:12,0.11967,18.17578,18.17578,0.00000
2023-05-10 03:10:13,0.12374,19.02344,19.02344,0.00000
2023-05-10 03:10:14,0.12250,18.81641,18.81641,0.00000
2023-05-10 03:10:15,0.10678,16.10547,16.10547,0.00000
2023-05-10 03:10:16,0.11577,17.79297,17.79297,0.00000
2023-05-10 03:10:17,0.10638,16.48828,16.48828,0.00000
2023-05-10 03:10:18,0.11418,17.34375,17.34375,0.00000
2023-05-10 03:10:19,0.11216,17.66797,17.66797,0.00000
2023-05-10 03:10:20,0.13847,21.04297,21.04297,0.00000
2023-05-10 03:10:21,0.12390,18.90625,18.90625,0.00000
2023-05-10 03:10:22,0.12218,18.26172,18.26172,0.00000
2023-05-10 03:10:23,0.11404,17.48438,17.48438,0.00000
2023-05-10 03:10:24,0.11779,17.73438,17.73438,0.00000
2023-05-10 03:10:25,0.11466,17.37891,17.37891,0.00000
2023-05-10 03:10:26,0.11404,17.58594,17.58594,0.00000
2023-05-10 03:10:27,0.13705,19.99609,19.99609,0.00000
2023-05-10 03:10:28,0.10790,17.04297,17.04297,0.00000
2023-05-10 03:10:29,0.12218,18.20313,18.20313,0.00000
2023-05-10 03:10:30,0.11827,17.87500,17.87500,0.00000
2023-05-10 03:10:31,0.12218,18.20703,18.20703,0.00000
2023-05-10 03:10:32,0.12343,18.71875,18.71875,0.00000
2023-05-10 03:10:33,0.12108,18.53906,18.53906,0.00000
2023-05-10 03:10:34,0.12782,19.15625,19.15625,0.00000
2023-05-10 03:10:35,0.10979,17.51953,17.51953,0.00000
2023-05-10 03:10:36,0.11278,17.53516,17.53516,0.00000
2023-05-10 03:10:37,0.11389,17.12109,17.12109,0.00000
2023-05-10 03:10:38,0.13596,20.63672,20.63672,0.00000
2023-05-10 03:10:39,0.12500,18.63281,18.63281,0.00000
2023-05-10 03:10:40,0.12923,18.66406,18.66406,0.00000
2023-05-10 03:10:41,0.12155,18.36719,18.36719,0.00000
2023-05-10 03:10:42,0.12484,18.76563,18.76563,0.00000
2023-05-10 03:10:43,0.11389,17.49609,17.49609,0.00000
2023-05-10 03:10:44,0.11606,17.45313,17.45313,0.00000
2023-05-10 03:10:45,0.14894,21.64844,21.64844,0.00000
2023-05-10 03:10:46,0.11202,18.00000,18.00000,0.00000
2023-05-10 03:10:47,0.11577,17.73047,17.73047,0.00000
2023-05-10 03:10:48,0.11264,16.99609,16.99609,0.00000
2023-05-10 03:10:49,0.10902,16.62891,16.62891,0.00000
2023-05-10 03:10:50,0.11369,17.08203,17.08203,0.00000
2023-05-10 03:10:51,0.12453,18.83594,18.83594,0.00000
2023-05-10 03:10:52,0.13676,20.71484,20.71484,0.00000
2023-05-10 03:10:53,0.10979,16.49609,16.49609,0.00000
2023-05-10 03:10:54,0.11432,17.28516,17.28516,0.00000
2023-05-10 03:10:55,0.11389,17.24609,17.24609,0.00000
2023-05-10 03:10:56,0.12703,18.85547,18.85547,0.00000
2023-05-10 03:10:57,0.13813,19.18359,19.18359,0.00000
2023-05-10 03:10:58,0.12233,18.21875,18.21875,0.00000
2023-05-10 03:10:59,0.11997,17.94141,17.94141,0.00000
2023-05-10 03:11:00,0.11062,16.92969,16.92969,0.00000
2023-05-10 03:11:01,0.11529,16.83203,16.83203,0.00000
2023-05-10 03:11:02,0.11750,17.80469,17.80469,0.00000
2023-05-10 03:11:03,0.13425,20.89453,20.89453,0.00000
2023-05-10 03:11:04,0.11014,17.13281,17.13281,0.00000
2023-05-10 03:11:05,0.11514,17.96094,17.96094,0.00000
2023-05-10 03:11:06,0.11920,18.18359,18.18359,0.00000
2023-05-10 03:11:07,0.10804,16.19922,16.19922,0.00000
2023-05-10 03:11:08,0.10464,16.07031,16.07031,0.00000
2023-05-10 03:11:09,0.11750,17.28906,17.28906,0.00000
2023-05-10 03:11:10,0.14429,21.05859,21.05859,0.00000
2023-05-10 03:11:11,0.12296,18.67969,18.67969,0.00000
2023-05-10 03:11:12,0.12500,18.73047,18.73047,0.00000
2023-05-10 03:11:13,0.12657,18.62500,18.62500,0.00000
2023-05-10 03:11:14,0.12719,17.99219,17.99219,0.00000
2023-05-10 03:11:15,0.12610,18.61719,18.61719,0.00000
2023-05-10 03:11:16,0.11905,18.22656,18.22656,0.00000
2023-05-10 03:11:17,0.13329,19.91797,19.91797,0.00000
2023-05-10 03:11:18,0.11654,17.17578,17.17578,0.00000
2023-05-10 03:11:19,0.11654,17.51563,17.51563,0.00000
2023-05-10 03:11:20,0.11432,17.28906,17.28906,0.00000
2023-05-10 03:11:21,0.13910,20.62109,20.62109,0.00000
2023-05-10 03:11:22,0.12030,18.88672,18.88672,0.00000
2023-05-10 03:11:23,0.12030,18.21875,18.21875,0.00000
2023-05-10 03:11:24,0.12155,18.45313,18.45313,0.00000
2023-05-10 03:11:25,0.12547,18.46484,18.46484,0.00000
2023-05-10 03:11:26,0.11842,18.26563,18.26563,0.00000
2023-05-10 03:11:27,0.12045,18.39844,18.39844,0.00000
2023-05-10 03:11:28,0.13095,19.97656,19.97656,0.00000
2023-05-10 03:11:29,0.12281,18.37891,18.37891,0.00000
2023-05-10 03:11:30,0.12218,17.86328,17.86328,0.00000
2023-05-10 03:11:32,0.11967,17.61328,17.61328,0.00000
2023-05-10 03:11:33,0.12390,18.38672,18.38672,0.00000
2023-05-10 03:11:34,0.12203,17.78906,17.78906,0.00000
2023-05-10 03:11:35,0.12281,18.25781,18.25781,0.00000
2023-05-10 03:11:36,0.13551,20.66797,20.66797,0.00000
2023-05-10 03:11:37,0.12406,18.62109,18.62109,0.00000
2023-05-10 03:11:38,0.11452,17.28516,17.28516,0.00000
2023-05-10 03:11:39,0.11452,17.09375,17.09375,0.00000
2023-05-10 03:11:40,0.14098,20.74219,20.74219,0.00000
2023-05-10 03:11:41,0.11982,18.42188,18.42188,0.00000
2023-05-10 03:11:42,0.11278,17.58984,17.58984,0.00000
2023-05-10 03:11:43,0.11872,18.87891,18.87891,0.00000
2023-05-10 03:11:44,0.11118,17.47266,17.47266,0.00000
2023-05-10 03:11:45,0.11794,17.80859,17.80859,0.00000
2023-05-10 03:11:46,0.11920,18.21484,18.21484,0.00000
2023-05-10 03:11:47,0.13864,20.88281,20.88281,0.00000
2023-05-10 03:11:48,0.12484,18.35156,18.35156,0.00000
2023-05-10 03:11:49,0.12155,18.09375,18.09375,0.00000
2023-05-10 03:11:50,0.12406,17.95313,17.95313,0.00000
2023-05-10 03:11:51,0.12798,18.28125,18.28125,0.00000
2023-05-10 03:11:52,0.12155,18.16406,18.16406,0.00000
2023-05-10 03:11:53,0.12594,18.40625,18.40625,0.00000
2023-05-10 03:11:54,0.13568,20.71875,20.71875,0.00000
2023-05-10 03:11:55,0.12547,18.08984,18.08984,0.00000
2023-05-10 03:11:56,0.11982,18.25000,18.25000,0.00000
2023-05-10 03:11:57,0.12078,18.15234,18.15234,0.00000
2023-05-10 03:11:58,0.13784,20.42578,20.42578,0.00000
2023-05-10 03:11:59,0.12422,18.10156,18.10156,0.00000
2023-05-10 03:12:00,0.12218,17.14453,17.14453,0.00000
2023-05-10 03:12:01,0.13079,18.14453,18.14453,0.00000
2023-05-10 03:12:02,0.11466,16.96875,16.96875,0.00000
2023-05-10 03:12:03,0.11591,17.37891,17.37891,0.00000
2023-05-10 03:12:04,0.11264,17.58203,17.58203,0.00000
2023-05-10 03:12:05,0.13676,20.55859,20.55859,0.00000
2023-05-10 03:12:06,0.12171,17.63281,17.63281,0.00000
2023-05-10 03:12:07,0.12030,17.98828,17.98828,0.00000
2023-05-10 03:12:08,0.12343,18.35547,18.35547,0.00000
2023-05-10 03:12:09,0.12422,18.79297,18.79297,0.00000
2023-05-10 03:12:10,0.11982,17.67578,17.67578,0.00000
2023-05-10 03:12:11,0.12735,18.92578,18.92578,0.00000
2023-05-10 03:12:12,0.06320,11.85547,11.85547,0.00000
2023-05-10 03:12:13,0.11006,16.44922,16.44922,0.00000
2023-05-10 03:12:14,0.05507,8.40625,8.40625,0.00000
