Date,CPU Utilization,Total Power,CPU Power,GPU Power
2023-05-14 14:28:04,0.06805,9.12500,9.12500,0.00000
2023-05-14 14:28:05,0.15796,15.90625,15.90625,0.00000
2023-05-14 14:28:06,0.12287,11.30469,11.30469,0.00000
2023-05-14 14:28:07,0.13098,11.63379,11.63379,0.00000
2023-05-14 14:28:08,0.17011,16.90527,16.90527,0.00000
2023-05-14 14:28:09,0.17119,14.82715,14.82715,0.00000
2023-05-14 14:28:10,0.13691,12.45508,12.45508,0.00000
2023-05-14 14:28:11,0.15962,15.83887,15.83887,0.00000
2023-05-14 14:28:12,0.14349,13.42480,13.42480,0.00000
2023-05-14 14:28:13,0.12840,13.03711,13.03711,0.00000
2023-05-14 14:28:14,0.13068,12.49023,12.49023,0.00000
2023-05-14 14:28:15,0.10964,10.98047,10.98047,0.00000
2023-05-14 14:28:16,0.13691,15.07227,15.07227,0.00000
2023-05-14 14:28:17,0.13699,12.93262,12.93262,0.00000
2023-05-14 14:28:18,0.10619,11.09766,11.09766,0.00000
2023-05-14 14:28:19,0.12390,11.71582,11.71582,0.00000
2023-05-14 14:28:20,0.10397,10.89258,10.89258,0.00000
2023-05-14 14:28:21,0.15925,15.25684,15.25684,0.00000
2023-05-14 14:28:22,0.12687,11.83887,11.83887,0.00000
2023-05-14 14:28:23,0.09937,9.74219,9.74219,0.00000
2023-05-14 14:28:24,0.11809,10.81152,10.81152,0.00000
2023-05-14 14:28:25,0.09987,10.14746,10.14746,0.00000
2023-05-14 14:28:26,0.13095,14.27051,14.27051,0.00000
2023-05-14 14:28:27,0.12508,11.53613,11.53613,0.00000
2023-05-14 14:28:28,0.10107,10.02051,10.02051,0.00000
2023-05-14 14:28:29,0.11328,11.13672,11.13672,0.00000
2023-05-14 14:28:30,0.10685,9.81152,9.81152,0.00000
2023-05-14 14:28:31,0.13221,14.57129,14.57129,0.00000
2023-05-14 14:28:32,0.12359,11.49219,11.49219,0.00000
2023-05-14 14:28:33,0.10965,10.15039,10.15039,0.00000
2023-05-14 14:28:34,0.11599,11.32813,11.32813,0.00000
2023-05-14 14:28:35,0.10596,9.63867,9.63867,0.00000
2023-05-14 14:28:36,0.12907,14.50098,14.50098,0.00000
2023-05-14 14:28:37,0.12093,11.49707,11.49707,0.00000
2023-05-14 14:28:38,0.10044,9.86426,9.86426,0.00000
2023-05-14 14:28:39,0.12508,10.82910,10.82910,0.00000
2023-05-14 14:28:40,0.10282,9.83301,9.83301,0.00000
2023-05-14 14:28:41,0.13346,14.73633,14.73633,0.00000
2023-05-14 14:28:42,0.12867,11.63086,11.63086,0.00000
2023-05-14 14:28:43,0.10692,10.52246,10.52246,0.00000
2023-05-14 14:28:44,0.11661,10.98242,10.98242,0.00000
2023-05-14 14:28:45,0.10616,10.02637,10.02637,0.00000
2023-05-14 14:28:46,0.13275,15.06250,15.06250,0.00000
2023-05-14 14:28:47,0.13409,12.00781,12.00781,0.00000
2023-05-14 14:28:48,0.10081,9.74609,9.74609,0.00000
2023-05-14 14:28:49,0.11709,10.68164,10.68164,0.00000
2023-05-14 14:28:50,0.09894,9.95508,9.95508,0.00000
2023-05-14 14:28:51,0.12743,14.22168,14.22168,0.00000
2023-05-14 14:28:52,0.12390,11.05078,11.05078,0.00000
2023-05-14 14:28:53,0.10144,9.59570,9.59570,0.00000
2023-05-14 14:28:54,0.11438,10.94629,10.94629,0.00000
2023-05-14 14:28:55,0.11599,13.44824,13.44824,0.00000
2023-05-14 14:28:56,0.11278,10.92285,10.92285,0.00000
2023-05-14 14:28:57,0.09655,9.97754,9.97754,0.00000
2023-05-14 14:28:58,0.11536,10.66211,10.66211,0.00000
2023-05-14 14:28:59,0.09742,9.68359,9.68359,0.00000
2023-05-14 14:29:00,0.12915,14.59277,14.59277,0.00000
2023-05-14 14:29:01,0.12626,11.68066,11.68066,0.00000
2023-05-14 14:29:02,0.09956,9.71680,9.71680,0.00000
2023-05-14 14:29:03,0.11160,10.84570,10.84570,0.00000
2023-05-14 14:29:04,0.10414,10.03418,10.03418,0.00000
2023-05-14 14:29:05,0.12797,14.48926,14.48926,0.00000
2023-05-14 14:29:06,0.12131,11.70508,11.70508,0.00000
2023-05-14 14:29:07,0.09881,9.90430,9.90430,0.00000
2023-05-14 14:29:08,0.11041,10.97656,10.97656,0.00000
2023-05-14 14:29:09,0.10194,9.84668,9.84668,0.00000
2023-05-14 14:29:10,0.12500,14.74316,14.74316,0.00000
2023-05-14 14:29:11,0.12978,11.66504,11.66504,0.00000
2023-05-14 14:29:12,0.10038,10.04492,10.04492,0.00000
2023-05-14 14:29:13,0.12492,11.58887,11.58887,0.00000
2023-05-14 14:29:14,0.09781,9.95996,9.95996,0.00000
2023-05-14 14:29:15,0.13128,14.18555,14.18555,0.00000
2023-05-14 14:29:16,0.12492,11.49902,11.49902,0.00000
2023-05-14 14:29:17,0.09718,10.20605,10.20605,0.00000
2023-05-14 14:29:18,0.11292,11.01074,11.01074,0.00000
2023-05-14 14:29:19,0.11284,10.74707,10.74707,0.00000
2023-05-14 14:29:20,0.13400,14.17676,14.17676,0.00000
2023-05-14 14:29:21,0.13748,11.88965,11.88965,0.00000
2023-05-14 14:29:22,0.09712,10.18848,10.18848,0.00000
2023-05-14 14:29:23,0.11188,10.98633,10.98633,0.00000
2023-05-14 14:29:24,0.09762,9.54297,9.54297,0.00000
2023-05-14 14:29:25,0.12970,13.94043,13.94043,0.00000
2023-05-14 14:29:26,0.12414,11.16895,11.16895,0.00000
2023-05-14 14:29:27,0.10144,9.85645,9.85645,0.00000
2023-05-14 14:29:28,0.11223,10.52441,10.52441,0.00000
2023-05-14 14:29:29,0.10401,9.18555,9.18555,0.00000
2023-05-14 14:29:30,0.12821,14.24414,14.24414,0.00000
2023-05-14 14:29:31,0.12414,11.13477,11.13477,0.00000
2023-05-14 14:29:32,0.10207,9.44824,9.44824,0.00000
2023-05-14 14:29:33,0.11034,10.82129,10.82129,0.00000
2023-05-14 14:29:34,0.09655,9.37500,9.37500,0.00000
2023-05-14 14:29:35,0.13221,14.01074,14.01074,0.00000
2023-05-14 14:29:36,0.13033,11.96777,11.96777,0.00000
2023-05-14 14:29:37,0.10138,9.75391,9.75391,0.00000
2023-05-14 14:29:38,0.10797,11.04785,11.04785,0.00000
2023-05-14 14:29:39,0.10013,9.76172,9.76172,0.00000
2023-05-14 14:29:40,0.12673,13.88184,13.88184,0.00000
2023-05-14 14:29:41,0.12838,11.69531,11.69531,0.00000
2023-05-14 14:29:42,0.10944,10.16211,10.16211,0.00000
2023-05-14 14:29:43,0.11742,12.11133,12.11133,0.00000
