Date,CPU Utilization,Total Power,CPU Power,GPU Power
2023-05-10 03:18:16,0.07707,12.03906,12.03906,0.00000
2023-05-10 03:18:17,0.10025,15.85938,15.85938,0.00000
2023-05-10 03:18:18,0.09900,15.64063,15.64063,0.00000
2023-05-10 03:18:19,0.08698,14.30078,14.30078,0.00000
2023-05-10 03:18:20,0.09649,15.53906,15.53906,0.00000
2023-05-10 03:18:21,0.10276,15.85156,15.85156,0.00000
2023-05-10 03:18:22,0.09962,15.70703,15.70703,0.00000
2023-05-10 03:18:23,0.10263,16.43359,16.43359,0.00000
2023-05-10 03:18:24,0.10401,16.53125,16.53125,0.00000
2023-05-10 03:18:25,0.11842,18.71875,18.71875,0.00000
2023-05-10 03:18:26,0.10276,16.42188,16.42188,0.00000
2023-05-10 03:18:27,0.10437,16.24609,16.24609,0.00000
2023-05-10 03:18:28,0.10589,16.48438,16.48438,0.00000
2023-05-10 03:18:29,0.11028,17.29688,17.29688,0.00000
2023-05-10 03:18:30,0.09825,15.48828,15.48828,0.00000
2023-05-10 03:18:31,0.10100,16.01172,16.01172,0.00000
2023-05-10 03:18:32,0.11341,17.94922,17.94922,0.00000
2023-05-10 03:18:33,0.09649,16.07813,16.07813,0.00000
2023-05-10 03:18:34,0.09524,15.65234,15.65234,0.00000
2023-05-10 03:18:35,0.09586,15.64063,15.64063,0.00000
2023-05-10 03:18:36,0.11591,18.11719,18.11719,0.00000
2023-05-10 03:18:37,0.09097,14.37500,14.37500,0.00000
2023-05-10 03:18:38,0.08937,14.44141,14.44141,0.00000
2023-05-10 03:18:39,0.11404,17.66406,17.66406,0.00000
2023-05-10 03:18:40,0.10325,16.12109,16.12109,0.00000
2023-05-10 03:18:41,0.08668,14.38281,14.38281,0.00000
2023-05-10 03:18:42,0.10000,15.51563,15.51563,0.00000
2023-05-10 03:18:43,0.10464,16.77344,16.77344,0.00000
2023-05-10 03:18:44,0.09673,15.42578,15.42578,0.00000
2023-05-10 03:18:45,0.08647,14.24609,14.24609,0.00000
2023-05-10 03:18:46,0.10414,16.49219,16.49219,0.00000
2023-05-10 03:18:47,0.10652,16.80469,16.80469,0.00000
2023-05-10 03:18:48,0.09837,15.39844,15.39844,0.00000
2023-05-10 03:18:49,0.09512,15.65625,15.65625,0.00000
2023-05-10 03:18:50,0.11341,18.28516,18.28516,0.00000
2023-05-10 03:18:51,0.09524,15.73438,15.73438,0.00000
2023-05-10 03:18:52,0.09574,15.67578,15.67578,0.00000
2023-05-10 03:18:53,0.09661,15.40625,15.40625,0.00000
2023-05-10 03:18:54,0.09712,16.13281,16.13281,0.00000
2023-05-10 03:18:55,0.09398,15.71875,15.71875,0.00000
2023-05-10 03:18:56,0.09063,14.54297,14.54297,0.00000
2023-05-10 03:18:57,0.10714,17.22656,17.22656,0.00000
2023-05-10 03:18:58,0.10276,16.44141,16.44141,0.00000
2023-05-10 03:18:59,0.08687,14.16016,14.16016,0.00000
2023-05-10 03:19:00,0.09900,15.57813,15.57813,0.00000
2023-05-10 03:19:01,0.10566,17.11328,17.11328,0.00000
2023-05-10 03:19:02,0.09712,15.09766,15.09766,0.00000
2023-05-10 03:19:03,0.08584,13.98828,13.98828,0.00000
2023-05-10 03:19:04,0.11312,17.55859,17.55859,0.00000
2023-05-10 03:19:05,0.10464,15.89453,15.89453,0.00000
2023-05-10 03:19:06,0.08846,14.40625,14.40625,0.00000
2023-05-10 03:19:07,0.09637,15.32422,15.32422,0.00000
2023-05-10 03:19:08,0.10388,16.31250,16.31250,0.00000
2023-05-10 03:19:09,0.09887,15.48828,15.48828,0.00000
2023-05-10 03:19:10,0.08897,14.21875,14.21875,0.00000
2023-05-10 03:19:11,0.09586,15.66797,15.66797,0.00000
2023-05-10 03:19:12,0.10629,16.75000,16.75000,0.00000
2023-05-10 03:19:13,0.09849,15.63672,15.63672,0.00000
2023-05-10 03:19:14,0.09586,15.73047,15.73047,0.00000
2023-05-10 03:19:15,0.10589,16.80469,16.80469,0.00000
2023-05-10 03:19:16,0.10889,16.42578,16.42578,0.00000
2023-05-10 03:19:17,0.08543,14.60156,14.60156,0.00000
2023-05-10 03:19:18,0.09649,15.01172,15.01172,0.00000
2023-05-10 03:19:19,0.10589,16.52734,16.52734,0.00000
2023-05-10 03:19:20,0.10000,15.78125,15.78125,0.00000
2023-05-10 03:19:21,0.08772,14.67188,14.67188,0.00000
2023-05-10 03:19:22,0.11438,17.94531,17.94531,0.00000
2023-05-10 03:19:23,0.10401,16.25781,16.25781,0.00000
2023-05-10 03:19:24,0.08750,14.36328,14.36328,0.00000
2023-05-10 03:19:25,0.09562,15.38281,15.38281,0.00000
2023-05-10 03:19:26,0.10276,16.51953,16.51953,0.00000
2023-05-10 03:19:27,0.09900,15.99219,15.99219,0.00000
2023-05-10 03:19:28,0.08812,14.05078,14.05078,0.00000
2023-05-10 03:19:29,0.10401,16.01953,16.01953,0.00000
2023-05-10 03:19:30,0.10652,16.57813,16.57813,0.00000
2023-05-10 03:19:31,0.10239,15.94531,15.94531,0.00000
2023-05-10 03:19:32,0.09875,15.28906,15.28906,0.00000
2023-05-10 03:19:33,0.11404,18.29688,18.29688,0.00000
2023-05-10 03:19:34,0.09586,15.37109,15.37109,0.00000
2023-05-10 03:19:35,0.09649,15.24609,15.24609,0.00000
2023-05-10 03:19:36,0.09524,15.90234,15.90234,0.00000
2023-05-10 03:19:37,0.11278,18.33203,18.33203,0.00000
2023-05-10 03:19:38,0.09108,15.07813,15.07813,0.00000
2023-05-10 03:19:39,0.09211,15.00391,15.00391,0.00000
2023-05-10 03:19:40,0.10902,17.30859,17.30859,0.00000
2023-05-10 03:19:41,0.10401,15.83594,15.83594,0.00000
2023-05-10 03:19:42,0.08687,14.17578,14.17578,0.00000
2023-05-10 03:19:43,0.09774,15.48828,15.48828,0.00000
2023-05-10 03:19:44,0.10213,16.60547,16.60547,0.00000
2023-05-10 03:19:45,0.10276,15.57813,15.57813,0.00000
2023-05-10 03:19:46,0.08459,14.43750,14.43750,0.00000
2023-05-10 03:19:47,0.10714,16.80859,16.80859,0.00000
2023-05-10 03:19:48,0.11216,17.37891,17.37891,0.00000
2023-05-10 03:19:50,0.09700,15.05859,15.05859,0.00000
2023-05-10 03:19:51,0.10013,15.27734,15.27734,0.00000
2023-05-10 03:19:52,0.12218,18.94531,18.94531,0.00000
2023-05-10 03:19:53,0.09574,15.75781,15.75781,0.00000
2023-05-10 03:19:54,0.09700,15.39453,15.39453,0.00000
2023-05-10 03:19:55,0.09524,15.61328,15.61328,0.00000
2023-05-10 03:19:56,0.11278,17.70703,17.70703,0.00000
2023-05-10 03:19:57,0.09449,15.35547,15.35547,0.00000
2023-05-10 03:19:58,0.08971,14.87109,14.87109,0.00000
2023-05-10 03:19:59,0.11104,16.95703,16.95703,0.00000
2023-05-10 03:20:00,0.10325,16.03906,16.03906,0.00000
2023-05-10 03:20:01,0.08772,14.53125,14.53125,0.00000
2023-05-10 03:20:02,0.10113,15.76563,15.76563,0.00000
2023-05-10 03:20:03,0.10226,16.60547,16.60547,0.00000
2023-05-10 03:20:04,0.09975,15.48047,15.48047,0.00000
2023-05-10 03:20:05,0.08647,14.13672,14.13672,0.00000
2023-05-10 03:20:06,0.10889,16.97266,16.97266,0.00000
2023-05-10 03:20:07,0.11076,17.38281,17.38281,0.00000
2023-05-10 03:20:08,0.09724,15.67188,15.67188,0.00000
2023-05-10 03:20:09,0.09574,15.45703,15.45703,0.00000
2023-05-10 03:20:10,0.12281,19.10156,19.10156,0.00000
2023-05-10 03:20:11,0.09712,15.85156,15.85156,0.00000
2023-05-10 03:20:12,0.09649,15.80859,15.80859,0.00000
2023-05-10 03:20:13,0.09799,16.05859,16.05859,0.00000
2023-05-10 03:20:14,0.11543,18.05469,18.05469,0.00000
2023-05-10 03:20:15,0.09837,15.46094,15.46094,0.00000
2023-05-10 03:20:16,0.09887,14.75000,14.75000,0.00000
2023-05-10 03:20:17,0.10840,17.20313,17.20313,0.00000
2023-05-10 03:20:18,0.10576,16.41016,16.41016,0.00000
2023-05-10 03:20:19,0.08926,14.39453,14.39453,0.00000
2023-05-10 03:20:20,0.09712,15.01172,15.01172,0.00000
2023-05-10 03:20:21,0.10338,16.68750,16.68750,0.00000
2023-05-10 03:20:22,0.09900,15.70703,15.70703,0.00000
2023-05-10 03:20:23,0.08698,14.32031,14.32031,0.00000
2023-05-10 03:20:24,0.11452,17.59766,17.59766,0.00000
2023-05-10 03:20:25,0.10602,15.85156,15.85156,0.00000
2023-05-10 03:20:26,0.08709,14.33594,14.33594,0.00000
2023-05-10 03:20:27,0.09649,15.37891,15.37891,0.00000
2023-05-10 03:20:28,0.10338,17.01172,17.01172,0.00000
2023-05-10 03:20:29,0.09712,15.47656,15.47656,0.00000
2023-05-10 03:20:30,0.08897,14.81250,14.81250,0.00000
2023-05-10 03:20:31,0.10826,16.77734,16.77734,0.00000
2023-05-10 03:20:32,0.11794,17.84766,17.84766,0.00000
2023-05-10 03:20:33,0.09938,15.42969,15.42969,0.00000
2023-05-10 03:20:34,0.09673,16.07031,16.07031,0.00000
2023-05-10 03:20:35,0.12296,19.08984,19.08984,0.00000
2023-05-10 03:20:36,0.09724,15.54297,15.54297,0.00000
2023-05-10 03:20:37,0.09586,15.89063,15.89063,0.00000
2023-05-10 03:20:38,0.09762,15.60156,15.60156,0.00000
2023-05-10 03:20:39,0.11307,17.12109,17.12109,0.00000
2023-05-10 03:20:40,0.12030,16.73438,16.73438,0.00000
2023-05-10 03:20:41,0.10777,16.89844,16.89844,0.00000
2023-05-10 03:20:42,0.11153,17.35547,17.35547,0.00000
2023-05-10 03:20:43,0.10464,16.00781,16.00781,0.00000
2023-05-10 03:20:44,0.09199,14.28125,14.28125,0.00000
2023-05-10 03:20:45,0.10401,15.50000,15.50000,0.00000
2023-05-10 03:20:46,0.11264,17.23047,17.23047,0.00000
2023-05-10 03:20:47,0.10652,15.91016,15.91016,0.00000
2023-05-10 03:20:48,0.08824,14.47266,14.47266,0.00000
2023-05-10 03:20:49,0.10638,16.69922,16.69922,0.00000
2023-05-10 03:20:50,0.10965,16.39063,16.39063,0.00000
2023-05-10 03:20:51,0.10263,16.01953,16.01953,0.00000
2023-05-10 03:20:52,0.09837,15.80859,15.80859,0.00000
2023-05-10 03:20:53,0.12453,19.44141,19.44141,0.00000
2023-05-10 03:20:54,0.09849,15.99219,15.99219,0.00000
2023-05-10 03:20:55,0.09574,15.98438,15.98438,0.00000
2023-05-10 03:20:56,0.09849,15.78125,15.78125,0.00000
2023-05-10 03:20:57,0.09950,15.57031,15.57031,0.00000
2023-05-10 03:20:58,0.09787,15.43359,15.43359,0.00000
2023-05-10 03:20:59,0.10325,16.10547,16.10547,0.00000
2023-05-10 03:21:00,0.10338,17.06250,17.06250,0.00000
2023-05-10 03:21:01,0.09774,15.50000,15.50000,0.00000
2023-05-10 03:21:02,0.09473,14.98047,14.98047,0.00000
2023-05-10 03:21:03,0.09825,15.21094,15.21094,0.00000
2023-05-10 03:21:04,0.10763,17.12500,17.12500,0.00000
2023-05-10 03:21:05,0.10013,15.36719,15.36719,0.00000
2023-05-10 03:21:06,0.08647,14.30469,14.30469,0.00000
2023-05-10 03:21:07,0.11341,17.68359,17.68359,0.00000
2023-05-10 03:21:08,0.10688,16.22266,16.22266,0.00000
2023-05-10 03:21:09,0.08783,14.05078,14.05078,0.00000
2023-05-10 03:21:10,0.10138,15.63672,15.63672,0.00000
2023-05-10 03:21:11,0.10902,16.55469,16.55469,0.00000
2023-05-10 03:21:12,0.09799,15.51172,15.51172,0.00000
2023-05-10 03:21:13,0.08584,14.20313,14.20313,0.00000
2023-05-10 03:21:14,0.11028,16.51953,16.51953,0.00000
2023-05-10 03:21:15,0.11125,16.91797,16.91797,0.00000
2023-05-10 03:21:16,0.09787,15.53906,15.53906,0.00000
2023-05-10 03:21:17,0.09712,15.66797,15.66797,0.00000
2023-05-10 03:21:18,0.13033,19.63672,19.63672,0.00000
2023-05-10 03:21:19,0.09700,15.53906,15.53906,0.00000
2023-05-10 03:21:20,0.09950,15.51953,15.51953,0.00000
2023-05-10 03:21:21,0.09536,15.78906,15.78906,0.00000
2023-05-10 03:21:22,0.10075,16.03906,16.03906,0.00000
2023-05-10 03:21:23,0.09085,14.87109,14.87109,0.00000
2023-05-10 03:21:24,0.09238,14.46484,14.46484,0.00000
2023-05-10 03:21:25,0.11389,17.79688,17.79688,0.00000
2023-05-10 03:21:26,0.10414,16.30469,16.30469,0.00000
2023-05-10 03:21:27,0.08709,14.28906,14.28906,0.00000
2023-05-10 03:21:28,0.10013,15.69141,15.69141,0.00000
2023-05-10 03:21:29,0.10638,16.69922,16.69922,0.00000
2023-05-10 03:21:30,0.09837,15.38672,15.38672,0.00000
2023-05-10 03:21:31,0.08647,14.17969,14.17969,0.00000
2023-05-10 03:21:32,0.11181,17.44922,17.44922,0.00000
2023-05-10 03:21:33,0.10464,16.46094,16.46094,0.00000
2023-05-10 03:21:34,0.09849,15.26172,15.26172,0.00000
2023-05-10 03:21:35,0.09825,15.80859,15.80859,0.00000
2023-05-10 03:21:36,0.12484,19.02734,19.02734,0.00000
2023-05-10 03:21:37,0.09649,15.67578,15.67578,0.00000
2023-05-10 03:21:38,0.09536,15.78125,15.78125,0.00000
2023-05-10 03:21:39,0.09712,15.85938,15.85938,0.00000
2023-05-10 03:21:40,0.10213,16.18359,16.18359,0.00000
2023-05-10 03:21:41,0.09136,15.00000,15.00000,0.00000
2023-05-10 03:21:42,0.10038,15.88672,15.88672,0.00000
2023-05-10 03:21:43,0.10638,16.19141,16.19141,0.00000
2023-05-10 03:21:44,0.09950,15.07031,15.07031,0.00000
2023-05-10 03:21:45,0.08698,14.11719,14.11719,0.00000
2023-05-10 03:21:46,0.09536,15.51563,15.51563,0.00000
2023-05-10 03:21:47,0.10965,17.15234,17.15234,0.00000
2023-05-10 03:21:48,0.09975,15.53906,15.53906,0.00000
2023-05-10 03:21:49,0.09074,14.48828,14.48828,0.00000
2023-05-10 03:21:50,0.10902,17.28516,17.28516,0.00000
2023-05-10 03:21:51,0.11307,17.36719,17.36719,0.00000
2023-05-10 03:21:52,0.10464,16.46094,16.46094,0.00000
2023-05-10 03:21:53,0.10652,16.53906,16.53906,0.00000
2023-05-10 03:21:54,0.12140,18.61719,18.61719,0.00000
2023-05-10 03:21:55,0.10351,16.61719,16.61719,0.00000
2023-05-10 03:21:56,0.08636,13.98828,13.98828,0.00000
2023-05-10 03:21:57,0.09975,15.52344,15.52344,0.00000
2023-05-10 03:21:58,0.10364,16.37891,16.37891,0.00000
2023-05-10 03:21:59,0.09011,14.45313,14.45313,0.00000
2023-05-10 03:22:00,0.09837,15.50391,15.50391,0.00000
2023-05-10 03:22:01,0.10401,17.23047,17.23047,0.00000
2023-05-10 03:22:02,0.10239,16.41406,16.41406,0.00000
2023-05-10 03:22:03,0.08647,14.28516,14.28516,0.00000
2023-05-10 03:22:04,0.09586,15.44141,15.44141,0.00000
2023-05-10 03:22:05,0.10777,16.74219,16.74219,0.00000
2023-05-10 03:22:06,0.10088,15.68750,15.68750,0.00000
2023-05-10 03:22:07,0.08720,13.99609,13.99609,0.00000
2023-05-10 03:22:08,0.11591,17.71484,17.71484,0.00000
2023-05-10 03:22:09,0.10563,16.56641,16.56641,0.00000
2023-05-10 03:22:10,0.10276,16.61719,16.61719,0.00000
2023-05-10 03:22:11,0.10840,16.50000,16.50000,0.00000
2023-05-10 03:22:12,0.12218,18.81250,18.81250,0.00000
2023-05-10 03:22:13,0.10401,16.46484,16.46484,0.00000
2023-05-10 03:22:14,0.09625,14.66016,14.66016,0.00000
2023-05-10 03:22:15,0.10526,15.96094,15.96094,0.00000
2023-05-10 03:22:16,0.11278,17.57422,17.57422,0.00000
2023-05-10 03:22:17,0.10401,16.04297,16.04297,0.00000
2023-05-10 03:22:18,0.10375,16.10156,16.10156,0.00000
2023-05-10 03:22:19,0.11216,18.13281,18.13281,0.00000
2023-05-10 03:22:20,0.09649,16.03125,16.03125,0.00000
2023-05-10 03:22:21,0.09813,15.80469,15.80469,0.00000
2023-05-10 03:22:22,0.09649,15.51953,15.51953,0.00000
2023-05-10 03:22:23,0.11640,18.17578,18.17578,0.00000
2023-05-10 03:22:24,0.09023,14.40234,14.40234,0.00000
2023-05-10 03:22:25,0.09211,14.36719,14.36719,0.00000
2023-05-10 03:22:26,0.10589,16.62109,16.62109,0.00000
2023-05-10 03:22:27,0.09825,15.44531,15.44531,0.00000
2023-05-10 03:22:28,0.08886,13.93750,13.93750,0.00000
2023-05-10 03:22:29,0.10025,15.48438,15.48438,0.00000
2023-05-10 03:22:30,0.10513,16.74219,16.74219,0.00000
2023-05-10 03:22:31,0.10013,15.13672,15.13672,0.00000
2023-05-10 03:22:32,0.09108,14.75391,14.75391,0.00000
2023-05-10 03:22:33,0.10289,16.34766,16.34766,0.00000
2023-05-10 03:22:34,0.10728,16.88281,16.88281,0.00000
2023-05-10 03:22:35,0.09837,15.74219,15.74219,0.00000
2023-05-10 03:22:36,0.09473,15.78125,15.78125,0.00000
2023-05-10 03:22:37,0.11355,17.96875,17.96875,0.00000
2023-05-10 03:22:38,0.09962,16.05859,16.05859,0.00000
2023-05-10 03:22:39,0.09611,15.63672,15.63672,0.00000
2023-05-10 03:22:40,0.09687,15.50781,15.50781,0.00000
2023-05-10 03:22:41,0.10200,15.55078,15.55078,0.00000
2023-05-10 03:22:42,0.08971,14.80469,14.80469,0.00000
2023-05-10 03:22:43,0.10589,16.25391,16.25391,0.00000
2023-05-10 03:22:44,0.10763,16.89453,16.89453,0.00000
2023-05-10 03:22:45,0.09887,15.27734,15.27734,0.00000
2023-05-10 03:22:46,0.08835,13.89844,13.89844,0.00000
2023-05-10 03:22:47,0.09611,15.13672,15.13672,0.00000
2023-05-10 03:22:48,0.10750,16.56250,16.56250,0.00000
2023-05-10 03:22:49,0.09661,14.93359,14.93359,0.00000
2023-05-10 03:22:50,0.09148,14.62500,14.62500,0.00000
2023-05-10 03:22:51,0.11717,17.25000,17.25000,0.00000
2023-05-10 03:22:52,0.10840,16.91797,16.91797,0.00000
2023-05-10 03:22:53,0.09712,15.37891,15.37891,0.00000
2023-05-10 03:22:54,0.10000,15.58594,15.58594,0.00000
2023-05-10 03:22:55,0.12735,19.67969,19.67969,0.00000
2023-05-10 03:22:56,0.09837,15.87891,15.87891,0.00000
2023-05-10 03:22:57,0.09762,15.48438,15.48438,0.00000
2023-05-10 03:22:58,0.09950,15.96484,15.96484,0.00000
2023-05-10 03:22:59,0.09762,15.91797,15.91797,0.00000
2023-05-10 03:23:00,0.09159,15.04297,15.04297,0.00000
2023-05-10 03:23:01,0.09188,14.75391,14.75391,0.00000
2023-05-10 03:23:02,0.11872,18.31250,18.31250,0.00000
2023-05-10 03:23:03,0.10401,16.21484,16.21484,0.00000
2023-05-10 03:23:04,0.08875,14.41797,14.41797,0.00000
2023-05-10 03:23:05,0.09712,15.31250,15.31250,0.00000
2023-05-10 03:23:06,0.10276,16.74609,16.74609,0.00000
2023-05-10 03:23:07,0.09724,15.39453,15.39453,0.00000
2023-05-10 03:23:08,0.08835,14.58984,14.58984,0.00000
2023-05-10 03:23:09,0.11090,17.69922,17.69922,0.00000
2023-05-10 03:23:10,0.10652,16.55469,16.55469,0.00000
2023-05-10 03:23:11,0.08897,14.26172,14.26172,0.00000
2023-05-10 03:23:12,0.10840,16.31641,16.31641,0.00000
2023-05-10 03:23:13,0.10790,16.67188,16.67188,0.00000
2023-05-10 03:23:14,0.10276,16.07031,16.07031,0.00000
2023-05-10 03:23:15,0.08960,14.46484,14.46484,0.00000
2023-05-10 03:23:16,0.10276,16.16406,16.16406,0.00000
2023-05-10 03:23:17,0.11014,16.89844,16.89844,0.00000
2023-05-10 03:23:18,0.10312,15.50391,15.50391,0.00000
2023-05-10 03:23:19,0.10777,16.44531,16.44531,0.00000
2023-05-10 03:23:20,0.11779,18.07422,18.07422,0.00000
2023-05-10 03:23:21,0.09724,16.30078,16.30078,0.00000
2023-05-10 03:23:22,0.09586,15.94141,15.94141,0.00000
2023-05-10 03:23:23,0.10325,16.03125,16.03125,0.00000
2023-05-10 03:23:24,0.11654,18.13281,18.13281,0.00000
2023-05-10 03:23:25,0.09011,14.60547,14.60547,0.00000
2023-05-10 03:23:26,0.11423,16.81641,16.81641,0.00000
2023-05-10 03:23:27,0.10437,16.67188,16.67188,0.00000
2023-05-10 03:23:28,0.09825,15.55078,15.55078,0.00000
2023-05-10 03:23:29,0.08772,14.21875,14.21875,0.00000
2023-05-10 03:23:30,0.09813,15.35938,15.35938,0.00000
2023-05-10 03:23:31,0.10540,16.83984,16.83984,0.00000
2023-05-10 03:23:32,0.10602,16.37109,16.37109,0.00000
2023-05-10 03:23:33,0.08949,14.27344,14.27344,0.00000
2023-05-10 03:23:34,0.10992,17.42188,17.42188,0.00000
2023-05-10 03:23:35,0.11028,17.25391,17.25391,0.00000
2023-05-10 03:23:36,0.09762,15.36719,15.36719,0.00000
2023-05-10 03:23:37,0.09586,15.41406,15.41406,0.00000
2023-05-10 03:23:38,0.12782,18.86328,18.86328,0.00000
2023-05-10 03:23:39,0.09661,15.37109,15.37109,0.00000
2023-05-10 03:23:40,0.09887,15.49219,15.49219,0.00000
2023-05-10 03:23:41,0.09825,15.94141,15.94141,0.00000
2023-05-10 03:23:42,0.11153,17.98438,17.98438,0.00000
2023-05-10 03:23:43,0.09524,15.60547,15.60547,0.00000
2023-05-10 03:23:44,0.09222,14.83594,14.83594,0.00000
2023-05-10 03:23:45,0.10853,17.11719,17.11719,0.00000
2023-05-10 03:23:46,0.10338,16.40625,16.40625,0.00000
2023-05-10 03:23:47,0.08595,14.28906,14.28906,0.00000
2023-05-10 03:23:48,0.09950,15.40625,15.40625,0.00000
2023-05-10 03:23:49,0.10500,16.70703,16.70703,0.00000
2023-05-10 03:23:50,0.10163,15.70313,15.70313,0.00000
2023-05-10 03:23:51,0.09188,14.46875,14.46875,0.00000
2023-05-10 03:23:52,0.11640,17.82422,17.82422,0.00000
2023-05-10 03:23:53,0.10902,16.74609,16.74609,0.00000
2023-05-10 03:23:54,0.09136,14.62500,14.62500,0.00000
2023-05-10 03:23:55,0.09661,15.23438,15.23438,0.00000
2023-05-10 03:23:56,0.10464,16.77734,16.77734,0.00000
2023-05-10 03:23:57,0.09774,15.42578,15.42578,0.00000
2023-05-10 03:23:58,0.08606,14.10938,14.10938,0.00000
2023-05-10 03:23:59,0.10612,15.96484,15.96484,0.00000
2023-05-10 03:24:00,0.10902,16.61328,16.61328,0.00000
2023-05-10 03:24:01,0.09837,15.32031,15.32031,0.00000
2023-05-10 03:24:02,0.10176,16.28516,16.28516,0.00000
2023-05-10 03:24:03,0.11292,18.07031,18.07031,0.00000
2023-05-10 03:24:04,0.09825,-65517.18359,-65517.18359,0.00000
2023-05-10 03:24:05,0.09774,15.79421,15.79421,0.00000
2023-05-10 03:24:06,0.09687,15.68623,15.68623,0.00000
2023-05-10 03:24:07,0.11355,18.24315,18.24315,0.00000
2023-05-10 03:24:08,0.09586,15.06541,15.06541,0.00000
2023-05-10 03:24:09,0.10750,16.86812,16.86812,0.00000
2023-05-10 03:24:10,0.10401,16.76909,16.76909,0.00000
2023-05-10 03:24:11,0.09799,16.02208,16.02208,0.00000
2023-05-10 03:24:12,0.08584,14.64874,14.64874,0.00000
2023-05-10 03:24:13,0.10526,15.97887,15.97887,0.00000
2023-05-10 03:24:14,0.10813,17.15228,17.15228,0.00000
2023-05-10 03:24:15,0.09975,15.66878,15.66878,0.00000
2023-05-10 03:24:16,0.08960,14.58473,14.58473,0.00000
2023-05-10 03:24:17,0.11125,16.79587,16.79587,0.00000
2023-05-10 03:24:18,0.11244,17.42685,17.42685,0.00000
2023-05-10 03:24:19,0.09712,15.48657,15.48657,0.00000
2023-05-10 03:24:20,0.09987,15.79317,15.79317,0.00000
2023-05-10 03:24:21,0.13517,19.31610,19.31610,0.00000
2023-05-10 03:24:22,0.09586,15.66971,15.66971,0.00000
2023-05-10 03:24:23,0.09712,15.54959,15.54959,0.00000
2023-05-10 03:24:24,0.09724,15.52008,15.52008,0.00000
2023-05-10 03:24:25,0.09837,16.12057,16.12057,0.00000
2023-05-10 03:24:26,0.09524,15.43115,15.43115,0.00000
2023-05-10 03:24:27,0.08937,14.78162,14.78162,0.00000
2023-05-10 03:24:28,0.11216,17.26727,17.26727,0.00000
2023-05-10 03:24:29,0.10388,16.47641,16.47641,0.00000
2023-05-10 03:24:30,0.08647,14.22198,14.22198,0.00000
2023-05-10 03:24:31,0.09825,15.70349,15.70349,0.00000
2023-05-10 03:24:32,0.10951,17.27240,17.27240,0.00000
2023-05-10 03:24:33,0.09975,15.66272,15.66272,0.00000
2023-05-10 03:24:34,0.08573,14.34302,14.34302,0.00000
2023-05-10 03:24:35,0.11014,17.44833,17.44833,0.00000
2023-05-10 03:24:36,0.10902,16.91000,16.91000,0.00000
2023-05-10 03:24:37,0.09900,15.68860,15.68860,0.00000
2023-05-10 03:24:38,0.09987,15.52716,15.52716,0.00000
2023-05-10 03:24:39,0.12406,18.93750,18.93750,0.00000
2023-05-10 03:24:40,0.09536,15.54102,15.54102,0.00000
2023-05-10 03:24:41,0.09637,15.66077,15.66077,0.00000
2023-05-10 03:24:42,0.09524,15.66479,15.66479,0.00000
2023-05-10 03:24:43,0.09912,16.37384,16.37384,0.00000
2023-05-10 03:24:44,0.09536,15.20709,15.20709,0.00000
2023-05-10 03:24:45,0.09085,14.76105,14.76105,0.00000
2023-05-10 03:24:46,0.11153,17.12274,17.12274,0.00000
2023-05-10 03:24:47,0.10714,16.30890,16.30890,0.00000
2023-05-10 03:24:48,0.08772,14.48822,14.48822,0.00000
2023-05-10 03:24:49,0.09637,15.10199,15.10199,0.00000
2023-05-10 03:24:50,0.11076,16.78235,16.78235,0.00000
2023-05-10 03:24:51,0.10075,15.63843,15.63843,0.00000
2023-05-10 03:24:52,0.08772,13.96747,13.96747,0.00000
2023-05-10 03:24:53,0.11076,17.05609,17.05609,0.00000
2023-05-10 03:24:54,0.11090,17.39581,17.39581,0.00000
2023-05-10 03:24:55,0.09661,15.45435,15.45435,0.00000
2023-05-10 03:24:56,0.09887,15.86829,15.86829,0.00000
2023-05-10 03:24:57,0.12469,19.45715,19.45715,0.00000
2023-05-10 03:24:58,0.09649,15.49091,15.49091,0.00000
2023-05-10 03:24:59,0.10338,16.51563,16.51563,0.00000
2023-05-10 03:25:00,0.10875,16.60535,16.60535,0.00000
2023-05-10 03:25:01,0.11244,18.23010,18.23010,0.00000
2023-05-10 03:25:02,0.11765,18.83270,18.83270,0.00000
2023-05-10 03:25:03,0.09449,15.38464,15.38464,0.00000
2023-05-10 03:25:04,0.10777,17.29871,17.29871,0.00000
2023-05-10 03:25:05,0.10741,16.39166,16.39166,0.00000
2023-05-10 03:25:06,0.08886,14.14001,14.14001,0.00000
2023-05-10 03:25:07,0.09712,15.62897,15.62897,0.00000
2023-05-10 03:25:08,0.10526,16.92200,16.92200,0.00000
2023-05-10 03:25:09,0.09900,15.43140,15.43140,0.00000
2023-05-10 03:25:10,0.08875,14.20471,14.20471,0.00000
2023-05-10 03:25:11,0.11529,18.34302,18.34302,0.00000
2023-05-10 03:25:12,0.10526,16.25598,16.25598,0.00000
2023-05-10 03:25:13,0.09336,14.83887,14.83887,0.00000
2023-05-10 03:25:14,0.09962,15.50940,15.50940,0.00000
2023-05-10 03:25:15,0.10589,16.82886,16.82886,0.00000
2023-05-10 03:25:16,0.09787,15.45190,15.45190,0.00000
2023-05-10 03:25:17,0.08886,13.99585,13.99585,0.00000
2023-05-10 03:25:18,0.10826,16.34949,16.34949,0.00000
2023-05-10 03:25:19,0.10589,16.52527,16.52527,0.00000
2023-05-10 03:25:20,0.10388,15.73560,15.73560,0.00000
2023-05-10 03:25:21,0.10100,15.36292,15.36292,0.00000
2023-05-10 03:25:22,0.11418,18.40015,18.40015,0.00000
2023-05-10 03:25:23,0.09787,15.52637,15.52637,0.00000
2023-05-10 03:25:24,0.09825,15.07703,15.07703,0.00000
2023-05-10 03:25:25,0.09700,15.69958,15.69958,0.00000
2023-05-10 03:25:26,0.11591,18.61841,18.61841,0.00000
2023-05-10 03:25:27,0.09273,15.05176,15.05176,0.00000
2023-05-10 03:25:28,0.09000,14.39856,14.39856,0.00000
2023-05-10 03:25:29,0.11529,17.67725,17.67725,0.00000
2023-05-10 03:25:30,0.10889,17.00952,17.00952,0.00000
2023-05-10 03:25:31,0.08647,14.04578,14.04578,0.00000
2023-05-10 03:25:32,0.09975,15.43835,15.43835,0.00000
2023-05-10 03:25:33,0.11167,17.61572,17.61572,0.00000
2023-05-10 03:25:34,0.09862,15.49036,15.49036,0.00000
2023-05-10 03:25:35,0.08978,14.33484,14.33484,0.00000
2023-05-10 03:25:36,0.10289,16.36511,16.36511,0.00000
2023-05-10 03:25:37,0.10965,17.01831,17.01831,0.00000
2023-05-10 03:25:38,0.09912,15.41455,15.41455,0.00000
2023-05-10 03:25:39,0.09962,15.55078,15.55078,0.00000
2023-05-10 03:25:40,0.12845,18.87781,18.87781,0.00000
2023-05-10 03:25:41,0.09637,15.76587,15.76587,0.00000
2023-05-10 03:25:42,0.09837,15.71472,15.71472,0.00000
2023-05-10 03:25:43,0.09700,15.50452,15.50452,0.00000
2023-05-10 03:25:44,0.11591,18.29468,18.29468,0.00000
2023-05-10 03:25:45,0.09148,14.83179,14.83179,0.00000
2023-05-10 03:25:46,0.09962,15.65076,15.65076,0.00000
2023-05-10 03:25:47,0.10338,17.35168,17.35168,0.00000
2023-05-10 03:25:48,0.09887,15.84497,15.84497,0.00000
2023-05-10 03:25:49,0.08606,14.24133,14.24133,0.00000
2023-05-10 03:25:50,0.09813,15.38721,15.38721,0.00000
2023-05-10 03:25:51,0.10875,17.05066,17.05066,0.00000
2023-05-10 03:25:52,0.09900,15.54333,15.54333,0.00000
2023-05-10 03:25:53,0.08532,14.25061,14.25061,0.00000
2023-05-10 03:25:54,0.10889,16.57568,16.57568,0.00000
2023-05-10 03:25:55,0.10951,17.06372,17.06372,0.00000
2023-05-10 03:25:56,0.09586,15.57300,15.57300,0.00000
2023-05-10 03:25:57,0.10088,15.72339,15.72339,0.00000
2023-05-10 03:25:58,0.11404,17.95752,17.95752,0.00000
2023-05-10 03:25:59,0.10125,15.96204,15.96204,0.00000
2023-05-10 03:26:00,0.09598,15.30078,15.30078,0.00000
2023-05-10 03:26:01,0.09849,15.54456,15.54456,0.00000
2023-05-10 03:26:02,0.11640,18.51758,18.51758,0.00000
2023-05-10 03:26:03,0.09712,15.32495,15.32495,0.00000
2023-05-10 03:26:04,0.08960,14.71155,14.71155,0.00000
2023-05-10 03:26:05,0.12093,18.71533,18.71533,0.00000
2023-05-10 03:26:06,0.10741,16.43750,16.43750,0.00000
2023-05-10 03:26:07,0.08698,14.41333,14.41333,0.00000
2023-05-10 03:26:08,0.09962,15.12488,15.12488,0.00000
2023-05-10 03:26:09,0.10338,16.75793,16.75793,0.00000
2023-05-10 03:26:10,0.09787,15.59570,15.59570,0.00000
2023-05-10 03:26:11,0.08772,14.24817,14.24817,0.00000
2023-05-10 03:26:12,0.10714,16.10352,16.10352,0.00000
2023-05-10 03:26:13,0.11404,17.34839,17.34839,0.00000
2023-05-10 03:26:14,0.09887,15.13501,15.13501,0.00000
2023-05-10 03:26:15,0.10013,15.69458,15.69458,0.00000
2023-05-10 03:26:16,0.11418,18.32349,18.32349,0.00000
2023-05-10 03:26:17,0.09900,15.69751,15.69751,0.00000
2023-05-10 03:26:18,0.10312,15.91382,15.91382,0.00000
2023-05-10 03:26:19,0.09524,15.64941,15.64941,0.00000
2023-05-10 03:26:20,0.11529,18.45068,18.45068,0.00000
2023-05-10 03:26:21,0.09108,14.66260,14.66260,0.00000
2023-05-10 03:26:22,0.10150,15.59326,15.59326,0.00000
2023-05-10 03:26:23,0.10602,16.79272,16.79272,0.00000
2023-05-10 03:26:24,0.10889,16.45288,16.45288,0.00000
2023-05-10 03:26:25,0.10451,16.17114,16.17114,0.00000
2023-05-10 03:26:26,0.10464,16.10107,16.10107,0.00000
2023-05-10 03:26:27,0.12343,18.75342,18.75342,0.00000
2023-05-10 03:26:28,0.10826,16.39111,16.39111,0.00000
2023-05-10 03:26:29,0.10414,16.13794,16.13794,0.00000
2023-05-10 03:26:30,0.10526,16.26074,16.26074,0.00000
2023-05-10 03:26:31,0.10777,16.62378,16.62378,0.00000
2023-05-10 03:26:32,0.10289,15.96704,15.96704,0.00000
2023-05-10 03:26:33,0.11028,16.49927,16.49927,0.00000
2023-05-10 03:26:34,0.12045,18.64136,18.64136,0.00000
2023-05-10 03:26:35,0.10464,16.38745,16.38745,0.00000
2023-05-10 03:26:36,0.10763,16.17090,16.17090,0.00000
2023-05-10 03:26:37,0.10325,16.26318,16.26318,0.00000
2023-05-10 03:26:38,0.11982,18.48096,18.48096,0.00000
2023-05-10 03:26:39,0.10464,16.54468,16.54468,0.00000
2023-05-10 03:26:40,0.10513,16.52954,16.52954,0.00000
2023-05-10 03:26:41,0.11264,17.73975,17.73975,0.00000
2023-05-10 03:26:42,0.11731,18.18604,18.18604,0.00000
2023-05-10 03:26:43,0.09762,15.46216,15.46216,0.00000
2023-05-10 03:26:44,0.09712,15.43311,15.43311,0.00000
2023-05-10 03:26:45,0.12218,18.78857,18.78857,0.00000
2023-05-10 03:26:46,0.09700,15.28882,15.28882,0.00000
2023-05-10 03:26:47,0.09574,15.43237,15.43237,0.00000
2023-05-10 03:26:48,0.09962,15.52100,15.52100,0.00000
2023-05-10 03:26:49,0.09912,16.18359,16.18359,0.00000
2023-05-10 03:26:50,0.09211,15.37329,15.37329,0.00000
2023-05-10 03:26:51,0.09148,14.66650,14.66650,0.00000
2023-05-10 03:26:52,0.10979,17.66406,17.66406,0.00000
2023-05-10 03:26:53,0.10652,16.44482,16.44482,0.00000
2023-05-10 03:26:54,0.08824,14.60620,14.60620,0.00000
2023-05-10 03:26:55,0.09724,15.65820,15.65820,0.00000
2023-05-10 03:26:56,0.10451,16.97583,16.97583,0.00000
2023-05-10 03:26:57,0.09825,15.63794,15.63794,0.00000
2023-05-10 03:26:58,0.08657,14.14575,14.14575,0.00000
2023-05-10 03:26:59,0.11625,17.71509,17.71509,0.00000
2023-05-10 03:27:00,0.10763,16.58154,16.58154,0.00000
2023-05-10 03:27:01,0.08835,14.20801,14.20801,0.00000
2023-05-10 03:27:02,0.09649,15.43604,15.43604,0.00000
2023-05-10 03:27:03,0.10741,17.62158,17.62158,0.00000
2023-05-10 03:27:04,0.09862,15.78638,15.78638,0.00000
2023-05-10 03:27:05,0.08750,14.23364,14.23364,0.00000
2023-05-10 03:27:06,0.10437,15.80151,15.80151,0.00000
2023-05-10 03:27:07,0.11500,17.01514,17.01514,0.00000
2023-05-10 03:27:08,0.09611,15.29492,15.29492,0.00000
2023-05-10 03:27:09,0.09712,15.54810,15.54810,0.00000
2023-05-10 03:27:10,0.11529,18.14648,18.14648,0.00000
2023-05-10 03:27:11,0.10013,15.85229,15.85229,0.00000
2023-05-10 03:27:12,0.09774,15.93750,15.93750,0.00000
2023-05-10 03:27:13,0.10338,15.91479,15.91479,0.00000
2023-05-10 03:27:14,0.11654,18.29834,18.29834,0.00000
2023-05-10 03:27:15,0.09085,14.78320,14.78320,0.00000
2023-05-10 03:27:16,0.09774,15.35010,15.35010,0.00000
2023-05-10 03:27:17,0.16416,20.30127,20.30127,0.00000
2023-05-10 03:27:18,0.11341,17.16553,17.16553,0.00000
2023-05-10 03:27:19,0.08709,14.09229,14.09229,0.00000
2023-05-10 03:27:20,0.10025,15.19604,15.19604,0.00000
2023-05-10 03:27:21,0.11312,17.32300,17.32300,0.00000
2023-05-10 03:27:22,0.09900,15.41382,15.41382,0.00000
2023-05-10 03:27:23,0.09023,14.40137,14.40137,0.00000
2023-05-10 03:27:24,0.10138,15.30469,15.30469,0.00000
2023-05-10 03:27:25,0.09324,14.96582,14.96582,0.00000
2023-05-10 03:27:26,0.10464,16.12646,16.12646,0.00000
2023-05-10 03:27:27,0.08698,14.27515,14.27515,0.00000
2023-05-10 03:27:28,0.11688,17.83350,17.83350,0.00000
2023-05-10 03:27:29,0.10401,16.56616,16.56616,0.00000
2023-05-10 03:27:30,0.08772,14.57739,14.57739,0.00000
2023-05-10 03:27:31,0.09800,15.69263,15.69263,0.00000
2023-05-10 03:27:32,0.10714,16.88550,16.88550,0.00000
2023-05-10 03:27:33,0.10314,16.24976,16.24976,0.00000
2023-05-10 03:27:34,0.08824,14.32935,14.32935,0.00000
2023-05-10 03:27:35,0.11216,16.93140,16.93140,0.00000
2023-05-10 03:27:36,0.11529,17.67212,17.67212,0.00000
2023-05-10 03:27:37,0.10063,15.83521,15.83521,0.00000
2023-05-10 03:27:38,0.09962,15.65771,15.65771,0.00000
2023-05-10 03:27:39,0.12281,19.39185,19.39185,0.00000
2023-05-10 03:27:40,0.09649,16.04663,16.04663,0.00000
2023-05-10 03:27:41,0.09762,15.59692,15.59692,0.00000
2023-05-10 03:27:42,0.09950,16.55005,16.55005,0.00000
2023-05-10 03:27:43,0.09736,16.17236,16.17236,0.00000
2023-05-10 03:27:44,0.08835,14.78906,14.78906,0.00000
2023-05-10 03:27:45,0.09273,14.57837,14.57837,0.00000
2023-05-10 03:27:46,0.12218,18.66699,18.66699,0.00000
2023-05-10 03:27:47,0.11857,17.13257,17.13257,0.00000
2023-05-10 03:27:48,0.09085,14.35278,14.35278,0.00000
2023-05-10 03:27:49,0.09762,15.39233,15.39233,0.00000
2023-05-10 03:27:50,0.10563,16.80151,16.80151,0.00000
2023-05-10 03:27:51,0.10226,15.35596,15.35596,0.00000
2023-05-10 03:27:52,0.08897,14.24683,14.24683,0.00000
2023-05-10 03:27:53,0.11500,18.29688,18.29688,0.00000
2023-05-10 03:27:54,0.10902,16.46948,16.46948,0.00000
2023-05-10 03:27:55,0.08897,14.47046,14.47046,0.00000
2023-05-10 03:27:56,0.09598,15.43677,15.43677,0.00000
2023-05-10 03:27:57,0.10625,16.51807,16.51807,0.00000
2023-05-10 03:27:58,0.09900,15.49463,15.49463,0.00000
2023-05-10 03:27:59,0.08687,14.31787,14.31787,0.00000
2023-05-10 03:28:00,0.10763,16.24097,16.24097,0.00000
2023-05-10 03:28:01,0.10916,17.51392,17.51392,0.00000
2023-05-10 03:28:02,0.09649,15.42627,15.42627,0.00000
2023-05-10 03:28:03,0.10176,16.10107,16.10107,0.00000
2023-05-10 03:28:04,0.11750,17.88843,17.88843,0.00000
2023-05-10 03:28:05,0.10025,15.54541,15.54541,0.00000
2023-05-10 03:28:06,0.09925,15.84644,15.84644,0.00000
2023-05-10 03:28:07,0.09912,15.23291,15.23291,0.00000
2023-05-10 03:28:08,0.11717,18.72998,18.72998,0.00000
2023-05-10 03:28:09,0.08960,14.90332,14.90332,0.00000
2023-05-10 03:28:10,0.10213,16.17993,16.17993,0.00000
2023-05-10 03:28:11,0.10526,16.80054,16.80054,0.00000
2023-05-10 03:28:12,0.10163,15.61548,15.61548,0.00000
2023-05-10 03:28:13,0.09324,14.89746,14.89746,0.00000
2023-05-10 03:28:14,0.11278,17.65283,17.65283,0.00000
2023-05-10 03:28:15,0.12155,18.65234,18.65234,0.00000
2023-05-10 03:28:16,0.10477,16.17090,16.17090,0.00000
2023-05-10 03:28:17,0.08886,14.33984,14.33984,0.00000
2023-05-10 03:28:18,0.10804,17.07861,17.07861,0.00000
2023-05-10 03:28:19,0.10813,16.75781,16.75781,0.00000
2023-05-10 03:28:20,0.09586,15.75439,15.75439,0.00000
2023-05-10 03:28:21,0.09762,16.06250,16.06250,0.00000
2023-05-10 03:28:22,0.13095,19.57178,19.57178,0.00000
2023-05-10 03:28:23,0.09611,15.58398,15.58398,0.00000
2023-05-10 03:28:24,0.10088,16.18848,16.18848,0.00000
2023-05-10 03:28:25,0.09712,15.81104,15.81104,0.00000
2023-05-10 03:28:26,0.10464,16.80713,16.80713,0.00000
2023-05-10 03:28:27,0.09700,15.34082,15.34082,0.00000
2023-05-10 03:28:28,0.10889,16.95166,16.95166,0.00000
2023-05-10 03:28:29,0.10338,16.83691,16.83691,0.00000
2023-05-10 03:28:30,0.09962,15.93066,15.93066,0.00000
2023-05-10 03:28:31,0.08584,14.23047,14.23047,0.00000
2023-05-10 03:28:32,0.09825,15.33105,15.33105,0.00000
2023-05-10 03:28:33,0.10790,17.28564,17.28564,0.00000
2023-05-10 03:28:34,0.09799,15.72607,15.72607,0.00000
2023-05-10 03:28:35,0.08926,14.33252,14.33252,0.00000
2023-05-10 03:28:36,0.04831,9.01758,9.01758,0.00000
2023-05-10 03:28:37,0.06519,10.30078,10.30078,0.00000
2023-05-10 03:28:38,0.06101,8.50781,8.50781,0.00000
2023-05-10 03:28:39,0.04477,7.23291,7.23291,0.00000
2023-05-10 03:28:40,0.03947,6.62305,6.62305,0.00000
2023-05-10 03:28:41,0.02635,5.49561,5.49561,0.00000
2023-05-10 03:28:42,0.04631,8.11768,8.11768,0.00000
2023-05-10 03:28:43,0.02503,5.55469,5.55469,0.00000
2023-05-10 03:28:44,0.03195,9.05371,9.05371,0.00000
2023-05-10 03:28:45,0.02253,7.68896,7.68896,0.00000
2023-05-10 03:28:46,0.03195,8.78516,8.78516,0.00000
