Date,CPU Utilization,Total Power,CPU Power,GPU Power
2023-05-10 02:12:42,0.06713,11.34766,11.34766,0.00000
2023-05-10 02:12:43,0.09900,15.71094,15.71094,0.00000
2023-05-10 02:12:44,0.10338,15.62891,15.62891,0.00000
2023-05-10 02:12:45,0.09125,14.60156,14.60156,0.00000
2023-05-10 02:12:46,0.09887,15.50000,15.50000,0.00000
2023-05-10 02:12:47,0.10563,16.20313,16.20313,0.00000
2023-05-10 02:12:48,0.10513,16.13672,16.13672,0.00000
2023-05-10 02:12:49,0.09712,15.60547,15.60547,0.00000
2023-05-10 02:12:50,0.09598,15.28906,15.28906,0.00000
2023-05-10 02:12:51,0.11369,18.25781,18.25781,0.00000
2023-05-10 02:12:52,0.09574,15.71484,15.71484,0.00000
2023-05-10 02:12:53,0.09574,15.57031,15.57031,0.00000
2023-05-10 02:12:54,0.09574,15.75000,15.75000,0.00000
2023-05-10 02:12:55,0.09938,16.17188,16.17188,0.00000
2023-05-10 02:12:56,0.10000,16.16406,16.16406,0.00000
2023-05-10 02:12:57,0.09148,15.44922,15.44922,0.00000
2023-05-10 02:12:58,0.10563,16.96484,16.96484,0.00000
2023-05-10 02:12:59,0.09574,14.82422,14.82422,0.00000
2023-05-10 02:13:00,0.08647,13.98047,13.98047,0.00000
2023-05-10 02:13:01,0.09849,15.85938,15.85938,0.00000
2023-05-10 02:13:02,0.10213,16.60547,16.60547,0.00000
2023-05-10 02:13:03,0.09649,15.23438,15.23438,0.00000
2023-05-10 02:13:04,0.08875,14.20703,14.20703,0.00000
2023-05-10 02:13:05,0.10589,17.03125,17.03125,0.00000
2023-05-10 02:13:06,0.11355,16.70313,16.70313,0.00000
2023-05-10 02:13:07,0.09586,14.85156,14.85156,0.00000
2023-05-10 02:13:08,0.09512,15.42969,15.42969,0.00000
2023-05-10 02:13:09,0.11028,18.19531,18.19531,0.00000
2023-05-10 02:13:10,0.09762,15.81641,15.81641,0.00000
2023-05-10 02:13:11,0.10013,15.48438,15.48438,0.00000
2023-05-10 02:13:12,0.09687,15.63672,15.63672,0.00000
2023-05-10 02:13:13,0.11606,18.32422,18.32422,0.00000
2023-05-10 02:13:14,0.09336,15.63672,15.63672,0.00000
2023-05-10 02:13:15,0.09023,14.98047,14.98047,0.00000
2023-05-10 02:13:16,0.10965,17.68359,17.68359,0.00000
2023-05-10 02:13:17,0.10437,16.32031,16.32031,0.00000
2023-05-10 02:13:18,0.08469,14.33203,14.33203,0.00000
2023-05-10 02:13:19,0.09813,15.44531,15.44531,0.00000
2023-05-10 02:13:20,0.10338,16.59375,16.59375,0.00000
2023-05-10 02:13:21,0.10088,15.50391,15.50391,0.00000
2023-05-10 02:13:22,0.08750,14.32031,14.32031,0.00000
2023-05-10 02:13:23,0.10665,16.74219,16.74219,0.00000
2023-05-10 02:13:24,0.11216,17.16406,17.16406,0.00000
2023-05-10 02:13:25,0.09813,15.12891,15.12891,0.00000
2023-05-10 02:13:26,0.10302,15.93359,15.93359,0.00000
2023-05-10 02:13:27,0.12078,18.21094,18.21094,0.00000
2023-05-10 02:13:28,0.09700,15.97656,15.97656,0.00000
2023-05-10 02:13:29,0.09524,15.44141,15.44141,0.00000
2023-05-10 02:13:30,0.09750,16.27734,16.27734,0.00000
2023-05-10 02:13:31,0.11028,17.58984,17.58984,0.00000
2023-05-10 02:13:32,0.09649,15.69141,15.69141,0.00000
2023-05-10 02:13:33,0.09449,15.03125,15.03125,0.00000
2023-05-10 02:13:34,0.11375,17.64844,17.64844,0.00000
2023-05-10 02:13:35,0.09586,15.16016,15.16016,0.00000
2023-05-10 02:13:36,0.08469,14.30859,14.30859,0.00000
2023-05-10 02:13:37,0.09813,15.50391,15.50391,0.00000
2023-05-10 02:13:38,0.10276,16.42969,16.42969,0.00000
2023-05-10 02:13:39,0.09649,15.46484,15.46484,0.00000
2023-05-10 02:13:40,0.09011,14.28516,14.28516,0.00000
2023-05-10 02:13:41,0.11167,17.45313,17.45313,0.00000
2023-05-10 02:13:42,0.10263,15.97266,15.97266,0.00000
2023-05-10 02:13:43,0.08886,14.45703,14.45703,0.00000
2023-05-10 02:13:44,0.09875,15.42578,15.42578,0.00000
2023-05-10 02:13:45,0.10150,16.65625,16.65625,0.00000
2023-05-10 02:13:46,0.10025,15.57422,15.57422,0.00000
2023-05-10 02:13:47,0.08584,14.11328,14.11328,0.00000
2023-05-10 02:13:48,0.10437,16.15625,16.15625,0.00000
2023-05-10 02:13:49,0.10714,16.27734,16.27734,0.00000
2023-05-10 02:13:50,0.09962,15.19141,15.19141,0.00000
2023-05-10 02:13:51,0.09637,15.24219,15.24219,0.00000
2023-05-10 02:13:52,0.11779,18.10547,18.10547,0.00000
2023-05-10 02:13:53,0.09461,15.95703,15.95703,0.00000
2023-05-10 02:13:54,0.09813,15.74609,15.74609,0.00000
2023-05-10 02:13:55,0.09348,15.69531,15.69531,0.00000
2023-05-10 02:13:56,0.11920,18.50781,18.50781,0.00000
2023-05-10 02:13:57,0.09586,15.54688,15.54688,0.00000
2023-05-10 02:13:58,0.09211,14.90234,14.90234,0.00000
2023-05-10 02:13:59,0.10813,17.35547,17.35547,0.00000
2023-05-10 02:14:00,0.10401,15.77344,15.77344,0.00000
2023-05-10 02:14:01,0.08657,14.60547,14.60547,0.00000
2023-05-10 02:14:02,0.09750,15.25391,15.25391,0.00000
2023-05-10 02:14:03,0.10213,16.76172,16.76172,0.00000
2023-05-10 02:14:04,0.09837,16.02734,16.02734,0.00000
2023-05-10 02:14:05,0.08824,14.10938,14.10938,0.00000
2023-05-10 02:14:06,0.11202,17.38281,17.38281,0.00000
2023-05-10 02:14:07,0.10665,16.48438,16.48438,0.00000
2023-05-10 02:14:08,0.08687,14.05469,14.05469,0.00000
2023-05-10 02:14:09,0.09524,15.23828,15.23828,0.00000
2023-05-10 02:14:10,0.10589,16.71875,16.71875,0.00000
2023-05-10 02:14:11,0.09900,15.43359,15.43359,0.00000
2023-05-10 02:14:12,0.08709,14.42578,14.42578,0.00000
2023-05-10 02:14:13,0.10513,15.59375,15.59375,0.00000
2023-05-10 02:14:14,0.11438,17.84375,17.84375,0.00000
2023-05-10 02:14:15,0.11278,16.59766,16.59766,0.00000
2023-05-10 02:14:16,0.09787,16.10156,16.10156,0.00000
2023-05-10 02:14:17,0.11104,18.05859,18.05859,0.00000
2023-05-10 02:14:18,0.09900,15.79297,15.79297,0.00000
2023-05-10 02:14:19,0.09524,15.52344,15.52344,0.00000
2023-05-10 02:14:20,0.09598,15.53125,15.53125,0.00000
2023-05-10 02:14:21,0.11452,18.08984,18.08984,0.00000
2023-05-10 02:14:22,0.09074,15.04297,15.04297,0.00000
2023-05-10 02:14:23,0.09188,14.80469,14.80469,0.00000
2023-05-10 02:14:24,0.11203,17.29688,17.29688,0.00000
2023-05-10 02:14:25,0.09762,15.29688,15.29688,0.00000
2023-05-10 02:14:26,0.09085,14.84375,14.84375,0.00000
2023-05-10 02:14:27,0.09712,15.78125,15.78125,0.00000
2023-05-10 02:14:28,0.10464,17.07031,17.07031,0.00000
2023-05-10 02:14:29,0.09774,15.32813,15.32813,0.00000
2023-05-10 02:14:30,0.08875,14.43359,14.43359,0.00000
2023-05-10 02:14:31,0.10401,16.57031,16.57031,0.00000
2023-05-10 02:14:32,0.10338,16.84766,16.84766,0.00000
2023-05-10 02:14:33,0.10200,15.66797,15.66797,0.00000
2023-05-10 02:14:34,0.09900,15.40625,15.40625,0.00000
2023-05-10 02:14:35,0.12469,18.25000,18.25000,0.00000
2023-05-10 02:14:36,0.09524,15.08203,15.08203,0.00000
2023-05-10 02:14:37,0.09687,15.66016,15.66016,0.00000
2023-05-10 02:14:38,0.09774,15.31641,15.31641,0.00000
2023-05-10 02:14:39,0.11244,17.91016,17.91016,0.00000
2023-05-10 02:14:40,0.09097,14.55469,14.55469,0.00000
2023-05-10 02:14:41,0.09011,14.72266,14.72266,0.00000
2023-05-10 02:14:42,0.11375,17.87500,17.87500,0.00000
2023-05-10 02:14:43,0.10401,15.83984,15.83984,0.00000
2023-05-10 02:14:44,0.08687,13.83203,13.83203,0.00000
2023-05-10 02:14:45,0.10276,15.40234,15.40234,0.00000
2023-05-10 02:14:46,0.10464,16.78906,16.78906,0.00000
2023-05-10 02:14:47,0.10088,15.92578,15.92578,0.00000
2023-05-10 02:14:48,0.09387,15.20703,15.20703,0.00000
2023-05-10 02:14:49,0.10589,16.73438,16.73438,0.00000
2023-05-10 02:14:50,0.10576,16.62109,16.62109,0.00000
2023-05-10 02:14:51,0.09712,15.33594,15.33594,0.00000
2023-05-10 02:14:52,0.09724,15.88672,15.88672,0.00000
2023-05-10 02:14:53,0.11905,18.60547,18.60547,0.00000
2023-05-10 02:14:54,0.09887,15.65625,15.65625,0.00000
2023-05-10 02:14:55,0.09611,15.97656,15.97656,0.00000
2023-05-10 02:14:56,0.10867,17.50000,17.50000,0.00000
2023-05-10 02:14:57,0.11466,17.86328,17.86328,0.00000
2023-05-10 02:14:58,0.09637,15.50391,15.50391,0.00000
2023-05-10 02:14:59,0.08908,14.83984,14.83984,0.00000
2023-05-10 02:15:00,0.11202,17.51172,17.51172,0.00000
2023-05-10 02:15:01,0.10540,16.72266,16.72266,0.00000
2023-05-10 02:15:02,0.08761,14.20313,14.20313,0.00000
2023-05-10 02:15:03,0.10088,15.44922,15.44922,0.00000
2023-05-10 02:15:04,0.10750,17.05859,17.05859,0.00000
2023-05-10 02:15:05,0.09712,15.49219,15.49219,0.00000
2023-05-10 02:15:06,0.08657,14.26563,14.26563,0.00000
2023-05-10 02:15:07,0.11389,17.59375,17.59375,0.00000
2023-05-10 02:15:08,0.10401,15.76172,15.76172,0.00000
2023-05-10 02:15:09,0.08657,14.12500,14.12500,0.00000
2023-05-10 02:15:10,0.09950,15.53906,15.53906,0.00000
2023-05-10 02:15:11,0.10526,16.54688,16.54688,0.00000
2023-05-10 02:15:12,0.09712,15.51172,15.51172,0.00000
2023-05-10 02:15:13,0.09023,14.43359,14.43359,0.00000
2023-05-10 02:15:14,0.10701,16.80078,16.80078,0.00000
2023-05-10 02:15:15,0.10477,16.42969,16.42969,0.00000
2023-05-10 02:15:16,0.09837,15.68359,15.68359,0.00000
2023-05-10 02:15:17,0.09586,15.43750,15.43750,0.00000
2023-05-10 02:15:18,0.12500,18.78125,18.78125,0.00000
2023-05-10 02:15:19,0.09598,15.46484,15.46484,0.00000
2023-05-10 02:15:20,0.09536,15.91406,15.91406,0.00000
2023-05-10 02:15:21,0.09825,15.55078,15.55078,0.00000
2023-05-10 02:15:22,0.09900,15.72266,15.72266,0.00000
2023-05-10 02:15:23,0.09273,14.91016,14.91016,0.00000
2023-05-10 02:15:24,0.10652,16.67969,16.67969,0.00000
2023-05-10 02:15:25,0.10150,16.61328,16.61328,0.00000
2023-05-10 02:15:26,0.10401,15.97656,15.97656,0.00000
2023-05-10 02:15:27,0.08886,14.48828,14.48828,0.00000
2023-05-10 02:15:28,0.10000,15.79297,15.79297,0.00000
2023-05-10 02:15:29,0.10388,16.63672,16.63672,0.00000
2023-05-10 02:15:30,0.10088,15.39453,15.39453,0.00000
2023-05-10 02:15:31,0.08687,14.26953,14.26953,0.00000
2023-05-10 02:15:32,0.10902,17.01563,17.01563,0.00000
2023-05-10 02:15:33,0.10992,17.00000,17.00000,0.00000
2023-05-10 02:15:34,0.10088,15.63281,15.63281,0.00000
2023-05-10 02:15:35,0.10652,15.82422,15.82422,0.00000
2023-05-10 02:15:36,0.11404,17.78906,17.78906,0.00000
2023-05-10 02:15:37,0.09774,15.52344,15.52344,0.00000
2023-05-10 02:15:38,0.09762,15.37891,15.37891,0.00000
2023-05-10 02:15:39,0.09925,15.76953,15.76953,0.00000
2023-05-10 02:15:40,0.11563,17.80859,17.80859,0.00000
2023-05-10 02:15:41,0.09750,15.58984,15.58984,0.00000
2023-05-10 02:15:42,0.09700,15.61328,15.61328,0.00000
2023-05-10 02:15:43,0.11292,17.71484,17.71484,0.00000
2023-05-10 02:15:44,0.09410,15.00391,15.00391,0.00000
2023-05-10 02:15:45,0.09034,14.57813,14.57813,0.00000
2023-05-10 02:15:46,0.10138,15.51172,15.51172,0.00000
2023-05-10 02:15:47,0.16583,24.80469,24.80469,0.00000
2023-05-10 02:15:48,0.10113,15.78516,15.78516,0.00000
2023-05-10 02:15:49,0.08875,13.95703,13.95703,0.00000
2023-05-10 02:15:50,0.11591,18.01172,18.01172,0.00000
2023-05-10 02:15:51,0.10589,16.15234,16.15234,0.00000
2023-05-10 02:15:52,0.08709,14.31250,14.31250,0.00000
2023-05-10 02:15:53,0.09548,15.24219,15.24219,0.00000
2023-05-10 02:15:54,0.10813,16.28516,16.28516,0.00000
2023-05-10 02:15:55,0.09787,14.98047,14.98047,0.00000
2023-05-10 02:15:56,0.09211,14.69531,14.69531,0.00000
2023-05-10 02:15:57,0.09712,15.59375,15.59375,0.00000
2023-05-10 02:15:58,0.08772,14.42188,14.42188,0.00000
2023-05-10 02:15:59,0.10200,15.90234,15.90234,0.00000
2023-05-10 02:16:00,0.08647,13.96484,13.96484,0.00000
2023-05-10 02:16:01,0.11418,17.64844,17.64844,0.00000
2023-05-10 02:16:02,0.10513,15.58594,15.58594,0.00000
2023-05-10 02:16:03,0.08647,14.09766,14.09766,0.00000
2023-05-10 02:16:04,0.09712,15.60547,15.60547,0.00000
2023-05-10 02:16:05,0.10652,17.06250,17.06250,0.00000
2023-05-10 02:16:06,0.09661,15.40625,15.40625,0.00000
2023-05-10 02:16:07,0.08698,14.20313,14.20313,0.00000
2023-05-10 02:16:08,0.10714,16.93750,16.93750,0.00000
2023-05-10 02:16:09,0.11250,17.50781,17.50781,0.00000
2023-05-10 02:16:10,0.09712,15.59375,15.59375,0.00000
2023-05-10 02:16:11,0.09774,15.41797,15.41797,0.00000
2023-05-10 02:16:12,0.12484,18.50391,18.50391,0.00000
2023-05-10 02:16:13,0.10113,16.20313,16.20313,0.00000
2023-05-10 02:16:14,0.09661,15.58984,15.58984,0.00000
2023-05-10 02:16:15,0.10063,16.21094,16.21094,0.00000
2023-05-10 02:16:16,0.11104,17.76563,17.76563,0.00000
2023-05-10 02:16:17,0.09837,15.85547,15.85547,0.00000
2023-05-10 02:16:18,0.09336,14.69922,14.69922,0.00000
2023-05-10 02:16:19,0.12719,19.04297,19.04297,0.00000
2023-05-10 02:16:20,0.10401,16.09375,16.09375,0.00000
2023-05-10 02:16:21,0.08584,14.19141,14.19141,0.00000
2023-05-10 02:16:22,0.10150,15.41797,15.41797,0.00000
2023-05-10 02:16:23,0.10540,16.85156,16.85156,0.00000
2023-05-10 02:16:24,0.09900,15.03125,15.03125,0.00000
2023-05-10 02:16:25,0.08812,14.28906,14.28906,0.00000
2023-05-10 02:16:26,0.11809,18.44531,18.44531,0.00000
2023-05-10 02:16:27,0.10388,16.24219,16.24219,0.00000
2023-05-10 02:16:28,0.08698,14.04297,14.04297,0.00000
2023-05-10 02:16:29,0.09536,15.33594,15.33594,0.00000
2023-05-10 02:16:30,0.10388,16.49609,16.49609,0.00000
2023-05-10 02:16:31,0.09837,15.45703,15.45703,0.00000
2023-05-10 02:16:32,0.09000,14.26953,14.26953,0.00000
2023-05-10 02:16:33,0.10176,16.44531,16.44531,0.00000
2023-05-10 02:16:34,0.10826,16.86328,16.86328,0.00000
2023-05-10 02:16:35,0.09649,15.26172,15.26172,0.00000
2023-05-10 02:16:36,0.09787,15.62500,15.62500,0.00000
2023-05-10 02:16:37,0.12687,19.35938,19.35938,0.00000
2023-05-10 02:16:38,0.09900,15.62891,15.62891,0.00000
2023-05-10 02:16:39,0.09825,15.73828,15.73828,0.00000
2023-05-10 02:16:40,0.09548,15.37109,15.37109,0.00000
2023-05-10 02:16:41,0.11466,18.13672,18.13672,0.00000
2023-05-10 02:16:42,0.09085,14.55078,14.55078,0.00000
2023-05-10 02:16:43,0.10930,16.94922,16.94922,0.00000
2023-05-10 02:16:44,0.10563,16.94922,16.94922,0.00000
2023-05-10 02:16:45,0.09938,15.51172,15.51172,0.00000
2023-05-10 02:16:46,0.09398,14.81250,14.81250,0.00000
2023-05-10 02:16:47,0.09637,15.37109,15.37109,0.00000
2023-05-10 02:16:48,0.10401,16.68359,16.68359,0.00000
2023-05-10 02:16:49,0.10025,15.83984,15.83984,0.00000
2023-05-10 02:16:50,0.09586,15.19531,15.19531,0.00000
2023-05-10 02:16:51,0.10777,16.69141,16.69141,0.00000
2023-05-10 02:16:52,0.11529,17.80859,17.80859,0.00000
2023-05-10 02:16:53,0.09687,15.45703,15.45703,0.00000
2023-05-10 02:16:54,0.09548,15.53516,15.53516,0.00000
2023-05-10 02:16:55,0.12171,17.87500,17.87500,0.00000
2023-05-10 02:16:56,0.10589,16.57422,16.57422,0.00000
2023-05-10 02:16:57,0.09774,15.75391,15.75391,0.00000
2023-05-10 02:16:58,0.10088,15.58984,15.58984,0.00000
2023-05-10 02:16:59,0.11153,17.53516,17.53516,0.00000
2023-05-10 02:17:00,0.09461,15.55078,15.55078,0.00000
2023-05-10 02:17:01,0.09188,14.53125,14.53125,0.00000
2023-05-10 02:17:02,0.11216,17.69141,17.69141,0.00000
2023-05-10 02:17:03,0.10500,16.01953,16.01953,0.00000
2023-05-10 02:17:04,0.08772,14.00781,14.00781,0.00000
2023-05-10 02:17:05,0.10000,15.21094,15.21094,0.00000
2023-05-10 02:17:06,0.10513,16.93750,16.93750,0.00000
2023-05-10 02:17:07,0.09586,15.25000,15.25000,0.00000
2023-05-10 02:17:08,0.08897,14.54297,14.54297,0.00000
2023-05-10 02:17:09,0.11563,17.51563,17.51563,0.00000
2023-05-10 02:17:10,0.10401,16.35156,16.35156,0.00000
2023-05-10 02:17:11,0.08761,14.11328,14.11328,0.00000
2023-05-10 02:17:12,0.09473,15.19922,15.19922,0.00000
2023-05-10 02:17:13,0.11153,16.90625,16.90625,0.00000
2023-05-10 02:17:14,0.09862,15.85156,15.85156,0.00000
2023-05-10 02:17:15,0.08750,14.33594,14.33594,0.00000
2023-05-10 02:17:16,0.10276,16.03125,16.03125,0.00000
2023-05-10 02:17:17,0.10965,17.28516,17.28516,0.00000
2023-05-10 02:17:18,0.09712,15.48047,15.48047,0.00000
2023-05-10 02:17:19,0.09712,15.71875,15.71875,0.00000
2023-05-10 02:17:20,0.11654,18.03906,18.03906,0.00000
2023-05-10 02:17:21,0.09787,15.72266,15.72266,0.00000
2023-05-10 02:17:22,0.10200,15.75781,15.75781,0.00000
2023-05-10 02:17:23,0.09649,15.60547,15.60547,0.00000
2023-05-10 02:17:24,0.11292,18.28906,18.28906,0.00000
2023-05-10 02:17:25,0.09324,15.04688,15.04688,0.00000
2023-05-10 02:17:26,0.11418,16.97656,16.97656,0.00000
2023-05-10 02:17:27,0.11076,16.55859,16.55859,0.00000
2023-05-10 02:17:28,0.09787,15.58203,15.58203,0.00000
2023-05-10 02:17:29,0.08584,14.22656,14.22656,0.00000
2023-05-10 02:17:30,0.09912,15.27344,15.27344,0.00000
2023-05-10 02:17:31,0.10325,16.78125,16.78125,0.00000
2023-05-10 02:17:32,0.09987,16.27734,16.27734,0.00000
2023-05-10 02:17:33,0.08573,14.65625,14.65625,0.00000
2023-05-10 02:17:34,0.10951,16.55859,16.55859,0.00000
2023-05-10 02:17:35,0.11153,-65515.67578,-65515.67578,0.00000
2023-05-10 02:17:36,0.09536,15.32198,15.32198,0.00000
2023-05-10 02:17:37,0.09637,15.68312,15.68312,0.00000
2023-05-10 02:17:38,0.12891,19.26620,19.26620,0.00000
2023-05-10 02:17:39,0.09912,15.48660,15.48660,0.00000
2023-05-10 02:17:40,0.09712,15.46043,15.46043,0.00000
2023-05-10 02:17:41,0.09687,15.56875,15.56875,0.00000
2023-05-10 02:17:42,0.09925,16.11926,16.11926,0.00000
2023-05-10 02:17:43,0.09398,14.92957,14.92957,0.00000
2023-05-10 02:17:44,0.09199,14.90527,14.90527,0.00000
2023-05-10 02:17:45,0.10979,17.70776,17.70776,0.00000
2023-05-10 02:17:46,0.10576,16.17467,16.17467,0.00000
2023-05-10 02:17:47,0.08647,14.36137,14.36137,0.00000
2023-05-10 02:17:48,0.09649,15.27443,15.27443,0.00000
2023-05-10 02:17:49,0.10625,16.75488,16.75488,0.00000
2023-05-10 02:17:50,0.09987,16.00639,16.00639,0.00000
2023-05-10 02:17:51,0.08573,14.14696,14.14696,0.00000
2023-05-10 02:17:52,0.11028,17.35214,17.35214,0.00000
2023-05-10 02:17:53,0.10965,17.26953,17.26953,0.00000
2023-05-10 02:17:54,0.09548,15.44434,15.44434,0.00000
2023-05-10 02:17:55,0.09837,15.19019,15.19019,0.00000
2023-05-10 02:17:56,0.12703,19.40457,19.40457,0.00000
2023-05-10 02:17:57,0.10226,16.17081,16.17081,0.00000
2023-05-10 02:17:58,0.09774,16.00864,16.00864,0.00000
2023-05-10 02:17:59,0.09661,15.48959,15.48959,0.00000
2023-05-10 02:18:00,0.09900,16.07819,16.07819,0.00000
2023-05-10 02:18:01,0.09473,15.29816,15.29816,0.00000
2023-05-10 02:18:02,0.09324,15.13736,15.13736,0.00000
2023-05-10 02:18:03,0.11794,18.32568,18.32568,0.00000
2023-05-10 02:18:04,0.10464,16.45203,16.45203,0.00000
2023-05-10 02:18:05,0.08687,14.18515,14.18515,0.00000
2023-05-10 02:18:06,0.09837,15.22369,15.22369,0.00000
2023-05-10 02:18:07,0.10490,16.63284,16.63284,0.00000
2023-05-10 02:18:08,0.09912,15.69202,15.69202,0.00000
2023-05-10 02:18:09,0.08812,14.24036,14.24036,0.00000
2023-05-10 02:18:10,0.11028,17.26526,17.26526,0.00000
2023-05-10 02:18:11,0.11041,16.99194,16.99194,0.00000
2023-05-10 02:18:12,0.09900,15.13989,15.13989,0.00000
2023-05-10 02:18:13,0.10088,15.58575,15.58575,0.00000
2023-05-10 02:18:14,0.12719,18.89862,18.89862,0.00000
2023-05-10 02:18:15,0.09422,15.31781,15.31781,0.00000
2023-05-10 02:18:16,0.09661,15.41052,15.41052,0.00000
2023-05-10 02:18:17,0.09712,15.36334,15.36334,0.00000
2023-05-10 02:18:18,0.10025,15.88641,15.88641,0.00000
2023-05-10 02:18:19,0.09598,15.17438,15.17438,0.00000
2023-05-10 02:18:20,0.09262,14.69952,14.69952,0.00000
2023-05-10 02:18:21,0.11827,18.23090,18.23090,0.00000
2023-05-10 02:18:22,0.10338,16.44849,16.44849,0.00000
2023-05-10 02:18:23,0.08709,14.09503,14.09503,0.00000
2023-05-10 02:18:24,0.09787,15.64081,15.64081,0.00000
2023-05-10 02:18:25,0.10589,16.64008,16.64008,0.00000
2023-05-10 02:18:26,0.09837,16.09906,16.09906,0.00000
2023-05-10 02:18:27,0.09273,14.67944,14.67944,0.00000
2023-05-10 02:18:28,0.10790,16.76947,16.76947,0.00000
2023-05-10 02:18:29,0.11375,17.18500,17.18500,0.00000
2023-05-10 02:18:30,0.09712,15.40704,15.40704,0.00000
2023-05-10 02:18:31,0.09586,15.61859,15.61859,0.00000
2023-05-10 02:18:32,0.12610,19.35455,19.35455,0.00000
2023-05-10 02:18:33,0.09598,15.54370,15.54370,0.00000
2023-05-10 02:18:34,0.09700,15.58862,15.58862,0.00000
2023-05-10 02:18:35,0.09524,15.72406,15.72406,0.00000
2023-05-10 02:18:36,0.09900,16.27386,16.27386,0.00000
2023-05-10 02:18:37,0.09222,15.25989,15.25989,0.00000
2023-05-10 02:18:38,0.09148,14.95410,14.95410,0.00000
2023-05-10 02:18:39,0.11076,17.95856,17.95856,0.00000
2023-05-10 02:18:40,0.10351,16.19299,16.19299,0.00000
2023-05-10 02:18:41,0.08698,14.47681,14.47681,0.00000
2023-05-10 02:18:42,0.09700,15.56995,15.56995,0.00000
2023-05-10 02:18:43,0.10451,16.69568,16.69568,0.00000
2023-05-10 02:18:44,0.09975,15.70850,15.70850,0.00000
2023-05-10 02:18:45,0.08521,14.18811,14.18811,0.00000
2023-05-10 02:18:46,0.11625,17.71924,17.71924,0.00000
2023-05-10 02:18:47,0.11041,16.88989,16.88989,0.00000
2023-05-10 02:18:48,0.08835,14.15271,14.15271,0.00000
2023-05-10 02:18:49,0.10125,15.26782,15.26782,0.00000
2023-05-10 02:18:50,0.11202,17.32288,17.32288,0.00000
2023-05-10 02:18:51,0.10276,15.74817,15.74817,0.00000
2023-05-10 02:18:52,0.08636,14.52637,14.52637,0.00000
2023-05-10 02:18:53,0.10038,15.43323,15.43323,0.00000
2023-05-10 02:18:54,0.11418,17.40198,17.40198,0.00000
2023-05-10 02:18:55,0.09887,15.08313,15.08313,0.00000
2023-05-10 02:18:56,0.09799,15.30286,15.30286,0.00000
2023-05-10 02:18:57,0.12155,18.43750,18.43750,0.00000
2023-05-10 02:18:58,0.09849,16.11133,16.11133,0.00000
2023-05-10 02:18:59,0.10013,15.42004,15.42004,0.00000
2023-05-10 02:19:00,0.09649,15.78845,15.78845,0.00000
2023-05-10 02:19:01,0.11654,18.43860,18.43860,0.00000
2023-05-10 02:19:02,0.09148,14.54932,14.54932,0.00000
2023-05-10 02:19:03,0.08960,14.77795,14.77795,0.00000
2023-05-10 02:19:04,0.11355,17.65771,17.65771,0.00000
2023-05-10 02:19:05,0.11418,17.21008,17.21008,0.00000
2023-05-10 02:19:06,0.09825,15.37756,15.37756,0.00000
2023-05-10 02:19:07,0.09774,15.44836,15.44836,0.00000
2023-05-10 02:19:08,0.12641,19.61670,19.61670,0.00000
2023-05-10 02:19:09,0.09485,15.54016,15.54016,0.00000
2023-05-10 02:19:10,0.09649,15.95361,15.95361,0.00000
2023-05-10 02:19:11,0.10075,15.67480,15.67480,0.00000
2023-05-10 02:19:12,0.11842,17.80469,17.80469,0.00000
2023-05-10 02:19:13,0.10050,15.55457,15.55457,0.00000
2023-05-10 02:19:14,0.10777,16.78027,16.78027,0.00000
2023-05-10 02:19:15,0.10826,16.64685,16.64685,0.00000
2023-05-10 02:19:16,0.09962,15.80640,15.80640,0.00000
2023-05-10 02:19:17,0.08772,14.08264,14.08264,0.00000
2023-05-10 02:19:18,0.09837,14.88477,14.88477,0.00000
2023-05-10 02:19:19,0.10688,16.37134,16.37134,0.00000
2023-05-10 02:19:20,0.10050,16.28296,16.28296,0.00000
2023-05-10 02:19:21,0.09887,15.01062,15.01062,0.00000
2023-05-10 02:19:22,0.11452,17.58911,17.58911,0.00000
2023-05-10 02:19:23,0.10840,16.38440,16.38440,0.00000
2023-05-10 02:19:24,0.10401,16.13684,16.13684,0.00000
2023-05-10 02:19:25,0.10388,16.20691,16.20691,0.00000
2023-05-10 02:19:26,0.12280,18.85815,18.85815,0.00000
2023-05-10 02:19:27,0.11292,17.08362,17.08362,0.00000
2023-05-10 02:19:28,0.10289,16.11780,16.11780,0.00000
2023-05-10 02:19:29,0.10401,15.92212,15.92212,0.00000
2023-05-10 02:19:30,0.10589,16.24536,16.24536,0.00000
2023-05-10 02:19:31,0.08636,14.20923,14.20923,0.00000
2023-05-10 02:19:32,0.09950,15.20203,15.20203,0.00000
2023-05-10 02:19:33,0.11982,18.49133,18.49133,0.00000
2023-05-10 02:19:34,0.10840,16.67493,16.67493,0.00000
2023-05-10 02:19:35,0.10965,16.38440,16.38440,0.00000
2023-05-10 02:19:36,0.10150,16.28052,16.28052,0.00000
2023-05-10 02:19:37,0.12030,18.40137,18.40137,0.00000
2023-05-10 02:19:38,0.10965,16.42712,16.42712,0.00000
2023-05-10 02:19:39,0.10513,15.94666,15.94666,0.00000
2023-05-10 02:19:40,0.11717,17.60425,17.60425,0.00000
2023-05-10 02:19:41,0.11014,16.94385,16.94385,0.00000
2023-05-10 02:19:42,0.09598,15.24292,15.24292,0.00000
2023-05-10 02:19:43,0.09649,15.74658,15.74658,0.00000
2023-05-10 02:19:44,0.12751,19.37476,19.37476,0.00000
2023-05-10 02:19:45,0.09586,15.77661,15.77661,0.00000
2023-05-10 02:19:46,0.09536,15.66431,15.66431,0.00000
2023-05-10 02:19:47,0.09524,15.47290,15.47290,0.00000
2023-05-10 02:19:48,0.09962,16.02173,16.02173,0.00000
2023-05-10 02:19:49,0.09461,15.36475,15.36475,0.00000
2023-05-10 02:19:50,0.09211,14.68433,14.68433,0.00000
2023-05-10 02:19:51,0.11028,17.40381,17.40381,0.00000
2023-05-10 02:19:52,0.10513,16.46143,16.46143,0.00000
2023-05-10 02:19:53,0.08709,14.51294,14.51294,0.00000
2023-05-10 02:19:54,0.09837,15.60327,15.60327,0.00000
2023-05-10 02:19:55,0.10401,17.37988,17.37988,0.00000
2023-05-10 02:19:56,0.09837,15.22266,15.22266,0.00000
2023-05-10 02:19:57,0.09211,15.07202,15.07202,0.00000
2023-05-10 02:19:58,0.11466,17.65161,17.65161,0.00000
2023-05-10 02:19:59,0.10464,16.15918,16.15918,0.00000
2023-05-10 02:20:00,0.08949,14.38965,14.38965,0.00000
2023-05-10 02:20:01,0.09661,15.41333,15.41333,0.00000
2023-05-10 02:20:02,0.10513,16.57104,16.57104,0.00000
2023-05-10 02:20:03,0.09862,15.46045,15.46045,0.00000
2023-05-10 02:20:04,0.08647,14.32642,14.32642,0.00000
2023-05-10 02:20:05,0.10401,16.08032,16.08032,0.00000
2023-05-10 02:20:06,0.11028,17.28955,17.28955,0.00000
2023-05-10 02:20:07,0.09774,15.52490,15.52490,0.00000
2023-05-10 02:20:08,0.10013,15.29639,15.29639,0.00000
2023-05-10 02:20:09,0.11640,17.80762,17.80762,0.00000
2023-05-10 02:20:10,0.09900,15.79395,15.79395,0.00000
2023-05-10 02:20:11,0.09611,15.62500,15.62500,0.00000
2023-05-10 02:20:12,0.09837,15.73486,15.73486,0.00000
2023-05-10 02:20:13,0.12123,18.74194,18.74194,0.00000
2023-05-10 02:20:14,0.09108,14.72168,14.72168,0.00000
2023-05-10 02:20:15,0.10602,16.45435,16.45435,0.00000
2023-05-10 02:20:16,0.10513,16.32983,16.32983,0.00000
2023-05-10 02:20:17,0.09774,15.49805,15.49805,0.00000
2023-05-10 02:20:18,0.08657,14.70239,14.70239,0.00000
2023-05-10 02:20:19,0.09900,14.97681,14.97681,0.00000
2023-05-10 02:20:20,0.10563,17.14014,17.14014,0.00000
2023-05-10 02:20:21,0.09736,15.46240,15.46240,0.00000
2023-05-10 02:20:22,0.08772,14.39722,14.39722,0.00000
2023-05-10 02:20:23,0.10200,15.93799,15.93799,0.00000
2023-05-10 02:20:24,0.11230,17.28198,17.28198,0.00000
2023-05-10 02:20:25,0.09586,15.36621,15.36621,0.00000
2023-05-10 02:20:26,0.09700,15.72852,15.72852,0.00000
2023-05-10 02:20:27,0.11809,18.42529,18.42529,0.00000
2023-05-10 02:20:28,0.09774,15.84351,15.84351,0.00000
2023-05-10 02:20:29,0.09962,15.61035,15.61035,0.00000
2023-05-10 02:20:30,0.10250,16.33936,16.33936,0.00000
2023-05-10 02:20:31,0.11466,18.71680,18.71680,0.00000
2023-05-10 02:20:32,0.08897,14.91650,14.91650,0.00000
2023-05-10 02:20:33,0.09023,14.71655,14.71655,0.00000
2023-05-10 02:20:34,0.11529,17.56934,17.56934,0.00000
2023-05-10 02:20:35,0.10965,16.30103,16.30103,0.00000
2023-05-10 02:20:36,0.08772,14.35840,14.35840,0.00000
2023-05-10 02:20:37,0.09586,15.32520,15.32520,0.00000
2023-05-10 02:20:38,0.14000,19.16992,19.16992,0.00000
2023-05-10 02:20:39,0.12155,17.83032,17.83032,0.00000
2023-05-10 02:20:40,0.08709,14.02734,14.02734,0.00000
2023-05-10 02:20:41,0.10589,15.77783,15.77783,0.00000
2023-05-10 02:20:42,0.11090,16.92896,16.92896,0.00000
2023-05-10 02:20:43,0.09661,15.25854,15.25854,0.00000
2023-05-10 02:20:44,0.09975,15.39233,15.39233,0.00000
2023-05-10 02:20:45,0.12045,18.97754,18.97754,0.00000
2023-05-10 02:20:46,0.10338,16.39038,16.39038,0.00000
2023-05-10 02:20:47,0.10100,16.48242,16.48242,0.00000
2023-05-10 02:20:48,0.10063,15.95703,15.95703,0.00000
2023-05-10 02:20:49,0.11529,18.40576,18.40576,0.00000
2023-05-10 02:20:50,0.09712,15.16113,15.16113,0.00000
2023-05-10 02:20:51,0.09085,14.62988,14.62988,0.00000
2023-05-10 02:20:52,0.12281,18.56934,18.56934,0.00000
2023-05-10 02:20:53,0.10414,16.20313,16.20313,0.00000
2023-05-10 02:20:54,0.09011,14.60645,14.60645,0.00000
2023-05-10 02:20:55,0.09900,15.44751,15.44751,0.00000
2023-05-10 02:20:56,0.10813,16.53418,16.53418,0.00000
2023-05-10 02:20:57,0.10642,16.28491,16.28491,0.00000
2023-05-10 02:20:58,0.08761,14.12305,14.12305,0.00000
2023-05-10 02:20:59,0.11216,16.38428,16.38428,0.00000
2023-05-10 02:21:00,0.10853,17.28638,17.28638,0.00000
2023-05-10 02:21:01,0.09724,15.11572,15.11572,0.00000
2023-05-10 02:21:02,0.09900,15.42920,15.42920,0.00000
2023-05-10 02:21:03,0.11278,18.09204,18.09204,0.00000
2023-05-10 02:21:04,0.09950,15.87012,15.87012,0.00000
2023-05-10 02:21:05,0.09598,15.71289,15.71289,0.00000
2023-05-10 02:21:06,0.09887,15.96167,15.96167,0.00000
2023-05-10 02:21:07,0.11466,18.42847,18.42847,0.00000
2023-05-10 02:21:08,0.09211,14.39380,14.39380,0.00000
2023-05-10 02:21:09,0.08835,14.63916,14.63916,0.00000
2023-05-10 02:21:10,0.11529,17.82886,17.82886,0.00000
2023-05-10 02:21:11,0.10364,16.46362,16.46362,0.00000
2023-05-10 02:21:12,0.09074,14.27979,14.27979,0.00000
2023-05-10 02:21:13,0.10263,15.76831,15.76831,0.00000
2023-05-10 02:21:14,0.10414,16.73755,16.73755,0.00000
2023-05-10 02:21:15,0.10138,15.60425,15.60425,0.00000
2023-05-10 02:21:16,0.08584,14.21338,14.21338,0.00000
2023-05-10 02:21:17,0.10701,16.87915,16.87915,0.00000
2023-05-10 02:21:18,0.10853,17.24780,17.24780,0.00000
2023-05-10 02:21:19,0.09774,15.24390,15.24390,0.00000
2023-05-10 02:21:20,0.09774,15.85474,15.85474,0.00000
2023-05-10 02:21:21,0.12703,19.13452,19.13452,0.00000
2023-05-10 02:21:22,0.09574,15.48047,15.48047,0.00000
2023-05-10 02:21:23,0.09649,15.60327,15.60327,0.00000
2023-05-10 02:21:24,0.09649,15.78149,15.78149,0.00000
2023-05-10 02:21:25,0.10213,15.85791,15.85791,0.00000
2023-05-10 02:21:26,0.09336,15.00610,15.00610,0.00000
2023-05-10 02:21:27,0.09524,15.15308,15.15308,0.00000
2023-05-10 02:21:28,0.11717,17.70923,17.70923,0.00000
2023-05-10 02:21:29,0.10401,16.10400,16.10400,0.00000
2023-05-10 02:21:30,0.09188,14.07642,14.07642,0.00000
2023-05-10 02:21:31,0.10013,15.29712,15.29712,0.00000
2023-05-10 02:21:32,0.10526,16.51880,16.51880,0.00000
2023-05-10 02:21:33,0.09787,15.95923,15.95923,0.00000
2023-05-10 02:21:34,0.08960,14.28296,14.28296,0.00000
2023-05-10 02:21:35,0.10576,16.56079,16.56079,0.00000
2023-05-10 02:21:36,0.10790,16.74316,16.74316,0.00000
2023-05-10 02:21:37,0.09787,15.56714,15.56714,0.00000
2023-05-10 02:21:38,0.09900,15.55591,15.55591,0.00000
2023-05-10 02:21:39,0.12312,19.50244,19.50244,0.00000
2023-05-10 02:21:40,0.09762,15.52905,15.52905,0.00000
2023-05-10 02:21:41,0.09473,15.78052,15.78052,0.00000
2023-05-10 02:21:42,0.09950,15.72437,15.72437,0.00000
2023-05-10 02:21:43,0.09962,15.79688,15.79688,0.00000
2023-05-10 02:21:44,0.09074,14.65308,14.65308,0.00000
2023-05-10 02:21:45,0.10239,16.00269,16.00269,0.00000
2023-05-10 02:21:46,0.11139,17.04956,17.04956,0.00000
2023-05-10 02:21:47,0.10150,15.69775,15.69775,0.00000
2023-05-10 02:21:48,0.09023,14.49854,14.49854,0.00000
2023-05-10 02:21:49,0.09586,15.47266,15.47266,0.00000
2023-05-10 02:21:50,0.11654,17.27344,17.27344,0.00000
2023-05-10 02:21:51,0.10088,15.81543,15.81543,0.00000
2023-05-10 02:21:52,0.08761,14.38770,14.38770,0.00000
2023-05-10 02:21:53,0.10526,16.55957,16.55957,0.00000
2023-05-10 02:21:54,0.11264,17.23145,17.23145,0.00000
2023-05-10 02:21:55,0.09774,15.30859,15.30859,0.00000
2023-05-10 02:21:56,0.09750,15.93750,15.93750,0.00000
2023-05-10 02:21:57,0.11761,18.75732,18.75732,0.00000
2023-05-10 02:21:58,0.09862,15.85107,15.85107,0.00000
2023-05-10 02:21:59,0.09887,15.40039,15.40039,0.00000
2023-05-10 02:22:00,0.09673,15.92090,15.92090,0.00000
2023-05-10 02:22:01,0.10388,16.10010,16.10010,0.00000
2023-05-10 02:22:02,0.09023,14.81982,14.81982,0.00000
2023-05-10 02:22:03,0.10889,16.47412,16.47412,0.00000
2023-05-10 02:22:04,0.10388,16.30859,16.30859,0.00000
2023-05-10 02:22:05,0.10150,15.23047,15.23047,0.00000
2023-05-10 02:22:06,0.09011,14.56494,14.56494,0.00000
2023-05-10 02:22:07,0.09862,15.82520,15.82520,0.00000
2023-05-10 02:22:08,0.10276,16.69971,16.69971,0.00000
2023-05-10 02:22:09,0.09862,15.23096,15.23096,0.00000
2023-05-10 02:22:10,0.08761,14.50098,14.50098,0.00000
2023-05-10 02:22:11,0.10401,16.04199,16.04199,0.00000
2023-05-10 02:22:12,0.11153,17.00098,17.00098,0.00000
2023-05-10 02:22:13,0.10401,15.56006,15.56006,0.00000
2023-05-10 02:22:14,0.09774,15.73242,15.73242,0.00000
2023-05-10 02:22:15,0.11292,18.11328,18.11328,0.00000
2023-05-10 02:22:16,0.10013,15.87500,15.87500,0.00000
2023-05-10 02:22:17,0.09524,15.68457,15.68457,0.00000
2023-05-10 02:22:18,0.09774,16.09180,16.09180,0.00000
2023-05-10 02:22:19,0.11500,17.50879,17.50879,0.00000
2023-05-10 02:22:20,0.09023,14.91699,14.91699,0.00000
2023-05-10 02:22:21,0.09250,14.84424,14.84424,0.00000
2023-05-10 02:22:22,0.10526,16.52588,16.52588,0.00000
2023-05-10 02:22:23,0.10088,15.50342,15.50342,0.00000
2023-05-10 02:22:24,0.08897,14.46973,14.46973,0.00000
2023-05-10 02:22:25,0.09887,15.06348,15.06348,0.00000
2023-05-10 02:22:26,0.10589,16.64893,16.64893,0.00000
2023-05-10 02:22:27,0.10113,16.32324,16.32324,0.00000
2023-05-10 02:22:28,0.08761,14.47168,14.47168,0.00000
2023-05-10 02:22:30,0.10226,15.84473,15.84473,0.00000
2023-05-10 02:22:31,0.11076,18.00830,18.00830,0.00000
2023-05-10 02:22:32,0.09774,15.52686,15.52686,0.00000
2023-05-10 02:22:33,0.09825,15.45898,15.45898,0.00000
2023-05-10 02:22:34,0.12547,19.51855,19.51855,0.00000
2023-05-10 02:22:35,0.09473,15.83252,15.83252,0.00000
2023-05-10 02:22:36,0.09637,15.84619,15.84619,0.00000
2023-05-10 02:22:37,0.10025,15.83936,15.83936,0.00000
2023-05-10 02:22:38,0.11452,18.00195,18.00195,0.00000
2023-05-10 02:22:39,0.08960,14.68701,14.68701,0.00000
2023-05-10 02:22:40,0.10113,15.72705,15.72705,0.00000
2023-05-10 02:22:41,0.10477,16.56445,16.56445,0.00000
2023-05-10 02:22:42,0.10088,15.48828,15.48828,0.00000
2023-05-10 02:22:43,0.08886,14.31006,14.31006,0.00000
2023-05-10 02:22:44,0.10075,15.56396,15.56396,0.00000
2023-05-10 02:22:45,0.10513,16.94971,16.94971,0.00000
2023-05-10 02:22:46,0.09736,15.64307,15.64307,0.00000
2023-05-10 02:22:47,0.08698,14.26074,14.26074,0.00000
2023-05-10 02:22:48,0.10763,16.74805,16.74805,0.00000
2023-05-10 02:22:49,0.11466,17.25928,17.25928,0.00000
2023-05-10 02:22:50,0.09700,15.46094,15.46094,0.00000
2023-05-10 02:22:51,0.10602,15.66016,15.66016,0.00000
2023-05-10 02:22:52,0.12688,19.82373,19.82373,0.00000
2023-05-10 02:22:53,0.09461,15.53809,15.53809,0.00000
2023-05-10 02:22:54,0.09586,15.50537,15.50537,0.00000
2023-05-10 02:22:55,0.10025,15.68604,15.68604,0.00000
2023-05-10 02:22:56,0.10000,15.85840,15.85840,0.00000
2023-05-10 02:22:57,0.08960,14.91504,14.91504,0.00000
2023-05-10 02:22:58,0.10768,16.87842,16.87842,0.00000
2023-05-10 02:22:59,0.11139,17.10889,17.10889,0.00000
2023-05-10 02:23:00,0.10200,15.61914,15.61914,0.00000
2023-05-10 02:23:01,0.09188,14.65967,14.65967,0.00000
2023-05-10 02:23:02,0.09336,15.20996,15.20996,0.00000
2023-05-10 02:23:03,0.08459,12.80322,12.80322,0.00000
2023-05-10 02:23:04,0.04924,7.91602,7.91602,0.00000
2023-05-10 02:23:05,0.05793,8.31641,8.31641,0.00000
2023-05-10 02:23:06,0.03446,5.86816,5.86816,0.00000
2023-05-10 02:23:07,0.04000,6.88770,6.88770,0.00000
2023-05-10 02:23:08,0.02812,5.43896,5.43896,0.00000
2023-05-10 02:23:09,0.04271,7.36182,7.36182,0.00000
2023-05-10 02:23:10,0.02506,8.67969,8.67969,0.00000
2023-05-10 02:23:11,0.03442,6.64893,6.64893,0.00000
2023-05-10 02:23:12,0.02375,8.52783,8.52783,0.00000
2023-05-10 02:23:13,0.03562,10.24658,10.24658,0.00000
