Date,CPU Utilization,Total Power,CPU Power,GPU Power
2023-05-10 01:23:25,0.08135,12.31250,12.31250,0.00000
2023-05-10 01:23:26,0.09837,15.66797,15.66797,0.00000
2023-05-10 01:23:27,0.11473,17.36328,17.36328,0.00000
2023-05-10 01:23:28,0.09643,15.02148,15.02148,0.00000
2023-05-10 01:23:29,0.09687,15.52441,15.52441,0.00000
2023-05-10 01:23:30,0.11438,17.71191,17.71191,0.00000
2023-05-10 01:23:31,0.10451,15.97656,15.97656,0.00000
2023-05-10 01:23:32,0.10094,15.67285,15.67285,0.00000
2023-05-10 01:23:33,0.09643,15.38184,15.38184,0.00000
2023-05-10 01:23:34,0.11389,17.81250,17.81250,0.00000
2023-05-10 01:23:35,0.09906,15.23145,15.23145,0.00000
2023-05-10 01:23:36,0.09250,14.12891,14.12891,0.00000
2023-05-10 01:23:37,0.09461,15.11719,15.11719,0.00000
2023-05-10 01:23:38,0.10958,17.13379,17.13379,0.00000
2023-05-10 01:23:39,0.09706,15.25684,15.25684,0.00000
2023-05-10 01:23:40,0.09756,15.33496,15.33496,0.00000
2023-05-10 01:23:41,0.11174,17.82324,17.82324,0.00000
2023-05-10 01:23:42,0.09756,15.16895,15.16895,0.00000
2023-05-10 01:23:43,0.09730,15.35254,15.35254,0.00000
2023-05-10 01:23:44,0.09637,15.54492,15.54492,0.00000
2023-05-10 01:23:45,0.11271,17.97461,17.97461,0.00000
2023-05-10 01:23:46,0.09592,15.30664,15.30664,0.00000
2023-05-10 01:23:47,0.08960,14.60156,14.60156,0.00000
2023-05-10 01:23:48,0.11404,17.89941,17.89941,0.00000
2023-05-10 01:23:49,0.10526,16.35742,16.35742,0.00000
2023-05-10 01:23:50,0.09530,14.96387,14.96387,0.00000
2023-05-10 01:23:51,0.10144,15.76758,15.76758,0.00000
2023-05-10 01:23:52,0.11452,17.52930,17.52930,0.00000
2023-05-10 01:23:53,0.09837,15.34180,15.34180,0.00000
2023-05-10 01:23:54,0.09530,15.29297,15.29297,0.00000
2023-05-10 01:23:55,0.09643,15.64844,15.64844,0.00000
2023-05-10 01:23:56,0.11452,17.42090,17.42090,0.00000
2023-05-10 01:23:57,0.09819,15.44043,15.44043,0.00000
2023-05-10 01:23:58,0.08903,14.44141,14.44141,0.00000
2023-05-10 01:23:59,0.11104,16.67383,16.67383,0.00000
2023-05-10 01:24:00,0.10576,16.00586,16.00586,0.00000
2023-05-10 01:24:01,0.08954,14.27637,14.27637,0.00000
2023-05-10 01:24:02,0.09637,15.47461,15.47461,0.00000
2023-05-10 01:24:03,0.10520,16.15332,16.15332,0.00000
2023-05-10 01:24:04,0.09592,15.13867,15.13867,0.00000
2023-05-10 01:24:05,0.09285,14.68555,14.68555,0.00000
2023-05-10 01:24:06,0.09694,15.12012,15.12012,0.00000
2023-05-10 01:24:07,0.08766,14.52148,14.52148,0.00000
2023-05-10 01:24:08,0.09768,15.26855,15.26855,0.00000
2023-05-10 01:24:09,0.08766,14.05664,14.05664,0.00000
2023-05-10 01:24:10,0.11341,17.79102,17.79102,0.00000
2023-05-10 01:24:11,0.10483,16.29395,16.29395,0.00000
2023-05-10 01:24:12,0.08829,14.19922,14.19922,0.00000
2023-05-10 01:24:13,0.10371,16.19727,16.19727,0.00000
2023-05-10 01:24:14,0.10269,16.44141,16.44141,0.00000
2023-05-10 01:24:15,0.10388,15.79395,15.79395,0.00000
2023-05-10 01:24:16,0.08595,14.18066,14.18066,0.00000
2023-05-10 01:24:17,0.10658,16.32422,16.32422,0.00000
2023-05-10 01:24:18,0.10819,16.62109,16.62109,0.00000
2023-05-10 01:24:19,0.09843,14.61816,14.61816,0.00000
2023-05-10 01:24:20,0.10394,15.70996,15.70996,0.00000
2023-05-10 01:24:21,0.11459,17.80566,17.80566,0.00000
2023-05-10 01:24:22,0.09750,15.47266,15.47266,0.00000
2023-05-10 01:24:23,0.09580,15.27832,15.27832,0.00000
2023-05-10 01:24:24,0.09637,15.59375,15.59375,0.00000
2023-05-10 01:24:25,0.11757,18.27246,18.27246,0.00000
2023-05-10 01:24:26,0.09455,15.10547,15.10547,0.00000
2023-05-10 01:24:27,0.09063,14.05957,14.05957,0.00000
2023-05-10 01:24:28,0.10895,17.17188,17.17188,0.00000
2023-05-10 01:24:29,0.10276,15.68066,15.68066,0.00000
2023-05-10 01:24:30,0.08698,14.06152,14.06152,0.00000
2023-05-10 01:24:31,0.09712,15.24023,15.24023,0.00000
2023-05-10 01:24:32,0.10464,16.17773,16.17773,0.00000
2023-05-10 01:24:33,0.09637,15.12598,15.12598,0.00000
2023-05-10 01:24:34,0.08589,13.95410,13.95410,0.00000
2023-05-10 01:24:35,0.10013,15.89941,15.89941,0.00000
2023-05-10 01:24:36,0.08641,13.99121,13.99121,0.00000
2023-05-10 01:24:37,0.09900,15.33984,15.33984,0.00000
2023-05-10 01:24:38,0.08693,13.96191,13.96191,0.00000
2023-05-10 01:24:39,0.11320,17.50098,17.50098,0.00000
2023-05-10 01:24:40,0.10394,16.06250,16.06250,0.00000
2023-05-10 01:24:41,0.08647,13.93750,13.93750,0.00000
2023-05-10 01:24:42,0.09837,15.44141,15.44141,0.00000
2023-05-10 01:24:43,0.11243,17.20117,17.20117,0.00000
2023-05-10 01:24:44,0.11543,18.55762,18.55762,0.00000
2023-05-10 01:24:45,0.08579,14.02051,14.02051,0.00000
2023-05-10 01:24:46,0.10457,16.13281,16.13281,0.00000
2023-05-10 01:24:47,0.10777,16.40332,16.40332,0.00000
2023-05-10 01:24:48,0.09718,15.26074,15.26074,0.00000
2023-05-10 01:24:49,0.10050,15.61816,15.61816,0.00000
2023-05-10 01:24:50,0.12422,18.47852,18.47852,0.00000
2023-05-10 01:24:51,0.09825,15.66406,15.66406,0.00000
2023-05-10 01:24:52,0.09706,15.65918,15.65918,0.00000
2023-05-10 01:24:53,0.09530,15.42578,15.42578,0.00000
2023-05-10 01:24:54,0.11960,18.19043,18.19043,0.00000
2023-05-10 01:24:55,0.09313,14.72754,14.72754,0.00000
2023-05-10 01:24:56,0.09028,14.28711,14.28711,0.00000
2023-05-10 01:24:57,0.10351,16.42383,16.42383,0.00000
2023-05-10 01:24:58,0.09825,15.18945,15.18945,0.00000
2023-05-10 01:24:59,0.08881,14.28125,14.28125,0.00000
2023-05-10 01:25:00,0.09837,15.32324,15.32324,0.00000
2023-05-10 01:25:01,0.10714,16.91113,16.91113,0.00000
2023-05-10 01:25:02,0.09906,15.34863,15.34863,0.00000
2023-05-10 01:25:03,0.08840,13.91406,13.91406,0.00000
2023-05-10 01:25:04,0.10219,14.88184,14.88184,0.00000
2023-05-10 01:25:05,0.11432,17.59766,17.59766,0.00000
2023-05-10 01:25:06,0.09536,15.28906,15.28906,0.00000
2023-05-10 01:25:07,0.09718,15.42969,15.42969,0.00000
2023-05-10 01:25:08,0.11216,17.82129,17.82129,0.00000
2023-05-10 01:25:09,0.09706,15.62598,15.62598,0.00000
2023-05-10 01:25:10,0.09694,15.28809,15.28809,0.00000
2023-05-10 01:25:11,0.09768,15.40527,15.40527,0.00000
2023-05-10 01:25:12,0.11320,18.22168,18.22168,0.00000
2023-05-10 01:25:13,0.09598,15.05859,15.05859,0.00000
2023-05-10 01:25:14,0.09267,14.66699,14.66699,0.00000
2023-05-10 01:25:15,0.09862,16.05664,16.05664,0.00000
2023-05-10 01:25:16,0.10338,16.58398,16.58398,0.00000
2023-05-10 01:25:17,0.09706,15.58887,15.58887,0.00000
2023-05-10 01:25:18,0.09712,15.37598,15.37598,0.00000
2023-05-10 01:25:19,0.12845,18.81836,18.81836,0.00000
2023-05-10 01:25:20,0.09524,15.66113,15.66113,0.00000
2023-05-10 01:25:21,0.09655,15.71680,15.71680,0.00000
2023-05-10 01:25:22,0.09530,15.43652,15.43652,0.00000
2023-05-10 01:25:23,0.11334,17.58594,17.58594,0.00000
2023-05-10 01:25:24,0.09216,14.94629,14.94629,0.00000
2023-05-10 01:25:25,0.09136,14.85449,14.85449,0.00000
2023-05-10 01:25:26,0.11264,17.03809,17.03809,0.00000
2023-05-10 01:25:27,0.10451,15.82715,15.82715,0.00000
2023-05-10 01:25:28,0.08647,14.03125,14.03125,0.00000
2023-05-10 01:25:29,0.09592,15.24121,15.24121,0.00000
2023-05-10 01:25:30,0.10672,16.53711,16.53711,0.00000
2023-05-10 01:25:31,0.09975,15.77441,15.77441,0.00000
2023-05-10 01:25:32,0.08698,14.22266,14.22266,0.00000
2023-05-10 01:25:33,0.10408,16.20410,16.20410,0.00000
2023-05-10 01:25:34,0.10763,16.56641,16.56641,0.00000
2023-05-10 01:25:35,0.10302,16.35156,16.35156,0.00000
2023-05-10 01:25:36,0.09869,15.74121,15.74121,0.00000
2023-05-10 01:25:37,0.11514,18.36523,18.36523,0.00000
2023-05-10 01:25:38,0.09768,15.41699,15.41699,0.00000
2023-05-10 01:25:39,0.09598,15.38477,15.38477,0.00000
2023-05-10 01:25:40,0.09605,15.95508,15.95508,0.00000
2023-05-10 01:25:41,0.11355,17.76367,17.76367,0.00000
2023-05-10 01:25:42,0.09154,14.43164,14.43164,0.00000
2023-05-10 01:25:43,0.09568,14.34473,14.34473,0.00000
2023-05-10 01:25:44,0.11529,17.14453,17.14453,0.00000
2023-05-10 01:25:45,0.10232,15.95410,15.95410,0.00000
2023-05-10 01:25:46,0.08766,14.17090,14.17090,0.00000
2023-05-10 01:25:47,0.10081,15.42285,15.42285,0.00000
2023-05-10 01:25:48,0.10394,16.47754,16.47754,0.00000
2023-05-10 01:25:49,0.09900,15.61230,15.61230,0.00000
2023-05-10 01:25:50,0.08932,14.13574,14.13574,0.00000
2023-05-10 01:25:51,0.10250,15.50977,15.50977,0.00000
2023-05-10 01:25:52,0.11271,16.87598,16.87598,0.00000
2023-05-10 01:25:53,0.09637,14.93359,14.93359,0.00000
2023-05-10 01:25:54,0.09586,15.30859,15.30859,0.00000
2023-05-10 01:25:55,0.11591,18.15820,18.15820,0.00000
2023-05-10 01:25:56,0.09718,15.47754,15.47754,0.00000
2023-05-10 01:25:57,0.09536,15.74902,15.74902,0.00000
2023-05-10 01:25:58,0.09461,15.62207,15.62207,0.00000
2023-05-10 01:25:59,0.11536,17.82324,17.82324,0.00000
2023-05-10 01:26:00,0.09080,15.00391,15.00391,0.00000
2023-05-10 01:26:01,0.11167,16.32813,16.32813,0.00000
2023-05-10 01:26:02,0.10269,16.42969,16.42969,0.00000
2023-05-10 01:26:03,0.09718,15.03906,15.03906,0.00000
2023-05-10 01:26:04,0.08641,13.88574,13.88574,0.00000
2023-05-10 01:26:05,0.10345,15.68652,15.68652,0.00000
2023-05-10 01:26:06,0.10625,16.50195,16.50195,0.00000
2023-05-10 01:26:07,0.10263,14.99512,14.99512,0.00000
2023-05-10 01:26:08,0.08579,14.10449,14.10449,0.00000
2023-05-10 01:26:09,0.09700,15.29395,15.29395,0.00000
2023-05-10 01:26:10,0.08824,14.54785,14.54785,0.00000
2023-05-10 01:26:11,0.10019,15.85352,15.85352,0.00000
2023-05-10 01:26:12,0.08652,14.07813,14.07813,0.00000
2023-05-10 01:26:13,0.12188,18.33789,18.33789,0.00000
2023-05-10 01:26:14,0.10589,16.43066,16.43066,0.00000
2023-05-10 01:26:15,0.09011,13.84473,13.84473,0.00000
2023-05-10 01:26:16,0.09825,14.87402,14.87402,0.00000
2023-05-10 01:26:17,0.10638,16.51367,16.51367,0.00000
2023-05-10 01:26:18,0.10094,15.49414,15.49414,0.00000
2023-05-10 01:26:19,0.08943,14.59277,14.59277,0.00000
2023-05-10 01:26:20,0.10951,16.80176,16.80176,0.00000
2023-05-10 01:26:21,0.12030,17.85547,17.85547,0.00000
2023-05-10 01:26:22,0.10150,15.32520,15.32520,0.00000
2023-05-10 01:26:23,0.09706,15.18945,15.18945,0.00000
2023-05-10 01:26:24,0.12586,18.51172,18.51172,0.00000
2023-05-10 01:26:25,0.09718,15.48438,15.48438,0.00000
2023-05-10 01:26:26,0.09781,15.45996,15.45996,0.00000
2023-05-10 01:26:27,0.09574,15.32910,15.32910,0.00000
2023-05-10 01:26:28,0.09768,15.78223,15.78223,0.00000
2023-05-10 01:26:29,0.09279,15.31836,15.31836,0.00000
2023-05-10 01:26:30,0.08897,14.41504,14.41504,0.00000
2023-05-10 01:26:31,0.11223,17.56543,17.56543,0.00000
2023-05-10 01:26:32,0.10533,16.37793,16.37793,0.00000
2023-05-10 01:26:33,0.08527,14.17969,14.17969,0.00000
2023-05-10 01:26:34,0.09580,15.07129,15.07129,0.00000
2023-05-10 01:26:35,0.10916,17.20605,17.20605,0.00000
2023-05-10 01:26:36,0.09843,15.16602,15.16602,0.00000
2023-05-10 01:26:37,0.08766,14.59668,14.59668,0.00000
2023-05-10 01:26:38,0.10652,16.62402,16.62402,0.00000
2023-05-10 01:26:39,0.10576,15.78418,15.78418,0.00000
2023-05-10 01:26:40,0.09762,15.24414,15.24414,0.00000
2023-05-10 01:26:41,0.09598,15.62598,15.62598,0.00000
2023-05-10 01:26:42,0.12351,18.98828,18.98828,0.00000
2023-05-10 01:26:43,0.10256,16.07227,16.07227,0.00000
2023-05-10 01:26:44,0.10256,15.92383,15.92383,0.00000
2023-05-10 01:26:45,0.09461,15.42285,15.42285,0.00000
2023-05-10 01:26:46,0.10019,15.64258,15.64258,0.00000
2023-05-10 01:26:47,0.09336,14.95703,14.95703,0.00000
2023-05-10 01:26:48,0.08903,14.67676,14.67676,0.00000
2023-05-10 01:26:49,0.11146,17.60840,17.60840,0.00000
2023-05-10 01:26:50,0.10701,16.05664,16.05664,0.00000
2023-05-10 01:26:51,0.08772,13.75781,13.75781,0.00000
2023-05-10 01:26:52,0.09592,15.28418,15.28418,0.00000
2023-05-10 01:26:53,0.10381,16.54980,16.54980,0.00000
2023-05-10 01:26:54,0.09756,15.46387,15.46387,0.00000
2023-05-10 01:26:55,0.08704,14.42188,14.42188,0.00000
2023-05-10 01:26:56,0.10477,16.66211,16.66211,0.00000
2023-05-10 01:26:57,0.11591,17.37109,17.37109,0.00000
2023-05-10 01:26:58,0.09706,14.97070,14.97070,0.00000
2023-05-10 01:26:59,0.09774,15.42676,15.42676,0.00000
2023-05-10 01:27:00,0.12312,18.92969,18.92969,0.00000
2023-05-10 01:27:01,0.09787,15.51172,15.51172,0.00000
2023-05-10 01:27:02,0.09768,15.57520,15.57520,0.00000
2023-05-10 01:27:03,0.09580,15.52832,15.52832,0.00000
2023-05-10 01:27:04,0.11779,18.02637,18.02637,0.00000
2023-05-10 01:27:05,0.09314,14.79102,14.79102,0.00000
2023-05-10 01:27:06,0.10658,16.57031,16.57031,0.00000
2023-05-10 01:27:07,0.10533,16.54492,16.54492,0.00000
2023-05-10 01:27:08,0.09894,15.15527,15.15527,0.00000
2023-05-10 01:27:09,0.08704,14.03027,14.03027,0.00000
2023-05-10 01:27:10,0.09712,15.63867,15.63867,0.00000
2023-05-10 01:27:11,0.10645,16.46777,16.46777,0.00000
2023-05-10 01:27:12,0.10081,15.41797,15.41797,0.00000
2023-05-10 01:27:13,0.09398,14.71484,14.71484,0.00000
2023-05-10 01:27:14,0.10138,15.89453,15.89453,0.00000
2023-05-10 01:27:15,0.11146,17.24609,17.24609,0.00000
2023-05-10 01:27:16,0.13964,18.14453,18.14453,0.00000
2023-05-10 01:27:17,0.11765,16.10742,16.10742,0.00000
2023-05-10 01:27:18,0.11459,17.69336,17.69336,0.00000
2023-05-10 01:27:19,0.09774,15.81445,15.81445,0.00000
2023-05-10 01:27:20,0.09655,15.43945,15.43945,0.00000
2023-05-10 01:27:21,0.09944,15.20508,15.20508,0.00000
2023-05-10 01:27:22,0.11404,18.25195,18.25195,0.00000
2023-05-10 01:27:23,0.09291,15.16797,15.16797,0.00000
2023-05-10 01:27:24,0.10638,16.71484,16.71484,0.00000
2023-05-10 01:27:25,0.09568,15.13672,15.13672,0.00000
2023-05-10 01:27:26,0.10526,16.46484,16.46484,0.00000
2023-05-10 01:27:27,0.09825,15.18750,15.18750,0.00000
2023-05-10 01:27:28,0.09530,15.18750,15.18750,0.00000
2023-05-10 01:27:29,0.12774,18.85352,18.85352,0.00000
2023-05-10 01:27:30,0.09467,15.55469,15.55469,0.00000
2023-05-10 01:27:31,0.09912,15.56641,15.56641,0.00000
2023-05-10 01:27:32,0.10207,15.99609,15.99609,0.00000
2023-05-10 01:27:33,0.09793,15.86328,15.86328,0.00000
2023-05-10 01:27:34,0.09211,14.80273,14.80273,0.00000
2023-05-10 01:27:35,0.09336,14.90234,14.90234,0.00000
2023-05-10 01:27:36,0.11787,17.83203,17.83203,0.00000
2023-05-10 01:27:37,0.10721,16.29102,16.29102,0.00000
2023-05-10 01:27:38,0.10338,16.14453,16.14453,0.00000
2023-05-10 01:27:39,0.08766,13.95313,13.95313,0.00000
2023-05-10 01:27:40,0.11411,17.83594,17.83594,0.00000
2023-05-10 01:27:41,0.10721,16.22266,16.22266,0.00000
2023-05-10 01:27:42,0.08693,14.10156,14.10156,0.00000
2023-05-10 01:27:43,0.10401,16.40820,16.40820,0.00000
2023-05-10 01:27:44,0.10694,16.68359,16.68359,0.00000
2023-05-10 01:27:45,0.09730,15.50586,15.50586,0.00000
2023-05-10 01:27:46,0.09611,15.52344,15.52344,0.00000
2023-05-10 01:27:47,0.12782,19.25000,19.25000,0.00000
2023-05-10 01:27:48,0.09530,15.29102,15.29102,0.00000
2023-05-10 01:27:49,0.09649,15.66406,15.66406,0.00000
2023-05-10 01:27:50,0.10100,15.71484,15.71484,0.00000
2023-05-10 01:27:51,0.12053,18.56250,18.56250,0.00000
2023-05-10 01:27:52,0.09301,14.51367,14.51367,0.00000
2023-05-10 01:27:53,0.10276,15.66797,15.66797,0.00000
2023-05-10 01:27:54,0.10632,16.27344,16.27344,0.00000
2023-05-10 01:27:55,0.09718,15.07813,15.07813,0.00000
2023-05-10 01:27:56,0.08772,14.12305,14.12305,0.00000
2023-05-10 01:27:57,0.09906,15.35156,15.35156,0.00000
2023-05-10 01:27:58,0.10401,16.27539,16.27539,0.00000
2023-05-10 01:27:59,0.09987,15.48047,15.48047,0.00000
2023-05-10 01:28:00,0.08835,14.45508,14.45508,0.00000
2023-05-10 01:28:01,0.10081,15.66406,15.66406,0.00000
2023-05-10 01:28:02,0.08704,14.23242,14.23242,0.00000
2023-05-10 01:28:03,0.09667,15.54883,15.54883,0.00000
2023-05-10 01:28:04,0.08818,14.24609,14.24609,0.00000
2023-05-10 01:28:05,0.11765,17.65820,17.65820,0.00000
2023-05-10 01:28:06,0.11111,16.66992,16.66992,0.00000
2023-05-10 01:28:07,0.09017,13.88281,13.88281,0.00000
2023-05-10 01:28:08,0.09706,15.25977,15.25977,0.00000
2023-05-10 01:28:09,0.10388,16.58594,16.58594,0.00000
2023-05-10 01:28:10,0.09856,15.07227,15.07227,0.00000
2023-05-10 01:28:11,0.09256,14.48242,14.48242,0.00000
2023-05-10 01:28:12,0.10840,16.93164,16.93164,0.00000
2023-05-10 01:28:13,0.12155,17.92188,17.92188,0.00000
2023-05-10 01:28:14,0.09887,15.15625,15.15625,0.00000
2023-05-10 01:28:15,0.09718,15.50195,15.50195,0.00000
2023-05-10 01:28:16,0.12751,19.50391,19.50391,0.00000
2023-05-10 01:28:17,0.09843,15.80664,15.80664,0.00000
2023-05-10 01:28:18,0.09724,15.54492,15.54492,0.00000
2023-05-10 01:28:19,0.09781,15.75391,15.75391,0.00000
2023-05-10 01:28:20,0.11466,17.82617,17.82617,0.00000
2023-05-10 01:28:21,0.09398,15.22070,15.22070,0.00000
2023-05-10 01:28:22,0.10125,15.40625,15.40625,0.00000
2023-05-10 01:28:23,0.11348,17.12109,17.12109,0.00000
2023-05-10 01:28:24,0.10645,16.17578,16.17578,0.00000
2023-05-10 01:28:25,0.08704,14.05859,14.05859,0.00000
2023-05-10 01:28:26,0.09655,15.18945,15.18945,0.00000
2023-05-10 01:28:27,0.10589,16.35352,16.35352,0.00000
2023-05-10 01:28:28,0.09900,15.37109,15.37109,0.00000
2023-05-10 01:28:29,0.08772,14.33398,14.33398,0.00000
2023-05-10 01:28:30,0.11632,16.63086,16.63086,0.00000
2023-05-10 01:28:31,0.10846,16.51953,16.51953,0.00000
2023-05-10 01:28:32,0.09768,15.12695,15.12695,0.00000
2023-05-10 01:28:33,0.09730,15.79492,15.79492,0.00000
2023-05-10 01:28:34,0.11466,17.95313,17.95313,0.00000
2023-05-10 01:28:35,0.10075,16.07031,16.07031,0.00000
2023-05-10 01:28:36,0.10107,15.73438,15.73438,0.00000
2023-05-10 01:28:37,0.09574,15.72070,15.72070,0.00000
2023-05-10 01:28:38,0.11584,18.10156,18.10156,0.00000
2023-05-10 01:28:39,0.08908,15.09180,15.09180,0.00000
2023-05-10 01:28:40,0.10701,16.72070,16.72070,0.00000
2023-05-10 01:28:41,0.10582,16.92383,16.92383,0.00000
2023-05-10 01:28:42,0.09825,15.28125,15.28125,0.00000
2023-05-10 01:28:43,0.08636,14.33008,14.33008,0.00000
2023-05-10 01:28:44,0.09774,15.29297,15.29297,0.00000
2023-05-10 01:28:45,0.10576,16.31836,16.31836,0.00000
2023-05-10 01:28:46,0.10840,16.27148,16.27148,0.00000
2023-05-10 01:28:47,0.12814,18.09766,18.09766,0.00000
2023-05-10 01:28:48,0.10338,15.90625,15.90625,0.00000
2023-05-10 01:28:49,0.11327,16.98242,16.98242,0.00000
2023-05-10 01:28:50,0.09787,15.63477,15.63477,0.00000
2023-05-10 01:28:51,0.10520,16.20313,16.20313,0.00000
2023-05-10 01:28:52,0.11514,17.75000,17.75000,0.00000
2023-05-10 01:28:53,0.10144,15.58984,15.58984,0.00000
2023-05-10 01:28:54,0.09643,15.67188,15.67188,0.00000
2023-05-10 01:28:55,0.09718,15.82031,15.82031,0.00000
2023-05-10 01:28:56,0.11285,18.31055,18.31055,0.00000
2023-05-10 01:28:57,0.08846,14.74219,14.74219,0.00000
2023-05-10 01:28:58,0.09906,15.79492,15.79492,0.00000
2023-05-10 01:28:59,0.10589,16.73438,16.73438,0.00000
2023-05-10 01:29:00,0.09718,15.34961,15.34961,0.00000
2023-05-10 01:29:01,0.08954,14.26172,14.26172,0.00000
2023-05-10 01:29:02,0.09724,14.92578,14.92578,0.00000
2023-05-10 01:29:03,0.10451,16.53906,16.53906,0.00000
2023-05-10 01:29:04,0.10025,15.17969,15.17969,0.00000
2023-05-10 01:29:05,0.09023,14.11133,14.11133,0.00000
2023-05-10 01:29:06,0.10616,16.32617,16.32617,0.00000
2023-05-10 01:29:07,0.11209,17.18555,17.18555,0.00000
2023-05-10 01:29:08,0.09700,15.02539,15.02539,0.00000
2023-05-10 01:29:09,0.09900,14.98828,14.98828,0.00000
2023-05-10 01:29:10,0.11522,18.01758,18.01758,0.00000
2023-05-10 01:29:11,0.10276,15.31641,15.31641,0.00000
2023-05-10 01:29:12,0.09700,15.24219,15.24219,0.00000
2023-05-10 01:29:13,0.10157,15.98242,15.98242,0.00000
2023-05-10 01:29:14,0.11536,18.20703,18.20703,0.00000
2023-05-10 01:29:15,0.09199,14.76758,14.76758,0.00000
2023-05-10 01:29:16,0.09091,14.81641,14.81641,0.00000
2023-05-10 01:29:17,0.11459,17.55664,17.55664,0.00000
2023-05-10 01:29:18,0.10520,16.47266,16.47266,0.00000
2023-05-10 01:29:19,0.10006,15.02930,15.02930,0.00000
2023-05-10 01:29:20,0.09837,15.50391,15.50391,0.00000
2023-05-10 01:29:21,0.12469,19.16406,19.16406,0.00000
2023-05-10 01:29:22,0.09655,15.74805,15.74805,0.00000
2023-05-10 01:29:23,0.09887,15.61719,15.61719,0.00000
2023-05-10 01:29:24,0.09643,15.76953,15.76953,0.00000
2023-05-10 01:29:25,0.10006,15.99023,15.99023,0.00000
2023-05-10 01:29:26,0.08977,14.87695,14.87695,0.00000
2023-05-10 01:29:27,0.10645,16.41016,16.41016,0.00000
2023-05-10 01:29:28,0.10520,16.27148,16.27148,0.00000
2023-05-10 01:29:29,0.10200,15.64453,15.64453,0.00000
2023-05-10 01:29:30,0.08579,14.05859,14.05859,0.00000
2023-05-10 01:29:31,0.11452,17.61914,17.61914,0.00000
2023-05-10 01:29:32,0.12351,18.56641,18.56641,0.00000
2023-05-10 01:29:33,0.10464,16.29492,16.29492,0.00000
2023-05-10 01:29:34,0.08668,14.31641,14.31641,0.00000
2023-05-10 01:29:35,0.12727,19.08203,19.08203,0.00000
2023-05-10 01:29:36,0.11062,17.12891,17.12891,0.00000
2023-05-10 01:29:37,0.11090,17.66797,17.66797,0.00000
2023-05-10 01:29:38,0.09706,15.40820,15.40820,0.00000
2023-05-10 01:29:39,0.13204,19.71680,19.71680,0.00000
2023-05-10 01:29:40,0.11522,17.64648,17.64648,0.00000
2023-05-10 01:29:41,0.11702,17.88867,17.88867,0.00000
2023-05-10 01:29:42,0.11334,17.72852,17.72852,0.00000
2023-05-10 01:29:43,0.11661,17.59961,17.59961,0.00000
2023-05-10 01:29:44,0.10533,16.98047,16.98047,0.00000
2023-05-10 01:29:45,0.11882,17.76758,17.76758,0.00000
2023-05-10 01:29:46,0.13676,20.70703,20.70703,0.00000
2023-05-10 01:29:47,0.13033,19.37891,19.37891,0.00000
2023-05-10 01:29:48,0.12233,18.56055,18.56055,0.00000
2023-05-10 01:29:49,0.12155,17.98633,17.98633,0.00000
2023-05-10 01:29:50,0.12343,18.33594,18.33594,0.00000
2023-05-10 01:29:51,0.12281,18.46875,18.46875,0.00000
2023-05-10 01:29:52,0.12085,18.16992,18.16992,0.00000
2023-05-10 01:29:53,0.13508,19.34961,19.34961,0.00000
2023-05-10 01:29:54,0.11104,17.03906,17.03906,0.00000
2023-05-10 01:29:55,0.11167,17.42383,17.42383,0.00000
2023-05-10 01:29:56,0.11223,17.67969,17.67969,0.00000
2023-05-10 01:29:57,0.13838,20.97461,20.97461,0.00000
2023-05-10 01:29:58,0.12093,18.39648,18.39648,0.00000
2023-05-10 01:29:59,0.11529,17.64063,17.64063,0.00000
2023-05-10 01:30:00,0.12030,18.50977,18.50977,0.00000
2023-05-10 01:30:01,0.12899,18.89648,18.89648,0.00000
2023-05-10 01:30:02,0.12030,18.44336,18.44336,0.00000
2023-05-10 01:30:03,0.11960,18.03906,18.03906,0.00000
2023-05-10 01:30:04,0.13793,20.71680,20.71680,0.00000
2023-05-10 01:30:05,0.12414,18.65820,18.65820,0.00000
2023-05-10 01:30:06,0.12798,18.69727,18.69727,0.00000
2023-05-10 01:30:07,0.12038,18.21680,18.21680,0.00000
2023-05-10 01:30:08,0.12406,18.33203,18.33203,0.00000
2023-05-10 01:30:09,0.12296,18.41211,18.41211,0.00000
2023-05-10 01:30:10,0.12288,18.07422,18.07422,0.00000
2023-05-10 01:30:11,0.12954,18.98438,18.98438,0.00000
2023-05-10 01:30:12,0.11034,17.32031,17.32031,0.00000
2023-05-10 01:30:13,0.12045,17.86914,17.86914,0.00000
2023-05-10 01:30:14,0.11292,17.87695,17.87695,0.00000
2023-05-10 01:30:15,0.13417,19.93945,19.93945,0.00000
2023-05-10 01:30:16,0.11404,17.59180,17.59180,0.00000
2023-05-10 01:30:17,0.10853,17.01758,17.01758,0.00000
2023-05-10 01:30:18,0.11466,17.63281,17.63281,0.00000
2023-05-10 01:30:19,0.12195,18.53906,18.53906,0.00000
2023-05-10 01:30:20,0.12610,18.20703,18.20703,0.00000
2023-05-10 01:30:21,0.11975,17.74805,17.74805,0.00000
2023-05-10 01:30:22,0.13283,19.23828,19.23828,0.00000
2023-05-10 01:30:23,0.11396,16.59375,16.59375,0.00000
2023-05-10 01:30:24,0.11167,17.08984,17.08984,0.00000
2023-05-10 01:30:25,0.11584,17.36328,17.36328,0.00000
2023-05-10 01:30:26,0.13793,20.49023,20.49023,0.00000
2023-05-10 01:30:27,0.11647,17.38086,17.38086,0.00000
2023-05-10 01:30:28,0.11285,17.12109,17.12109,0.00000
2023-05-10 01:30:29,0.11584,17.68359,17.68359,0.00000
2023-05-10 01:30:30,0.10332,16.30859,16.30859,0.00000
2023-05-10 01:30:31,0.11153,17.52930,17.52930,0.00000
2023-05-10 01:30:32,0.10658,17.29688,17.29688,0.00000
2023-05-10 01:30:33,0.13300,19.81250,19.81250,0.00000
2023-05-10 01:30:34,0.12218,18.24023,18.24023,0.00000
2023-05-10 01:30:35,0.12665,18.54883,18.54883,0.00000
2023-05-10 01:30:36,0.12798,18.25000,18.25000,0.00000
2023-05-10 01:30:37,0.11960,18.20117,18.20117,0.00000
2023-05-10 01:30:38,0.10860,16.16016,16.16016,0.00000
2023-05-10 01:30:39,0.10625,16.52930,16.52930,0.00000
2023-05-10 01:30:40,0.13095,18.96484,18.96484,0.00000
2023-05-10 01:30:41,0.11411,17.33789,17.33789,0.00000
2023-05-10 01:30:42,0.11536,17.24805,17.24805,0.00000
2023-05-10 01:30:43,0.11209,17.64844,17.64844,0.00000
2023-05-10 01:30:44,0.14241,20.69141,20.69141,0.00000
2023-05-10 01:30:45,0.12782,18.41211,18.41211,0.00000
2023-05-10 01:30:46,0.12226,17.76563,17.76563,0.00000
2023-05-10 01:30:47,0.12281,18.49609,18.49609,0.00000
2023-05-10 01:30:48,0.12578,18.47656,18.47656,0.00000
2023-05-10 01:30:49,0.11990,18.10938,18.10938,0.00000
2023-05-10 01:30:50,0.12351,17.85352,17.85352,0.00000
2023-05-10 01:30:51,0.12923,19.52539,19.52539,0.00000
2023-05-10 01:30:52,0.11466,17.78516,17.78516,0.00000
2023-05-10 01:30:53,0.11787,17.85938,17.85938,0.00000
2023-05-10 01:30:54,0.11459,17.60547,17.60547,0.00000
2023-05-10 01:30:55,0.11772,17.93359,17.93359,0.00000
2023-05-10 01:30:56,0.11230,17.51953,17.51953,0.00000
2023-05-10 01:30:57,0.11327,17.27344,17.27344,0.00000
2023-05-10 01:30:58,0.11223,17.13867,17.13867,0.00000
2023-05-10 01:30:59,0.11014,16.82813,16.82813,0.00000
2023-05-10 01:31:00,0.11466,17.46094,17.46094,0.00000
2023-05-10 01:31:01,0.11209,17.74414,17.74414,0.00000
2023-05-10 01:31:02,0.13784,20.75000,20.75000,0.00000
2023-05-10 01:31:03,0.12461,18.51953,18.51953,0.00000
2023-05-10 01:31:04,0.11912,18.39648,18.39648,0.00000
2023-05-10 01:31:05,0.11920,18.29883,18.29883,0.00000
2023-05-10 01:31:06,0.13229,19.03516,19.03516,0.00000
2023-05-10 01:31:07,0.12155,18.02148,18.02148,0.00000
2023-05-10 01:31:08,0.12030,18.13672,18.13672,0.00000
2023-05-10 01:31:09,0.13964,20.51172,20.51172,0.00000
2023-05-10 01:31:10,0.11529,17.61914,17.61914,0.00000
2023-05-10 01:31:11,0.11522,17.27539,17.27539,0.00000
2023-05-10 01:31:12,0.11466,17.72656,17.72656,0.00000
2023-05-10 01:31:13,0.12163,18.33789,18.33789,0.00000
2023-05-10 01:31:14,0.11396,17.53320,17.53320,0.00000
2023-05-10 01:31:15,0.11083,16.87695,16.87695,0.00000
2023-05-10 01:31:16,0.12539,18.93555,18.93555,0.00000
2023-05-10 01:31:17,0.10652,16.55078,16.55078,0.00000
2023-05-10 01:31:18,0.11404,17.16211,17.16211,0.00000
2023-05-10 01:31:19,0.12359,18.41797,18.41797,0.00000
2023-05-10 01:31:20,0.14214,20.44531,20.44531,0.00000
2023-05-10 01:31:21,0.12053,18.77148,18.77148,0.00000
2023-05-10 01:31:22,0.12414,17.84180,17.84180,0.00000
2023-05-10 01:31:23,0.11209,17.71680,17.71680,0.00000
2023-05-10 01:31:24,0.12008,17.70117,17.70117,0.00000
2023-05-10 01:31:25,0.11278,17.16211,17.16211,0.00000
2023-05-10 01:31:26,0.11278,17.14453,17.14453,0.00000
2023-05-10 01:31:27,0.13354,19.53711,19.53711,0.00000
2023-05-10 01:31:28,0.09148,14.65430,14.65430,0.00000
2023-05-10 01:31:29,0.11529,17.67773,17.67773,0.00000
2023-05-10 01:31:30,0.10576,15.64453,15.64453,0.00000
2023-05-10 01:31:31,0.12390,18.01172,18.01172,0.00000
2023-05-10 01:31:32,0.11640,17.93555,17.93555,0.00000
2023-05-10 01:31:33,0.12273,18.14258,18.14258,0.00000
2023-05-10 01:31:34,0.12594,18.60547,18.60547,0.00000
2023-05-10 01:31:35,0.12359,18.01953,18.01953,0.00000
2023-05-10 01:31:36,0.12618,17.89063,17.89063,0.00000
2023-05-10 01:31:37,0.12030,17.67188,17.67188,0.00000
2023-05-10 01:31:38,0.13918,20.26953,20.26953,0.00000
2023-05-10 01:31:39,0.12469,18.16406,18.16406,0.00000
2023-05-10 01:31:40,0.10582,15.57227,15.57227,0.00000
2023-05-10 01:31:41,0.10219,16.29883,16.29883,0.00000
2023-05-10 01:31:42,0.11285,17.61328,17.61328,0.00000
2023-05-10 01:31:43,0.12038,18.72461,18.72461,0.00000
2023-05-10 01:31:44,0.10652,15.34570,15.34570,0.00000
2023-05-10 01:31:45,0.10194,15.59180,15.59180,0.00000
2023-05-10 01:31:46,0.10645,16.31250,16.31250,0.00000
2023-05-10 01:31:47,0.09605,15.01953,15.01953,0.00000
2023-05-10 01:31:48,0.09718,15.23828,15.23828,0.00000
2023-05-10 01:31:49,0.11654,17.46875,17.46875,0.00000
2023-05-10 01:31:50,0.10219,15.93945,15.93945,0.00000
2023-05-10 01:31:51,0.10150,15.55273,15.55273,0.00000
2023-05-10 01:31:52,0.09605,15.32422,15.32422,0.00000
2023-05-10 01:31:53,0.11584,18.18555,18.18555,0.00000
2023-05-10 01:31:54,0.09080,14.50000,14.50000,0.00000
2023-05-10 01:31:55,0.10282,15.39844,15.39844,0.00000
2023-05-10 01:31:56,0.10464,16.33789,16.33789,0.00000
2023-05-10 01:31:57,0.10213,15.31836,15.31836,0.00000
2023-05-10 01:31:58,0.08960,13.87109,13.87109,0.00000
2023-05-10 01:31:59,0.09894,15.01172,15.01172,0.00000
2023-05-10 01:32:00,0.10582,16.50000,16.50000,0.00000
2023-05-10 01:32:01,0.09906,15.11328,15.11328,0.00000
2023-05-10 01:32:02,0.08704,13.75977,13.75977,0.00000
2023-05-10 01:32:03,0.10081,15.14258,15.14258,0.00000
2023-05-10 01:32:04,0.09244,14.02344,14.02344,0.00000
2023-05-10 01:32:05,0.09900,15.31836,15.31836,0.00000
2023-05-10 01:32:06,0.09108,14.84375,14.84375,0.00000
2023-05-10 01:32:07,0.13095,19.56445,19.56445,0.00000
2023-05-10 01:32:08,0.10477,15.91992,15.91992,0.00000
2023-05-10 01:32:09,0.08954,14.00781,14.00781,0.00000
2023-05-10 01:32:10,0.11285,17.45117,17.45117,0.00000
2023-05-10 01:32:11,0.12155,18.17188,18.17188,0.00000
2023-05-10 01:32:12,0.10602,15.76172,15.76172,0.00000
2023-05-10 01:32:13,0.09211,14.32422,14.32422,0.00000
2023-05-10 01:32:14,0.12125,18.25586,18.25586,0.00000
2023-05-10 01:32:15,0.11202,17.28320,17.28320,0.00000
2023-05-10 01:32:16,0.09950,15.05469,15.05469,0.00000
2023-05-10 01:32:17,0.09706,15.42969,15.42969,0.00000
2023-05-10 01:32:18,0.11459,17.86328,17.86328,0.00000
2023-05-10 01:32:19,0.09975,15.52344,15.52344,0.00000
2023-05-10 01:32:20,0.09906,15.39453,15.39453,0.00000
2023-05-10 01:32:21,0.09962,15.25977,15.25977,0.00000
2023-05-10 01:32:22,0.11702,17.96484,17.96484,0.00000
2023-05-10 01:32:23,0.09028,14.46484,14.46484,0.00000
2023-05-10 01:32:24,0.11466,16.99023,16.99023,0.00000
2023-05-10 01:32:25,0.10213,15.78906,15.78906,0.00000
2023-05-10 01:32:26,0.10081,15.57031,15.57031,0.00000
2023-05-10 01:32:27,0.11772,16.56641,16.56641,0.00000
2023-05-10 01:32:28,0.10464,15.82617,15.82617,0.00000
2023-05-10 01:32:29,0.13024,19.41992,19.41992,0.00000
2023-05-10 01:32:30,0.09661,15.70508,15.70508,0.00000
2023-05-10 01:32:31,0.09718,15.21680,15.21680,0.00000
2023-05-10 01:32:32,0.09837,15.66602,15.66602,0.00000
2023-05-10 01:32:33,0.10144,16.04883,16.04883,0.00000
2023-05-10 01:32:34,0.11334,17.97656,17.97656,0.00000
2023-05-10 01:32:35,0.11223,17.63672,17.63672,0.00000
2023-05-10 01:32:36,0.13270,20.33203,20.33203,0.00000
2023-05-10 01:32:37,0.10408,16.69141,16.69141,0.00000
2023-05-10 01:32:38,0.11187,17.37891,17.37891,0.00000
2023-05-10 01:32:39,0.12218,17.89844,17.89844,0.00000
2023-05-10 01:32:40,0.12100,18.52148,18.52148,0.00000
2023-05-10 01:32:41,0.12288,17.94141,17.94141,0.00000
2023-05-10 01:32:42,0.12163,18.08594,18.08594,0.00000
2023-05-10 01:32:43,0.13722,19.92773,19.92773,0.00000
2023-05-10 01:32:44,0.10840,16.36133,16.36133,0.00000
2023-05-10 01:32:45,0.12343,18.25195,18.25195,0.00000
2023-05-10 01:32:46,0.12163,18.17383,18.17383,0.00000
2023-05-10 01:32:47,0.14071,20.42969,20.42969,0.00000
2023-05-10 01:32:48,0.10596,16.01953,16.01953,0.00000
2023-05-10 01:32:49,0.10582,16.11719,16.11719,0.00000
2023-05-10 01:32:50,0.08949,14.28125,14.28125,0.00000
2023-05-10 01:32:51,0.11216,16.91016,16.91016,0.00000
2023-05-10 01:32:52,0.09267,14.48633,14.48633,0.00000
2023-05-10 01:32:53,0.09706,14.95313,14.95313,0.00000
2023-05-10 01:32:54,0.10520,16.33789,16.33789,0.00000
2023-05-10 01:32:55,0.10063,15.72266,15.72266,0.00000
2023-05-10 01:32:56,0.08783,14.03711,14.03711,0.00000
2023-05-10 01:32:57,0.09718,15.59180,15.59180,0.00000
2023-05-10 01:32:58,0.10632,16.56836,16.56836,0.00000
2023-05-10 01:32:59,0.09962,15.25195,15.25195,0.00000
2023-05-10 01:33:00,0.08903,14.01953,14.01953,0.00000
2023-05-10 01:33:01,0.10658,16.28320,16.28320,0.00000
2023-05-10 01:33:02,0.10708,16.66211,16.66211,0.00000
2023-05-10 01:33:03,0.10013,15.39453,15.39453,0.00000
2023-05-10 01:33:04,0.09787,15.30469,15.30469,0.00000
2023-05-10 01:33:05,0.12962,18.73828,18.73828,0.00000
2023-05-10 01:33:06,0.10100,16.21680,16.21680,0.00000
2023-05-10 01:33:07,0.09837,15.36914,15.36914,0.00000
2023-05-10 01:33:08,0.09473,15.54883,15.54883,0.00000
2023-05-10 01:33:09,0.11842,17.90820,17.90820,0.00000
2023-05-10 01:33:10,0.09398,14.83789,14.83789,0.00000
2023-05-10 01:33:11,0.10263,15.37695,15.37695,0.00000
2023-05-10 01:33:12,0.10632,16.56445,16.56445,0.00000
2023-05-10 01:33:13,0.10694,15.70898,15.70898,0.00000
2023-05-10 01:33:14,0.08652,14.36133,14.36133,0.00000
2023-05-10 01:33:15,0.09900,15.58594,15.58594,0.00000
2023-05-10 01:33:16,0.10388,16.83203,16.83203,0.00000
2023-05-10 01:33:17,0.10276,15.42773,15.42773,0.00000
2023-05-10 01:33:18,0.08704,13.73242,13.73242,0.00000
2023-05-10 01:33:19,0.10250,15.36914,15.36914,0.00000
2023-05-10 01:33:20,0.11348,17.45703,17.45703,0.00000
2023-05-10 01:33:21,0.10909,15.60742,15.60742,0.00000
2023-05-10 01:33:22,0.09956,15.21289,15.21289,0.00000
2023-05-10 01:33:23,0.11341,18.00195,18.00195,0.00000
2023-05-10 01:33:24,0.09950,15.59375,15.59375,0.00000
2023-05-10 01:33:25,0.09712,15.39258,15.39258,0.00000
2023-05-10 01:33:26,0.09592,15.40625,15.40625,0.00000
2023-05-10 01:33:27,0.11717,17.87500,17.87500,0.00000
2023-05-10 01:33:28,0.09080,14.30664,14.30664,0.00000
2023-05-10 01:33:29,0.09931,14.96289,14.96289,0.00000
2023-05-10 01:33:30,0.09667,15.52344,15.52344,0.00000
2023-05-10 01:33:31,0.10860,16.56055,16.56055,0.00000
2023-05-10 01:33:32,0.10213,15.64258,15.64258,0.00000
2023-05-10 01:33:33,0.09787,15.73633,15.73633,0.00000
2023-05-10 01:33:34,0.12657,19.11133,19.11133,0.00000
2023-05-10 01:33:35,0.09881,15.49609,15.49609,0.00000
2023-05-10 01:33:36,0.10672,15.76758,15.76758,0.00000
2023-05-10 01:33:37,0.09661,15.60547,15.60547,0.00000
2023-05-10 01:33:38,0.10025,16.01758,16.01758,0.00000
2023-05-10 01:33:39,0.09165,14.83984,14.83984,0.00000
2023-05-10 01:33:40,0.09085,14.65234,14.65234,0.00000
2023-05-10 01:33:41,0.10526,16.50781,16.50781,0.00000
2023-05-10 01:33:42,0.09956,15.24414,15.24414,0.00000
2023-05-10 01:33:43,0.08840,14.15234,14.15234,0.00000
2023-05-10 01:33:44,0.09881,15.13086,15.13086,0.00000
2023-05-10 01:33:45,0.10464,16.60547,16.60547,0.00000
2023-05-10 01:33:46,0.09849,15.01758,15.01758,0.00000
2023-05-10 01:33:47,0.08652,14.13281,14.13281,0.00000
2023-05-10 01:33:48,0.07201,11.85352,11.85352,0.00000
