Date,CPU Utilization,Total Power,CPU Power,GPU Power
2023-05-10 01:23:25,0.08130,12.34277,12.34277,0.00000
2023-05-10 01:23:26,0.09825,15.61230,15.61230,0.00000
2023-05-10 01:23:27,0.11473,17.38477,17.38477,0.00000
2023-05-10 01:23:28,0.09643,15.03320,15.03320,0.00000
2023-05-10 01:23:29,0.09687,15.48633,15.48633,0.00000
2023-05-10 01:23:30,0.11320,17.70215,17.70215,0.00000
2023-05-10 01:23:31,0.10401,16.00098,16.00098,0.00000
2023-05-10 01:23:32,0.10094,15.70703,15.70703,0.00000
2023-05-10 01:23:33,0.09643,15.32617,15.32617,0.00000
2023-05-10 01:23:34,0.11320,17.81934,17.81934,0.00000
2023-05-10 01:23:35,0.09956,15.17480,15.17480,0.00000
2023-05-10 01:23:36,0.09188,14.13770,14.13770,0.00000
2023-05-10 01:23:37,0.09518,15.10938,15.10938,0.00000
2023-05-10 01:23:38,0.11021,17.17285,17.17285,0.00000
2023-05-10 01:23:39,0.09706,15.23242,15.23242,0.00000
2023-05-10 01:23:40,0.09706,15.36230,15.36230,0.00000
2023-05-10 01:23:41,0.11174,17.84473,17.84473,0.00000
2023-05-10 01:23:42,0.09806,15.18359,15.18359,0.00000
2023-05-10 01:23:43,0.09673,15.46289,15.46289,0.00000
2023-05-10 01:23:44,0.09694,15.48242,15.48242,0.00000
2023-05-10 01:23:45,0.11271,18.00000,18.00000,0.00000
2023-05-10 01:23:46,0.09592,15.29688,15.29688,0.00000
2023-05-10 01:23:47,0.08903,14.61523,14.61523,0.00000
2023-05-10 01:23:48,0.11459,17.89746,17.89746,0.00000
2023-05-10 01:23:49,0.10470,16.37012,16.37012,0.00000
2023-05-10 01:23:50,0.09467,14.95898,14.95898,0.00000
2023-05-10 01:23:51,0.10207,15.77246,15.77246,0.00000
2023-05-10 01:23:52,0.11452,17.53223,17.53223,0.00000
2023-05-10 01:23:53,0.09831,15.31934,15.31934,0.00000
2023-05-10 01:23:54,0.09530,15.29297,15.29297,0.00000
2023-05-10 01:23:55,0.09643,15.64844,15.64844,0.00000
2023-05-10 01:23:56,0.11452,17.42090,17.42090,0.00000
2023-05-10 01:23:57,0.09819,15.44043,15.44043,0.00000
2023-05-10 01:23:58,0.08903,14.44141,14.44141,0.00000
2023-05-10 01:23:59,0.11104,16.69043,16.69043,0.00000
2023-05-10 01:24:00,0.10576,16.00586,16.00586,0.00000
2023-05-10 01:24:01,0.08954,14.27637,14.27637,0.00000
2023-05-10 01:24:02,0.09643,15.47461,15.47461,0.00000
2023-05-10 01:24:03,0.10526,16.15332,16.15332,0.00000
2023-05-10 01:24:04,0.09592,15.14453,15.14453,0.00000
2023-05-10 01:24:05,0.09291,14.68555,14.68555,0.00000
2023-05-10 01:24:06,0.09700,15.09863,15.09863,0.00000
2023-05-10 01:24:07,0.08766,14.52148,14.52148,0.00000
2023-05-10 01:24:08,0.09768,15.26855,15.26855,0.00000
2023-05-10 01:24:09,0.08766,14.05664,14.05664,0.00000
2023-05-10 01:24:10,0.11341,17.79102,17.79102,0.00000
2023-05-10 01:24:11,0.10483,16.29395,16.29395,0.00000
2023-05-10 01:24:12,0.08829,14.17773,14.17773,0.00000
2023-05-10 01:24:13,0.10364,16.21094,16.21094,0.00000
2023-05-10 01:24:14,0.10269,16.44141,16.44141,0.00000
2023-05-10 01:24:15,0.10388,15.79395,15.79395,0.00000
2023-05-10 01:24:16,0.08595,14.18066,14.18066,0.00000
2023-05-10 01:24:17,0.10658,16.32422,16.32422,0.00000
2023-05-10 01:24:18,0.10819,16.62109,16.62109,0.00000
2023-05-10 01:24:19,0.09843,14.61816,14.61816,0.00000
2023-05-10 01:24:20,0.10394,15.68945,15.68945,0.00000
2023-05-10 01:24:21,0.11459,17.80566,17.80566,0.00000
2023-05-10 01:24:22,0.09750,15.47266,15.47266,0.00000
2023-05-10 01:24:23,0.09580,15.27832,15.27832,0.00000
2023-05-10 01:24:24,0.09637,15.59766,15.59766,0.00000
2023-05-10 01:24:25,0.11757,18.24902,18.24902,0.00000
2023-05-10 01:24:26,0.09461,15.12891,15.12891,0.00000
2023-05-10 01:24:27,0.09063,14.05957,14.05957,0.00000
2023-05-10 01:24:28,0.10895,17.19141,17.19141,0.00000
2023-05-10 01:24:29,0.10276,15.69824,15.69824,0.00000
2023-05-10 01:24:30,0.08641,14.06445,14.06445,0.00000
2023-05-10 01:24:31,0.09718,15.25586,15.25586,0.00000
2023-05-10 01:24:32,0.10464,16.17383,16.17383,0.00000
2023-05-10 01:24:33,0.09643,15.12598,15.12598,0.00000
2023-05-10 01:24:34,0.08595,13.96484,13.96484,0.00000
2023-05-10 01:24:35,0.10006,15.90430,15.90430,0.00000
2023-05-10 01:24:36,0.08641,13.99121,13.99121,0.00000
2023-05-10 01:24:37,0.09900,15.33984,15.33984,0.00000
2023-05-10 01:24:38,0.08693,13.96191,13.96191,0.00000
2023-05-10 01:24:39,0.11320,17.50098,17.50098,0.00000
2023-05-10 01:24:40,0.10388,16.06250,16.06250,0.00000
2023-05-10 01:24:41,0.08641,13.93750,13.93750,0.00000
2023-05-10 01:24:42,0.09837,15.43164,15.43164,0.00000
2023-05-10 01:24:43,0.11243,17.20117,17.20117,0.00000
2023-05-10 01:24:44,0.11536,18.56934,18.56934,0.00000
2023-05-10 01:24:45,0.08579,14.02051,14.02051,0.00000
2023-05-10 01:24:46,0.10464,16.15039,16.15039,0.00000
2023-05-10 01:24:47,0.10777,16.41211,16.41211,0.00000
2023-05-10 01:24:48,0.09718,15.25684,15.25684,0.00000
2023-05-10 01:24:49,0.10044,15.60254,15.60254,0.00000
2023-05-10 01:24:50,0.12422,18.46973,18.46973,0.00000
2023-05-10 01:24:51,0.09825,15.66406,15.66406,0.00000
2023-05-10 01:24:52,0.09706,15.65918,15.65918,0.00000
2023-05-10 01:24:53,0.09530,15.42578,15.42578,0.00000
2023-05-10 01:24:54,0.11960,18.19043,18.19043,0.00000
2023-05-10 01:24:55,0.09313,14.72754,14.72754,0.00000
2023-05-10 01:24:56,0.09028,14.27051,14.27051,0.00000
2023-05-10 01:24:57,0.10351,16.42383,16.42383,0.00000
2023-05-10 01:24:58,0.09825,15.18945,15.18945,0.00000
2023-05-10 01:24:59,0.08881,14.28125,14.28125,0.00000
2023-05-10 01:25:00,0.09837,15.32324,15.32324,0.00000
2023-05-10 01:25:01,0.10714,16.91113,16.91113,0.00000
2023-05-10 01:25:02,0.09906,15.34863,15.34863,0.00000
2023-05-10 01:25:03,0.08840,13.91406,13.91406,0.00000
2023-05-10 01:25:04,0.10332,14.88184,14.88184,0.00000
2023-05-10 01:25:05,0.11432,17.59766,17.59766,0.00000
2023-05-10 01:25:06,0.09536,15.28906,15.28906,0.00000
2023-05-10 01:25:07,0.09718,15.42969,15.42969,0.00000
2023-05-10 01:25:08,0.11209,17.82129,17.82129,0.00000
2023-05-10 01:25:09,0.09706,15.62598,15.62598,0.00000
2023-05-10 01:25:10,0.09694,15.28809,15.28809,0.00000
2023-05-10 01:25:11,0.09768,15.40527,15.40527,0.00000
2023-05-10 01:25:12,0.11320,18.22168,18.22168,0.00000
2023-05-10 01:25:13,0.09598,15.05273,15.05273,0.00000
2023-05-10 01:25:14,0.09267,14.66699,14.66699,0.00000
2023-05-10 01:25:15,0.09862,16.05664,16.05664,0.00000
2023-05-10 01:25:16,0.10332,16.59863,16.59863,0.00000
2023-05-10 01:25:17,0.09700,15.58887,15.58887,0.00000
2023-05-10 01:25:18,0.09712,15.37598,15.37598,0.00000
2023-05-10 01:25:19,0.12845,18.82031,18.82031,0.00000
2023-05-10 01:25:20,0.09530,15.66113,15.66113,0.00000
2023-05-10 01:25:21,0.09655,15.71680,15.71680,0.00000
2023-05-10 01:25:22,0.09530,15.43652,15.43652,0.00000
2023-05-10 01:25:23,0.11341,17.58594,17.58594,0.00000
2023-05-10 01:25:24,0.09216,14.94629,14.94629,0.00000
2023-05-10 01:25:25,0.09136,14.85449,14.85449,0.00000
2023-05-10 01:25:26,0.11264,17.03809,17.03809,0.00000
2023-05-10 01:25:27,0.10457,15.82227,15.82227,0.00000
2023-05-10 01:25:28,0.08647,14.03613,14.03613,0.00000
2023-05-10 01:25:29,0.09592,15.23438,15.23438,0.00000
2023-05-10 01:25:30,0.10665,16.55469,16.55469,0.00000
2023-05-10 01:25:31,0.09975,15.78223,15.78223,0.00000
2023-05-10 01:25:32,0.08698,14.21582,14.21582,0.00000
2023-05-10 01:25:33,0.10408,16.22070,16.22070,0.00000
2023-05-10 01:25:34,0.10763,16.57129,16.57129,0.00000
2023-05-10 01:25:35,0.10302,16.36230,16.36230,0.00000
2023-05-10 01:25:36,0.09869,15.73340,15.73340,0.00000
2023-05-10 01:25:37,0.11507,18.35059,18.35059,0.00000
2023-05-10 01:25:38,0.09768,15.41602,15.41602,0.00000
2023-05-10 01:25:39,0.09598,15.40332,15.40332,0.00000
2023-05-10 01:25:40,0.09598,15.95703,15.95703,0.00000
2023-05-10 01:25:41,0.11355,17.77344,17.77344,0.00000
2023-05-10 01:25:42,0.09154,14.43652,14.43652,0.00000
2023-05-10 01:25:43,0.09619,14.36523,14.36523,0.00000
2023-05-10 01:25:44,0.11529,17.12793,17.12793,0.00000
2023-05-10 01:25:45,0.10232,15.95410,15.95410,0.00000
2023-05-10 01:25:46,0.08772,14.17090,14.17090,0.00000
2023-05-10 01:25:47,0.10088,15.40527,15.40527,0.00000
2023-05-10 01:25:48,0.10394,16.49512,16.49512,0.00000
2023-05-10 01:25:49,0.09900,15.61426,15.61426,0.00000
2023-05-10 01:25:50,0.08875,14.15039,14.15039,0.00000
2023-05-10 01:25:51,0.10250,15.50977,15.50977,0.00000
2023-05-10 01:25:52,0.11271,16.87598,16.87598,0.00000
2023-05-10 01:25:53,0.09637,14.95020,14.95020,0.00000
2023-05-10 01:25:54,0.09580,15.30859,15.30859,0.00000
2023-05-10 01:25:55,0.11591,18.15723,18.15723,0.00000
2023-05-10 01:25:56,0.09718,15.47754,15.47754,0.00000
2023-05-10 01:25:57,0.09536,15.74902,15.74902,0.00000
2023-05-10 01:25:58,0.09467,15.62988,15.62988,0.00000
2023-05-10 01:25:59,0.11543,17.83887,17.83887,0.00000
2023-05-10 01:26:00,0.09085,15.00391,15.00391,0.00000
2023-05-10 01:26:01,0.11167,16.32813,16.32813,0.00000
2023-05-10 01:26:02,0.10269,16.42969,16.42969,0.00000
2023-05-10 01:26:03,0.09718,15.02539,15.02539,0.00000
2023-05-10 01:26:04,0.08641,13.86621,13.86621,0.00000
2023-05-10 01:26:05,0.10338,15.68652,15.68652,0.00000
2023-05-10 01:26:06,0.10618,16.48535,16.48535,0.00000
2023-05-10 01:26:07,0.10263,14.98828,14.98828,0.00000
2023-05-10 01:26:08,0.08698,14.09961,14.09961,0.00000
2023-05-10 01:26:09,0.09706,15.29395,15.29395,0.00000
2023-05-10 01:26:10,0.08829,14.56543,14.56543,0.00000
2023-05-10 01:26:11,0.10025,15.85352,15.85352,0.00000
2023-05-10 01:26:12,0.08652,14.06250,14.06250,0.00000
2023-05-10 01:26:13,0.12180,18.32031,18.32031,0.00000
2023-05-10 01:26:14,0.10582,16.41504,16.41504,0.00000
2023-05-10 01:26:15,0.09011,13.85059,13.85059,0.00000
2023-05-10 01:26:16,0.09825,14.85742,14.85742,0.00000
2023-05-10 01:26:17,0.10638,16.49707,16.49707,0.00000
2023-05-10 01:26:18,0.10100,15.49414,15.49414,0.00000
2023-05-10 01:26:19,0.08943,14.59277,14.59277,0.00000
2023-05-10 01:26:20,0.10951,16.80176,16.80176,0.00000
2023-05-10 01:26:21,0.12030,17.85547,17.85547,0.00000
2023-05-10 01:26:22,0.10150,15.32520,15.32520,0.00000
2023-05-10 01:26:23,0.09706,15.18945,15.18945,0.00000
2023-05-10 01:26:24,0.12586,18.51172,18.51172,0.00000
2023-05-10 01:26:25,0.09712,15.48438,15.48438,0.00000
2023-05-10 01:26:26,0.09781,15.45996,15.45996,0.00000
2023-05-10 01:26:27,0.09574,15.32910,15.32910,0.00000
2023-05-10 01:26:28,0.09768,15.78809,15.78809,0.00000
2023-05-10 01:26:29,0.09285,15.29590,15.29590,0.00000
2023-05-10 01:26:30,0.08903,14.43750,14.43750,0.00000
2023-05-10 01:26:31,0.11216,17.56543,17.56543,0.00000
2023-05-10 01:26:32,0.10533,16.37793,16.37793,0.00000
2023-05-10 01:26:33,0.08527,14.17969,14.17969,0.00000
2023-05-10 01:26:34,0.09580,15.07129,15.07129,0.00000
2023-05-10 01:26:35,0.10916,17.20605,17.20605,0.00000
2023-05-10 01:26:36,0.09837,15.16602,15.16602,0.00000
2023-05-10 01:26:37,0.08766,14.59668,14.59668,0.00000
2023-05-10 01:26:38,0.10652,16.62402,16.62402,0.00000
2023-05-10 01:26:39,0.10582,15.77832,15.77832,0.00000
2023-05-10 01:26:40,0.09762,15.24414,15.24414,0.00000
2023-05-10 01:26:41,0.09598,15.62598,15.62598,0.00000
2023-05-10 01:26:42,0.12351,18.97656,18.97656,0.00000
2023-05-10 01:26:43,0.10256,16.07227,16.07227,0.00000
2023-05-10 01:26:44,0.10263,15.93555,15.93555,0.00000
2023-05-10 01:26:45,0.09461,15.42285,15.42285,0.00000
2023-05-10 01:26:46,0.10019,15.64941,15.64941,0.00000
2023-05-10 01:26:47,0.09330,14.93750,14.93750,0.00000
2023-05-10 01:26:48,0.08903,14.67676,14.67676,0.00000
2023-05-10 01:26:49,0.11146,17.60840,17.60840,0.00000
2023-05-10 01:26:50,0.10708,16.05664,16.05664,0.00000
2023-05-10 01:26:51,0.08772,13.77441,13.77441,0.00000
2023-05-10 01:26:52,0.09592,15.28418,15.28418,0.00000
2023-05-10 01:26:53,0.10381,16.54980,16.54980,0.00000
2023-05-10 01:26:54,0.09756,15.44922,15.44922,0.00000
2023-05-10 01:26:55,0.08709,14.40527,14.40527,0.00000
2023-05-10 01:26:56,0.10477,16.66211,16.66211,0.00000
2023-05-10 01:26:57,0.11591,17.37109,17.37109,0.00000
2023-05-10 01:26:58,0.09712,14.97070,14.97070,0.00000
2023-05-10 01:26:59,0.09774,15.42871,15.42871,0.00000
2023-05-10 01:27:00,0.12312,18.91406,18.91406,0.00000
2023-05-10 01:27:01,0.09787,15.51172,15.51172,0.00000
2023-05-10 01:27:02,0.09881,15.57520,15.57520,0.00000
2023-05-10 01:27:03,0.09524,15.52930,15.52930,0.00000
2023-05-10 01:27:04,0.11779,18.01074,18.01074,0.00000
2023-05-10 01:27:05,0.09308,14.77637,14.77637,0.00000
2023-05-10 01:27:06,0.10658,16.55176,16.55176,0.00000
2023-05-10 01:27:07,0.10533,16.55371,16.55371,0.00000
2023-05-10 01:27:08,0.09894,15.16504,15.16504,0.00000
2023-05-10 01:27:09,0.08704,14.03125,14.03125,0.00000
2023-05-10 01:27:10,0.09712,15.65430,15.65430,0.00000
2023-05-10 01:27:11,0.10714,16.57617,16.57617,0.00000
2023-05-10 01:27:12,0.10081,15.43555,15.43555,0.00000
2023-05-10 01:27:13,0.09393,14.62305,14.62305,0.00000
2023-05-10 01:27:14,0.10144,15.83008,15.83008,0.00000
2023-05-10 01:27:15,0.11202,17.33789,17.33789,0.00000
2023-05-10 01:27:16,0.13802,18.06250,18.06250,0.00000
2023-05-10 01:27:17,0.11875,16.14844,16.14844,0.00000
2023-05-10 01:27:18,0.11466,17.67188,17.67188,0.00000
2023-05-10 01:27:19,0.09774,15.82031,15.82031,0.00000
2023-05-10 01:27:20,0.09718,15.43555,15.43555,0.00000
2023-05-10 01:27:21,0.09994,15.32031,15.32031,0.00000
2023-05-10 01:27:22,0.11348,18.17188,18.17188,0.00000
2023-05-10 01:27:23,0.09222,15.08594,15.08594,0.00000
2023-05-10 01:27:24,0.10694,16.75000,16.75000,0.00000
2023-05-10 01:27:25,0.09562,15.11133,15.11133,0.00000
2023-05-10 01:27:26,0.10526,16.58594,16.58594,0.00000
2023-05-10 01:27:27,0.09881,15.10938,15.10938,0.00000
2023-05-10 01:27:28,0.09473,15.17969,15.17969,0.00000
2023-05-10 01:27:29,0.12657,18.87500,18.87500,0.00000
2023-05-10 01:27:30,0.09524,15.58008,15.58008,0.00000
2023-05-10 01:27:31,0.09969,15.57031,15.57031,0.00000
2023-05-10 01:27:32,0.10157,15.98828,15.98828,0.00000
2023-05-10 01:27:33,0.09912,15.89258,15.89258,0.00000
2023-05-10 01:27:34,0.09211,14.81641,14.81641,0.00000
2023-05-10 01:27:35,0.09336,14.87891,14.87891,0.00000
2023-05-10 01:27:36,0.11787,17.85547,17.85547,0.00000
2023-05-10 01:27:37,0.10714,16.29492,16.29492,0.00000
2023-05-10 01:27:38,0.10226,16.14063,16.14063,0.00000
2023-05-10 01:27:39,0.08886,13.94141,13.94141,0.00000
2023-05-10 01:27:40,0.11411,17.84766,17.84766,0.00000
2023-05-10 01:27:41,0.10714,16.21875,16.21875,0.00000
2023-05-10 01:27:42,0.08698,14.10156,14.10156,0.00000
2023-05-10 01:27:43,0.10408,16.41992,16.41992,0.00000
2023-05-10 01:27:44,0.10701,16.68359,16.68359,0.00000
2023-05-10 01:27:45,0.09730,15.50586,15.50586,0.00000
2023-05-10 01:27:46,0.09611,15.52344,15.52344,0.00000
2023-05-10 01:27:47,0.12782,19.25000,19.25000,0.00000
2023-05-10 01:27:48,0.09530,15.29102,15.29102,0.00000
2023-05-10 01:27:49,0.09655,15.66406,15.66406,0.00000
2023-05-10 01:27:50,0.10100,15.71680,15.71680,0.00000
2023-05-10 01:27:51,0.12053,18.55078,18.55078,0.00000
2023-05-10 01:27:52,0.09301,14.52344,14.52344,0.00000
2023-05-10 01:27:53,0.10276,15.66602,15.66602,0.00000
2023-05-10 01:27:54,0.10632,16.27539,16.27539,0.00000
2023-05-10 01:27:55,0.09718,15.07813,15.07813,0.00000
2023-05-10 01:27:56,0.08772,14.12305,14.12305,0.00000
2023-05-10 01:27:57,0.09906,15.34961,15.34961,0.00000
2023-05-10 01:27:58,0.10401,16.27734,16.27734,0.00000
2023-05-10 01:27:59,0.09987,15.46484,15.46484,0.00000
2023-05-10 01:28:00,0.08835,14.47070,14.47070,0.00000
2023-05-10 01:28:01,0.10075,15.68359,15.68359,0.00000
2023-05-10 01:28:02,0.08704,14.22461,14.22461,0.00000
2023-05-10 01:28:03,0.09667,15.54883,15.54883,0.00000
2023-05-10 01:28:04,0.08824,14.24609,14.24609,0.00000
2023-05-10 01:28:05,0.11772,17.65820,17.65820,0.00000
2023-05-10 01:28:06,0.11111,16.66992,16.66992,0.00000
2023-05-10 01:28:07,0.08960,13.88477,13.88477,0.00000
2023-05-10 01:28:08,0.09762,15.26758,15.26758,0.00000
2023-05-10 01:28:09,0.10388,16.58984,16.58984,0.00000
2023-05-10 01:28:10,0.09862,15.07227,15.07227,0.00000
2023-05-10 01:28:11,0.09250,14.49414,14.49414,0.00000
2023-05-10 01:28:12,0.10833,16.93750,16.93750,0.00000
2023-05-10 01:28:13,0.12155,17.91211,17.91211,0.00000
2023-05-10 01:28:14,0.09831,15.15820,15.15820,0.00000
2023-05-10 01:28:15,0.09724,15.50000,15.50000,0.00000
2023-05-10 01:28:16,0.12751,19.51172,19.51172,0.00000
2023-05-10 01:28:17,0.09837,15.79102,15.79102,0.00000
2023-05-10 01:28:18,0.09724,15.56641,15.56641,0.00000
2023-05-10 01:28:19,0.09774,15.73242,15.73242,0.00000
2023-05-10 01:28:20,0.11459,17.82617,17.82617,0.00000
2023-05-10 01:28:21,0.09398,15.20313,15.20313,0.00000
2023-05-10 01:28:22,0.10131,15.40625,15.40625,0.00000
2023-05-10 01:28:23,0.11355,17.12109,17.12109,0.00000
2023-05-10 01:28:24,0.10596,16.19531,16.19531,0.00000
2023-05-10 01:28:25,0.08766,14.06445,14.06445,0.00000
2023-05-10 01:28:26,0.09655,15.18945,15.18945,0.00000
2023-05-10 01:28:27,0.10589,16.35352,16.35352,0.00000
2023-05-10 01:28:28,0.09900,15.37109,15.37109,0.00000
2023-05-10 01:28:29,0.08772,14.33398,14.33398,0.00000
2023-05-10 01:28:30,0.11632,16.63086,16.63086,0.00000
2023-05-10 01:28:31,0.10846,16.51953,16.51953,0.00000
2023-05-10 01:28:32,0.09768,15.12695,15.12695,0.00000
2023-05-10 01:28:33,0.09730,15.79492,15.79492,0.00000
2023-05-10 01:28:34,0.11473,17.95313,17.95313,0.00000
2023-05-10 01:28:35,0.10081,16.07031,16.07031,0.00000
2023-05-10 01:28:36,0.10057,15.73438,15.73438,0.00000
2023-05-10 01:28:37,0.09580,15.73242,15.73242,0.00000
2023-05-10 01:28:38,0.11584,18.08203,18.08203,0.00000
2023-05-10 01:28:39,0.08908,15.09180,15.09180,0.00000
2023-05-10 01:28:40,0.10701,16.72070,16.72070,0.00000
2023-05-10 01:28:41,0.10582,16.92383,16.92383,0.00000
2023-05-10 01:28:42,0.09825,15.28125,15.28125,0.00000
2023-05-10 01:28:43,0.08636,14.33008,14.33008,0.00000
2023-05-10 01:28:44,0.09774,15.29297,15.29297,0.00000
2023-05-10 01:28:45,0.10576,16.31836,16.31836,0.00000
2023-05-10 01:28:46,0.10840,16.27148,16.27148,0.00000
2023-05-10 01:28:47,0.12806,18.10742,18.10742,0.00000
2023-05-10 01:28:48,0.10332,15.91211,15.91211,0.00000
2023-05-10 01:28:49,0.11327,16.98242,16.98242,0.00000
2023-05-10 01:28:50,0.09781,15.63477,15.63477,0.00000
2023-05-10 01:28:51,0.10526,16.20313,16.20313,0.00000
2023-05-10 01:28:52,0.11514,17.75781,17.75781,0.00000
2023-05-10 01:28:53,0.10144,15.58008,15.58008,0.00000
2023-05-10 01:28:54,0.09643,15.67188,15.67188,0.00000
2023-05-10 01:28:55,0.09718,15.83008,15.83008,0.00000
2023-05-10 01:28:56,0.11285,18.29297,18.29297,0.00000
2023-05-10 01:28:57,0.08846,14.74219,14.74219,0.00000
2023-05-10 01:28:58,0.09906,15.82422,15.82422,0.00000
2023-05-10 01:28:59,0.10596,16.73438,16.73438,0.00000
2023-05-10 01:29:00,0.09724,15.33984,15.33984,0.00000
2023-05-10 01:29:01,0.08949,14.27148,14.27148,0.00000
2023-05-10 01:29:02,0.09730,14.92578,14.92578,0.00000
2023-05-10 01:29:03,0.10457,16.55469,16.55469,0.00000
2023-05-10 01:29:04,0.10025,15.17969,15.17969,0.00000
2023-05-10 01:29:05,0.09017,14.11133,14.11133,0.00000
2023-05-10 01:29:06,0.10616,16.32617,16.32617,0.00000
2023-05-10 01:29:07,0.11216,17.18555,17.18555,0.00000
2023-05-10 01:29:08,0.09649,15.04297,15.04297,0.00000
2023-05-10 01:29:09,0.10013,15.00781,15.00781,0.00000
2023-05-10 01:29:10,0.11522,18.01563,18.01563,0.00000
2023-05-10 01:29:11,0.10269,15.31641,15.31641,0.00000
2023-05-10 01:29:12,0.09706,15.24805,15.24805,0.00000
2023-05-10 01:29:13,0.10157,15.98242,15.98242,0.00000
2023-05-10 01:29:14,0.11529,18.19922,18.19922,0.00000
2023-05-10 01:29:15,0.09205,14.76758,14.76758,0.00000
2023-05-10 01:29:16,0.09034,14.83203,14.83203,0.00000
2023-05-10 01:29:17,0.11507,17.55469,17.55469,0.00000
2023-05-10 01:29:18,0.10526,16.47266,16.47266,0.00000
2023-05-10 01:29:19,0.10013,15.04297,15.04297,0.00000
2023-05-10 01:29:20,0.09831,15.50586,15.50586,0.00000
2023-05-10 01:29:21,0.12469,19.17969,19.17969,0.00000
2023-05-10 01:29:22,0.09649,15.76172,15.76172,0.00000
2023-05-10 01:29:23,0.09887,15.61719,15.61719,0.00000
2023-05-10 01:29:24,0.09649,15.76172,15.76172,0.00000
2023-05-10 01:29:25,0.10013,15.99023,15.99023,0.00000
2023-05-10 01:29:26,0.08977,14.87695,14.87695,0.00000
2023-05-10 01:29:27,0.10645,16.41016,16.41016,0.00000
2023-05-10 01:29:28,0.10526,16.27148,16.27148,0.00000
2023-05-10 01:29:29,0.10200,15.66211,15.66211,0.00000
2023-05-10 01:29:30,0.08584,14.05859,14.05859,0.00000
2023-05-10 01:29:31,0.11452,17.62109,17.62109,0.00000
2023-05-10 01:29:32,0.12351,18.56250,18.56250,0.00000
2023-05-10 01:29:33,0.10464,16.28906,16.28906,0.00000
2023-05-10 01:29:34,0.08657,14.33008,14.33008,0.00000
2023-05-10 01:29:35,0.12719,19.05664,19.05664,0.00000
2023-05-10 01:29:36,0.11069,17.12891,17.12891,0.00000
2023-05-10 01:29:37,0.11034,17.68359,17.68359,0.00000
2023-05-10 01:29:38,0.09706,15.41016,15.41016,0.00000
2023-05-10 01:29:39,0.13258,19.72656,19.72656,0.00000
2023-05-10 01:29:40,0.11529,17.65234,17.65234,0.00000
2023-05-10 01:29:41,0.11702,17.88281,17.88281,0.00000
2023-05-10 01:29:42,0.11334,17.72852,17.72852,0.00000
2023-05-10 01:29:43,0.11661,17.58984,17.58984,0.00000
2023-05-10 01:29:44,0.10540,16.95703,16.95703,0.00000
2023-05-10 01:29:45,0.11882,17.77344,17.77344,0.00000
2023-05-10 01:29:46,0.13730,20.69336,20.69336,0.00000
2023-05-10 01:29:47,0.12978,19.37500,19.37500,0.00000
2023-05-10 01:29:48,0.12233,18.56250,18.56250,0.00000
2023-05-10 01:29:49,0.12155,17.98242,17.98242,0.00000
2023-05-10 01:29:50,0.12343,18.33789,18.33789,0.00000
2023-05-10 01:29:51,0.12281,18.47070,18.47070,0.00000
2023-05-10 01:29:52,0.12093,18.16992,18.16992,0.00000
2023-05-10 01:29:53,0.13500,19.36523,19.36523,0.00000
2023-05-10 01:29:54,0.11153,17.04688,17.04688,0.00000
2023-05-10 01:29:55,0.11167,17.43359,17.43359,0.00000
2023-05-10 01:29:56,0.11230,17.67969,17.67969,0.00000
2023-05-10 01:29:57,0.13847,20.97461,20.97461,0.00000
2023-05-10 01:29:58,0.12093,18.39648,18.39648,0.00000
2023-05-10 01:29:59,0.11529,17.64063,17.64063,0.00000
2023-05-10 01:30:00,0.12030,18.50000,18.50000,0.00000
2023-05-10 01:30:01,0.12899,18.92383,18.92383,0.00000
2023-05-10 01:30:02,0.11982,18.47070,18.47070,0.00000
2023-05-10 01:30:03,0.12015,18.04297,18.04297,0.00000
2023-05-10 01:30:04,0.13802,20.72070,20.72070,0.00000
2023-05-10 01:30:05,0.12422,18.67578,18.67578,0.00000
2023-05-10 01:30:06,0.12735,18.68164,18.68164,0.00000
2023-05-10 01:30:07,0.12030,18.23438,18.23438,0.00000
2023-05-10 01:30:08,0.12414,18.32617,18.32617,0.00000
2023-05-10 01:30:09,0.12343,18.44922,18.44922,0.00000
2023-05-10 01:30:10,0.12233,18.00195,18.00195,0.00000
2023-05-10 01:30:11,0.12954,18.95313,18.95313,0.00000
2023-05-10 01:30:12,0.11090,17.37891,17.37891,0.00000
2023-05-10 01:30:13,0.11997,17.87109,17.87109,0.00000
2023-05-10 01:30:14,0.11341,17.87305,17.87305,0.00000
2023-05-10 01:30:15,0.13417,19.94336,19.94336,0.00000
2023-05-10 01:30:16,0.11355,17.60156,17.60156,0.00000
2023-05-10 01:30:17,0.10790,16.98242,16.98242,0.00000
2023-05-10 01:30:18,0.11522,17.64258,17.64258,0.00000
2023-05-10 01:30:19,0.12148,18.63477,18.63477,0.00000
2023-05-10 01:30:20,0.12719,18.17773,18.17773,0.00000
2023-05-10 01:30:21,0.12030,17.76758,17.76758,0.00000
2023-05-10 01:30:22,0.13275,19.21680,19.21680,0.00000
2023-05-10 01:30:23,0.11341,16.63672,16.63672,0.00000
2023-05-10 01:30:24,0.11216,17.09375,17.09375,0.00000
2023-05-10 01:30:25,0.11522,17.39844,17.39844,0.00000
2023-05-10 01:30:26,0.13838,20.48438,20.48438,0.00000
2023-05-10 01:30:27,0.11709,17.39453,17.39453,0.00000
2023-05-10 01:30:28,0.11292,17.12695,17.12695,0.00000
2023-05-10 01:30:29,0.11640,17.71094,17.71094,0.00000
2023-05-10 01:30:30,0.10332,16.24414,16.24414,0.00000
2023-05-10 01:30:31,0.11160,17.52148,17.52148,0.00000
2023-05-10 01:30:32,0.10596,17.26367,17.26367,0.00000
2023-05-10 01:30:33,0.13292,19.91602,19.91602,0.00000
2023-05-10 01:30:34,0.12226,18.27734,18.27734,0.00000
2023-05-10 01:30:35,0.12774,18.40625,18.40625,0.00000
2023-05-10 01:30:36,0.12680,18.26563,18.26563,0.00000
2023-05-10 01:30:37,0.12070,18.22656,18.22656,0.00000
2023-05-10 01:30:38,0.10860,16.22070,16.22070,0.00000
2023-05-10 01:30:39,0.10632,16.49219,16.49219,0.00000
2023-05-10 01:30:40,0.13103,18.94531,18.94531,0.00000
2023-05-10 01:30:41,0.11411,17.36133,17.36133,0.00000
2023-05-10 01:30:42,0.11591,17.27930,17.27930,0.00000
2023-05-10 01:30:43,0.11153,17.68945,17.68945,0.00000
2023-05-10 01:30:44,0.14250,20.70703,20.70703,0.00000
2023-05-10 01:30:45,0.12727,18.38281,18.38281,0.00000
2023-05-10 01:30:46,0.12226,17.78516,17.78516,0.00000
2023-05-10 01:30:47,0.12281,18.47852,18.47852,0.00000
2023-05-10 01:30:48,0.12531,18.46680,18.46680,0.00000
2023-05-10 01:30:49,0.11990,18.11523,18.11523,0.00000
2023-05-10 01:30:50,0.12304,17.88086,17.88086,0.00000
2023-05-10 01:30:51,0.13033,19.54102,19.54102,0.00000
2023-05-10 01:30:52,0.11411,17.78711,17.78711,0.00000
2023-05-10 01:30:53,0.11772,17.86133,17.86133,0.00000
2023-05-10 01:30:54,0.11355,17.65820,17.65820,0.00000
2023-05-10 01:30:55,0.11937,17.90820,17.90820,0.00000
2023-05-10 01:30:56,0.11230,17.53125,17.53125,0.00000
2023-05-10 01:30:57,0.11320,17.22266,17.22266,0.00000
2023-05-10 01:30:58,0.11223,17.16016,17.16016,0.00000
2023-05-10 01:30:59,0.11125,16.85547,16.85547,0.00000
2023-05-10 01:31:00,0.11473,17.46680,17.46680,0.00000
2023-05-10 01:31:01,0.11209,17.74414,17.74414,0.00000
2023-05-10 01:31:02,0.13784,20.73438,20.73438,0.00000
2023-05-10 01:31:03,0.12453,18.53906,18.53906,0.00000
2023-05-10 01:31:04,0.11802,18.40625,18.40625,0.00000
2023-05-10 01:31:05,0.11927,18.35352,18.35352,0.00000
2023-05-10 01:31:06,0.13346,18.97656,18.97656,0.00000
2023-05-10 01:31:07,0.11982,18.04492,18.04492,0.00000
2023-05-10 01:31:08,0.12148,18.23047,18.23047,0.00000
2023-05-10 01:31:09,0.14026,20.43164,20.43164,0.00000
2023-05-10 01:31:10,0.11543,17.63281,17.63281,0.00000
2023-05-10 01:31:11,0.11459,17.25586,17.25586,0.00000
2023-05-10 01:31:12,0.11522,17.77930,17.77930,0.00000
2023-05-10 01:31:13,0.12218,18.35938,18.35938,0.00000
2023-05-10 01:31:14,0.11396,17.52539,17.52539,0.00000
2023-05-10 01:31:15,0.10965,16.75781,16.75781,0.00000
2023-05-10 01:31:16,0.12578,18.88867,18.88867,0.00000
2023-05-10 01:31:17,0.10665,16.71875,16.71875,0.00000
2023-05-10 01:31:18,0.11348,17.19141,17.19141,0.00000
2023-05-10 01:31:19,0.12469,18.52148,18.52148,0.00000
2023-05-10 01:31:20,0.14098,20.37891,20.37891,0.00000
2023-05-10 01:31:21,0.12163,18.78711,18.78711,0.00000
2023-05-10 01:31:22,0.12414,17.81641,17.81641,0.00000
2023-05-10 01:31:23,0.11153,17.71094,17.71094,0.00000
2023-05-10 01:31:24,0.12008,17.71875,17.71875,0.00000
2023-05-10 01:31:25,0.11278,17.18945,17.18945,0.00000
2023-05-10 01:31:26,0.11271,17.13281,17.13281,0.00000
2023-05-10 01:31:27,0.13400,19.53711,19.53711,0.00000
2023-05-10 01:31:28,0.09023,14.59766,14.59766,0.00000
2023-05-10 01:31:29,0.11536,17.70898,17.70898,0.00000
2023-05-10 01:31:30,0.10513,15.68750,15.68750,0.00000
2023-05-10 01:31:31,0.12453,18.14844,18.14844,0.00000
2023-05-10 01:31:32,0.11695,17.79688,17.79688,0.00000
2023-05-10 01:31:33,0.12218,18.16016,18.16016,0.00000
2023-05-10 01:31:34,0.12649,18.57422,18.57422,0.00000
2023-05-10 01:31:35,0.12414,18.06445,18.06445,0.00000
2023-05-10 01:31:36,0.12563,17.99609,17.99609,0.00000
2023-05-10 01:31:37,0.12030,17.68945,17.68945,0.00000
2023-05-10 01:31:38,0.14026,20.19727,20.19727,0.00000
2023-05-10 01:31:39,0.12359,18.32813,18.32813,0.00000
2023-05-10 01:31:40,0.10582,15.55273,15.55273,0.00000
2023-05-10 01:31:41,0.10100,16.26367,16.26367,0.00000
2023-05-10 01:31:42,0.11278,17.60547,17.60547,0.00000
2023-05-10 01:31:43,0.12093,18.75781,18.75781,0.00000
2023-05-10 01:31:44,0.10708,15.36328,15.36328,0.00000
2023-05-10 01:31:45,0.10131,15.58594,15.58594,0.00000
2023-05-10 01:31:46,0.10645,16.31641,16.31641,0.00000
2023-05-10 01:31:47,0.09649,15.02148,15.02148,0.00000
2023-05-10 01:31:48,0.09712,15.26172,15.26172,0.00000
2023-05-10 01:31:49,0.11647,17.49023,17.49023,0.00000
2023-05-10 01:31:50,0.10219,15.94727,15.94727,0.00000
2023-05-10 01:31:51,0.10144,15.55664,15.55664,0.00000
2023-05-10 01:31:52,0.09530,15.33594,15.33594,0.00000
2023-05-10 01:31:53,0.11640,18.27539,18.27539,0.00000
2023-05-10 01:31:54,0.09023,14.45898,14.45898,0.00000
2023-05-10 01:31:55,0.10332,15.39844,15.39844,0.00000
2023-05-10 01:31:56,0.10464,16.36719,16.36719,0.00000
2023-05-10 01:31:57,0.10200,15.28320,15.28320,0.00000
2023-05-10 01:31:58,0.08960,13.73242,13.73242,0.00000
2023-05-10 01:31:59,0.09831,15.07031,15.07031,0.00000
2023-05-10 01:32:00,0.10582,16.38672,16.38672,0.00000
2023-05-10 01:32:01,0.09912,15.15625,15.15625,0.00000
2023-05-10 01:32:02,0.08755,13.82031,13.82031,0.00000
2023-05-10 01:32:03,0.10081,15.15820,15.15820,0.00000
2023-05-10 01:32:04,0.09244,13.97266,13.97266,0.00000
2023-05-10 01:32:05,0.09843,15.35156,15.35156,0.00000
2023-05-10 01:32:06,0.09108,14.80859,14.80859,0.00000
2023-05-10 01:32:07,0.13150,19.53320,19.53320,0.00000
2023-05-10 01:32:08,0.10477,15.96094,15.96094,0.00000
2023-05-10 01:32:09,0.08954,13.98633,13.98633,0.00000
2023-05-10 01:32:10,0.11292,17.44727,17.44727,0.00000
2023-05-10 01:32:11,0.12155,18.13867,18.13867,0.00000
2023-05-10 01:32:12,0.10602,15.70703,15.70703,0.00000
2023-05-10 01:32:13,0.09211,14.35156,14.35156,0.00000
2023-05-10 01:32:14,0.12070,18.33789,18.33789,0.00000
2023-05-10 01:32:15,0.11090,17.05859,17.05859,0.00000
2023-05-10 01:32:16,0.10006,15.12891,15.12891,0.00000
2023-05-10 01:32:17,0.09655,15.38672,15.38672,0.00000
2023-05-10 01:32:18,0.11522,17.75586,17.75586,0.00000
2023-05-10 01:32:19,0.09975,15.50391,15.50391,0.00000
2023-05-10 01:32:20,0.09900,15.56250,15.56250,0.00000
2023-05-10 01:32:21,0.09962,15.17383,15.17383,0.00000
2023-05-10 01:32:22,0.11647,18.04297,18.04297,0.00000
2023-05-10 01:32:23,0.09205,14.48633,14.48633,0.00000
2023-05-10 01:32:24,0.11459,17.04688,17.04688,0.00000
2023-05-10 01:32:25,0.10213,15.76953,15.76953,0.00000
2023-05-10 01:32:26,0.09900,15.47266,15.47266,0.00000
2023-05-10 01:32:27,0.11820,16.58984,16.58984,0.00000
2023-05-10 01:32:28,0.10464,15.79688,15.79688,0.00000
2023-05-10 01:32:29,0.13024,19.39063,19.39063,0.00000
2023-05-10 01:32:30,0.09730,15.71484,15.71484,0.00000
2023-05-10 01:32:31,0.09718,15.16797,15.16797,0.00000
2023-05-10 01:32:32,0.09837,15.64453,15.64453,0.00000
2023-05-10 01:32:33,0.10088,16.06445,16.06445,0.00000
2023-05-10 01:32:34,0.11389,17.90430,17.90430,0.00000
2023-05-10 01:32:35,0.11230,17.62305,17.62305,0.00000
2023-05-10 01:32:36,0.13396,20.49023,20.49023,0.00000
2023-05-10 01:32:37,0.10464,16.73438,16.73438,0.00000
2023-05-10 01:32:38,0.11021,17.36328,17.36328,0.00000
2023-05-10 01:32:39,0.12273,17.87500,17.87500,0.00000
2023-05-10 01:32:40,0.12045,18.54492,18.54492,0.00000
2023-05-10 01:32:41,0.12343,17.90625,17.90625,0.00000
2023-05-10 01:32:42,0.12100,18.09961,18.09961,0.00000
2023-05-10 01:32:43,0.13784,19.95313,19.95313,0.00000
2023-05-10 01:32:44,0.10777,16.20313,16.20313,0.00000
2023-05-10 01:32:45,0.12281,18.20898,18.20898,0.00000
2023-05-10 01:32:46,0.12163,18.10156,18.10156,0.00000
2023-05-10 01:32:47,0.14071,20.34570,20.34570,0.00000
2023-05-10 01:32:48,0.10609,16.03516,16.03516,0.00000
2023-05-10 01:32:49,0.10582,16.11328,16.11328,0.00000
2023-05-10 01:32:50,0.08949,14.28516,14.28516,0.00000
2023-05-10 01:32:51,0.11160,16.91602,16.91602,0.00000
2023-05-10 01:32:52,0.09267,14.48633,14.48633,0.00000
2023-05-10 01:32:53,0.09825,14.96484,14.96484,0.00000
2023-05-10 01:32:54,0.10520,16.33984,16.33984,0.00000
2023-05-10 01:32:55,0.10069,15.72070,15.72070,0.00000
2023-05-10 01:32:56,0.08783,14.02930,14.02930,0.00000
2023-05-10 01:32:57,0.09724,15.59180,15.59180,0.00000
2023-05-10 01:32:58,0.10632,16.57813,16.57813,0.00000
2023-05-10 01:32:59,0.10019,15.23633,15.23633,0.00000
2023-05-10 01:33:00,0.08846,14.00586,14.00586,0.00000
2023-05-10 01:33:01,0.10658,16.28516,16.28516,0.00000
2023-05-10 01:33:02,0.10708,16.61133,16.61133,0.00000
2023-05-10 01:33:03,0.10013,15.41992,15.41992,0.00000
2023-05-10 01:33:04,0.09781,15.30469,15.30469,0.00000
2023-05-10 01:33:05,0.12907,18.74023,18.74023,0.00000
2023-05-10 01:33:06,0.10157,16.21484,16.21484,0.00000
2023-05-10 01:33:07,0.09837,15.37305,15.37305,0.00000
2023-05-10 01:33:08,0.09473,15.54102,15.54102,0.00000
2023-05-10 01:33:09,0.11827,17.90820,17.90820,0.00000
2023-05-10 01:33:10,0.09393,14.86133,14.86133,0.00000
2023-05-10 01:33:11,0.10269,15.41797,15.41797,0.00000
2023-05-10 01:33:12,0.10638,16.50391,16.50391,0.00000
2023-05-10 01:33:13,0.10750,15.72070,15.72070,0.00000
2023-05-10 01:33:14,0.08595,14.34375,14.34375,0.00000
2023-05-10 01:33:15,0.09894,15.58789,15.58789,0.00000
2023-05-10 01:33:16,0.10388,16.85156,16.85156,0.00000
2023-05-10 01:33:17,0.10276,15.43555,15.43555,0.00000
2023-05-10 01:33:18,0.08761,13.74805,13.74805,0.00000
2023-05-10 01:33:19,0.10200,15.31445,15.31445,0.00000
2023-05-10 01:33:20,0.11348,17.53320,17.53320,0.00000
2023-05-10 01:33:21,0.10972,15.58398,15.58398,0.00000
2023-05-10 01:33:22,0.09843,15.27148,15.27148,0.00000
2023-05-10 01:33:23,0.11445,17.95508,17.95508,0.00000
2023-05-10 01:33:24,0.09950,15.60156,15.60156,0.00000
2023-05-10 01:33:25,0.09718,15.40430,15.40430,0.00000
2023-05-10 01:33:26,0.09598,15.40430,15.40430,0.00000
2023-05-10 01:33:27,0.11661,17.83203,17.83203,0.00000
2023-05-10 01:33:28,0.09080,14.30469,14.30469,0.00000
2023-05-10 01:33:29,0.09875,15.03125,15.03125,0.00000
2023-05-10 01:33:30,0.09661,15.49023,15.49023,0.00000
2023-05-10 01:33:31,0.10916,16.60156,16.60156,0.00000
2023-05-10 01:33:32,0.10213,15.70508,15.70508,0.00000
2023-05-10 01:33:33,0.09843,15.75000,15.75000,0.00000
2023-05-10 01:33:34,0.12610,19.09961,19.09961,0.00000
2023-05-10 01:33:35,0.09881,15.51172,15.51172,0.00000
2023-05-10 01:33:36,0.10616,15.75586,15.75586,0.00000
2023-05-10 01:33:37,0.09774,15.60547,15.60547,0.00000
2023-05-10 01:33:38,0.10019,16.00391,16.00391,0.00000
2023-05-10 01:33:39,0.09165,14.82227,14.82227,0.00000
2023-05-10 01:33:40,0.09091,14.69336,14.69336,0.00000
2023-05-10 01:33:41,0.10464,16.52539,16.52539,0.00000
2023-05-10 01:33:42,0.10075,15.25000,15.25000,0.00000
2023-05-10 01:33:43,0.08777,14.16016,14.16016,0.00000
2023-05-10 01:33:44,0.09875,15.14258,15.14258,0.00000
2023-05-10 01:33:45,0.10576,16.62500,16.62500,0.00000
2023-05-10 01:33:46,0.09843,15.00000,15.00000,0.00000
2023-05-10 01:33:47,0.08652,14.13672,14.13672,0.00000
2023-05-10 01:33:48,0.07255,11.88672,11.88672,0.00000
2023-05-10 01:33:49,0.09880,17.20117,17.20117,0.00000
2023-05-10 01:33:50,0.04520,7.08203,7.08203,0.00000
