Date,CPU Utilization,Total Power,CPU Power,GPU Power
2023-05-12 18:09:41,0.07810,9.94656,9.94656,0.00000
2023-05-12 18:09:42,0.10942,12.70212,12.70212,0.00000
2023-05-12 18:09:43,0.11259,12.68292,12.68292,0.00000
2023-05-12 18:09:44,0.13933,15.02789,15.02789,0.00000
2023-05-12 18:09:45,0.14684,17.38437,17.38437,0.00000
2023-05-12 18:09:46,0.14657,17.63977,17.63977,0.00000
2023-05-12 18:09:47,0.10728,12.69873,12.69873,0.00000
2023-05-12 18:09:48,0.12468,13.93213,13.93213,0.00000
2023-05-12 18:09:49,0.12651,14.72479,14.72479,0.00000
2023-05-12 18:09:50,0.15282,16.85809,16.85809,0.00000
2023-05-12 18:09:51,0.13093,14.10193,14.10193,0.00000
2023-05-12 18:09:52,0.12650,12.66504,12.66504,0.00000
2023-05-12 18:09:53,0.12033,12.94739,12.94739,0.00000
2023-05-12 18:09:54,0.15536,16.86334,16.86334,0.00000
2023-05-12 18:09:55,0.11351,12.63409,12.63409,0.00000
2023-05-12 18:09:56,0.08953,10.76984,10.76984,0.00000
2023-05-12 18:09:57,0.12492,13.30420,13.30420,0.00000
2023-05-12 18:09:58,0.10380,13.35138,13.35138,0.00000
2023-05-12 18:09:59,0.12697,14.30878,14.30878,0.00000
2023-05-12 18:10:00,0.12171,14.54260,14.54260,0.00000
2023-05-12 18:10:01,0.12618,14.08313,14.08313,0.00000
2023-05-12 18:10:02,0.12319,14.75458,14.75458,0.00000
2023-05-12 18:10:03,0.11531,13.34448,13.34448,0.00000
2023-05-12 18:10:04,0.09440,11.96497,11.96497,0.00000
2023-05-12 18:10:05,0.09653,12.62512,12.62512,0.00000
2023-05-12 18:10:06,0.13350,15.76843,15.76843,0.00000
2023-05-12 18:10:07,0.10126,12.79175,12.79175,0.00000
2023-05-12 18:10:08,0.10470,12.63190,12.63190,0.00000
2023-05-12 18:10:09,0.08495,10.81549,10.81549,0.00000
2023-05-12 18:10:10,0.09598,13.32153,13.32153,0.00000
2023-05-12 18:10:11,0.12571,13.29041,13.29041,0.00000
2023-05-12 18:10:12,0.20557,20.60376,20.60376,0.00000
2023-05-12 18:10:13,0.13321,14.09033,14.09033,0.00000
2023-05-12 18:10:14,0.10297,13.50433,13.50433,0.00000
2023-05-12 18:10:15,0.09533,12.03668,12.03668,0.00000
2023-05-12 18:10:16,0.11400,13.64960,13.64960,0.00000
2023-05-12 18:10:17,0.14277,15.32611,15.32611,0.00000
2023-05-12 18:10:18,0.14817,17.40857,17.40857,0.00000
2023-05-12 18:10:19,0.11709,13.26660,13.26660,0.00000
2023-05-12 18:10:20,0.13708,14.84344,14.84344,0.00000
2023-05-12 18:10:21,0.13181,14.39185,14.39185,0.00000
2023-05-12 18:10:22,0.12500,14.71112,14.71112,0.00000
2023-05-12 18:10:23,0.14430,15.38904,15.38904,0.00000
2023-05-12 18:10:24,0.14358,18.14661,18.14661,0.00000
2023-05-12 18:10:25,0.14924,16.60767,16.60767,0.00000
2023-05-12 18:10:26,0.13505,16.54358,16.54358,0.00000
2023-05-12 18:10:27,0.11861,14.52637,14.52637,0.00000
2023-05-12 18:10:28,0.11398,15.66174,15.66174,0.00000
2023-05-12 18:10:29,0.11902,15.45764,15.45764,0.00000
2023-05-12 18:10:30,0.12759,17.95129,17.95129,0.00000
2023-05-12 18:10:31,0.12887,15.45264,15.45264,0.00000
2023-05-12 18:10:32,0.11543,14.49609,14.49609,0.00000
2023-05-12 18:10:33,0.22931,23.86145,23.86145,0.00000
2023-05-12 18:10:34,0.13826,17.33350,17.33350,0.00000
2023-05-12 18:10:35,0.13561,15.14038,15.14038,0.00000
2023-05-12 18:10:36,0.11378,13.50549,13.50549,0.00000
2023-05-12 18:10:37,0.13924,15.17822,15.17822,0.00000
2023-05-12 18:10:38,0.14132,18.16394,18.16394,0.00000
2023-05-12 18:10:39,0.25063,24.34985,24.34985,0.00000
2023-05-12 18:10:40,0.12666,13.66260,13.66260,0.00000
2023-05-12 18:10:41,0.14594,15.53247,15.53247,0.00000
2023-05-12 18:10:42,0.15443,18.34607,18.34607,0.00000
2023-05-12 18:10:43,0.15536,16.08545,16.08545,0.00000
2023-05-12 18:10:44,0.14032,14.71509,14.71509,0.00000
2023-05-12 18:10:45,0.12793,14.31665,14.31665,0.00000
2023-05-12 18:10:46,0.13850,16.90149,16.90149,0.00000
2023-05-12 18:10:47,0.15238,15.24011,15.24011,0.00000
2023-05-12 18:10:48,0.11865,13.23047,13.23047,0.00000
2023-05-12 18:10:49,0.12246,14.42883,14.42883,0.00000
2023-05-12 18:10:50,0.12697,16.27002,16.27002,0.00000
2023-05-12 18:10:51,0.11802,14.07837,14.07837,0.00000
2023-05-12 18:10:52,0.10977,13.22266,13.22266,0.00000
2023-05-12 18:10:53,0.12350,14.24231,14.24231,0.00000
2023-05-12 18:10:54,0.12715,16.26758,16.26758,0.00000
2023-05-12 18:10:55,0.13616,15.51477,15.51477,0.00000
2023-05-12 18:10:56,0.16488,16.56543,16.56543,0.00000
2023-05-12 18:10:57,0.13392,15.03198,15.03198,0.00000
2023-05-12 18:10:58,0.12917,16.38184,16.38184,0.00000
2023-05-12 18:10:59,0.14016,15.35315,15.35315,0.00000
2023-05-12 18:11:00,0.14565,17.18677,17.18677,0.00000
2023-05-12 18:11:01,0.13054,15.00342,15.00342,0.00000
2023-05-12 18:11:02,0.20426,22.91162,22.91162,0.00000
2023-05-12 18:11:03,0.17555,16.63147,16.63147,0.00000
2023-05-12 18:11:04,0.14520,17.42676,17.42676,0.00000
2023-05-12 18:11:05,0.15796,15.78003,15.78003,0.00000
2023-05-12 18:11:06,0.17159,18.20544,18.20544,0.00000
2023-05-12 18:11:07,0.11237,13.57458,13.57458,0.00000
2023-05-12 18:11:08,0.09893,11.05176,11.05176,0.00000
2023-05-12 18:11:09,0.12634,14.31836,14.31836,0.00000
2023-05-12 18:11:10,0.15664,17.82898,17.82898,0.00000
2023-05-12 18:11:11,0.12673,13.97473,13.97473,0.00000
2023-05-12 18:11:12,0.11942,14.22339,14.22339,0.00000
2023-05-12 18:11:13,0.12469,14.32446,14.32446,0.00000
2023-05-12 18:11:14,0.11531,15.02295,15.02295,0.00000
2023-05-12 18:11:15,0.09314,11.29724,11.29724,0.00000
2023-05-12 18:11:16,0.10460,11.69336,11.69336,0.00000
2023-05-12 18:11:17,0.09551,11.45959,11.45959,0.00000
2023-05-12 18:11:18,0.13085,15.41614,15.41614,0.00000
2023-05-12 18:11:19,0.10453,12.25342,12.25342,0.00000
2023-05-12 18:11:20,0.11728,13.90051,13.90051,0.00000
2023-05-12 18:11:21,0.12736,14.14038,14.14038,0.00000
2023-05-12 18:11:22,0.14537,15.52063,15.52063,0.00000
2023-05-12 18:11:23,0.12334,13.59692,13.59692,0.00000
2023-05-12 18:11:24,0.13068,14.08228,14.08228,0.00000
2023-05-12 18:11:25,0.11139,12.91956,12.91956,0.00000
2023-05-12 18:11:26,0.15992,17.04883,17.04883,0.00000
2023-05-12 18:11:27,0.16550,17.48328,17.48328,0.00000
2023-05-12 18:11:28,0.13178,16.53662,16.53662,0.00000
2023-05-12 18:11:29,0.12461,13.55310,13.55310,0.00000
2023-05-12 18:11:30,0.15584,16.28711,16.28711,0.00000
2023-05-12 18:11:31,0.13748,15.55249,15.55249,0.00000
2023-05-12 18:11:32,0.15872,13.85645,13.85645,0.00000
2023-05-12 18:11:33,0.08742,11.63354,11.63354,0.00000
2023-05-12 18:11:34,0.10490,14.26733,14.26733,0.00000
2023-05-12 18:11:35,0.11041,12.72412,12.72412,0.00000
2023-05-12 18:11:36,0.15550,16.51123,16.51123,0.00000
2023-05-12 18:11:37,0.11230,12.89526,12.89526,0.00000
2023-05-12 18:11:38,0.15712,18.49365,18.49365,0.00000
2023-05-12 18:11:39,0.11768,13.70044,13.70044,0.00000
2023-05-12 18:11:40,0.18589,18.05957,18.05957,0.00000
2023-05-12 18:11:41,0.08907,11.57422,11.57422,0.00000
2023-05-12 18:11:42,0.13469,15.22192,15.22192,0.00000
2023-05-12 18:11:43,0.11521,13.00391,13.00391,0.00000
2023-05-12 18:11:44,0.08476,10.16016,10.16016,0.00000
2023-05-12 18:11:45,0.10032,12.17383,12.17383,0.00000
2023-05-12 18:11:46,0.11244,13.65503,13.65503,0.00000
2023-05-12 18:11:47,0.15853,16.51318,16.51318,0.00000
2023-05-12 18:11:48,0.10748,12.22607,12.22607,0.00000
2023-05-12 18:11:49,0.13836,14.80225,14.80225,0.00000
2023-05-12 18:11:50,0.12508,16.59570,16.59570,0.00000
2023-05-12 18:11:51,0.08868,11.23462,11.23462,0.00000
2023-05-12 18:11:52,0.08918,10.61108,10.61108,0.00000
2023-05-12 18:11:53,0.09422,11.60840,11.60840,0.00000
2023-05-12 18:11:54,0.13611,15.95581,15.95581,0.00000
2023-05-12 18:11:55,0.09842,12.04834,12.04834,0.00000
2023-05-12 18:11:56,0.08685,10.51245,10.51245,0.00000
2023-05-12 18:11:57,0.10838,12.27148,12.27148,0.00000
2023-05-12 18:11:58,0.13430,15.06860,15.06860,0.00000
2023-05-12 18:11:59,0.10708,12.32837,12.32837,0.00000
2023-05-12 18:12:00,0.08988,10.86426,10.86426,0.00000
2023-05-12 18:12:01,0.09698,11.95435,11.95435,0.00000
2023-05-12 18:12:02,0.09868,12.57397,12.57397,0.00000
2023-05-12 18:12:03,0.09704,11.74658,11.74658,0.00000
2023-05-12 18:12:04,0.08161,10.19751,10.19751,0.00000
2023-05-12 18:12:05,0.08982,11.04834,11.04834,0.00000
2023-05-12 18:12:06,0.09359,12.76172,12.76172,0.00000
2023-05-12 18:12:07,0.08537,10.98120,10.98120,0.00000
2023-05-12 18:12:08,0.11987,14.26465,14.26465,0.00000
2023-05-12 18:12:09,0.08868,11.16602,11.16602,0.00000
2023-05-12 18:12:10,0.09359,12.63232,12.63232,0.00000
2023-05-12 18:12:11,0.15171,15.67041,15.67041,0.00000
2023-05-12 18:12:12,0.14663,16.16479,16.16479,0.00000
2023-05-12 18:12:13,0.14754,16.80469,16.80469,0.00000
2023-05-12 18:12:14,0.15680,17.85303,17.85303,0.00000
2023-05-12 18:12:15,0.20553,21.78076,21.78076,0.00000
2023-05-12 18:12:16,0.09617,11.44678,11.44678,0.00000
2023-05-12 18:12:17,0.13140,13.79590,13.79590,0.00000
2023-05-12 18:12:18,0.14439,14.97192,14.97192,0.00000
2023-05-12 18:12:19,0.12247,12.77734,12.77734,0.00000
2023-05-12 18:12:20,0.08228,10.82080,10.82080,0.00000
2023-05-12 18:12:21,0.10830,12.66113,12.66113,0.00000
2023-05-12 18:12:22,0.14555,16.00806,16.00806,0.00000
2023-05-12 18:12:23,0.13333,15.18970,15.18970,0.00000
2023-05-12 18:12:24,0.13791,15.13916,15.13916,0.00000
2023-05-12 18:12:25,0.10252,12.67163,12.67163,0.00000
2023-05-12 18:12:26,0.12712,15.50732,15.50732,0.00000
2023-05-12 18:12:27,0.09338,11.54785,11.54785,0.00000
2023-05-12 18:12:28,0.10656,12.74683,12.74683,0.00000
2023-05-12 18:12:29,0.09696,12.44873,12.44873,0.00000
2023-05-12 18:12:30,0.11308,14.37817,14.37817,0.00000
2023-05-12 18:12:31,0.12769,14.81836,14.81836,0.00000
2023-05-12 18:12:32,0.13691,15.44385,15.44385,0.00000
2023-05-12 18:12:33,0.14150,15.42578,15.42578,0.00000
2023-05-12 18:12:34,0.15836,18.39648,18.39648,0.00000
2023-05-12 18:12:35,0.18632,20.91211,20.91211,0.00000
2023-05-12 18:12:36,0.10334,11.89478,11.89478,0.00000
2023-05-12 18:12:37,0.11456,13.11768,13.11768,0.00000
2023-05-12 18:12:38,0.10759,13.99170,13.99170,0.00000
2023-05-12 18:12:39,0.12096,13.47681,13.47681,0.00000
2023-05-12 18:12:40,0.12610,13.39746,13.39746,0.00000
2023-05-12 18:12:41,0.18015,18.54688,18.54688,0.00000
2023-05-12 18:12:42,0.15346,18.22510,18.22510,0.00000
2023-05-12 18:12:43,0.12050,14.65820,14.65820,0.00000
2023-05-12 18:12:44,0.20442,21.11841,21.11841,0.00000
2023-05-12 18:12:45,0.12342,12.93115,12.93115,0.00000
2023-05-12 18:12:46,0.14340,15.64771,15.64771,0.00000
2023-05-12 18:12:47,0.09968,12.70190,12.70190,0.00000
2023-05-12 18:12:48,0.10768,12.44287,12.44287,0.00000
2023-05-12 18:12:49,0.14861,15.85083,15.85083,0.00000
2023-05-12 18:12:50,0.13178,16.88232,16.88232,0.00000
2023-05-12 18:12:51,0.10371,11.80664,11.80664,0.00000
2023-05-12 18:12:52,0.10992,13.58423,13.58423,0.00000
2023-05-12 18:12:53,0.09962,11.91895,11.91895,0.00000
2023-05-12 18:12:54,0.12539,16.55615,16.55615,0.00000
2023-05-12 18:12:55,0.11541,13.02026,13.02026,0.00000
2023-05-12 18:12:56,0.12318,13.40625,13.40625,0.00000
2023-05-12 18:12:57,0.13024,15.79126,15.79126,0.00000
2023-05-12 18:12:58,0.11679,14.49976,14.49976,0.00000
2023-05-12 18:12:59,0.11631,14.01343,14.01343,0.00000
2023-05-12 18:13:00,0.10349,12.77783,12.77783,0.00000
2023-05-12 18:13:01,0.09512,13.95825,13.95825,0.00000
2023-05-12 18:13:02,0.13173,15.62891,15.62891,0.00000
2023-05-12 18:13:03,0.10209,12.44873,12.44873,0.00000
2023-05-12 18:13:04,0.09606,12.60986,12.60986,0.00000
2023-05-12 18:13:05,0.09572,12.43896,12.43896,0.00000
2023-05-12 18:13:06,0.06801,9.59839,9.59839,0.00000
2023-05-12 18:13:07,0.05716,8.77295,8.77295,0.00000
2023-05-12 18:13:08,0.05303,8.90552,8.90552,0.00000
2023-05-12 18:13:09,0.12539,15.04565,15.04565,0.00000
2023-05-12 18:13:10,0.08762,12.68164,12.68164,0.00000
2023-05-12 18:13:11,0.08071,10.80469,10.80469,0.00000
