Date,CPU Utilization,Total Power,CPU Power,GPU Power
2023-05-12 18:13:41,0.07818,9.80737,9.80737,0.00000
2023-05-12 18:13:42,0.14808,15.85498,15.85498,0.00000
2023-05-12 18:13:43,0.09154,11.08594,11.08594,0.00000
2023-05-12 18:13:44,0.09779,11.87036,11.87036,0.00000
2023-05-12 18:13:45,0.10530,12.09277,12.09277,0.00000
2023-05-12 18:13:46,0.12986,13.83862,13.83862,0.00000
2023-05-12 18:13:47,0.13118,14.98413,14.98413,0.00000
2023-05-12 18:13:48,0.15643,16.98999,16.98999,0.00000
2023-05-12 18:13:49,0.10127,12.01978,12.01978,0.00000
2023-05-12 18:13:50,0.11709,13.99634,13.99634,0.00000
2023-05-12 18:13:51,0.12801,13.26074,13.26074,0.00000
2023-05-12 18:13:52,0.11499,12.23462,12.23462,0.00000
2023-05-12 18:13:53,0.13088,14.21655,14.21655,0.00000
2023-05-12 18:13:54,0.15117,17.69775,17.69775,0.00000
2023-05-12 18:13:55,0.14448,15.96484,15.96484,0.00000
2023-05-12 18:13:56,0.13443,15.01782,15.01782,0.00000
2023-05-12 18:13:57,0.14304,16.46436,16.46436,0.00000
2023-05-12 18:13:58,0.10845,12.15405,12.15405,0.00000
2023-05-12 18:13:59,0.13708,15.79395,15.79395,0.00000
2023-05-12 18:14:00,0.14259,15.91895,15.91895,0.00000
2023-05-12 18:14:01,0.11468,13.09668,13.09668,0.00000
2023-05-12 18:14:02,0.09131,11.01685,11.01685,0.00000
2023-05-12 18:14:03,0.11244,12.26660,12.26660,0.00000
2023-05-12 18:14:04,0.10019,11.33179,11.33179,0.00000
2023-05-12 18:14:05,0.14268,16.74902,16.74902,0.00000
2023-05-12 18:14:06,0.12398,13.37573,13.37573,0.00000
2023-05-12 18:14:07,0.09045,10.53662,10.53662,0.00000
2023-05-12 18:14:08,0.13224,13.78979,13.78979,0.00000
2023-05-12 18:14:09,0.11364,13.02246,13.02246,0.00000
2023-05-12 18:14:10,0.09605,11.24219,11.24219,0.00000
2023-05-12 18:14:11,0.11202,13.95532,13.95532,0.00000
2023-05-12 18:14:12,0.10705,12.36963,12.36963,0.00000
2023-05-12 18:14:13,0.10302,11.96045,11.96045,0.00000
2023-05-12 18:14:14,0.12343,12.54053,12.54053,0.00000
2023-05-12 18:14:15,0.11468,13.02637,13.02637,0.00000
2023-05-12 18:14:16,0.15730,16.84082,16.84082,0.00000
2023-05-12 18:14:17,0.13148,13.84961,13.84961,0.00000
2023-05-12 18:14:18,0.11372,12.83203,12.83203,0.00000
2023-05-12 18:14:19,0.11962,12.91846,12.91846,0.00000
2023-05-12 18:14:20,0.13472,14.32617,14.32617,0.00000
2023-05-12 18:14:21,0.13587,14.31104,14.31104,0.00000
2023-05-12 18:14:22,0.13258,16.33057,16.33057,0.00000
2023-05-12 18:14:23,0.13106,14.62451,14.62451,0.00000
2023-05-12 18:14:24,0.18848,19.61035,19.61035,0.00000
2023-05-12 18:14:25,0.10867,12.79590,12.79590,0.00000
2023-05-12 18:14:26,0.09773,11.99512,11.99512,0.00000
2023-05-12 18:14:27,0.09602,12.14551,12.14551,0.00000
2023-05-12 18:14:28,0.12350,14.89551,14.89551,0.00000
2023-05-12 18:14:29,0.11146,12.95850,12.95850,0.00000
2023-05-12 18:14:30,0.15651,17.17969,17.17969,0.00000
2023-05-12 18:14:31,0.15619,16.35742,16.35742,0.00000
2023-05-12 18:14:32,0.16773,17.50293,17.50293,0.00000
2023-05-12 18:14:33,0.16783,18.78027,18.78027,0.00000
2023-05-12 18:14:34,0.15482,15.57324,15.57324,0.00000
2023-05-12 18:14:35,0.11888,13.86523,13.86523,0.00000
2023-05-12 18:14:36,0.13282,14.55420,14.55420,0.00000
2023-05-12 18:14:37,0.13223,14.33887,14.33887,0.00000
2023-05-12 18:14:38,0.13841,14.03906,14.03906,0.00000
2023-05-12 18:14:39,0.14376,17.06592,17.06592,0.00000
2023-05-12 18:14:40,0.15779,16.43701,16.43701,0.00000
2023-05-12 18:14:41,0.17311,17.19824,17.19824,0.00000
2023-05-12 18:14:42,0.16961,17.10742,17.10742,0.00000
2023-05-12 18:14:43,0.10626,11.98096,11.98096,0.00000
2023-05-12 18:14:44,0.13030,15.63818,15.63818,0.00000
2023-05-12 18:14:45,0.11420,13.11084,13.11084,0.00000
2023-05-12 18:14:46,0.10390,12.08545,12.08545,0.00000
2023-05-12 18:14:47,0.11602,12.73389,12.73389,0.00000
2023-05-12 18:14:48,0.15492,16.88281,16.88281,0.00000
2023-05-12 18:14:49,0.13093,14.15381,14.15381,0.00000
2023-05-12 18:14:50,0.22208,23.28613,23.28613,0.00000
2023-05-12 18:14:51,0.09361,11.36328,11.36328,0.00000
2023-05-12 18:14:52,0.12285,13.20264,13.20264,0.00000
2023-05-12 18:14:53,0.10038,11.84814,11.84814,0.00000
2023-05-12 18:14:54,0.07726,9.93945,9.93945,0.00000
2023-05-12 18:14:55,0.08811,11.00195,11.00195,0.00000
2023-05-12 18:14:56,0.08868,12.56592,12.56592,0.00000
2023-05-12 18:14:57,0.08948,11.14063,11.14063,0.00000
2023-05-12 18:14:58,0.08838,10.49121,10.49121,0.00000
2023-05-12 18:14:59,0.11188,12.58643,12.58643,0.00000
2023-05-12 18:15:00,0.13531,13.88770,13.88770,0.00000
2023-05-12 18:15:01,0.15234,17.77100,17.77100,0.00000
2023-05-12 18:15:02,0.11694,13.88525,13.88525,0.00000
2023-05-12 18:15:03,0.10157,11.22803,11.22803,0.00000
2023-05-12 18:15:04,0.08690,10.77979,10.77979,0.00000
2023-05-12 18:15:05,0.08748,11.66553,11.66553,0.00000
2023-05-12 18:15:06,0.08742,11.78711,11.78711,0.00000
2023-05-12 18:15:07,0.11062,14.03857,14.03857,0.00000
2023-05-12 18:15:08,0.10573,12.65479,12.65479,0.00000
2023-05-12 18:15:09,0.10593,12.84473,12.84473,0.00000
2023-05-12 18:15:10,0.11977,14.17090,14.17090,0.00000
2023-05-12 18:15:11,0.13021,16.04297,16.04297,0.00000
2023-05-12 18:15:12,0.11076,14.35498,14.35498,0.00000
2023-05-12 18:15:13,0.10467,11.87061,11.87061,0.00000
2023-05-12 18:15:14,0.10559,12.30713,12.30713,0.00000
2023-05-12 18:15:15,0.09635,11.54688,11.54688,0.00000
2023-05-12 18:15:16,0.09160,10.67725,10.67725,0.00000
2023-05-12 18:15:17,0.12587,13.79395,13.79395,0.00000
2023-05-12 18:15:18,0.21977,22.59082,22.59082,0.00000
2023-05-12 18:15:19,0.09748,11.21436,11.21436,0.00000
2023-05-12 18:15:20,0.11665,12.81250,12.81250,0.00000
2023-05-12 18:15:21,0.14431,14.83350,14.83350,0.00000
2023-05-12 18:15:22,0.10209,11.15918,11.15918,0.00000
2023-05-12 18:15:23,0.10146,11.56494,11.56494,0.00000
2023-05-12 18:15:24,0.09626,13.35352,13.35352,0.00000
2023-05-12 18:15:25,0.09530,11.65527,11.65527,0.00000
2023-05-12 18:15:26,0.08081,10.16260,10.16260,0.00000
2023-05-12 18:15:27,0.13743,15.69482,15.69482,0.00000
2023-05-12 18:15:28,0.12231,12.58740,12.58740,0.00000
2023-05-12 18:15:29,0.11820,14.41895,14.41895,0.00000
2023-05-12 18:15:30,0.10336,12.31250,12.31250,0.00000
2023-05-12 18:15:31,0.07823,10.05762,10.05762,0.00000
2023-05-12 18:15:32,0.09383,11.25293,11.25293,0.00000
2023-05-12 18:15:33,0.08811,10.39014,10.39014,0.00000
2023-05-12 18:15:34,0.09349,11.58154,11.58154,0.00000
2023-05-12 18:15:35,0.11546,14.40039,14.40039,0.00000
2023-05-12 18:15:36,0.09482,11.82373,11.82373,0.00000
2023-05-12 18:15:37,0.09434,11.04199,11.04199,0.00000
2023-05-12 18:15:38,0.08931,11.47119,11.47119,0.00000
2023-05-12 18:15:39,0.09308,11.10791,11.10791,0.00000
2023-05-12 18:15:40,0.11887,15.38867,15.38867,0.00000
2023-05-12 18:15:41,0.10390,12.22607,12.22607,0.00000
2023-05-12 18:15:42,0.07683,10.09082,10.09082,0.00000
2023-05-12 18:15:43,0.09503,11.75391,11.75391,0.00000
2023-05-12 18:15:44,0.07702,10.52539,10.52539,0.00000
2023-05-12 18:15:45,0.09659,12.00732,12.00732,0.00000
2023-05-12 18:15:46,0.11412,13.79443,13.79443,0.00000
2023-05-12 18:15:47,0.09698,12.10449,12.10449,0.00000
2023-05-12 18:15:48,0.10284,11.70996,11.70996,0.00000
2023-05-12 18:15:49,0.09365,11.14355,11.14355,0.00000
2023-05-12 18:15:50,0.08591,10.52197,10.52197,0.00000
2023-05-12 18:15:51,0.09057,11.42578,11.42578,0.00000
2023-05-12 18:15:52,0.09320,13.07275,13.07275,0.00000
2023-05-12 18:15:53,0.09142,11.69287,11.69287,0.00000
2023-05-12 18:15:54,0.07876,10.35986,10.35986,0.00000
2023-05-12 18:15:55,0.08805,11.57471,11.57471,0.00000
2023-05-12 18:15:56,0.08045,10.20996,10.20996,0.00000
2023-05-12 18:15:57,0.10734,14.33203,14.33203,0.00000
2023-05-12 18:15:58,0.10440,12.45068,12.45068,0.00000
2023-05-12 18:15:59,0.09755,11.62646,11.62646,0.00000
2023-05-12 18:16:00,0.10894,13.16895,13.16895,0.00000
2023-05-12 18:16:01,0.10303,12.05127,12.05127,0.00000
2023-05-12 18:16:02,0.10586,12.60400,12.60400,0.00000
2023-05-12 18:16:03,0.12013,14.95215,14.95215,0.00000
2023-05-12 18:16:04,0.15786,16.27002,16.27002,0.00000
2023-05-12 18:16:05,0.12214,13.31396,13.31396,0.00000
2023-05-12 18:16:06,0.16233,17.07373,17.07373,0.00000
2023-05-12 18:16:07,0.13590,14.60156,14.60156,0.00000
2023-05-12 18:16:08,0.13443,16.42041,16.42041,0.00000
2023-05-12 18:16:09,0.14223,16.21582,16.21582,0.00000
2023-05-12 18:16:10,0.11203,12.77393,12.77393,0.00000
2023-05-12 18:16:11,0.11962,13.74512,13.74512,0.00000
2023-05-12 18:16:12,0.12635,15.79053,15.79053,0.00000
2023-05-12 18:16:13,0.09608,11.36768,11.36768,0.00000
2023-05-12 18:16:14,0.11034,14.64941,14.64941,0.00000
2023-05-12 18:16:15,0.11616,13.13086,13.13086,0.00000
2023-05-12 18:16:16,0.08003,10.45898,10.45898,0.00000
2023-05-12 18:16:17,0.09611,11.95215,11.95215,0.00000
2023-05-12 18:16:18,0.09641,11.81592,11.81592,0.00000
2023-05-12 18:16:19,0.12761,15.95410,15.95410,0.00000
2023-05-12 18:16:20,0.15570,18.66602,18.66602,0.00000
2023-05-12 18:16:21,0.21379,21.79297,21.79297,0.00000
2023-05-12 18:16:22,0.09355,10.57422,10.57422,0.00000
2023-05-12 18:16:23,0.08660,11.12646,11.12646,0.00000
2023-05-12 18:16:24,0.10114,11.96240,11.96240,0.00000
2023-05-12 18:16:25,0.15467,18.10156,18.10156,0.00000
2023-05-12 18:16:26,0.12997,14.56250,14.56250,0.00000
2023-05-12 18:16:27,0.08638,10.65137,10.65137,0.00000
2023-05-12 18:16:28,0.09194,11.87891,11.87891,0.00000
2023-05-12 18:16:29,0.10999,12.44629,12.44629,0.00000
2023-05-12 18:16:30,0.12783,14.19873,14.19873,0.00000
2023-05-12 18:16:31,0.09887,13.23584,13.23584,0.00000
2023-05-12 18:16:32,0.12028,13.96484,13.96484,0.00000
2023-05-12 18:16:33,0.13834,15.25977,15.25977,0.00000
2023-05-12 18:16:34,0.11315,13.58252,13.58252,0.00000
2023-05-12 18:16:35,0.20215,21.04932,21.04932,0.00000
2023-05-12 18:16:36,0.12690,16.58740,16.58740,0.00000
2023-05-12 18:16:37,0.13160,13.97314,13.97314,0.00000
2023-05-12 18:16:38,0.09506,10.85400,10.85400,0.00000
2023-05-12 18:16:39,0.09114,11.33740,11.33740,0.00000
2023-05-12 18:16:40,0.08606,11.21973,11.21973,0.00000
2023-05-12 18:16:41,0.08948,11.29395,11.29395,0.00000
2023-05-12 18:16:42,0.10992,13.82129,13.82129,0.00000
2023-05-12 18:16:43,0.13123,14.40039,14.40039,0.00000
2023-05-12 18:16:44,0.11653,13.63184,13.63184,0.00000
2023-05-12 18:16:45,0.11118,13.84277,13.84277,0.00000
2023-05-12 18:16:46,0.11280,12.64014,12.64014,0.00000
2023-05-12 18:16:47,0.11485,14.14551,14.14551,0.00000
2023-05-12 18:16:48,0.12183,14.69092,14.69092,0.00000
2023-05-12 18:16:49,0.13110,15.17432,15.17432,0.00000
2023-05-12 18:16:50,0.13878,17.07324,17.07324,0.00000
2023-05-12 18:16:51,0.13671,16.93896,16.93896,0.00000
2023-05-12 18:16:52,0.12231,13.01660,13.01660,0.00000
2023-05-12 18:16:53,0.15219,18.51318,18.51318,0.00000
2023-05-12 18:16:54,0.14195,15.86816,15.86816,0.00000
2023-05-12 18:16:55,0.10963,12.20801,12.20801,0.00000
2023-05-12 18:16:56,0.10617,13.87305,13.87305,0.00000
2023-05-12 18:16:57,0.11504,12.99658,12.99658,0.00000
2023-05-12 18:16:58,0.12382,13.50342,13.50342,0.00000
2023-05-12 18:16:59,0.13219,14.90674,14.90674,0.00000
2023-05-12 18:17:00,0.09554,11.80566,11.80566,0.00000
