Date,CPU Utilization,Total Power,CPU Power,GPU Power
2023-05-12 18:06:15,0.07174,9.04688,9.04688,0.00000
2023-05-12 18:06:16,0.15088,16.80078,16.80078,0.00000
2023-05-12 18:06:17,0.12020,12.12891,12.12891,0.00000
2023-05-12 18:06:18,0.09389,11.17578,11.17578,0.00000
2023-05-12 18:06:19,0.08532,10.06641,10.06641,0.00000
2023-05-12 18:06:20,0.15763,15.30469,15.30469,0.00000
2023-05-12 18:06:21,0.11251,12.02344,12.02344,0.00000
2023-05-12 18:06:22,0.11069,13.63672,13.63672,0.00000
2023-05-12 18:06:23,0.10390,12.16406,12.16406,0.00000
2023-05-12 18:06:24,0.09454,11.30469,11.30469,0.00000
2023-05-12 18:06:25,0.11757,13.30078,13.30078,0.00000
2023-05-12 18:06:26,0.09274,11.12891,11.12891,0.00000
2023-05-12 18:06:27,0.10970,12.06641,12.06641,0.00000
2023-05-12 18:06:28,0.11195,13.21875,13.21875,0.00000
2023-05-12 18:06:29,0.09108,10.73828,10.73828,0.00000
2023-05-12 18:06:30,0.07282,9.48828,9.48828,0.00000
2023-05-12 18:06:31,0.11519,12.56250,12.56250,0.00000
2023-05-12 18:06:32,0.14448,16.74219,16.74219,0.00000
2023-05-12 18:06:33,0.12116,13.74609,13.74609,0.00000
2023-05-12 18:06:34,0.10050,13.47266,13.47266,0.00000
2023-05-12 18:06:35,0.12167,13.86719,13.86719,0.00000
2023-05-12 18:06:36,0.11959,13.40625,13.40625,0.00000
2023-05-12 18:06:37,0.10978,12.14844,12.14844,0.00000
2023-05-12 18:06:38,0.11463,13.70703,13.70703,0.00000
2023-05-12 18:06:39,0.17662,19.26563,19.26563,0.00000
2023-05-12 18:06:40,0.13076,14.03125,14.03125,0.00000
2023-05-12 18:06:41,0.08696,10.26953,10.26953,0.00000
2023-05-12 18:06:42,0.09692,11.14453,11.14453,0.00000
2023-05-12 18:06:43,0.07702,9.85547,9.85547,0.00000
2023-05-12 18:06:44,0.09142,11.06641,11.06641,0.00000
2023-05-12 18:06:45,0.09843,12.90625,12.90625,0.00000
2023-05-12 18:06:46,0.09950,11.53125,11.53125,0.00000
2023-05-12 18:06:47,0.07417,9.58594,9.58594,0.00000
2023-05-12 18:06:48,0.10364,11.71484,11.71484,0.00000
2023-05-12 18:06:49,0.08035,10.18359,10.18359,0.00000
2023-05-12 18:06:50,0.09667,13.50781,13.50781,0.00000
2023-05-12 18:06:51,0.09291,11.29688,11.29688,0.00000
2023-05-12 18:06:52,0.07363,9.75391,9.75391,0.00000
2023-05-12 18:06:53,0.09458,11.04688,11.04688,0.00000
2023-05-12 18:06:54,0.08239,10.62500,10.62500,0.00000
2023-05-12 18:06:55,0.08475,10.43359,10.43359,0.00000
2023-05-12 18:06:56,0.08988,12.70703,12.70703,0.00000
2023-05-12 18:06:57,0.08611,10.86328,10.86328,0.00000
2023-05-12 18:06:58,0.07736,9.87109,9.87109,0.00000
2023-05-12 18:06:59,0.08734,10.99219,10.99219,0.00000
2023-05-12 18:07:00,0.07615,9.94141,9.94141,0.00000
2023-05-12 18:07:01,0.08799,10.77734,10.77734,0.00000
2023-05-12 18:07:02,0.08936,12.61328,12.61328,0.00000
2023-05-12 18:07:03,0.08428,10.96875,10.96875,0.00000
2023-05-12 18:07:04,0.07417,9.65234,9.65234,0.00000
2023-05-12 18:07:05,0.08726,10.87500,10.87500,0.00000
2023-05-12 18:07:06,0.08008,10.31250,10.31250,0.00000
2023-05-12 18:07:07,0.10408,13.50391,13.50391,0.00000
2023-05-12 18:07:08,0.09332,11.69922,11.69922,0.00000
2023-05-12 18:07:09,0.08344,10.66797,10.66797,0.00000
2023-05-12 18:07:10,0.09521,12.23047,12.23047,0.00000
2023-05-12 18:07:11,0.08982,10.53516,10.53516,0.00000
2023-05-12 18:07:12,0.10171,11.90234,11.90234,0.00000
2023-05-12 18:07:13,0.11358,14.44141,14.44141,0.00000
2023-05-12 18:07:14,0.10590,12.65625,12.65625,0.00000
2023-05-12 18:07:15,0.08454,10.70313,10.70313,0.00000
2023-05-12 18:07:16,0.11597,11.65625,11.65625,0.00000
2023-05-12 18:07:17,0.09286,11.26563,11.26563,0.00000
2023-05-12 18:07:18,0.12816,15.39453,15.39453,0.00000
2023-05-12 18:07:19,0.09994,11.85938,11.85938,0.00000
2023-05-12 18:07:20,0.09383,10.82422,10.82422,0.00000
2023-05-12 18:07:21,0.12712,13.75000,13.75000,0.00000
2023-05-12 18:07:22,0.09893,11.12109,11.12109,0.00000
2023-05-12 18:07:23,0.10364,12.00391,12.00391,0.00000
2023-05-12 18:07:24,0.11742,13.87109,13.87109,0.00000
2023-05-12 18:07:25,0.09767,11.51563,11.51563,0.00000
2023-05-12 18:07:26,0.08118,10.19141,10.19141,0.00000
2023-05-12 18:07:27,0.10656,12.09375,12.09375,0.00000
2023-05-12 18:07:28,0.07992,9.94141,9.94141,0.00000
2023-05-12 18:07:29,0.11167,12.48828,12.48828,0.00000
2023-05-12 18:07:30,0.10258,13.39063,13.39063,0.00000
2023-05-12 18:07:31,0.10095,12.89453,12.89453,0.00000
2023-05-12 18:07:32,0.08799,10.58203,10.58203,0.00000
2023-05-12 18:07:33,0.10107,11.87500,11.87500,0.00000
2023-05-12 18:07:34,0.08485,10.51953,10.51953,0.00000
2023-05-12 18:07:35,0.13035,15.02344,15.02344,0.00000
2023-05-12 18:07:36,0.10145,12.41016,12.41016,0.00000
2023-05-12 18:07:37,0.10636,10.99219,10.99219,0.00000
2023-05-12 18:07:38,0.09578,12.15234,12.15234,0.00000
2023-05-12 18:07:39,0.08564,11.17188,11.17188,0.00000
2023-05-12 18:07:40,0.10922,11.91797,11.91797,0.00000
2023-05-12 18:07:41,0.11006,13.38281,13.38281,0.00000
2023-05-12 18:07:42,0.09217,11.48438,11.48438,0.00000
2023-05-12 18:07:43,0.08192,10.41406,10.41406,0.00000
2023-05-12 18:07:44,0.10699,11.73828,11.73828,0.00000
2023-05-12 18:07:45,0.08050,10.33203,10.33203,0.00000
2023-05-12 18:07:46,0.12863,15.07813,15.07813,0.00000
2023-05-12 18:07:47,0.10176,11.75781,11.75781,0.00000
2023-05-12 18:07:48,0.07533,10.02734,10.02734,0.00000
2023-05-12 18:07:49,0.09617,12.31641,12.31641,0.00000
2023-05-12 18:07:50,0.08103,9.99219,9.99219,0.00000
2023-05-12 18:07:51,0.10874,12.47266,12.47266,0.00000
2023-05-12 18:07:52,0.09291,12.99609,12.99609,0.00000
2023-05-12 18:07:53,0.11223,12.85938,12.85938,0.00000
2023-05-12 18:07:54,0.09799,11.26172,11.26172,0.00000
2023-05-12 18:07:55,0.09918,11.44922,11.44922,0.00000
2023-05-12 18:07:56,0.07982,9.97266,9.97266,0.00000
2023-05-12 18:07:57,0.10865,12.85156,12.85156,0.00000
2023-05-12 18:07:58,0.10139,13.34375,13.34375,0.00000
2023-05-12 18:07:59,0.11558,13.44922,13.44922,0.00000
2023-05-12 18:08:00,0.08175,10.87891,10.87891,0.00000
2023-05-12 18:08:01,0.11972,13.17188,13.17188,0.00000
2023-05-12 18:08:02,0.09166,11.46875,11.46875,0.00000
2023-05-12 18:08:03,0.15556,18.25000,18.25000,0.00000
2023-05-12 18:08:04,0.11301,12.63281,12.63281,0.00000
2023-05-12 18:08:05,0.10914,12.63281,12.63281,0.00000
2023-05-12 18:08:06,0.10590,12.84766,12.84766,0.00000
2023-05-12 18:08:07,0.09509,11.22656,11.22656,0.00000
2023-05-12 18:08:08,0.09355,11.98438,11.98438,0.00000
2023-05-12 18:08:09,0.10247,13.47656,13.47656,0.00000
2023-05-12 18:08:10,0.09524,12.33984,12.33984,0.00000
2023-05-12 18:08:11,0.20773,25.23828,25.23828,0.00000
2023-05-12 18:08:12,0.23306,20.51172,20.51172,0.00000
2023-05-12 18:08:13,0.13553,14.35547,14.35547,0.00000
2023-05-12 18:08:14,0.11538,15.07813,15.07813,0.00000
2023-05-12 18:08:15,0.11754,13.44922,13.44922,0.00000
2023-05-12 18:08:16,0.09245,10.72266,10.72266,0.00000
2023-05-12 18:08:17,0.10723,12.91016,12.91016,0.00000
2023-05-12 18:08:18,0.11358,13.72266,13.72266,0.00000
2023-05-12 18:08:19,0.12444,14.43750,14.43750,0.00000
2023-05-12 18:08:20,0.14358,16.91406,16.91406,0.00000
2023-05-12 18:08:21,0.14738,17.41797,17.41797,0.00000
2023-05-12 18:08:22,0.18320,16.09766,16.09766,0.00000
2023-05-12 18:08:23,0.09446,11.77344,11.77344,0.00000
2023-05-12 18:08:24,0.09842,13.31250,13.31250,0.00000
2023-05-12 18:08:25,0.11854,13.92578,13.92578,0.00000
2023-05-12 18:08:26,0.11635,15.42188,15.42188,0.00000
2023-05-12 18:08:27,0.11376,13.35938,13.35938,0.00000
2023-05-12 18:08:28,0.09509,11.42188,11.42188,0.00000
2023-05-12 18:08:29,0.09326,11.88672,11.88672,0.00000
2023-05-12 18:08:30,0.08370,10.84766,10.84766,0.00000
2023-05-12 18:08:31,0.11661,15.01172,15.01172,0.00000
2023-05-12 18:08:32,0.12602,13.72266,13.72266,0.00000
2023-05-12 18:08:33,0.09665,11.67188,11.67188,0.00000
2023-05-12 18:08:34,0.11407,14.25781,14.25781,0.00000
2023-05-12 18:08:35,0.14934,14.70313,14.70313,0.00000
2023-05-12 18:08:36,0.18285,21.36328,21.36328,0.00000
2023-05-12 18:08:37,0.14539,18.56641,18.56641,0.00000
2023-05-12 18:08:38,0.11820,13.27734,13.27734,0.00000
2023-05-12 18:08:39,0.13754,13.66016,13.66016,0.00000
2023-05-12 18:08:40,0.12249,14.43750,14.43750,0.00000
2023-05-12 18:08:41,0.11006,13.04297,13.04297,0.00000
2023-05-12 18:08:42,0.16887,18.29297,18.29297,0.00000
2023-05-12 18:08:43,0.08897,12.14844,12.14844,0.00000
2023-05-12 18:08:44,0.09692,11.46094,11.46094,0.00000
2023-05-12 18:08:45,0.11679,13.69531,13.69531,0.00000
2023-05-12 18:08:46,0.09314,11.97266,11.97266,0.00000
2023-05-12 18:08:47,0.09302,12.12500,12.12500,0.00000
2023-05-12 18:08:48,0.09296,13.05859,13.05859,0.00000
2023-05-12 18:08:49,0.09045,11.21875,11.21875,0.00000
2023-05-12 18:08:50,0.07687,10.80078,10.80078,0.00000
2023-05-12 18:08:51,0.08066,11.40234,11.40234,0.00000
2023-05-12 18:08:52,0.08003,10.66016,10.66016,0.00000
2023-05-12 18:08:53,0.12548,15.84766,15.84766,0.00000
2023-05-12 18:08:54,0.11802,14.54688,14.54688,0.00000
2023-05-12 18:08:55,0.11553,12.97266,12.97266,0.00000
2023-05-12 18:08:56,0.09488,10.87500,10.87500,0.00000
2023-05-12 18:08:57,0.09339,12.32813,12.32813,0.00000
2023-05-12 18:08:58,0.09816,11.09375,11.09375,0.00000
2023-05-12 18:08:59,0.11013,14.82422,14.82422,0.00000
2023-05-12 18:09:00,0.10942,12.88281,12.88281,0.00000
2023-05-12 18:09:01,0.09004,12.09375,12.09375,0.00000
2023-05-12 18:09:02,0.12350,15.26172,15.26172,0.00000
2023-05-12 18:09:03,0.08822,10.94141,10.94141,0.00000
2023-05-12 18:09:04,0.12665,13.75000,13.75000,0.00000
2023-05-12 18:09:05,0.12903,-65517.00781,-65517.00781,0.00000
2023-05-12 18:09:06,0.10992,12.84173,12.84173,0.00000
2023-05-12 18:09:07,0.10189,11.26796,11.26796,0.00000
2023-05-12 18:09:08,0.10642,12.11722,12.11722,0.00000
2023-05-12 18:09:09,0.09931,12.26485,12.26485,0.00000
2023-05-12 18:09:10,0.12626,15.86536,15.86536,0.00000
2023-05-12 18:09:11,0.12131,12.89072,12.89072,0.00000
2023-05-12 18:09:12,0.12539,13.08633,13.08633,0.00000
2023-05-12 18:09:13,0.12893,14.34826,14.34826,0.00000
2023-05-12 18:09:14,0.11244,12.18856,12.18856,0.00000
2023-05-12 18:09:15,0.12138,14.62236,14.62236,0.00000
2023-05-12 18:09:16,0.10845,14.15015,14.15015,0.00000
2023-05-12 18:09:17,0.11174,13.80322,13.80322,0.00000
2023-05-12 18:09:18,0.09022,11.74687,11.74687,0.00000
2023-05-12 18:09:19,0.09956,12.80965,12.80965,0.00000
2023-05-12 18:09:20,0.09557,12.00465,12.00465,0.00000
2023-05-12 18:09:21,0.09448,12.44815,12.44815,0.00000
2023-05-12 18:09:22,0.10795,13.21468,13.21468,0.00000
2023-05-12 18:09:23,0.12135,14.45287,14.45287,0.00000
2023-05-12 18:09:24,0.10330,12.24005,12.24005,0.00000
2023-05-12 18:09:25,0.10178,12.19037,12.19037,0.00000
2023-05-12 18:09:26,0.07414,10.81915,10.81915,0.00000
2023-05-12 18:09:27,0.12603,15.72842,15.72842,0.00000
2023-05-12 18:09:28,0.10710,13.67172,13.67172,0.00000
2023-05-12 18:09:29,0.07532,10.47083,10.47083,0.00000
2023-05-12 18:09:30,0.09316,12.50845,12.50845,0.00000
2023-05-12 18:09:31,0.09551,12.01160,12.01160,0.00000
2023-05-12 18:09:32,0.08784,12.72598,12.72598,0.00000
2023-05-12 18:09:33,0.11280,13.85593,13.85593,0.00000
2023-05-12 18:09:34,0.09321,12.58365,12.58365,0.00000
