Date,CPU Utilization,Total Power,CPU Power,GPU Power
2023-05-10 02:29:06,0.08010,12.55566,12.55566,0.00000
2023-05-10 02:29:07,0.09837,15.34082,15.34082,0.00000
2023-05-10 02:29:08,0.09875,15.37109,15.37109,0.00000
2023-05-10 02:29:09,0.08835,14.08301,14.08301,0.00000
2023-05-10 02:29:10,0.09649,15.37695,15.37695,0.00000
2023-05-10 02:29:11,0.10688,16.49609,16.49609,0.00000
2023-05-10 02:29:12,0.10063,15.49805,15.49805,0.00000
2023-05-10 02:29:13,0.11118,16.85156,16.85156,0.00000
2023-05-10 02:29:14,0.10701,16.15234,16.15234,0.00000
2023-05-10 02:29:15,0.12093,18.93652,18.93652,0.00000
2023-05-10 02:29:16,0.10714,16.14844,16.14844,0.00000
2023-05-10 02:29:17,0.10487,15.90430,15.90430,0.00000
2023-05-10 02:29:18,0.10701,16.16797,16.16797,0.00000
2023-05-10 02:29:19,0.11076,16.96387,16.96387,0.00000
2023-05-10 02:29:20,0.09750,15.11816,15.11816,0.00000
2023-05-10 02:29:21,0.10025,15.42090,15.42090,0.00000
2023-05-10 02:29:22,0.11872,18.50391,18.50391,0.00000
2023-05-10 02:29:23,0.09398,15.41016,15.41016,0.00000
2023-05-10 02:29:24,0.09762,15.54199,15.54199,0.00000
2023-05-10 02:29:25,0.09675,15.50195,15.50195,0.00000
2023-05-10 02:29:26,0.11389,17.85938,17.85938,0.00000
2023-05-10 02:29:27,0.09211,15.26172,15.26172,0.00000
2023-05-10 02:29:28,0.09011,14.60840,14.60840,0.00000
2023-05-10 02:29:29,0.11216,17.66504,17.66504,0.00000
2023-05-10 02:29:30,0.10513,16.50000,16.50000,0.00000
2023-05-10 02:29:31,0.08687,14.23828,14.23828,0.00000
2023-05-10 02:29:32,0.09900,15.50195,15.50195,0.00000
2023-05-10 02:29:33,0.10464,16.71289,16.71289,0.00000
2023-05-10 02:29:34,0.09712,15.22461,15.22461,0.00000
2023-05-10 02:29:35,0.09011,14.39453,14.39453,0.00000
2023-05-10 02:29:36,0.11139,16.63281,16.63281,0.00000
2023-05-10 02:29:37,0.10714,16.83105,16.83105,0.00000
2023-05-10 02:29:38,0.09586,15.35254,15.35254,0.00000
2023-05-10 02:29:39,0.09938,15.66309,15.66309,0.00000
2023-05-10 02:29:40,0.11216,17.76758,17.76758,0.00000
2023-05-10 02:29:41,0.09637,15.82520,15.82520,0.00000
2023-05-10 02:29:42,0.09410,15.69824,15.69824,0.00000
2023-05-10 02:29:43,0.09524,15.52832,15.52832,0.00000
2023-05-10 02:29:44,0.11264,17.81250,17.81250,0.00000
2023-05-10 02:29:45,0.10000,16.31738,16.31738,0.00000
2023-05-10 02:29:46,0.09211,14.80469,14.80469,0.00000
2023-05-10 02:29:47,0.12735,18.80371,18.80371,0.00000
2023-05-10 02:29:48,0.11000,16.51172,16.51172,0.00000
2023-05-10 02:29:49,0.08761,14.09668,14.09668,0.00000
2023-05-10 02:29:50,0.09912,15.42578,15.42578,0.00000
2023-05-10 02:29:51,0.10701,16.66992,16.66992,0.00000
2023-05-10 02:29:52,0.10464,16.28223,16.28223,0.00000
2023-05-10 02:29:53,0.08636,14.10938,14.10938,0.00000
2023-05-10 02:29:54,0.11278,17.66016,17.66016,0.00000
2023-05-10 02:29:55,0.10150,16.22656,16.22656,0.00000
2023-05-10 02:29:56,0.08584,14.07031,14.07031,0.00000
2023-05-10 02:29:57,0.10013,15.66504,15.66504,0.00000
2023-05-10 02:29:58,0.10401,16.51465,16.51465,0.00000
2023-05-10 02:29:59,0.09774,15.42480,15.42480,0.00000
2023-05-10 02:30:00,0.08812,14.38574,14.38574,0.00000
2023-05-10 02:30:01,0.10464,16.26367,16.26367,0.00000
2023-05-10 02:30:02,0.10638,16.52832,16.52832,0.00000
2023-05-10 02:30:03,0.09787,15.35352,15.35352,0.00000
2023-05-10 02:30:04,0.09700,15.43262,15.43262,0.00000
2023-05-10 02:30:05,0.11312,17.98633,17.98633,0.00000
2023-05-10 02:30:06,0.09649,15.68457,15.68457,0.00000
2023-05-10 02:30:07,0.09637,15.64063,15.64063,0.00000
2023-05-10 02:30:08,0.09512,15.42285,15.42285,0.00000
2023-05-10 02:30:09,0.11466,17.44043,17.44043,0.00000
2023-05-10 02:30:10,0.09774,15.34863,15.34863,0.00000
2023-05-10 02:30:11,0.09011,14.68848,14.68848,0.00000
2023-05-10 02:30:12,0.12218,18.60059,18.60059,0.00000
2023-05-10 02:30:13,0.10616,16.11523,16.11523,0.00000
2023-05-10 02:30:14,0.08772,13.96680,13.96680,0.00000
2023-05-10 02:30:15,0.09887,16.02539,16.02539,0.00000
2023-05-10 02:30:16,0.10464,16.67969,16.67969,0.00000
2023-05-10 02:30:17,0.09724,15.77832,15.77832,0.00000
2023-05-10 02:30:18,0.08625,14.17676,14.17676,0.00000
2023-05-10 02:30:19,0.10714,16.42383,16.42383,0.00000
2023-05-10 02:30:20,0.11389,17.56738,17.56738,0.00000
2023-05-10 02:30:21,0.10213,15.38477,15.38477,0.00000
2023-05-10 02:30:22,0.09925,15.95117,15.95117,0.00000
2023-05-10 02:30:23,0.12594,19.04785,19.04785,0.00000
2023-05-10 02:30:24,0.09598,15.74414,15.74414,0.00000
2023-05-10 02:30:25,0.09637,15.70508,15.70508,0.00000
2023-05-10 02:30:26,0.09611,15.62207,15.62207,0.00000
2023-05-10 02:30:27,0.09912,16.13770,16.13770,0.00000
2023-05-10 02:30:28,0.09285,15.38672,15.38672,0.00000
2023-05-10 02:30:29,0.09136,14.80859,14.80859,0.00000
2023-05-10 02:30:30,0.11481,17.75098,17.75098,0.00000
2023-05-10 02:30:31,0.10477,15.80273,15.80273,0.00000
2023-05-10 02:30:32,0.08709,14.09473,14.09473,0.00000
2023-05-10 02:30:33,0.09900,15.39551,15.39551,0.00000
2023-05-10 02:30:34,0.10451,16.35645,16.35645,0.00000
2023-05-10 02:30:35,0.09774,15.34570,15.34570,0.00000
2023-05-10 02:30:36,0.08897,14.67188,14.67188,0.00000
2023-05-10 02:30:37,0.11389,17.19824,17.19824,0.00000
2023-05-10 02:30:38,0.10652,15.15332,15.15332,0.00000
2023-05-10 02:30:39,0.08647,13.86621,13.86621,0.00000
2023-05-10 02:30:40,0.09825,15.62207,15.62207,0.00000
2023-05-10 02:30:41,0.10464,16.73242,16.73242,0.00000
2023-05-10 02:30:42,0.10013,15.76270,15.76270,0.00000
2023-05-10 02:30:43,0.08636,13.73535,13.73535,0.00000
2023-05-10 02:30:44,0.10401,15.75391,15.75391,0.00000
2023-05-10 02:30:45,0.11717,17.64355,17.64355,0.00000
2023-05-10 02:30:46,0.09598,15.21191,15.21191,0.00000
2023-05-10 02:30:47,0.09461,15.96191,15.96191,0.00000
2023-05-10 02:30:48,0.11389,18.17480,18.17480,0.00000
2023-05-10 02:30:49,0.09774,15.77832,15.77832,0.00000
2023-05-10 02:30:50,0.09724,15.64746,15.64746,0.00000
2023-05-10 02:30:51,0.09461,15.35938,15.35938,0.00000
2023-05-10 02:30:52,0.11997,18.33203,18.33203,0.00000
2023-05-10 02:30:53,0.10250,15.44434,15.44434,0.00000
2023-05-10 02:30:54,0.09273,14.61523,14.61523,0.00000
2023-05-10 02:30:55,0.10951,17.27832,17.27832,0.00000
2023-05-10 02:30:56,0.10951,16.91699,16.91699,0.00000
2023-05-10 02:30:57,0.08835,14.05664,14.05664,0.00000
2023-05-10 02:30:58,0.09649,15.61816,15.61816,0.00000
2023-05-10 02:30:59,0.10276,16.60742,16.60742,0.00000
2023-05-10 02:31:00,0.10150,15.61133,15.61133,0.00000
2023-05-10 02:31:01,0.08812,14.16699,14.16699,0.00000
2023-05-10 02:31:02,0.10526,16.05176,16.05176,0.00000
2023-05-10 02:31:03,0.10951,16.78418,16.78418,0.00000
2023-05-10 02:31:04,0.09700,15.46875,15.46875,0.00000
2023-05-10 02:31:05,0.09524,15.61719,15.61719,0.00000
2023-05-10 02:31:06,0.11514,18.36719,18.36719,0.00000
2023-05-10 02:31:07,0.09774,15.45605,15.45605,0.00000
2023-05-10 02:31:08,0.09649,15.68262,15.68262,0.00000
2023-05-10 02:31:09,0.09649,15.72168,15.72168,0.00000
2023-05-10 02:31:10,0.11529,18.25586,18.25586,0.00000
2023-05-10 02:31:11,0.09023,14.61914,14.61914,0.00000
2023-05-10 02:31:12,0.10464,16.02246,16.02246,0.00000
2023-05-10 02:31:13,0.10728,17.20215,17.20215,0.00000
2023-05-10 02:31:14,0.09787,15.66602,15.66602,0.00000
2023-05-10 02:31:15,0.08812,14.14551,14.14551,0.00000
2023-05-10 02:31:16,0.09649,15.27344,15.27344,0.00000
2023-05-10 02:31:17,0.10526,17.18262,17.18262,0.00000
2023-05-10 02:31:18,0.10125,15.55371,15.55371,0.00000
2023-05-10 02:31:19,0.08835,14.06738,14.06738,0.00000
2023-05-10 02:31:20,0.10678,16.48047,16.48047,0.00000
2023-05-10 02:31:21,0.10401,16.56445,16.56445,0.00000
2023-05-10 02:31:22,0.10163,15.97266,15.97266,0.00000
2023-05-10 02:31:23,0.09586,15.54688,15.54688,0.00000
2023-05-10 02:31:24,0.12845,19.27832,19.27832,0.00000
2023-05-10 02:31:25,0.09687,15.53320,15.53320,0.00000
2023-05-10 02:31:26,0.09536,15.59082,15.59082,0.00000
2023-05-10 02:31:27,0.09536,15.66602,15.66602,0.00000
2023-05-10 02:31:28,0.09649,16.09277,16.09277,0.00000
2023-05-10 02:31:29,0.09273,15.08984,15.08984,0.00000
2023-05-10 02:31:30,0.09313,14.49902,14.49902,0.00000
2023-05-10 02:31:31,0.11153,17.43457,17.43457,0.00000
2023-05-10 02:31:32,0.10289,16.14551,16.14551,0.00000
2023-05-10 02:31:33,0.08480,14.31738,14.31738,0.00000
2023-05-10 02:31:34,0.09687,15.34668,15.34668,0.00000
2023-05-10 02:31:35,0.10589,16.61914,16.61914,0.00000
2023-05-10 02:31:36,0.09950,15.70605,15.70605,0.00000
2023-05-10 02:31:37,0.08668,14.42480,14.42480,0.00000
2023-05-10 02:31:38,0.11202,17.83789,17.83789,0.00000
2023-05-10 02:31:39,0.10464,16.77930,16.77930,0.00000
2023-05-10 02:31:40,0.10451,16.12207,16.12207,0.00000
2023-05-10 02:31:41,0.10276,16.23828,16.23828,0.00000
2023-05-10 02:31:42,0.12469,18.64648,18.64648,0.00000
2023-05-10 02:31:43,0.10540,15.85547,15.85547,0.00000
2023-05-10 02:31:44,0.10451,16.13379,16.13379,0.00000
2023-05-10 02:31:45,0.10951,17.29199,17.29199,0.00000
2023-05-10 02:31:46,0.10602,16.77734,16.77734,0.00000
2023-05-10 02:31:47,0.09887,14.91895,14.91895,0.00000
2023-05-10 02:31:48,0.09962,15.61328,15.61328,0.00000
2023-05-10 02:31:49,0.12469,18.78809,18.78809,0.00000
2023-05-10 02:31:50,0.09900,15.91895,15.91895,0.00000
2023-05-10 02:31:51,0.09586,15.50781,15.50781,0.00000
2023-05-10 02:31:52,0.09761,16.07813,16.07813,0.00000
2023-05-10 02:31:53,0.11514,18.05762,18.05762,0.00000
2023-05-10 02:31:54,0.09637,15.60254,15.60254,0.00000
2023-05-10 02:31:55,0.08772,14.47949,14.47949,0.00000
2023-05-10 02:31:56,0.11438,17.38770,17.38770,0.00000
2023-05-10 02:31:57,0.10351,16.53516,16.53516,0.00000
2023-05-10 02:31:58,0.08595,13.96289,13.96289,0.00000
2023-05-10 02:31:59,0.09762,15.47168,15.47168,0.00000
2023-05-10 02:32:00,0.10652,16.72949,16.72949,0.00000
2023-05-10 02:32:01,0.09900,15.09277,15.09277,0.00000
2023-05-10 02:32:02,0.08772,14.36621,14.36621,0.00000
2023-05-10 02:32:03,0.10777,16.90918,16.90918,0.00000
2023-05-10 02:32:04,0.10652,16.42969,16.42969,0.00000
2023-05-10 02:32:05,0.09762,15.49121,15.49121,0.00000
2023-05-10 02:32:06,0.09825,15.60449,15.60449,0.00000
2023-05-10 02:32:07,0.12437,19.10645,19.10645,0.00000
2023-05-10 02:32:08,0.09724,15.73633,15.73633,0.00000
2023-05-10 02:32:09,0.09649,15.70996,15.70996,0.00000
2023-05-10 02:32:10,0.09837,15.83887,15.83887,0.00000
2023-05-10 02:32:11,0.09837,15.51855,15.51855,0.00000
2023-05-10 02:32:12,0.09637,15.15039,15.15039,0.00000
2023-05-10 02:32:13,0.10025,15.56543,15.56543,0.00000
2023-05-10 02:32:14,0.11341,17.45898,17.45898,0.00000
2023-05-10 02:32:15,0.10763,15.86133,15.86133,0.00000
2023-05-10 02:32:16,0.08647,13.96289,13.96289,0.00000
2023-05-10 02:32:17,0.09837,14.80469,14.80469,0.00000
2023-05-10 02:32:18,0.10513,16.62109,16.62109,0.00000
2023-05-10 02:32:19,0.10013,15.54395,15.54395,0.00000
2023-05-10 02:32:20,0.09023,14.28027,14.28027,0.00000
2023-05-10 02:32:21,0.11028,16.55469,16.55469,0.00000
2023-05-10 02:32:22,0.10741,16.46094,16.46094,0.00000
2023-05-10 02:32:23,0.09724,15.55664,15.55664,0.00000
2023-05-10 02:32:24,0.09548,15.45801,15.45801,0.00000
2023-05-10 02:32:25,0.12594,19.00977,19.00977,0.00000
2023-05-10 02:32:26,0.09637,15.42773,15.42773,0.00000
2023-05-10 02:32:27,0.09598,15.84277,15.84277,0.00000
2023-05-10 02:32:28,0.09637,16.19531,16.19531,0.00000
2023-05-10 02:32:29,0.09837,16.02051,16.02051,0.00000
2023-05-10 02:32:30,0.09148,15.17676,15.17676,0.00000
2023-05-10 02:32:31,0.10938,16.57715,16.57715,0.00000
2023-05-10 02:32:32,0.10338,16.71094,16.71094,0.00000
2023-05-10 02:32:33,0.09774,15.27051,15.27051,0.00000
2023-05-10 02:32:34,0.08772,14.20508,14.20508,0.00000
2023-05-10 02:32:35,0.09837,15.52832,15.52832,0.00000
2023-05-10 02:32:36,0.10263,16.53711,16.53711,0.00000
2023-05-10 02:32:37,0.09849,15.81641,15.81641,0.00000
2023-05-10 02:32:38,0.08812,14.15332,14.15332,0.00000
2023-05-10 02:32:39,0.11341,17.62988,17.62988,0.00000
2023-05-10 02:32:40,0.10763,15.74512,15.74512,0.00000
2023-05-10 02:32:41,0.08657,13.98438,13.98438,0.00000
2023-05-10 02:32:42,0.09849,14.63574,14.63574,0.00000
2023-05-10 02:32:43,0.10477,16.36914,16.36914,0.00000
2023-05-10 02:32:44,0.10200,15.29297,15.29297,0.00000
2023-05-10 02:32:45,0.08698,14.55859,14.55859,0.00000
2023-05-10 02:32:46,0.09712,15.69922,15.69922,0.00000
2023-05-10 02:32:47,0.12155,17.79395,17.79395,0.00000
2023-05-10 02:32:48,0.10576,15.44336,15.44336,0.00000
2023-05-10 02:32:49,0.09849,15.92578,15.92578,0.00000
2023-05-10 02:32:50,0.11669,18.04102,18.04102,0.00000
2023-05-10 02:32:51,0.09813,15.68359,15.68359,0.00000
2023-05-10 02:32:52,0.10490,15.91602,15.91602,0.00000
2023-05-10 02:32:53,0.09750,15.69727,15.69727,0.00000
2023-05-10 02:32:54,0.12453,18.61523,18.61523,0.00000
2023-05-10 02:32:55,0.09649,15.30273,15.30273,0.00000
2023-05-10 02:32:56,0.09011,14.91895,14.91895,0.00000
2023-05-10 02:32:57,0.11389,18.04004,18.04004,0.00000
2023-05-10 02:32:58,0.10513,16.38184,16.38184,0.00000
2023-05-10 02:32:59,0.09136,14.43457,14.43457,0.00000
2023-05-10 02:33:00,0.09825,15.51953,15.51953,0.00000
2023-05-10 02:33:01,0.10714,16.22754,16.22754,0.00000
2023-05-10 02:33:02,0.09900,15.31836,15.31836,0.00000
2023-05-10 02:33:03,0.08584,14.34863,14.34863,0.00000
2023-05-10 02:33:04,0.11216,17.49414,17.49414,0.00000
2023-05-10 02:33:05,0.10289,16.48633,16.48633,0.00000
2023-05-10 02:33:06,0.10638,16.47363,16.47363,0.00000
2023-05-10 02:33:07,0.08971,14.55957,14.55957,0.00000
2023-05-10 02:33:08,0.11500,17.77832,17.77832,0.00000
2023-05-10 02:33:09,0.10464,16.60449,16.60449,0.00000
2023-05-10 02:33:10,0.10576,15.71777,15.71777,0.00000
2023-05-10 02:33:11,0.11341,17.30469,17.30469,0.00000
2023-05-10 02:33:12,0.10576,16.81738,16.81738,0.00000
2023-05-10 02:33:13,0.10351,15.90625,15.90625,0.00000
2023-05-10 02:33:14,0.09548,15.68457,15.68457,0.00000
2023-05-10 02:33:15,0.12469,18.97852,18.97852,0.00000
2023-05-10 02:33:16,0.09524,15.41699,15.41699,0.00000
2023-05-10 02:33:17,0.09736,14.99805,14.99805,0.00000
2023-05-10 02:33:18,0.09687,15.69824,15.69824,0.00000
2023-05-10 02:33:19,0.11842,18.32813,18.32813,0.00000
2023-05-10 02:33:20,0.09336,14.86133,14.86133,0.00000
2023-05-10 02:33:21,0.10652,16.58203,16.58203,0.00000
2023-05-10 02:33:22,0.10840,17.20410,17.20410,0.00000
2023-05-10 02:33:23,0.09912,15.40234,15.40234,0.00000
2023-05-10 02:33:24,0.09011,13.72266,13.72266,0.00000
2023-05-10 02:33:25,0.09950,15.31934,15.31934,0.00000
2023-05-10 02:33:26,0.10638,16.53418,16.53418,0.00000
2023-05-10 02:33:27,0.10025,15.52246,15.52246,0.00000
2023-05-10 02:33:28,0.08897,14.14551,14.14551,0.00000
2023-05-10 02:33:29,0.10338,16.30469,16.30469,0.00000
2023-05-10 02:33:30,0.10965,16.58691,16.58691,0.00000
2023-05-10 02:33:31,0.09774,15.66797,15.66797,0.00000
2023-05-10 02:33:32,0.09774,15.09082,15.09082,0.00000
2023-05-10 02:33:33,0.11500,18.10156,18.10156,0.00000
2023-05-10 02:33:34,0.09837,15.82813,15.82813,0.00000
2023-05-10 02:33:35,0.09736,15.89941,15.89941,0.00000
2023-05-10 02:33:36,0.10088,16.05859,16.05859,0.00000
2023-05-10 02:33:37,0.11997,18.34961,18.34961,0.00000
2023-05-10 02:33:38,0.09125,14.34570,14.34570,0.00000
2023-05-10 02:33:39,0.09023,14.51758,14.51758,0.00000
2023-05-10 02:33:40,0.12281,18.03613,18.03613,0.00000
2023-05-10 02:33:41,0.10401,15.95117,15.95117,0.00000
2023-05-10 02:33:42,0.08772,14.27246,14.27246,0.00000
2023-05-10 02:33:43,0.10138,15.31445,15.31445,0.00000
2023-05-10 02:33:44,0.10276,16.87109,16.87109,0.00000
2023-05-10 02:33:45,0.10025,15.68652,15.68652,0.00000
2023-05-10 02:33:46,0.08687,14.27051,14.27051,0.00000
2023-05-10 02:33:47,0.10338,16.24316,16.24316,0.00000
2023-05-10 02:33:48,0.10701,16.89453,16.89453,0.00000
2023-05-10 02:33:49,0.09787,15.37402,15.37402,0.00000
2023-05-10 02:33:50,0.10138,15.54590,15.54590,0.00000
2023-05-10 02:33:51,0.12469,18.98145,18.98145,0.00000
2023-05-10 02:33:52,0.10992,16.58301,16.58301,0.00000
2023-05-10 02:33:53,0.10013,15.57324,15.57324,0.00000
2023-05-10 02:33:54,0.09586,15.59180,15.59180,0.00000
2023-05-10 02:33:55,0.09962,16.19336,16.19336,0.00000
2023-05-10 02:33:56,0.09159,15.20020,15.20020,0.00000
2023-05-10 02:33:57,0.10602,16.65527,16.65527,0.00000
2023-05-10 02:33:58,0.10464,16.41895,16.41895,0.00000
2023-05-10 02:33:59,0.09950,15.06152,15.06152,0.00000
2023-05-10 02:34:00,0.09211,14.51270,14.51270,0.00000
2023-05-10 02:34:01,0.09673,15.37305,15.37305,0.00000
2023-05-10 02:34:02,0.10965,17.02539,17.02539,0.00000
2023-05-10 02:34:03,0.09837,15.43652,15.43652,0.00000
2023-05-10 02:34:04,0.09176,14.11230,14.11230,0.00000
2023-05-10 02:34:05,0.10777,16.74121,16.74121,0.00000
2023-05-10 02:34:06,0.11341,16.96387,16.96387,0.00000
2023-05-10 02:34:07,0.09837,15.41895,15.41895,0.00000
2023-05-10 02:34:08,0.09700,15.01172,15.01172,0.00000
2023-05-10 02:34:09,0.11495,17.66992,17.66992,0.00000
2023-05-10 02:34:10,0.10100,16.06348,16.06348,0.00000
2023-05-10 02:34:11,0.09512,15.76465,15.76465,0.00000
2023-05-10 02:34:12,0.09712,15.68066,15.68066,0.00000
2023-05-10 02:34:13,0.12422,18.59375,18.59375,0.00000
2023-05-10 02:34:14,0.09398,14.73145,14.73145,0.00000
2023-05-10 02:34:15,0.09900,15.25488,15.25488,0.00000
2023-05-10 02:34:16,0.12594,17.63086,17.63086,0.00000
2023-05-10 02:34:17,0.10652,15.88867,15.88867,0.00000
2023-05-10 02:34:18,0.08647,14.40234,14.40234,0.00000
2023-05-10 02:34:19,0.09700,15.45996,15.45996,0.00000
2023-05-10 02:34:20,0.10665,16.85645,16.85645,0.00000
2023-05-10 02:34:21,0.09724,15.63379,15.63379,0.00000
2023-05-10 02:34:22,0.09296,14.83984,14.83984,0.00000
2023-05-10 02:34:23,0.10427,16.52051,16.52051,0.00000
2023-05-10 02:34:24,0.11202,16.99609,16.99609,0.00000
2023-05-10 02:34:25,0.09762,15.35938,15.35938,0.00000
2023-05-10 02:34:26,0.09813,15.61719,15.61719,0.00000
2023-05-10 02:34:27,0.11466,17.97266,17.97266,0.00000
2023-05-10 02:34:28,0.10250,16.11328,16.11328,0.00000
2023-05-10 02:34:29,0.09712,15.63867,15.63867,0.00000
2023-05-10 02:34:30,0.09536,15.69141,15.69141,0.00000
2023-05-10 02:34:31,0.11495,17.98438,17.98438,0.00000
2023-05-10 02:34:32,0.08835,14.57422,14.57422,0.00000
2023-05-10 02:34:33,0.09211,14.94336,14.94336,0.00000
2023-05-10 02:34:34,0.10451,16.92383,16.92383,0.00000
2023-05-10 02:34:35,0.09774,15.29102,15.29102,0.00000
2023-05-10 02:34:36,0.08709,14.47266,14.47266,0.00000
2023-05-10 02:34:37,0.09762,15.10938,15.10938,0.00000
2023-05-10 02:34:38,0.10338,16.61914,16.61914,0.00000
2023-05-10 02:34:39,0.10050,15.71289,15.71289,0.00000
2023-05-10 02:34:40,0.08720,14.58984,14.58984,0.00000
2023-05-10 02:34:41,0.11062,16.80469,16.80469,0.00000
2023-05-10 02:34:42,0.11278,17.22266,17.22266,0.00000
2023-05-10 02:34:43,0.09887,14.89844,14.89844,0.00000
2023-05-10 02:34:44,0.09473,15.67773,15.67773,0.00000
2023-05-10 02:34:45,0.12343,18.66016,18.66016,0.00000
2023-05-10 02:34:46,0.10038,15.80078,15.80078,0.00000
2023-05-10 02:34:47,0.09485,15.62891,15.62891,0.00000
2023-05-10 02:34:48,0.09524,15.84180,15.84180,0.00000
2023-05-10 02:34:49,0.09774,16.26367,16.26367,0.00000
2023-05-10 02:34:50,0.09485,15.62891,15.62891,0.00000
2023-05-10 02:34:51,0.08886,14.78125,14.78125,0.00000
2023-05-10 02:34:52,0.11794,18.20508,18.20508,0.00000
2023-05-10 02:34:53,0.10714,16.40430,16.40430,0.00000
2023-05-10 02:34:54,0.09159,14.78320,14.78320,0.00000
2023-05-10 02:34:55,0.10163,15.62500,15.62500,0.00000
2023-05-10 02:34:56,0.10763,16.72852,16.72852,0.00000
2023-05-10 02:34:57,0.10239,16.02930,16.02930,0.00000
2023-05-10 02:34:58,0.09011,14.70313,14.70313,0.00000
2023-05-10 02:34:59,0.11452,17.61523,17.61523,0.00000
2023-05-10 02:35:00,0.10652,16.34570,16.34570,0.00000
2023-05-10 02:35:01,0.08687,14.31055,14.31055,0.00000
2023-05-10 02:35:02,0.09712,15.27539,15.27539,0.00000
2023-05-10 02:35:03,0.10701,16.66992,16.66992,0.00000
2023-05-10 02:35:04,0.09975,15.58203,15.58203,0.00000
2023-05-10 02:35:05,0.08687,14.16602,14.16602,0.00000
2023-05-10 02:35:06,0.10652,16.45703,16.45703,0.00000
2023-05-10 02:35:07,0.10763,16.72461,16.72461,0.00000
2023-05-10 02:35:08,0.09975,15.10938,15.10938,0.00000
2023-05-10 02:35:09,0.09461,15.37109,15.37109,0.00000
2023-05-10 02:35:10,0.12782,19.29297,19.29297,0.00000
2023-05-10 02:35:11,0.10013,15.72266,15.72266,0.00000
2023-05-10 02:35:12,0.09536,15.79688,15.79688,0.00000
2023-05-10 02:35:13,0.10289,15.74023,15.74023,0.00000
2023-05-10 02:35:14,0.10038,15.66406,15.66406,0.00000
2023-05-10 02:35:15,0.08960,14.81641,14.81641,0.00000
2023-05-10 02:35:16,0.10100,16.19531,16.19531,0.00000
2023-05-10 02:35:17,0.10513,16.78906,16.78906,0.00000
2023-05-10 02:35:18,0.09900,15.81055,15.81055,0.00000
2023-05-10 02:35:19,0.08875,14.58203,14.58203,0.00000
2023-05-10 02:35:20,0.09736,15.52734,15.52734,0.00000
2023-05-10 02:35:21,0.10263,16.68945,16.68945,0.00000
2023-05-10 02:35:22,0.10566,16.05664,16.05664,0.00000
2023-05-10 02:35:23,0.08657,14.35156,14.35156,0.00000
2023-05-10 02:35:24,0.11153,17.14844,17.14844,0.00000
2023-05-10 02:35:25,0.11076,17.04688,17.04688,0.00000
2023-05-10 02:35:26,0.09637,15.46680,15.46680,0.00000
2023-05-10 02:35:27,0.09712,15.35742,15.35742,0.00000
2023-05-10 02:35:28,0.11591,17.91602,17.91602,0.00000
2023-05-10 02:35:29,0.10025,15.44922,15.44922,0.00000
2023-05-10 02:35:30,0.10338,15.90234,15.90234,0.00000
2023-05-10 02:35:31,0.09700,15.69141,15.69141,0.00000
2023-05-10 02:35:32,0.10025,15.64063,15.64063,0.00000
2023-05-10 02:35:33,0.09774,15.76172,15.76172,0.00000
2023-05-10 02:35:34,0.10100,15.81055,15.81055,0.00000
2023-05-10 02:35:35,0.11591,17.73242,17.73242,0.00000
2023-05-10 02:35:36,0.09211,14.20117,14.20117,0.00000
2023-05-10 02:35:37,0.09586,15.19727,15.19727,0.00000
2023-05-10 02:35:38,0.08647,14.10742,14.10742,0.00000
2023-05-10 02:35:39,0.11717,17.70898,17.70898,0.00000
2023-05-10 02:35:40,0.10840,16.91016,16.91016,0.00000
2023-05-10 02:35:41,0.08812,14.37305,14.37305,0.00000
2023-05-10 02:35:42,0.11090,17.53516,17.53516,0.00000
2023-05-10 02:35:43,0.11495,17.38281,17.38281,0.00000
2023-05-10 02:35:44,0.09712,15.53320,15.53320,0.00000
2023-05-10 02:35:45,0.09536,15.46484,15.46484,0.00000
2023-05-10 02:35:46,0.12484,18.99219,18.99219,0.00000
2023-05-10 02:35:47,0.09887,15.85352,15.85352,0.00000
2023-05-10 02:35:48,0.09536,15.62891,15.62891,0.00000
2023-05-10 02:35:49,0.10150,15.68945,15.68945,0.00000
2023-05-10 02:35:50,0.11717,17.94727,17.94727,0.00000
2023-05-10 02:35:51,0.09774,15.52344,15.52344,0.00000
2023-05-10 02:35:52,0.09023,14.89453,14.89453,0.00000
2023-05-10 02:35:53,0.11404,17.38477,17.38477,0.00000
2023-05-10 02:35:54,0.09887,15.60547,15.60547,0.00000
2023-05-10 02:35:55,0.08647,14.25977,14.25977,0.00000
2023-05-10 02:35:56,0.09774,15.08398,15.08398,0.00000
2023-05-10 02:35:57,0.10437,16.73633,16.73633,0.00000
2023-05-10 02:35:58,0.09987,15.14258,15.14258,0.00000
2023-05-10 02:35:59,0.08835,14.30859,14.30859,0.00000
2023-05-10 02:36:00,0.11640,18.05078,18.05078,0.00000
2023-05-10 02:36:01,0.10602,15.85156,15.85156,0.00000
2023-05-10 02:36:02,0.08657,13.84961,13.84961,0.00000
2023-05-10 02:36:03,0.09649,15.36133,15.36133,0.00000
2023-05-10 02:36:04,0.10701,16.44531,16.44531,0.00000
2023-05-10 02:36:05,0.10213,15.73047,15.73047,0.00000
2023-05-10 02:36:06,0.08647,14.24219,14.24219,0.00000
2023-05-10 02:36:07,0.09750,15.49805,15.49805,0.00000
2023-05-10 02:36:08,0.08835,14.22070,14.22070,0.00000
2023-05-10 02:36:09,0.09837,15.32422,15.32422,0.00000
2023-05-10 02:36:10,0.08761,14.17578,14.17578,0.00000
2023-05-10 02:36:11,0.11731,17.89648,17.89648,0.00000
2023-05-10 02:36:12,0.10625,16.05664,16.05664,0.00000
2023-05-10 02:36:13,0.09348,14.86133,14.86133,0.00000
2023-05-10 02:36:14,0.09586,15.57813,15.57813,0.00000
2023-05-10 02:36:15,0.10688,16.80078,16.80078,0.00000
2023-05-10 02:36:16,0.10088,15.58984,15.58984,0.00000
2023-05-10 02:36:17,0.09188,14.67188,14.67188,0.00000
2023-05-10 02:36:18,0.10176,16.58984,16.58984,0.00000
2023-05-10 02:36:19,0.10763,17.21875,17.21875,0.00000
2023-05-10 02:36:20,0.09975,15.62891,15.62891,0.00000
2023-05-10 02:36:21,0.09461,15.26367,15.26367,0.00000
2023-05-10 02:36:22,0.11750,18.05469,18.05469,0.00000
2023-05-10 02:36:23,0.10526,16.00977,16.00977,0.00000
2023-05-10 02:36:24,0.09560,15.99414,15.99414,0.00000
2023-05-10 02:36:25,0.09825,15.35156,15.35156,0.00000
2023-05-10 02:36:26,0.11452,17.91016,17.91016,0.00000
2023-05-10 02:36:27,0.08960,14.66797,14.66797,0.00000
2023-05-10 02:36:28,0.09148,14.45117,14.45117,0.00000
2023-05-10 02:36:29,0.10875,16.45703,16.45703,0.00000
2023-05-10 02:36:30,0.09912,15.47461,15.47461,0.00000
2023-05-10 02:36:31,0.08573,14.35352,14.35352,0.00000
2023-05-10 02:36:32,0.09700,15.14258,15.14258,0.00000
2023-05-10 02:36:33,0.10213,16.83008,16.83008,0.00000
2023-05-10 02:36:34,0.09900,15.48828,15.48828,0.00000
2023-05-10 02:36:35,0.08606,14.83203,14.83203,0.00000
2023-05-10 02:36:36,0.10875,16.22266,16.22266,0.00000
2023-05-10 02:36:37,0.10576,16.74023,16.74023,0.00000
2023-05-10 02:36:38,0.09586,15.58789,15.58789,0.00000
2023-05-10 02:36:39,0.09700,15.65820,15.65820,0.00000
2023-05-10 02:36:40,0.12281,19.40430,19.40430,0.00000
2023-05-10 02:36:41,0.09900,15.73438,15.73438,0.00000
2023-05-10 02:36:42,0.09536,15.68555,15.68555,0.00000
2023-05-10 02:36:43,0.09837,15.21094,15.21094,0.00000
2023-05-10 02:36:44,0.09962,15.93164,15.93164,0.00000
2023-05-10 02:36:45,0.09199,14.79883,14.79883,0.00000
2023-05-10 02:36:46,0.09125,14.78320,14.78320,0.00000
2023-05-10 02:36:47,0.11669,17.68945,17.68945,0.00000
2023-05-10 02:36:48,0.10477,16.22656,16.22656,0.00000
2023-05-10 02:36:49,0.08584,14.12305,14.12305,0.00000
2023-05-10 02:36:50,0.09799,15.85938,15.85938,0.00000
2023-05-10 02:36:51,0.10563,17.00391,17.00391,0.00000
2023-05-10 02:36:52,0.10075,15.74219,15.74219,0.00000
2023-05-10 02:36:53,0.09410,14.83203,14.83203,0.00000
2023-05-10 02:36:54,0.10902,17.11328,17.11328,0.00000
2023-05-10 02:36:55,0.11842,17.56641,17.56641,0.00000
2023-05-10 02:36:56,0.09736,15.78320,15.78320,0.00000
2023-05-10 02:36:57,0.10200,15.47656,15.47656,0.00000
2023-05-10 02:36:58,0.12703,18.89844,18.89844,0.00000
2023-05-10 02:36:59,0.09724,15.66211,15.66211,0.00000
2023-05-10 02:37:00,0.09724,15.81055,15.81055,0.00000
2023-05-10 02:37:01,0.10163,16.25586,16.25586,0.00000
2023-05-10 02:37:02,0.11028,17.29297,17.29297,0.00000
2023-05-10 02:37:03,0.09473,15.24219,15.24219,0.00000
2023-05-10 02:37:04,0.08897,14.53125,14.53125,0.00000
2023-05-10 02:37:05,0.11139,17.50000,17.50000,0.00000
2023-05-10 02:37:06,0.10652,15.75586,15.75586,0.00000
2023-05-10 02:37:07,0.08772,14.29102,14.29102,0.00000
2023-05-10 02:37:08,0.09473,15.45117,15.45117,0.00000
2023-05-10 02:37:09,0.10401,16.78516,16.78516,0.00000
2023-05-10 02:37:10,0.10088,15.73047,15.73047,0.00000
2023-05-10 02:37:11,0.08846,14.09961,14.09961,0.00000
2023-05-10 02:37:12,0.11606,18.00977,18.00977,0.00000
2023-05-10 02:37:13,0.10916,16.83789,16.83789,0.00000
2023-05-10 02:37:14,0.08731,14.52930,14.52930,0.00000
2023-05-10 02:37:15,0.09811,15.73242,15.73242,0.00000
2023-05-10 02:37:16,0.10526,16.69141,16.69141,0.00000
2023-05-10 02:37:17,0.10375,15.85547,15.85547,0.00000
2023-05-10 02:37:18,0.08532,14.24023,14.24023,0.00000
2023-05-10 02:37:19,0.10813,16.56055,16.56055,0.00000
2023-05-10 02:37:20,0.11375,17.63086,17.63086,0.00000
2023-05-10 02:37:21,0.09849,15.30273,15.30273,0.00000
2023-05-10 02:37:22,0.09712,15.73242,15.73242,0.00000
2023-05-10 02:37:23,0.13442,19.58594,19.58594,0.00000
2023-05-10 02:37:24,0.09536,15.49414,15.49414,0.00000
2023-05-10 02:37:25,0.09574,15.80078,15.80078,0.00000
2023-05-10 02:37:26,0.09975,15.94336,15.94336,0.00000
2023-05-10 02:37:27,0.11812,18.22461,18.22461,0.00000
2023-05-10 02:37:28,0.08908,15.19336,15.19336,0.00000
2023-05-10 02:37:29,0.10589,16.89648,16.89648,0.00000
2023-05-10 02:37:30,0.10427,16.96289,16.96289,0.00000
2023-05-10 02:37:31,0.09849,15.82813,15.82813,0.00000
2023-05-10 02:37:32,0.09148,14.28711,14.28711,0.00000
2023-05-10 02:37:33,0.09762,15.03320,15.03320,0.00000
2023-05-10 02:37:34,0.10351,16.74414,16.74414,0.00000
2023-05-10 02:37:35,0.10050,15.52344,15.52344,0.00000
2023-05-10 02:37:36,0.09097,14.88086,14.88086,0.00000
2023-05-10 02:37:37,0.11250,17.29297,17.29297,0.00000
2023-05-10 02:37:38,0.10840,17.06055,17.06055,0.00000
2023-05-10 02:37:39,0.10414,16.31055,16.31055,0.00000
2023-05-10 02:37:40,0.10401,16.35742,16.35742,0.00000
2023-05-10 02:37:41,0.12562,18.66602,18.66602,0.00000
2023-05-10 02:37:42,0.10414,15.98047,15.98047,0.00000
2023-05-10 02:37:43,0.10665,15.80469,15.80469,0.00000
2023-05-10 02:37:44,0.11139,16.54688,16.54688,0.00000
2023-05-10 02:37:45,0.11216,17.39453,17.39453,0.00000
2023-05-10 02:37:46,0.09548,15.36719,15.36719,0.00000
2023-05-10 02:37:47,0.09762,15.90430,15.90430,0.00000
2023-05-10 02:37:48,0.11404,18.10742,18.10742,0.00000
2023-05-10 02:37:49,0.09887,16.04688,16.04688,0.00000
2023-05-10 02:37:50,0.10300,16.30078,16.30078,0.00000
2023-05-10 02:37:51,0.09586,15.36719,15.36719,0.00000
2023-05-10 02:37:52,0.11591,17.85547,17.85547,0.00000
2023-05-10 02:37:53,0.09308,15.09961,15.09961,0.00000
2023-05-10 02:37:54,0.10075,15.77148,15.77148,0.00000
2023-05-10 02:37:55,0.10464,16.73828,16.73828,0.00000
2023-05-10 02:37:56,0.10138,15.57813,15.57813,0.00000
2023-05-10 02:37:57,0.08698,14.26563,14.26563,0.00000
2023-05-10 02:37:58,0.10113,15.35547,15.35547,0.00000
2023-05-10 02:37:59,0.10513,16.42188,16.42188,0.00000
2023-05-10 02:38:00,0.10025,15.69336,15.69336,0.00000
2023-05-10 02:38:01,0.08647,14.32031,14.32031,0.00000
2023-05-10 02:38:02,0.10602,16.94531,16.94531,0.00000
2023-05-10 02:38:03,0.10638,16.59180,16.59180,0.00000
2023-05-10 02:38:04,0.09536,15.44727,15.44727,0.00000
2023-05-10 02:38:06,0.09598,15.67578,15.67578,0.00000
2023-05-10 02:38:07,0.12516,19.18750,19.18750,0.00000
2023-05-10 02:38:08,0.09536,15.56055,15.56055,0.00000
2023-05-10 02:38:09,0.10013,15.63086,15.63086,0.00000
2023-05-10 02:38:10,0.09536,15.92383,15.92383,0.00000
2023-05-10 02:38:11,0.10276,16.03711,16.03711,0.00000
2023-05-10 02:38:12,0.09348,14.81055,14.81055,0.00000
2023-05-10 02:38:13,0.09011,14.71484,14.71484,0.00000
2023-05-10 02:38:14,0.11967,17.73438,17.73438,0.00000
2023-05-10 02:38:15,0.10853,16.45508,16.45508,0.00000
2023-05-10 02:38:16,0.08897,14.45508,14.45508,0.00000
2023-05-10 02:38:17,0.09724,15.29297,15.29297,0.00000
2023-05-10 02:38:18,0.10513,16.40039,16.40039,0.00000
2023-05-10 02:38:19,0.10263,15.37305,15.37305,0.00000
2023-05-10 02:38:20,0.08698,14.47461,14.47461,0.00000
2023-05-10 02:38:21,0.10714,16.81445,16.81445,0.00000
2023-05-10 02:38:22,0.10777,17.28320,17.28320,0.00000
2023-05-10 02:38:23,0.09560,15.48438,15.48438,0.00000
2023-05-10 02:38:24,0.10451,16.03516,16.03516,0.00000
2023-05-10 02:38:25,0.12484,19.35742,19.35742,0.00000
2023-05-10 02:38:26,0.09724,15.54297,15.54297,0.00000
2023-05-10 02:38:27,0.09887,16.00781,16.00781,0.00000
2023-05-10 02:38:28,0.09524,15.21289,15.21289,0.00000
2023-05-10 02:38:29,0.10163,16.33008,16.33008,0.00000
2023-05-10 02:38:30,0.09034,14.88281,14.88281,0.00000
2023-05-10 02:38:31,0.10714,16.92383,16.92383,0.00000
2023-05-10 02:38:32,0.10563,16.71289,16.71289,0.00000
2023-05-10 02:38:33,0.10276,15.84570,15.84570,0.00000
2023-05-10 02:38:34,0.08647,14.09180,14.09180,0.00000
2023-05-10 02:38:35,0.09649,15.73438,15.73438,0.00000
2023-05-10 02:38:36,0.10401,16.58789,16.58789,0.00000
2023-05-10 02:38:37,0.09712,15.63086,15.63086,0.00000
2023-05-10 02:38:38,0.08772,14.35742,14.35742,0.00000
2023-05-10 02:38:39,0.11466,17.85742,17.85742,0.00000
2023-05-10 02:38:40,0.10777,16.70508,16.70508,0.00000
2023-05-10 02:38:41,0.10401,16.09570,16.09570,0.00000
2023-05-10 02:38:42,0.10338,16.44336,16.44336,0.00000
2023-05-10 02:38:43,0.12155,18.64844,18.64844,0.00000
2023-05-10 02:38:44,0.10553,16.54102,16.54102,0.00000
2023-05-10 02:38:45,0.10777,16.32031,16.32031,0.00000
2023-05-10 02:38:46,0.11000,16.93945,16.93945,0.00000
2023-05-10 02:38:47,0.11139,16.77344,16.77344,0.00000
2023-05-10 02:38:48,0.09712,15.54102,15.54102,0.00000
2023-05-10 02:38:49,0.09712,15.51758,15.51758,0.00000
2023-05-10 02:38:50,0.11514,17.96484,17.96484,0.00000
2023-05-10 02:38:51,0.10226,16.40625,16.40625,0.00000
2023-05-10 02:38:52,0.09700,15.61914,15.61914,0.00000
2023-05-10 02:38:53,0.09712,15.59375,15.59375,0.00000
2023-05-10 02:38:54,0.12108,18.54883,18.54883,0.00000
2023-05-10 02:38:55,0.08846,14.30078,14.30078,0.00000
2023-05-10 02:38:56,0.09222,14.92188,14.92188,0.00000
2023-05-10 02:38:57,0.11438,16.96289,16.96289,0.00000
2023-05-10 02:38:58,0.09962,15.66016,15.66016,0.00000
2023-05-10 02:38:59,0.08824,14.35352,14.35352,0.00000
2023-05-10 02:39:00,0.09762,15.25391,15.25391,0.00000
2023-05-10 02:39:01,0.10840,16.92188,16.92188,0.00000
2023-05-10 02:39:02,0.10401,15.59961,15.59961,0.00000
2023-05-10 02:39:03,0.08897,14.59375,14.59375,0.00000
2023-05-10 02:39:04,0.10025,16.01563,16.01563,0.00000
2023-05-10 02:39:05,0.11076,17.46680,17.46680,0.00000
2023-05-10 02:39:06,0.09598,15.34961,15.34961,0.00000
2023-05-10 02:39:07,0.09649,15.61914,15.61914,0.00000
2023-05-10 02:39:08,0.11481,18.24414,18.24414,0.00000
2023-05-10 02:39:09,0.09912,16.20898,16.20898,0.00000
2023-05-10 02:39:10,0.09774,15.72070,15.72070,0.00000
2023-05-10 02:39:11,0.09774,15.88086,15.88086,0.00000
2023-05-10 02:39:12,0.11717,18.38086,18.38086,0.00000
2023-05-10 02:39:13,0.09211,14.86719,14.86719,0.00000
2023-05-10 02:39:14,0.10750,16.27344,16.27344,0.00000
2023-05-10 02:39:15,0.10840,16.79688,16.79688,0.00000
2023-05-10 02:39:16,0.10163,15.79492,15.79492,0.00000
2023-05-10 02:39:17,0.08824,14.29492,14.29492,0.00000
2023-05-10 02:39:18,0.09712,15.51953,15.51953,0.00000
2023-05-10 02:39:19,0.10602,16.85547,16.85547,0.00000
2023-05-10 02:39:20,0.10088,15.50977,15.50977,0.00000
2023-05-10 02:39:21,0.08971,14.65430,14.65430,0.00000
2023-05-10 02:39:22,0.11250,16.99023,16.99023,0.00000
2023-05-10 02:39:23,0.10414,16.59961,16.59961,0.00000
2023-05-10 02:39:24,0.09925,16.04297,16.04297,0.00000
2023-05-10 02:39:25,0.09762,15.38867,15.38867,0.00000
2023-05-10 02:39:26,0.06838,12.07617,12.07617,0.00000
