Date,CPU Utilization,Total Power,CPU Power,GPU Power
2023-05-10 02:45:30,0.08218,12.50391,12.50391,0.00000
2023-05-10 02:45:31,0.10088,15.35156,15.35156,0.00000
2023-05-10 02:45:32,0.09938,15.42383,15.42383,0.00000
2023-05-10 02:45:33,0.08772,14.23438,14.23438,0.00000
2023-05-10 02:45:34,0.09875,15.22656,15.22656,0.00000
2023-05-10 02:45:35,0.10401,16.39844,16.39844,0.00000
2023-05-10 02:45:36,0.10401,16.20703,16.20703,0.00000
2023-05-10 02:45:37,0.09774,15.69922,15.69922,0.00000
2023-05-10 02:45:38,0.09813,15.07813,15.07813,0.00000
2023-05-10 02:45:39,0.12203,18.27148,18.27148,0.00000
2023-05-10 02:45:40,0.09712,15.32422,15.32422,0.00000
2023-05-10 02:45:41,0.09887,15.35938,15.35938,0.00000
2023-05-10 02:45:42,0.09625,15.59180,15.59180,0.00000
2023-05-10 02:45:43,0.09724,15.31250,15.31250,0.00000
2023-05-10 02:45:44,0.10025,15.16406,15.16406,0.00000
2023-05-10 02:45:45,0.09712,15.36328,15.36328,0.00000
2023-05-10 02:45:46,0.11702,18.23438,18.23438,0.00000
2023-05-10 02:45:47,0.10351,16.25977,16.25977,0.00000
2023-05-10 02:45:48,0.08750,14.00781,14.00781,0.00000
2023-05-10 02:45:49,0.13283,20.81250,20.81250,0.00000
2023-05-10 02:45:50,0.13962,20.12500,20.12500,0.00000
2023-05-10 02:45:51,0.09900,15.19531,15.19531,0.00000
2023-05-10 02:45:52,0.08824,13.99609,13.99609,0.00000
2023-05-10 02:45:53,0.10652,16.92188,16.92188,0.00000
2023-05-10 02:45:54,0.11104,17.23633,17.23633,0.00000
2023-05-10 02:45:55,0.09548,15.72070,15.72070,0.00000
2023-05-10 02:45:56,0.09598,15.93945,15.93945,0.00000
2023-05-10 02:45:57,0.11735,17.58203,17.58203,0.00000
2023-05-10 02:45:58,0.09422,15.55859,15.55859,0.00000
2023-05-10 02:45:59,0.09837,15.72656,15.72656,0.00000
2023-05-10 02:46:00,0.09712,15.76367,15.76367,0.00000
2023-05-10 02:46:01,0.09813,15.79492,15.79492,0.00000
2023-05-10 02:46:02,0.09700,15.82813,15.82813,0.00000
2023-05-10 02:46:03,0.09148,15.04492,15.04492,0.00000
2023-05-10 02:46:04,0.11905,18.20898,18.20898,0.00000
2023-05-10 02:46:05,0.10563,16.44922,16.44922,0.00000
2023-05-10 02:46:06,0.08584,14.37500,14.37500,0.00000
2023-05-10 02:46:07,0.09625,14.84570,14.84570,0.00000
2023-05-10 02:46:08,0.10338,16.39648,16.39648,0.00000
2023-05-10 02:46:09,0.09900,15.43359,15.43359,0.00000
2023-05-10 02:46:10,0.09023,14.75391,14.75391,0.00000
2023-05-10 02:46:11,0.11041,17.87695,17.87695,0.00000
2023-05-10 02:46:12,0.11014,16.81250,16.81250,0.00000
2023-05-10 02:46:13,0.10125,15.58203,15.58203,0.00000
2023-05-10 02:46:14,0.09813,15.36133,15.36133,0.00000
2023-05-10 02:46:15,0.12688,18.44141,18.44141,0.00000
2023-05-10 02:46:16,0.09712,15.13086,15.13086,0.00000
2023-05-10 02:46:17,0.09837,15.90234,15.90234,0.00000
2023-05-10 02:46:18,0.09625,15.47656,15.47656,0.00000
2023-05-10 02:46:19,0.09762,15.66211,15.66211,0.00000
2023-05-10 02:46:20,0.09461,15.56445,15.56445,0.00000
2023-05-10 02:46:21,0.09398,14.71289,14.71289,0.00000
2023-05-10 02:46:22,0.12390,18.81055,18.81055,0.00000
2023-05-10 02:46:23,0.10414,15.92578,15.92578,0.00000
2023-05-10 02:46:24,0.08647,14.01758,14.01758,0.00000
2023-05-10 02:46:25,0.09637,15.44336,15.44336,0.00000
2023-05-10 02:46:26,0.10289,16.73633,16.73633,0.00000
2023-05-10 02:46:27,0.09661,15.24609,15.24609,0.00000
2023-05-10 02:46:28,0.08761,13.81836,13.81836,0.00000
2023-05-10 02:46:29,0.11389,17.27148,17.27148,0.00000
2023-05-10 02:46:30,0.10889,16.86328,16.86328,0.00000
2023-05-10 02:46:31,0.09875,15.17773,15.17773,0.00000
2023-05-10 02:46:32,0.09512,15.19336,15.19336,0.00000
2023-05-10 02:46:33,0.12406,17.94922,17.94922,0.00000
2023-05-10 02:46:34,0.09837,15.79688,15.79688,0.00000
2023-05-10 02:46:35,0.09712,16.03711,16.03711,0.00000
2023-05-10 02:46:36,0.09837,15.47852,15.47852,0.00000
2023-05-10 02:46:37,0.11090,17.73242,17.73242,0.00000
2023-05-10 02:46:38,0.09750,15.92188,15.92188,0.00000
2023-05-10 02:46:39,0.09524,15.29883,15.29883,0.00000
2023-05-10 02:46:40,0.10688,16.81641,16.81641,0.00000
2023-05-10 02:46:41,0.09536,15.18750,15.18750,0.00000
2023-05-10 02:46:42,0.08698,14.65039,14.65039,0.00000
2023-05-10 02:46:43,0.09825,15.35742,15.35742,0.00000
2023-05-10 02:46:44,0.10464,16.57422,16.57422,0.00000
2023-05-10 02:46:45,0.10714,16.29297,16.29297,0.00000
2023-05-10 02:46:46,0.08761,14.15820,14.15820,0.00000
2023-05-10 02:46:47,0.11812,17.91406,17.91406,0.00000
2023-05-10 02:46:48,0.10338,15.97852,15.97852,0.00000
2023-05-10 02:46:49,0.08698,14.24219,14.24219,0.00000
2023-05-10 02:46:50,0.09912,15.23242,15.23242,0.00000
2023-05-10 02:46:51,0.10464,16.78711,16.78711,0.00000
2023-05-10 02:46:52,0.09837,15.17578,15.17578,0.00000
2023-05-10 02:46:53,0.08761,14.45508,14.45508,0.00000
2023-05-10 02:46:54,0.10464,16.29492,16.29492,0.00000
2023-05-10 02:46:55,0.10916,16.41406,16.41406,0.00000
2023-05-10 02:46:56,0.09586,15.01758,15.01758,0.00000
2023-05-10 02:46:57,0.09637,15.39648,15.39648,0.00000
2023-05-10 02:46:58,0.11404,17.62891,17.62891,0.00000
2023-05-10 02:46:59,0.09837,15.81445,15.81445,0.00000
2023-05-10 02:47:00,0.09900,15.50195,15.50195,0.00000
2023-05-10 02:47:01,0.10150,16.49609,16.49609,0.00000
2023-05-10 02:47:02,0.11278,18.13672,18.13672,0.00000
2023-05-10 02:47:03,0.09262,15.06445,15.06445,0.00000
2023-05-10 02:47:04,0.10589,16.57031,16.57031,0.00000
2023-05-10 02:47:05,0.10401,16.56641,16.56641,0.00000
2023-05-10 02:47:06,0.09724,15.63867,15.63867,0.00000
2023-05-10 02:47:07,0.08647,14.18945,14.18945,0.00000
2023-05-10 02:47:08,0.09700,14.96094,14.96094,0.00000
2023-05-10 02:47:09,0.10213,17.04883,17.04883,0.00000
2023-05-10 02:47:10,0.09900,15.78516,15.78516,0.00000
2023-05-10 02:47:11,0.09108,15.07617,15.07617,0.00000
2023-05-10 02:47:12,0.11187,17.14453,17.14453,0.00000
2023-05-10 02:47:13,0.11997,17.81055,17.81055,0.00000
2023-05-10 02:47:14,0.10025,15.72266,15.72266,0.00000
2023-05-10 02:47:15,0.10126,16.25781,16.25781,0.00000
2023-05-10 02:47:16,0.12484,19.31250,19.31250,0.00000
2023-05-10 02:47:17,0.09887,15.42383,15.42383,0.00000
2023-05-10 02:47:18,0.09712,16.08203,16.08203,0.00000
2023-05-10 02:47:19,0.09586,15.68359,15.68359,0.00000
2023-05-10 02:47:20,0.09712,15.90820,15.90820,0.00000
2023-05-10 02:47:21,0.09750,15.44727,15.44727,0.00000
2023-05-10 02:47:22,0.08835,14.61133,14.61133,0.00000
2023-05-10 02:47:23,0.10714,16.96094,16.96094,0.00000
2023-05-10 02:47:24,0.10477,16.42578,16.42578,0.00000
2023-05-10 02:47:25,0.08625,14.20898,14.20898,0.00000
2023-05-10 02:47:26,0.09536,15.49609,15.49609,0.00000
2023-05-10 02:47:27,0.10150,17.00195,17.00195,0.00000
2023-05-10 02:47:28,0.09813,15.66406,15.66406,0.00000
2023-05-10 02:47:29,0.08636,14.24023,14.24023,0.00000
2023-05-10 02:47:30,0.11514,17.93750,17.93750,0.00000
2023-05-10 02:47:31,0.10526,15.96680,15.96680,0.00000
2023-05-10 02:47:32,0.08521,14.01367,14.01367,0.00000
2023-05-10 02:47:33,0.09649,15.09375,15.09375,0.00000
2023-05-10 02:47:34,0.10563,16.64648,16.64648,0.00000
2023-05-10 02:47:35,0.09787,15.74609,15.74609,0.00000
2023-05-10 02:47:36,0.09023,14.51367,14.51367,0.00000
2023-05-10 02:47:37,0.10840,16.32422,16.32422,0.00000
2023-05-10 02:47:38,0.10464,16.46680,16.46680,0.00000
2023-05-10 02:47:39,0.09712,15.17578,15.17578,0.00000
2023-05-10 02:47:40,0.10200,15.15820,15.15820,0.00000
2023-05-10 02:47:41,0.12484,19.20117,19.20117,0.00000
2023-05-10 02:47:42,0.09887,16.08203,16.08203,0.00000
2023-05-10 02:47:43,0.09736,15.58594,15.58594,0.00000
2023-05-10 02:47:44,0.09649,15.51367,15.51367,0.00000
2023-05-10 02:47:45,0.10176,16.52539,16.52539,0.00000
2023-05-10 02:47:46,0.08971,14.66016,14.66016,0.00000
2023-05-10 02:47:47,0.09063,14.93945,14.93945,0.00000
2023-05-10 02:47:48,0.11466,17.16992,17.16992,0.00000
2023-05-10 02:47:49,0.10312,15.97266,15.97266,0.00000
2023-05-10 02:47:50,0.08709,14.20898,14.20898,0.00000
2023-05-10 02:47:51,0.10338,15.74805,15.74805,0.00000
2023-05-10 02:47:52,0.10351,16.50195,16.50195,0.00000
2023-05-10 02:47:53,0.09849,15.53711,15.53711,0.00000
2023-05-10 02:47:54,0.08761,14.26367,14.26367,0.00000
2023-05-10 02:47:55,0.10477,16.66992,16.66992,0.00000
2023-05-10 02:47:56,0.10513,16.59766,16.59766,0.00000
2023-05-10 02:47:57,0.09837,15.60547,15.60547,0.00000
2023-05-10 02:47:58,0.09750,15.47266,15.47266,0.00000
2023-05-10 02:47:59,0.11872,18.71484,18.71484,0.00000
2023-05-10 02:48:00,0.09837,15.51172,15.51172,0.00000
2023-05-10 02:48:01,0.09950,15.17969,15.17969,0.00000
2023-05-10 02:48:02,0.09586,15.27539,15.27539,0.00000
2023-05-10 02:48:03,0.10063,16.05078,16.05078,0.00000
2023-05-10 02:48:04,0.09336,15.14648,15.14648,0.00000
2023-05-10 02:48:05,0.09023,14.73438,14.73438,0.00000
2023-05-10 02:48:06,0.11341,17.26367,17.26367,0.00000
2023-05-10 02:48:07,0.10226,16.17578,16.17578,0.00000
2023-05-10 02:48:08,0.08595,14.12305,14.12305,0.00000
2023-05-10 02:48:09,0.10000,15.66406,15.66406,0.00000
2023-05-10 02:48:10,0.10437,16.64258,16.64258,0.00000
2023-05-10 02:48:11,0.09736,15.28320,15.28320,0.00000
2023-05-10 02:48:12,0.09063,14.33594,14.33594,0.00000
2023-05-10 02:48:13,0.11558,18.10156,18.10156,0.00000
2023-05-10 02:48:14,0.10853,16.70703,16.70703,0.00000
2023-05-10 02:48:15,0.10150,15.45508,15.45508,0.00000
2023-05-10 02:48:16,0.09712,15.47070,15.47070,0.00000
2023-05-10 02:48:17,0.10213,16.76563,16.76563,0.00000
2023-05-10 02:48:18,0.09938,15.72266,15.72266,0.00000
2023-05-10 02:48:19,0.08698,14.16797,14.16797,0.00000
2023-05-10 02:48:20,0.10388,16.21484,16.21484,0.00000
2023-05-10 02:48:21,0.11090,16.79492,16.79492,0.00000
2023-05-10 02:48:22,0.09774,15.47070,15.47070,0.00000
2023-05-10 02:48:23,0.09750,15.46680,15.46680,0.00000
2023-05-10 02:48:24,0.12406,19.05859,19.05859,0.00000
2023-05-10 02:48:25,0.09649,15.59961,15.59961,0.00000
2023-05-10 02:48:26,0.09473,15.94922,15.94922,0.00000
2023-05-10 02:48:27,0.09712,15.97266,15.97266,0.00000
2023-05-10 02:48:28,0.11466,18.27148,18.27148,0.00000
2023-05-10 02:48:29,0.08835,14.87891,14.87891,0.00000
2023-05-10 02:48:30,0.10088,16.21289,16.21289,0.00000
2023-05-10 02:48:31,0.10625,16.82031,16.82031,0.00000
2023-05-10 02:48:32,0.09887,15.55664,15.55664,0.00000
2023-05-10 02:48:33,0.08709,14.64063,14.64063,0.00000
2023-05-10 02:48:34,0.09524,15.24414,15.24414,0.00000
2023-05-10 02:48:35,0.10401,16.66602,16.66602,0.00000
2023-05-10 02:48:36,0.09825,15.81055,15.81055,0.00000
2023-05-10 02:48:37,0.08750,14.28711,14.28711,0.00000
2023-05-10 02:48:38,0.11389,17.46680,17.46680,0.00000
2023-05-10 02:48:39,0.10477,16.40430,16.40430,0.00000
2023-05-10 02:48:40,0.08835,14.01953,14.01953,0.00000
2023-05-10 02:48:41,0.09598,15.23828,15.23828,0.00000
2023-05-10 02:48:42,0.10638,16.47461,16.47461,0.00000
2023-05-10 02:48:43,0.09900,15.24609,15.24609,0.00000
2023-05-10 02:48:44,0.08783,14.33008,14.33008,0.00000
2023-05-10 02:48:45,0.11118,17.05273,17.05273,0.00000
2023-05-10 02:48:46,0.10714,16.58984,16.58984,0.00000
2023-05-10 02:48:47,0.09649,15.27539,15.27539,0.00000
2023-05-10 02:48:48,0.09712,15.05664,15.05664,0.00000
2023-05-10 02:48:49,0.11514,17.77148,17.77148,0.00000
2023-05-10 02:48:50,0.09712,15.58008,15.58008,0.00000
2023-05-10 02:48:51,0.10150,15.78906,15.78906,0.00000
2023-05-10 02:48:52,0.09524,15.75586,15.75586,0.00000
2023-05-10 02:48:53,0.11577,18.16016,18.16016,0.00000
2023-05-10 02:48:54,0.09108,14.53906,14.53906,0.00000
2023-05-10 02:48:55,0.09000,14.67773,14.67773,0.00000
2023-05-10 02:48:56,0.11278,17.48438,17.48438,0.00000
2023-05-10 02:48:57,0.10714,15.95313,15.95313,0.00000
2023-05-10 02:48:58,0.08824,13.90234,13.90234,0.00000
2023-05-10 02:48:59,0.09712,15.01563,15.01563,0.00000
2023-05-10 02:49:00,0.10451,16.97070,16.97070,0.00000
2023-05-10 02:49:01,0.09787,15.35742,15.35742,0.00000
2023-05-10 02:49:02,0.09500,14.68945,14.68945,0.00000
2023-05-10 02:49:03,0.10763,16.63867,16.63867,0.00000
2023-05-10 02:49:04,0.10576,16.59180,16.59180,0.00000
2023-05-10 02:49:05,0.09524,15.33984,15.33984,0.00000
2023-05-10 02:49:06,0.09586,15.50195,15.50195,0.00000
2023-05-10 02:49:07,0.12422,19.40039,19.40039,0.00000
2023-05-10 02:49:08,0.09548,15.66016,15.66016,0.00000
2023-05-10 02:49:09,0.09887,15.85156,15.85156,0.00000
2023-05-10 02:49:10,0.09712,15.63477,15.63477,0.00000
2023-05-10 02:49:11,0.09900,15.83984,15.83984,0.00000
2023-05-10 02:49:12,0.09296,14.83789,14.83789,0.00000
2023-05-10 02:49:13,0.10840,16.82031,16.82031,0.00000
2023-05-10 02:49:14,0.10652,17.02344,17.02344,0.00000
2023-05-10 02:49:15,0.10902,16.21680,16.21680,0.00000
2023-05-10 02:49:16,0.09500,14.50977,14.50977,0.00000
2023-05-10 02:49:17,0.10351,15.28516,15.28516,0.00000
2023-05-10 02:49:18,0.10401,16.76367,16.76367,0.00000
2023-05-10 02:49:19,0.09712,15.63086,15.63086,0.00000
2023-05-10 02:49:20,0.08647,14.31055,14.31055,0.00000
2023-05-10 02:49:21,0.11264,17.23633,17.23633,0.00000
2023-05-10 02:49:22,0.11292,17.34570,17.34570,0.00000
2023-05-10 02:49:23,0.10013,15.09180,15.09180,0.00000
2023-05-10 02:49:24,0.09661,15.30078,15.30078,0.00000
2023-05-10 02:49:25,0.12218,18.64844,18.64844,0.00000
2023-05-10 02:49:26,0.09649,15.40234,15.40234,0.00000
2023-05-10 02:49:27,0.09938,15.79492,15.79492,0.00000
2023-05-10 02:49:28,0.09825,15.52344,15.52344,0.00000
2023-05-10 02:49:29,0.09849,15.95117,15.95117,0.00000
2023-05-10 02:49:30,0.09700,15.20898,15.20898,0.00000
2023-05-10 02:49:31,0.09097,14.98633,14.98633,0.00000
2023-05-10 02:49:32,0.11717,18.08398,18.08398,0.00000
2023-05-10 02:49:33,0.10665,16.43555,16.43555,0.00000
2023-05-10 02:49:34,0.08960,14.13477,14.13477,0.00000
2023-05-10 02:49:35,0.09586,15.39258,15.39258,0.00000
2023-05-10 02:49:36,0.10513,16.68750,16.68750,0.00000
2023-05-10 02:49:37,0.09849,15.40234,15.40234,0.00000
2023-05-10 02:49:38,0.08647,14.18164,14.18164,0.00000
2023-05-10 02:49:39,0.11481,17.95508,17.95508,0.00000
2023-05-10 02:49:40,0.10701,16.29688,16.29688,0.00000
2023-05-10 02:49:41,0.10500,16.03125,16.03125,0.00000
2023-05-10 02:49:42,0.10213,16.54102,16.54102,0.00000
2023-05-10 02:49:43,0.10513,16.68359,16.68359,0.00000
2023-05-10 02:49:44,0.09661,15.64258,15.64258,0.00000
2023-05-10 02:49:45,0.10790,16.38086,16.38086,0.00000
2023-05-10 02:49:46,0.09712,14.82422,14.82422,0.00000
2023-05-10 02:49:47,0.11014,17.08203,17.08203,0.00000
2023-05-10 02:49:48,0.09712,15.69336,15.69336,0.00000
2023-05-10 02:49:49,0.09875,15.36328,15.36328,0.00000
2023-05-10 02:49:50,0.12406,19.41602,19.41602,0.00000
2023-05-10 02:49:51,0.10150,15.93945,15.93945,0.00000
2023-05-10 02:49:52,0.09473,15.33594,15.33594,0.00000
2023-05-10 02:49:53,0.09461,15.58203,15.58203,0.00000
2023-05-10 02:49:54,0.11216,18.01172,18.01172,0.00000
2023-05-10 02:49:55,0.08908,14.77148,14.77148,0.00000
2023-05-10 02:49:56,0.09148,14.49805,14.49805,0.00000
2023-05-10 02:49:57,0.10589,16.66992,16.66992,0.00000
2023-05-10 02:49:58,0.09598,14.95898,14.95898,0.00000
2023-05-10 02:49:59,0.08595,13.93555,13.93555,0.00000
2023-05-10 02:50:00,0.09774,15.27539,15.27539,0.00000
2023-05-10 02:50:01,0.10490,16.83398,16.83398,0.00000
2023-05-10 02:50:02,0.09649,15.38672,15.38672,0.00000
2023-05-10 02:50:03,0.08720,14.69531,14.69531,0.00000
2023-05-10 02:50:04,0.10589,16.69922,16.69922,0.00000
2023-05-10 02:50:05,0.10763,17.19336,17.19336,0.00000
2023-05-10 02:50:06,0.09611,15.31250,15.31250,0.00000
2023-05-10 02:50:07,0.09875,15.28711,15.28711,0.00000
2023-05-10 02:50:08,0.12406,19.32813,19.32813,0.00000
2023-05-10 02:50:09,0.09962,15.61719,15.61719,0.00000
2023-05-10 02:50:10,0.09649,15.71875,15.71875,0.00000
2023-05-10 02:50:11,0.09900,15.78125,15.78125,0.00000
2023-05-10 02:50:12,0.11481,18.24609,18.24609,0.00000
2023-05-10 02:50:13,0.09234,15.11523,15.11523,0.00000
2023-05-10 02:50:14,0.10200,15.97070,15.97070,0.00000
2023-05-10 02:50:15,0.10553,16.89063,16.89063,0.00000
2023-05-10 02:50:16,0.10602,15.76953,15.76953,0.00000
2023-05-10 02:50:17,0.08908,14.56445,14.56445,0.00000
2023-05-10 02:50:18,0.10276,15.71875,15.71875,0.00000
2023-05-10 02:50:19,0.10513,16.52734,16.52734,0.00000
2023-05-10 02:50:20,0.09825,15.82617,15.82617,0.00000
2023-05-10 02:50:21,0.09148,14.48633,14.48633,0.00000
2023-05-10 02:50:22,0.10902,16.59766,16.59766,0.00000
2023-05-10 02:50:23,0.10853,17.44531,17.44531,0.00000
2023-05-10 02:50:24,0.09712,15.54688,15.54688,0.00000
2023-05-10 02:50:25,0.09750,15.87305,15.87305,0.00000
2023-05-10 02:50:26,0.11292,18.16992,18.16992,0.00000
2023-05-10 02:50:27,0.09887,16.09961,16.09961,0.00000
2023-05-10 02:50:28,0.09586,15.63672,15.63672,0.00000
2023-05-10 02:50:29,0.10652,16.49414,16.49414,0.00000
2023-05-10 02:50:30,0.10540,16.40625,16.40625,0.00000
2023-05-10 02:50:31,0.08982,14.75195,14.75195,0.00000
2023-05-10 02:50:32,0.10728,16.68359,16.68359,0.00000
2023-05-10 02:50:33,0.10526,17.06641,17.06641,0.00000
2023-05-10 02:50:34,0.10088,15.25391,15.25391,0.00000
2023-05-10 02:50:35,0.08960,14.34961,14.34961,0.00000
2023-05-10 02:50:36,0.09637,15.31445,15.31445,0.00000
2023-05-10 02:50:37,0.10401,16.66797,16.66797,0.00000
2023-05-10 02:50:38,0.10000,15.35742,15.35742,0.00000
2023-05-10 02:50:39,0.08835,14.56250,14.56250,0.00000
2023-05-10 02:50:40,0.11139,17.17578,17.17578,0.00000
2023-05-10 02:50:41,0.11153,16.97461,16.97461,0.00000
2023-05-10 02:50:42,0.09887,15.61133,15.61133,0.00000
2023-05-10 02:50:43,0.09649,15.77734,15.77734,0.00000
2023-05-10 02:50:44,0.12750,19.32227,19.32227,0.00000
2023-05-10 02:50:45,0.10276,15.71484,15.71484,0.00000
2023-05-10 02:50:46,0.10239,16.05273,16.05273,0.00000
2023-05-10 02:50:47,0.09762,15.75000,15.75000,0.00000
2023-05-10 02:50:48,0.09975,15.63672,15.63672,0.00000
2023-05-10 02:50:49,0.09524,15.94141,15.94141,0.00000
2023-05-10 02:50:50,0.09074,14.64648,14.64648,0.00000
2023-05-10 02:50:51,0.11216,17.66406,17.66406,0.00000
2023-05-10 02:50:52,0.10464,16.35547,16.35547,0.00000
2023-05-10 02:50:53,0.08824,13.98047,13.98047,0.00000
2023-05-10 02:50:54,0.09774,15.31445,15.31445,0.00000
2023-05-10 02:50:55,0.10526,16.64258,16.64258,0.00000
2023-05-10 02:50:56,0.09762,15.55859,15.55859,0.00000
2023-05-10 02:50:57,0.09461,14.99805,14.99805,0.00000
2023-05-10 02:50:58,0.11452,17.92383,17.92383,0.00000
2023-05-10 02:50:59,0.10840,16.74219,16.74219,0.00000
2023-05-10 02:51:00,0.08761,14.31445,14.31445,0.00000
2023-05-10 02:51:01,0.09649,15.35547,15.35547,0.00000
2023-05-10 02:51:02,0.10638,16.84375,16.84375,0.00000
2023-05-10 02:51:03,0.10414,15.75000,15.75000,0.00000
2023-05-10 02:51:04,0.08835,14.45313,14.45313,0.00000
2023-05-10 02:51:05,0.10540,16.30273,16.30273,0.00000
2023-05-10 02:51:06,0.10840,16.96094,16.96094,0.00000
2023-05-10 02:51:07,0.10138,15.65234,15.65234,0.00000
2023-05-10 02:51:08,0.09774,15.73828,15.73828,0.00000
2023-05-10 02:51:09,0.11591,18.05078,18.05078,0.00000
2023-05-10 02:51:10,0.10163,16.05078,16.05078,0.00000
2023-05-10 02:51:11,0.09938,15.77344,15.77344,0.00000
2023-05-10 02:51:12,0.09900,15.69336,15.69336,0.00000
2023-05-10 02:51:13,0.12500,18.66406,18.66406,0.00000
2023-05-10 02:51:14,0.09234,14.60938,14.60938,0.00000
2023-05-10 02:51:15,0.10276,15.82031,15.82031,0.00000
2023-05-10 02:51:16,0.11500,17.45313,17.45313,0.00000
2023-05-10 02:51:17,0.10138,16.01563,16.01563,0.00000
2023-05-10 02:51:18,0.08647,14.27734,14.27734,0.00000
2023-05-10 02:51:19,0.10088,15.44922,15.44922,0.00000
2023-05-10 02:51:20,0.10688,16.51172,16.51172,0.00000
2023-05-10 02:51:21,0.09962,15.59766,15.59766,0.00000
2023-05-10 02:51:22,0.08761,14.23047,14.23047,0.00000
2023-05-10 02:51:23,0.09862,15.44531,15.44531,0.00000
2023-05-10 02:51:24,0.11341,17.12109,17.12109,0.00000
2023-05-10 02:51:25,0.09774,15.37109,15.37109,0.00000
2023-05-10 02:51:26,0.09598,15.60547,15.60547,0.00000
2023-05-10 02:51:27,0.11389,18.16406,18.16406,0.00000
2023-05-10 02:51:28,0.09724,15.80078,15.80078,0.00000
2023-05-10 02:51:29,0.09637,15.74219,15.74219,0.00000
2023-05-10 02:51:30,0.09700,16.01563,16.01563,0.00000
2023-05-10 02:51:31,0.11746,18.53516,18.53516,0.00000
2023-05-10 02:51:32,0.08835,14.77344,14.77344,0.00000
2023-05-10 02:51:33,0.09023,14.54297,14.54297,0.00000
2023-05-10 02:51:34,0.12343,17.90625,17.90625,0.00000
2023-05-10 02:51:35,0.10464,16.19141,16.19141,0.00000
2023-05-10 02:51:36,0.08897,14.22656,14.22656,0.00000
2023-05-10 02:51:37,0.10075,15.38672,15.38672,0.00000
2023-05-10 02:51:38,0.10688,16.89063,16.89063,0.00000
2023-05-10 02:51:39,0.09912,15.40625,15.40625,0.00000
2023-05-10 02:51:40,0.08636,14.20703,14.20703,0.00000
2023-05-10 02:51:41,0.10013,15.12891,15.12891,0.00000
2023-05-10 02:51:42,0.08625,14.28516,14.28516,0.00000
2023-05-10 02:51:43,0.10213,15.64844,15.64844,0.00000
2023-05-10 02:51:44,0.08835,14.41797,14.41797,0.00000
2023-05-10 02:51:45,0.11404,17.51563,17.51563,0.00000
2023-05-10 02:51:46,0.10881,16.56641,16.56641,0.00000
2023-05-10 02:51:47,0.08709,14.53516,14.53516,0.00000
2023-05-10 02:51:48,0.09813,15.52734,15.52734,0.00000
2023-05-10 02:51:49,0.10728,16.64063,16.64063,0.00000
2023-05-10 02:51:50,0.10163,15.62891,15.62891,0.00000
2023-05-10 02:51:51,0.08636,14.13672,14.13672,0.00000
2023-05-10 02:51:52,0.10889,16.74219,16.74219,0.00000
2023-05-10 02:51:53,0.11591,17.91406,17.91406,0.00000
2023-05-10 02:51:54,0.09849,15.72266,15.72266,0.00000
2023-05-10 02:51:55,0.10250,15.73438,15.73438,0.00000
2023-05-10 02:51:56,0.12060,19.01563,19.01563,0.00000
2023-05-10 02:51:57,0.09700,15.73438,15.73438,0.00000
2023-05-10 02:51:58,0.09598,15.66797,15.66797,0.00000
2023-05-10 02:51:59,0.09774,15.77734,15.77734,0.00000
2023-05-10 02:52:00,0.09912,16.03906,16.03906,0.00000
2023-05-10 02:52:01,0.09199,14.90234,14.90234,0.00000
2023-05-10 02:52:02,0.09023,14.63672,14.63672,0.00000
2023-05-10 02:52:03,0.12093,18.62109,18.62109,0.00000
2023-05-10 02:52:04,0.10526,16.23438,16.23438,0.00000
2023-05-10 02:52:05,0.08709,14.77344,14.77344,0.00000
2023-05-10 02:52:06,0.09774,15.80078,15.80078,0.00000
2023-05-10 02:52:07,0.10714,16.86328,16.86328,0.00000
2023-05-10 02:52:08,0.09849,15.60156,15.60156,0.00000
2023-05-10 02:52:09,0.08750,14.28906,14.28906,0.00000
2023-05-10 02:52:10,0.11591,18.21875,18.21875,0.00000
2023-05-10 02:52:11,0.10589,16.26563,16.26563,0.00000
2023-05-10 02:52:12,0.08772,14.45313,14.45313,0.00000
2023-05-10 02:52:13,0.10375,15.96094,15.96094,0.00000
2023-05-10 02:52:14,0.10652,16.61328,16.61328,0.00000
2023-05-10 02:52:15,0.10025,15.37500,15.37500,0.00000
2023-05-10 02:52:16,0.09536,14.61719,14.61719,0.00000
2023-05-10 02:52:17,0.10464,16.65625,16.65625,0.00000
2023-05-10 02:52:18,0.10777,16.84375,16.84375,0.00000
2023-05-10 02:52:19,0.09799,15.56250,15.56250,0.00000
2023-05-10 02:52:20,0.09724,15.69531,15.69531,0.00000
2023-05-10 02:52:21,0.11779,18.36328,18.36328,0.00000
2023-05-10 02:52:22,0.10364,16.20703,16.20703,0.00000
2023-05-10 02:52:23,0.09813,15.52344,15.52344,0.00000
2023-05-10 02:52:24,0.09687,15.68359,15.68359,0.00000
2023-05-10 02:52:25,0.10038,16.26563,16.26563,0.00000
2023-05-10 02:52:26,0.09473,15.07422,15.07422,0.00000
2023-05-10 02:52:27,0.08960,14.52344,14.52344,0.00000
2023-05-10 02:52:28,0.11389,17.73047,17.73047,0.00000
2023-05-10 02:52:29,0.10289,16.55859,16.55859,0.00000
2023-05-10 02:52:30,0.08636,14.50391,14.50391,0.00000
2023-05-10 02:52:31,0.09787,15.68750,15.68750,0.00000
2023-05-10 02:52:32,0.10388,16.92969,16.92969,0.00000
2023-05-10 02:52:33,0.09825,15.72266,15.72266,0.00000
2023-05-10 02:52:34,0.08647,14.13672,14.13672,0.00000
2023-05-10 02:52:35,0.10840,17.03125,17.03125,0.00000
2023-05-10 02:52:36,0.11292,17.78516,17.78516,0.00000
2023-05-10 02:52:37,0.09962,15.66797,15.66797,0.00000
2023-05-10 02:52:38,0.09637,15.40234,15.40234,0.00000
2023-05-10 02:52:39,0.12406,18.81250,18.81250,0.00000
2023-05-10 02:52:40,0.09637,15.67188,15.67188,0.00000
2023-05-10 02:52:41,0.09712,15.40625,15.40625,0.00000
2023-05-10 02:52:42,0.09598,15.91406,15.91406,0.00000
2023-05-10 02:52:43,0.12045,17.73828,17.73828,0.00000
2023-05-10 02:52:44,0.09461,15.66016,15.66016,0.00000
2023-05-10 02:52:45,0.09085,14.92969,14.92969,0.00000
2023-05-10 02:52:46,0.11509,17.96094,17.96094,0.00000
2023-05-10 02:52:47,0.11028,16.27344,16.27344,0.00000
2023-05-10 02:52:48,0.08709,14.53516,14.53516,0.00000
2023-05-10 02:52:49,0.09962,15.71484,15.71484,0.00000
2023-05-10 02:52:50,0.10701,17.26172,17.26172,0.00000
2023-05-10 02:52:51,0.10050,15.67188,15.67188,0.00000
2023-05-10 02:52:52,0.08875,14.26172,14.26172,0.00000
2023-05-10 02:52:53,0.11591,18.04688,18.04688,0.00000
2023-05-10 02:52:54,0.10777,16.50000,16.50000,0.00000
2023-05-10 02:52:55,0.08824,14.64063,14.64063,0.00000
2023-05-10 02:52:56,0.09649,14.98438,14.98438,0.00000
2023-05-10 02:52:57,0.10401,16.58984,16.58984,0.00000
2023-05-10 02:52:58,0.09849,15.55859,15.55859,0.00000
2023-05-10 02:52:59,0.08835,14.41797,14.41797,0.00000
2023-05-10 02:53:00,0.10701,16.71094,16.71094,0.00000
2023-05-10 02:53:01,0.11041,16.65234,16.65234,0.00000
2023-05-10 02:53:02,0.09586,15.35156,15.35156,0.00000
2023-05-10 02:53:03,0.09837,15.60156,15.60156,0.00000
2023-05-10 02:53:04,0.12265,18.06641,18.06641,0.00000
2023-05-10 02:53:05,0.09900,15.84766,15.84766,0.00000
2023-05-10 02:53:06,0.09598,15.56250,15.56250,0.00000
2023-05-10 02:53:07,0.10050,15.62109,15.62109,0.00000
2023-05-10 02:53:08,0.11717,18.47266,18.47266,0.00000
2023-05-10 02:53:09,0.08886,14.78125,14.78125,0.00000
2023-05-10 02:53:10,0.09461,14.80078,14.80078,0.00000
2023-05-10 02:53:11,0.12390,18.27734,18.27734,0.00000
2023-05-10 02:53:12,0.10464,16.30469,16.30469,0.00000
2023-05-10 02:53:13,0.09273,14.91016,14.91016,0.00000
2023-05-10 02:53:14,0.09825,15.32813,15.32813,0.00000
2023-05-10 02:53:15,0.10714,16.74609,16.74609,0.00000
2023-05-10 02:53:16,0.10264,15.77344,15.77344,0.00000
2023-05-10 02:53:17,0.08761,14.48438,14.48438,0.00000
2023-05-10 02:53:18,0.10289,15.83594,15.83594,0.00000
2023-05-10 02:53:19,0.11702,17.67969,17.67969,0.00000
2023-05-10 02:53:20,0.09548,15.52734,15.52734,0.00000
2023-05-10 02:53:21,0.09649,15.58984,15.58984,0.00000
2023-05-10 02:53:22,0.12907,19.84375,19.84375,0.00000
2023-05-10 02:53:23,0.10150,16.21875,16.21875,0.00000
2023-05-10 02:53:24,0.09649,15.70703,15.70703,0.00000
2023-05-10 02:53:25,0.09774,15.78125,15.78125,0.00000
2023-05-10 02:53:26,0.11529,17.96875,17.96875,0.00000
2023-05-10 02:53:27,0.08846,14.78906,14.78906,0.00000
2023-05-10 02:53:28,0.10038,15.73828,15.73828,0.00000
2023-05-10 02:53:29,0.10638,16.45313,16.45313,0.00000
2023-05-10 02:53:30,0.09837,15.59766,15.59766,0.00000
2023-05-10 02:53:31,0.08937,14.46875,14.46875,0.00000
2023-05-10 02:53:32,0.09586,15.05078,15.05078,0.00000
2023-05-10 02:53:33,0.10338,16.76172,16.76172,0.00000
2023-05-10 02:53:34,0.09900,15.72656,15.72656,0.00000
2023-05-10 02:53:35,0.08937,13.78906,13.78906,0.00000
2023-05-10 02:53:36,0.10965,16.94922,16.94922,0.00000
2023-05-10 02:53:37,0.11481,17.44141,17.44141,0.00000
2023-05-10 02:53:38,0.09787,15.21094,15.21094,0.00000
2023-05-10 02:53:39,0.09849,15.89063,15.89063,0.00000
2023-05-10 02:53:40,0.12610,18.76563,18.76563,0.00000
2023-05-10 02:53:41,0.09586,15.48047,15.48047,0.00000
2023-05-10 02:53:42,0.09611,15.73047,15.73047,0.00000
2023-05-10 02:53:43,0.10013,16.09375,16.09375,0.00000
2023-05-10 02:53:44,0.09825,16.15234,16.15234,0.00000
2023-05-10 02:53:45,0.09159,14.88672,14.88672,0.00000
2023-05-10 02:53:46,0.09308,15.43750,15.43750,0.00000
2023-05-10 02:53:47,0.11577,17.49609,17.49609,0.00000
2023-05-10 02:53:48,0.10338,16.53125,16.53125,0.00000
2023-05-10 02:53:49,0.08897,14.55469,14.55469,0.00000
2023-05-10 02:53:50,0.09774,15.73438,15.73438,0.00000
2023-05-10 02:53:51,0.10401,16.69141,16.69141,0.00000
2023-05-10 02:53:52,0.09962,15.32422,15.32422,0.00000
2023-05-10 02:53:53,0.08750,14.29688,14.29688,0.00000
2023-05-10 02:53:54,0.11139,17.64453,17.64453,0.00000
2023-05-10 02:53:55,0.11041,16.84375,16.84375,0.00000
2023-05-10 02:53:56,0.10351,16.26563,16.26563,0.00000
2023-05-10 02:53:57,0.08835,14.69922,14.69922,0.00000
2023-05-10 02:53:58,0.11438,18.02344,18.02344,0.00000
2023-05-10 02:53:59,0.10516,16.46875,16.46875,0.00000
2023-05-10 02:54:00,0.10338,16.48047,16.48047,0.00000
2023-05-10 02:54:01,0.10902,16.49609,16.49609,0.00000
2023-05-10 02:54:02,0.11481,17.66797,17.66797,0.00000
2023-05-10 02:54:03,0.09762,15.41406,15.41406,0.00000
2023-05-10 02:54:04,0.09875,15.62500,15.62500,0.00000
2023-05-10 02:54:05,0.11466,17.88281,17.88281,0.00000
2023-05-10 02:54:06,0.10025,15.85547,15.85547,0.00000
2023-05-10 02:54:07,0.09724,15.92578,15.92578,0.00000
2023-05-10 02:54:08,0.09750,15.88281,15.88281,0.00000
2023-05-10 02:54:09,0.11404,17.69531,17.69531,0.00000
2023-05-10 02:54:10,0.09045,14.61719,14.61719,0.00000
2023-05-10 02:54:11,0.09222,14.92969,14.92969,0.00000
2023-05-10 02:54:12,0.10401,16.79297,16.79297,0.00000
2023-05-10 02:54:13,0.11014,16.55469,16.55469,0.00000
2023-05-10 02:54:14,0.08720,14.36719,14.36719,0.00000
2023-05-10 02:54:15,0.09900,15.62109,15.62109,0.00000
2023-05-10 02:54:16,0.11216,17.64844,17.64844,0.00000
2023-05-10 02:54:17,0.09987,15.60156,15.60156,0.00000
2023-05-10 02:54:18,0.08750,14.10156,14.10156,0.00000
2023-05-10 02:54:19,0.10714,16.13672,16.13672,0.00000
2023-05-10 02:54:20,0.10902,17.08594,17.08594,0.00000
2023-05-10 02:54:21,0.09524,15.39844,15.39844,0.00000
2023-05-10 02:54:22,0.09649,15.61328,15.61328,0.00000
2023-05-10 02:54:23,0.12547,19.49219,19.49219,0.00000
2023-05-10 02:54:24,0.09862,16.14453,16.14453,0.00000
2023-05-10 02:54:25,0.10500,15.90625,15.90625,0.00000
2023-05-10 02:54:26,0.09849,15.24219,15.24219,0.00000
2023-05-10 02:54:27,0.09950,16.41797,16.41797,0.00000
2023-05-10 02:54:28,0.09063,14.64453,14.64453,0.00000
2023-05-10 02:54:29,0.10338,15.57813,15.57813,0.00000
2023-05-10 02:54:30,0.10302,16.33203,16.33203,0.00000
2023-05-10 02:54:31,0.10013,15.74609,15.74609,0.00000
2023-05-10 02:54:32,0.08698,14.07031,14.07031,0.00000
2023-05-10 02:54:33,0.10075,15.90234,15.90234,0.00000
2023-05-10 02:54:34,0.10375,16.63672,16.63672,0.00000
2023-05-10 02:54:35,0.10025,15.21094,15.21094,0.00000
2023-05-10 02:54:36,0.08595,14.35156,14.35156,0.00000
2023-05-10 02:54:37,0.11076,16.60547,16.60547,0.00000
2023-05-10 02:54:38,0.11389,17.41016,17.41016,0.00000
2023-05-10 02:54:39,0.09712,14.94531,14.94531,0.00000
2023-05-10 02:54:40,0.09687,15.59766,15.59766,0.00000
2023-05-10 02:54:41,0.12907,18.94141,18.94141,0.00000
2023-05-10 02:54:42,0.09586,15.27734,15.27734,0.00000
2023-05-10 02:54:43,0.09750,15.60938,15.60938,0.00000
2023-05-10 02:54:44,0.11341,17.53906,17.53906,0.00000
2023-05-10 02:54:45,0.11090,17.53125,17.53125,0.00000
2023-05-10 02:54:46,0.10678,17.04297,17.04297,0.00000
2023-05-10 02:54:47,0.10714,17.00391,17.00391,0.00000
2023-05-10 02:54:48,0.12766,19.68359,19.68359,0.00000
2023-05-10 02:54:49,0.10813,16.23438,16.23438,0.00000
2023-05-10 02:54:50,0.10338,16.64453,16.64453,0.00000
2023-05-10 02:54:51,0.11481,17.54688,17.54688,0.00000
2023-05-10 02:54:52,0.12140,18.79297,18.79297,0.00000
2023-05-10 02:54:53,0.11118,16.71094,16.71094,0.00000
2023-05-10 02:54:54,0.10401,16.42969,16.42969,0.00000
2023-05-10 02:54:55,0.12812,19.80078,19.80078,0.00000
2023-05-10 02:54:56,0.10790,16.39844,16.39844,0.00000
2023-05-10 02:54:57,0.11621,17.82813,17.82813,0.00000
2023-05-10 02:54:58,0.11890,17.66016,17.66016,0.00000
2023-05-10 02:54:59,0.13767,20.69531,20.69531,0.00000
2023-05-10 02:55:00,0.12625,17.89063,17.89063,0.00000
2023-05-10 02:55:01,0.12093,17.88672,17.88672,0.00000
2023-05-10 02:55:02,0.12516,18.46094,18.46094,0.00000
2023-05-10 02:55:03,0.11500,17.39453,17.39453,0.00000
2023-05-10 02:55:04,0.09524,15.56250,15.56250,0.00000
2023-05-10 02:55:05,0.10464,16.30078,16.30078,0.00000
2023-05-10 02:55:06,0.11543,17.76172,17.76172,0.00000
2023-05-10 02:55:07,0.09712,15.36328,15.36328,0.00000
2023-05-10 02:55:08,0.09097,14.77344,14.77344,0.00000
2023-05-10 02:55:09,0.10589,16.39453,16.39453,0.00000
2023-05-10 02:55:10,0.10464,16.89063,16.89063,0.00000
2023-05-10 02:55:11,0.11466,17.76563,17.76563,0.00000
2023-05-10 02:55:12,0.12030,18.17969,18.17969,0.00000
2023-05-10 02:55:13,0.14625,20.75781,20.75781,0.00000
2023-05-10 02:55:14,0.12186,18.56641,18.56641,0.00000
2023-05-10 02:55:15,0.12015,18.39453,18.39453,0.00000
2023-05-10 02:55:16,0.10818,16.90625,16.90625,0.00000
2023-05-10 02:55:17,0.11062,16.98438,16.98438,0.00000
2023-05-10 02:55:18,0.11529,17.38281,17.38281,0.00000
2023-05-10 02:55:19,0.12469,17.51172,17.51172,0.00000
2023-05-10 02:55:20,0.12045,19.10938,19.10938,0.00000
2023-05-10 02:55:21,0.11292,17.09766,17.09766,0.00000
2023-05-10 02:55:22,0.11264,17.69141,17.69141,0.00000
2023-05-10 02:55:23,0.11529,17.64844,17.64844,0.00000
2023-05-10 02:55:24,0.13095,20.01172,20.01172,0.00000
2023-05-10 02:55:25,0.11543,18.01172,18.01172,0.00000
2023-05-10 02:55:26,0.11118,17.75000,17.75000,0.00000
2023-05-10 02:55:27,0.11389,17.82813,17.82813,0.00000
2023-05-10 02:55:28,0.11529,18.62109,18.62109,0.00000
2023-05-10 02:55:29,0.11543,18.05078,18.05078,0.00000
2023-05-10 02:55:30,0.11202,17.51172,17.51172,0.00000
2023-05-10 02:55:31,0.13363,20.21875,20.21875,0.00000
2023-05-10 02:55:32,0.11920,18.47656,18.47656,0.00000
2023-05-10 02:55:33,0.12359,18.00781,18.00781,0.00000
2023-05-10 02:55:34,0.12078,18.18750,18.18750,0.00000
2023-05-10 02:55:35,0.12719,19.05078,19.05078,0.00000
2023-05-10 02:55:36,0.12610,17.96875,17.96875,0.00000
2023-05-10 02:55:37,0.10526,16.00391,16.00391,0.00000
2023-05-10 02:55:38,0.10813,16.80078,16.80078,0.00000
2023-05-10 02:55:39,0.11369,17.53906,17.53906,0.00000
2023-05-10 02:55:40,0.11466,17.46484,17.46484,0.00000
2023-05-10 02:55:41,0.12812,18.07813,18.07813,0.00000
2023-05-10 02:55:42,0.13756,20.55859,20.55859,0.00000
2023-05-10 02:55:43,0.12328,18.69141,18.69141,0.00000
2023-05-10 02:55:44,0.11982,18.64453,18.64453,0.00000
2023-05-10 02:55:45,0.11872,18.48047,18.48047,0.00000
2023-05-10 02:55:46,0.12735,19.01563,19.01563,0.00000
2023-05-10 02:55:47,0.12359,18.44922,18.44922,0.00000
2023-05-10 02:55:48,0.11669,18.02734,18.02734,0.00000
2023-05-10 02:55:49,0.06266,11.40625,11.40625,0.00000
2023-05-10 02:55:50,0.07722,12.71875,12.71875,0.00000
2023-05-10 02:55:51,0.07026,11.63281,11.63281,0.00000
