Date,CPU Utilization,Total Power,CPU Power,GPU Power
2023-05-10 02:45:30,0.08281,12.62891,12.62891,0.00000
2023-05-10 02:45:31,0.09962,15.27148,15.27148,0.00000
2023-05-10 02:45:32,0.09938,15.41992,15.41992,0.00000
2023-05-10 02:45:33,0.08824,14.29883,14.29883,0.00000
2023-05-10 02:45:34,0.09837,15.16797,15.16797,0.00000
2023-05-10 02:45:35,0.10576,16.46875,16.46875,0.00000
2023-05-10 02:45:36,0.10401,16.23047,16.23047,0.00000
2023-05-10 02:45:37,0.09762,15.72070,15.72070,0.00000
2023-05-10 02:45:38,0.09637,15.08203,15.08203,0.00000
2023-05-10 02:45:39,0.12328,18.30859,18.30859,0.00000
2023-05-10 02:45:40,0.09661,15.36523,15.36523,0.00000
2023-05-10 02:45:41,0.09938,15.31250,15.31250,0.00000
2023-05-10 02:45:42,0.09637,15.51953,15.51953,0.00000
2023-05-10 02:45:43,0.09712,15.38672,15.38672,0.00000
2023-05-10 02:45:44,0.09900,15.05469,15.05469,0.00000
2023-05-10 02:45:45,0.09787,15.38281,15.38281,0.00000
2023-05-10 02:45:46,0.11577,18.27344,18.27344,0.00000
2023-05-10 02:45:47,0.10464,16.18359,16.18359,0.00000
2023-05-10 02:45:48,0.08812,14.02539,14.02539,0.00000
2023-05-10 02:45:49,0.13221,20.61719,20.61719,0.00000
2023-05-10 02:45:50,0.14025,20.26758,20.26758,0.00000
2023-05-10 02:45:51,0.09849,15.15820,15.15820,0.00000
2023-05-10 02:45:52,0.08886,14.06250,14.06250,0.00000
2023-05-10 02:45:53,0.10714,16.84570,16.84570,0.00000
2023-05-10 02:45:54,0.11230,17.31445,17.31445,0.00000
2023-05-10 02:45:55,0.09598,15.73242,15.73242,0.00000
2023-05-10 02:45:56,0.09524,16.08594,16.08594,0.00000
2023-05-10 02:45:57,0.11688,17.49219,17.49219,0.00000
2023-05-10 02:45:58,0.09461,15.60742,15.60742,0.00000
2023-05-10 02:45:59,0.09787,15.72852,15.72852,0.00000
2023-05-10 02:46:00,0.09762,15.78320,15.78320,0.00000
2023-05-10 02:46:01,0.09712,15.76758,15.76758,0.00000
2023-05-10 02:46:02,0.09800,15.75977,15.75977,0.00000
2023-05-10 02:46:03,0.09148,15.01563,15.01563,0.00000
2023-05-10 02:46:04,0.11842,18.19922,18.19922,0.00000
2023-05-10 02:46:05,0.10526,16.43555,16.43555,0.00000
2023-05-10 02:46:06,0.08584,14.53711,14.53711,0.00000
2023-05-10 02:46:07,0.09637,14.96680,14.96680,0.00000
2023-05-10 02:46:08,0.10451,16.41406,16.41406,0.00000
2023-05-10 02:46:09,0.09849,15.43750,15.43750,0.00000
2023-05-10 02:46:10,0.09085,14.62500,14.62500,0.00000
2023-05-10 02:46:11,0.10979,17.87695,17.87695,0.00000
2023-05-10 02:46:12,0.11090,16.87695,16.87695,0.00000
2023-05-10 02:46:13,0.10200,15.61133,15.61133,0.00000
2023-05-10 02:46:14,0.09875,15.35352,15.35352,0.00000
2023-05-10 02:46:15,0.12688,18.43359,18.43359,0.00000
2023-05-10 02:46:16,0.09649,15.38086,15.38086,0.00000
2023-05-10 02:46:17,0.09825,15.67383,15.67383,0.00000
2023-05-10 02:46:18,0.09700,15.49805,15.49805,0.00000
2023-05-10 02:46:19,0.09813,15.64453,15.64453,0.00000
2023-05-10 02:46:20,0.09398,15.58398,15.58398,0.00000
2023-05-10 02:46:21,0.09336,14.64258,14.64258,0.00000
2023-05-10 02:46:22,0.12343,18.84570,18.84570,0.00000
2023-05-10 02:46:23,0.10401,15.97070,15.97070,0.00000
2023-05-10 02:46:24,0.08647,14.03320,14.03320,0.00000
2023-05-10 02:46:25,0.09687,15.46875,15.46875,0.00000
2023-05-10 02:46:26,0.10338,16.75391,16.75391,0.00000
2023-05-10 02:46:27,0.09649,15.26758,15.26758,0.00000
2023-05-10 02:46:28,0.08772,13.78906,13.78906,0.00000
2023-05-10 02:46:29,0.11389,17.27539,17.27539,0.00000
2023-05-10 02:46:30,0.11000,16.91211,16.91211,0.00000
2023-05-10 02:46:31,0.09825,15.23633,15.23633,0.00000
2023-05-10 02:46:32,0.09586,15.16992,15.16992,0.00000
2023-05-10 02:46:33,0.12343,18.06055,18.06055,0.00000
2023-05-10 02:46:34,0.09938,15.64063,15.64063,0.00000
2023-05-10 02:46:35,0.09661,16.06641,16.06641,0.00000
2023-05-10 02:46:36,0.09837,15.40039,15.40039,0.00000
2023-05-10 02:46:37,0.11090,17.88672,17.88672,0.00000
2023-05-10 02:46:38,0.09687,15.88477,15.88477,0.00000
2023-05-10 02:46:39,0.09512,15.20117,15.20117,0.00000
2023-05-10 02:46:40,0.10701,16.84766,16.84766,0.00000
2023-05-10 02:46:41,0.09586,15.22656,15.22656,0.00000
2023-05-10 02:46:42,0.08687,14.62109,14.62109,0.00000
2023-05-10 02:46:43,0.09712,15.34180,15.34180,0.00000
2023-05-10 02:46:44,0.10563,16.60547,16.60547,0.00000
2023-05-10 02:46:45,0.10714,16.31641,16.31641,0.00000
2023-05-10 02:46:46,0.08709,14.15430,14.15430,0.00000
2023-05-10 02:46:47,0.11765,17.90430,17.90430,0.00000
2023-05-10 02:46:48,0.10451,16.00000,16.00000,0.00000
2023-05-10 02:46:49,0.08709,14.21289,14.21289,0.00000
2023-05-10 02:46:50,0.09837,15.24609,15.24609,0.00000
2023-05-10 02:46:51,0.10589,16.81250,16.81250,0.00000
2023-05-10 02:46:52,0.09837,15.15430,15.15430,0.00000
2023-05-10 02:46:53,0.08772,14.47070,14.47070,0.00000
2023-05-10 02:46:54,0.10464,16.27539,16.27539,0.00000
2023-05-10 02:46:55,0.10916,16.41406,16.41406,0.00000
2023-05-10 02:46:56,0.09524,15.02148,15.02148,0.00000
2023-05-10 02:46:57,0.09524,15.40234,15.40234,0.00000
2023-05-10 02:46:58,0.11563,17.63477,17.63477,0.00000
2023-05-10 02:46:59,0.09849,15.80078,15.80078,0.00000
2023-05-10 02:47:00,0.09887,15.50391,15.50391,0.00000
2023-05-10 02:47:01,0.10150,16.49609,16.49609,0.00000
2023-05-10 02:47:02,0.11278,18.13672,18.13672,0.00000
2023-05-10 02:47:03,0.09262,15.06445,15.06445,0.00000
2023-05-10 02:47:04,0.10589,16.54883,16.54883,0.00000
2023-05-10 02:47:05,0.10401,16.59570,16.59570,0.00000
2023-05-10 02:47:06,0.09724,15.60938,15.60938,0.00000
2023-05-10 02:47:07,0.08636,14.18945,14.18945,0.00000
2023-05-10 02:47:08,0.09712,14.95508,14.95508,0.00000
2023-05-10 02:47:09,0.10325,17.04883,17.04883,0.00000
2023-05-10 02:47:10,0.09787,15.81250,15.81250,0.00000
2023-05-10 02:47:11,0.09108,15.04883,15.04883,0.00000
2023-05-10 02:47:12,0.11202,17.16602,17.16602,0.00000
2023-05-10 02:47:13,0.11920,17.75781,17.75781,0.00000
2023-05-10 02:47:14,0.10075,15.72070,15.72070,0.00000
2023-05-10 02:47:15,0.10063,16.25781,16.25781,0.00000
2023-05-10 02:47:16,0.12531,19.25586,19.25586,0.00000
2023-05-10 02:47:17,0.09900,15.43359,15.43359,0.00000
2023-05-10 02:47:18,0.09649,16.16602,16.16602,0.00000
2023-05-10 02:47:19,0.09637,15.64844,15.64844,0.00000
2023-05-10 02:47:20,0.09712,15.91602,15.91602,0.00000
2023-05-10 02:47:21,0.09738,15.46484,15.46484,0.00000
2023-05-10 02:47:22,0.08835,14.61914,14.61914,0.00000
2023-05-10 02:47:23,0.10728,16.94531,16.94531,0.00000
2023-05-10 02:47:24,0.10490,16.42578,16.42578,0.00000
2023-05-10 02:47:25,0.08625,14.20898,14.20898,0.00000
2023-05-10 02:47:26,0.09536,15.49609,15.49609,0.00000
2023-05-10 02:47:27,0.10150,17.00195,17.00195,0.00000
2023-05-10 02:47:28,0.09813,15.66406,15.66406,0.00000
2023-05-10 02:47:29,0.08636,14.24023,14.24023,0.00000
2023-05-10 02:47:30,0.11514,17.93750,17.93750,0.00000
2023-05-10 02:47:31,0.10526,15.96680,15.96680,0.00000
2023-05-10 02:47:32,0.08521,14.01367,14.01367,0.00000
2023-05-10 02:47:33,0.09649,15.09375,15.09375,0.00000
2023-05-10 02:47:34,0.10563,16.64648,16.64648,0.00000
2023-05-10 02:47:35,0.09787,15.74609,15.74609,0.00000
2023-05-10 02:47:36,0.09023,14.51367,14.51367,0.00000
2023-05-10 02:47:37,0.10840,16.32422,16.32422,0.00000
2023-05-10 02:47:38,0.10464,16.45508,16.45508,0.00000
2023-05-10 02:47:39,0.09712,15.17578,15.17578,0.00000
2023-05-10 02:47:40,0.10200,15.15820,15.15820,0.00000
2023-05-10 02:47:41,0.12484,19.20117,19.20117,0.00000
2023-05-10 02:47:42,0.09887,16.07422,16.07422,0.00000
2023-05-10 02:47:43,0.09736,15.58594,15.58594,0.00000
2023-05-10 02:47:44,0.09649,15.51367,15.51367,0.00000
2023-05-10 02:47:45,0.10176,16.52539,16.52539,0.00000
2023-05-10 02:47:46,0.08971,14.66016,14.66016,0.00000
2023-05-10 02:47:47,0.09063,14.93945,14.93945,0.00000
2023-05-10 02:47:48,0.11466,17.15430,17.15430,0.00000
2023-05-10 02:47:49,0.10325,15.96289,15.96289,0.00000
2023-05-10 02:47:50,0.08657,14.20313,14.20313,0.00000
2023-05-10 02:47:51,0.10351,15.77734,15.77734,0.00000
2023-05-10 02:47:52,0.10338,16.47461,16.47461,0.00000
2023-05-10 02:47:53,0.09849,15.52344,15.52344,0.00000
2023-05-10 02:47:54,0.08812,14.24023,14.24023,0.00000
2023-05-10 02:47:55,0.10401,16.64453,16.64453,0.00000
2023-05-10 02:47:56,0.10589,16.55859,16.55859,0.00000
2023-05-10 02:47:57,0.09649,15.58594,15.58594,0.00000
2023-05-10 02:47:58,0.09800,15.45117,15.45117,0.00000
2023-05-10 02:47:59,0.11872,18.73828,18.73828,0.00000
2023-05-10 02:48:00,0.09887,15.42188,15.42188,0.00000
2023-05-10 02:48:01,0.09900,15.18164,15.18164,0.00000
2023-05-10 02:48:02,0.09524,15.25586,15.25586,0.00000
2023-05-10 02:48:03,0.10088,16.06250,16.06250,0.00000
2023-05-10 02:48:04,0.09324,15.13672,15.13672,0.00000
2023-05-10 02:48:05,0.09023,14.73633,14.73633,0.00000
2023-05-10 02:48:06,0.11355,17.24023,17.24023,0.00000
2023-05-10 02:48:07,0.10213,16.16797,16.16797,0.00000
2023-05-10 02:48:08,0.08647,14.12891,14.12891,0.00000
2023-05-10 02:48:09,0.09950,15.66211,15.66211,0.00000
2023-05-10 02:48:10,0.10451,16.65039,16.65039,0.00000
2023-05-10 02:48:11,0.09736,15.27148,15.27148,0.00000
2023-05-10 02:48:12,0.09051,14.34766,14.34766,0.00000
2023-05-10 02:48:13,0.11606,18.15234,18.15234,0.00000
2023-05-10 02:48:14,0.10853,16.67188,16.67188,0.00000
2023-05-10 02:48:15,0.10163,15.45313,15.45313,0.00000
2023-05-10 02:48:16,0.09712,15.47266,15.47266,0.00000
2023-05-10 02:48:17,0.10263,16.74219,16.74219,0.00000
2023-05-10 02:48:18,0.09825,15.71289,15.71289,0.00000
2023-05-10 02:48:19,0.08761,14.15820,14.15820,0.00000
2023-05-10 02:48:20,0.10325,16.27734,16.27734,0.00000
2023-05-10 02:48:21,0.11104,16.78320,16.78320,0.00000
2023-05-10 02:48:22,0.09825,15.46875,15.46875,0.00000
2023-05-10 02:48:23,0.09712,15.48828,15.48828,0.00000
2023-05-10 02:48:24,0.12453,19.07031,19.07031,0.00000
2023-05-10 02:48:25,0.09649,15.59766,15.59766,0.00000
2023-05-10 02:48:26,0.09485,15.89258,15.89258,0.00000
2023-05-10 02:48:27,0.09700,15.94922,15.94922,0.00000
2023-05-10 02:48:28,0.11418,18.37891,18.37891,0.00000
2023-05-10 02:48:29,0.08835,14.87305,14.87305,0.00000
2023-05-10 02:48:30,0.10187,16.17578,16.17578,0.00000
2023-05-10 02:48:31,0.10563,16.65430,16.65430,0.00000
2023-05-10 02:48:32,0.09887,15.55664,15.55664,0.00000
2023-05-10 02:48:33,0.08657,14.62695,14.62695,0.00000
2023-05-10 02:48:34,0.09524,15.27539,15.27539,0.00000
2023-05-10 02:48:35,0.10276,16.76172,16.76172,0.00000
2023-05-10 02:48:36,0.09950,15.77148,15.77148,0.00000
2023-05-10 02:48:37,0.08761,14.21875,14.21875,0.00000
2023-05-10 02:48:38,0.11341,17.41016,17.41016,0.00000
2023-05-10 02:48:39,0.10427,16.41211,16.41211,0.00000
2023-05-10 02:48:40,0.08886,14.01758,14.01758,0.00000
2023-05-10 02:48:41,0.09598,15.23242,15.23242,0.00000
2023-05-10 02:48:42,0.10513,16.40039,16.40039,0.00000
2023-05-10 02:48:43,0.09962,15.30273,15.30273,0.00000
2023-05-10 02:48:44,0.08846,14.39063,14.39063,0.00000
2023-05-10 02:48:45,0.11020,17.13477,17.13477,0.00000
2023-05-10 02:48:46,0.10826,16.50391,16.50391,0.00000
2023-05-10 02:48:47,0.09536,15.25195,15.25195,0.00000
2023-05-10 02:48:48,0.09700,14.99023,14.99023,0.00000
2023-05-10 02:48:49,0.11673,17.66211,17.66211,0.00000
2023-05-10 02:48:50,0.09724,15.79297,15.79297,0.00000
2023-05-10 02:48:51,0.10150,15.78516,15.78516,0.00000
2023-05-10 02:48:52,0.09485,15.70508,15.70508,0.00000
2023-05-10 02:48:53,0.11529,18.09766,18.09766,0.00000
2023-05-10 02:48:54,0.09159,14.54492,14.54492,0.00000
2023-05-10 02:48:55,0.09011,14.72656,14.72656,0.00000
2023-05-10 02:48:56,0.11278,17.44727,17.44727,0.00000
2023-05-10 02:48:57,0.10875,15.93164,15.93164,0.00000
2023-05-10 02:48:58,0.08761,13.90820,13.90820,0.00000
2023-05-10 02:48:59,0.09712,14.98242,14.98242,0.00000
2023-05-10 02:49:00,0.10464,17.02734,17.02734,0.00000
2023-05-10 02:49:01,0.09837,15.34180,15.34180,0.00000
2023-05-10 02:49:02,0.09449,14.68359,14.68359,0.00000
2023-05-10 02:49:03,0.10714,16.68750,16.68750,0.00000
2023-05-10 02:49:04,0.10576,16.55273,16.55273,0.00000
2023-05-10 02:49:05,0.09536,15.33984,15.33984,0.00000
2023-05-10 02:49:06,0.09649,15.50977,15.50977,0.00000
2023-05-10 02:49:07,0.12469,19.40039,19.40039,0.00000
2023-05-10 02:49:08,0.09586,15.60742,15.60742,0.00000
2023-05-10 02:49:09,0.09837,15.83789,15.83789,0.00000
2023-05-10 02:49:10,0.09774,15.63086,15.63086,0.00000
2023-05-10 02:49:11,0.09900,15.95117,15.95117,0.00000
2023-05-10 02:49:12,0.09336,14.81836,14.81836,0.00000
2023-05-10 02:49:13,0.10741,16.82227,16.82227,0.00000
2023-05-10 02:49:14,0.10714,16.91211,16.91211,0.00000
2023-05-10 02:49:15,0.10840,16.27148,16.27148,0.00000
2023-05-10 02:49:16,0.09500,14.51367,14.51367,0.00000
2023-05-10 02:49:17,0.10302,15.26172,15.26172,0.00000
2023-05-10 02:49:18,0.10388,16.75781,16.75781,0.00000
2023-05-10 02:49:19,0.09661,15.59961,15.59961,0.00000
2023-05-10 02:49:20,0.08698,14.30664,14.30664,0.00000
2023-05-10 02:49:21,0.11216,17.25000,17.25000,0.00000
2023-05-10 02:49:22,0.11355,17.27930,17.27930,0.00000
2023-05-10 02:49:23,0.10013,15.05273,15.05273,0.00000
2023-05-10 02:49:24,0.09774,15.32617,15.32617,0.00000
2023-05-10 02:49:25,0.12155,18.62500,18.62500,0.00000
2023-05-10 02:49:26,0.09649,15.38867,15.38867,0.00000
2023-05-10 02:49:27,0.09887,15.78906,15.78906,0.00000
2023-05-10 02:49:28,0.09825,15.51758,15.51758,0.00000
2023-05-10 02:49:29,0.09849,15.93164,15.93164,0.00000
2023-05-10 02:49:30,0.09700,15.22852,15.22852,0.00000
2023-05-10 02:49:31,0.09085,14.98242,14.98242,0.00000
2023-05-10 02:49:32,0.11779,18.06250,18.06250,0.00000
2023-05-10 02:49:33,0.10665,16.43359,16.43359,0.00000
2023-05-10 02:49:34,0.08960,14.14648,14.14648,0.00000
2023-05-10 02:49:35,0.09524,15.38281,15.38281,0.00000
2023-05-10 02:49:36,0.10576,16.67969,16.67969,0.00000
2023-05-10 02:49:37,0.09724,15.39063,15.39063,0.00000
2023-05-10 02:49:38,0.08750,14.11133,14.11133,0.00000
2023-05-10 02:49:39,0.11466,18.04492,18.04492,0.00000
2023-05-10 02:49:40,0.10714,16.26758,16.26758,0.00000
2023-05-10 02:49:41,0.10500,16.01172,16.01172,0.00000
2023-05-10 02:49:42,0.10226,16.43164,16.43164,0.00000
2023-05-10 02:49:43,0.10513,16.73828,16.73828,0.00000
2023-05-10 02:49:44,0.09661,15.64453,15.64453,0.00000
2023-05-10 02:49:45,0.10652,16.31445,16.31445,0.00000
2023-05-10 02:49:46,0.09787,14.91211,14.91211,0.00000
2023-05-10 02:49:47,0.11014,17.02148,17.02148,0.00000
2023-05-10 02:49:48,0.09712,15.77148,15.77148,0.00000
2023-05-10 02:49:49,0.09875,15.35938,15.35938,0.00000
2023-05-10 02:49:50,0.12531,19.42578,19.42578,0.00000
2023-05-10 02:49:51,0.10038,15.87891,15.87891,0.00000
2023-05-10 02:49:52,0.09524,15.36914,15.36914,0.00000
2023-05-10 02:49:53,0.09461,15.55664,15.55664,0.00000
2023-05-10 02:49:54,0.11292,18.03711,18.03711,0.00000
2023-05-10 02:49:55,0.08857,14.75781,14.75781,0.00000
2023-05-10 02:49:56,0.09125,14.44531,14.44531,0.00000
2023-05-10 02:49:57,0.10540,16.64453,16.64453,0.00000
2023-05-10 02:49:58,0.09661,14.93359,14.93359,0.00000
2023-05-10 02:49:59,0.08647,13.91406,13.91406,0.00000
2023-05-10 02:50:00,0.09712,15.23828,15.23828,0.00000
2023-05-10 02:50:01,0.10477,16.92383,16.92383,0.00000
2023-05-10 02:50:02,0.09673,15.41992,15.41992,0.00000
2023-05-10 02:50:03,0.08709,14.61133,14.61133,0.00000
2023-05-10 02:50:04,0.10589,16.79492,16.79492,0.00000
2023-05-10 02:50:05,0.10652,17.01172,17.01172,0.00000
2023-05-10 02:50:06,0.09724,15.40234,15.40234,0.00000
2023-05-10 02:50:07,0.09837,15.27344,15.27344,0.00000
2023-05-10 02:50:08,0.12359,19.24805,19.24805,0.00000
2023-05-10 02:50:09,0.09900,15.75781,15.75781,0.00000
2023-05-10 02:50:10,0.09762,15.65039,15.65039,0.00000
2023-05-10 02:50:11,0.09837,15.79297,15.79297,0.00000
2023-05-10 02:50:12,0.11577,18.24609,18.24609,0.00000
2023-05-10 02:50:13,0.09245,15.22461,15.22461,0.00000
2023-05-10 02:50:14,0.10150,15.94336,15.94336,0.00000
2023-05-10 02:50:15,0.10616,16.89453,16.89453,0.00000
2023-05-10 02:50:16,0.10589,15.80664,15.80664,0.00000
2023-05-10 02:50:17,0.08960,14.40820,14.40820,0.00000
2023-05-10 02:50:18,0.10213,15.65430,15.65430,0.00000
2023-05-10 02:50:19,0.10513,16.69922,16.69922,0.00000
2023-05-10 02:50:20,0.09774,15.70898,15.70898,0.00000
2023-05-10 02:50:21,0.09188,14.51953,14.51953,0.00000
2023-05-10 02:50:22,0.10867,16.62695,16.62695,0.00000
2023-05-10 02:50:23,0.10714,17.40625,17.40625,0.00000
2023-05-10 02:50:24,0.09762,15.49609,15.49609,0.00000
2023-05-10 02:50:25,0.09637,15.80469,15.80469,0.00000
2023-05-10 02:50:26,0.11307,18.09961,18.09961,0.00000
2023-05-10 02:50:27,0.09938,16.00781,16.00781,0.00000
2023-05-10 02:50:28,0.09574,15.79883,15.79883,0.00000
2023-05-10 02:50:29,0.10678,16.47070,16.47070,0.00000
2023-05-10 02:50:30,0.10477,16.45117,16.45117,0.00000
2023-05-10 02:50:31,0.09222,15.05664,15.05664,0.00000
2023-05-10 02:50:32,0.10714,16.49414,16.49414,0.00000
2023-05-10 02:50:33,0.10526,16.94727,16.94727,0.00000
2023-05-10 02:50:34,0.10038,15.28906,15.28906,0.00000
2023-05-10 02:50:35,0.08886,14.38672,14.38672,0.00000
2023-05-10 02:50:36,0.09712,15.24414,15.24414,0.00000
2023-05-10 02:50:37,0.10451,16.67188,16.67188,0.00000
2023-05-10 02:50:38,0.09900,15.26172,15.26172,0.00000
2023-05-10 02:50:39,0.08897,14.58984,14.58984,0.00000
2023-05-10 02:50:40,0.11062,17.20117,17.20117,0.00000
2023-05-10 02:50:41,0.11090,16.75781,16.75781,0.00000
2023-05-10 02:50:42,0.09774,15.63086,15.63086,0.00000
2023-05-10 02:50:43,0.09687,15.91602,15.91602,0.00000
2023-05-10 02:50:44,0.12735,19.07422,19.07422,0.00000
2023-05-10 02:50:45,0.10138,15.63281,15.63281,0.00000
2023-05-10 02:50:46,0.10289,16.07422,16.07422,0.00000
2023-05-10 02:50:47,0.09750,15.84570,15.84570,0.00000
2023-05-10 02:50:48,0.10013,15.65234,15.65234,0.00000
2023-05-10 02:50:49,0.09611,15.99414,15.99414,0.00000
2023-05-10 02:50:50,0.09085,14.71289,14.71289,0.00000
2023-05-10 02:50:51,0.11139,17.46680,17.46680,0.00000
2023-05-10 02:50:52,0.10464,16.39063,16.39063,0.00000
2023-05-10 02:50:53,0.08835,13.96094,13.96094,0.00000
2023-05-10 02:50:54,0.09762,15.35938,15.35938,0.00000
2023-05-10 02:50:55,0.10526,16.73047,16.73047,0.00000
2023-05-10 02:50:56,0.09712,15.53125,15.53125,0.00000
2023-05-10 02:50:57,0.09512,15.03711,15.03711,0.00000
2023-05-10 02:50:58,0.11514,17.77539,17.77539,0.00000
2023-05-10 02:50:59,0.10602,16.51563,16.51563,0.00000
2023-05-10 02:51:00,0.08720,14.27930,14.27930,0.00000
2023-05-10 02:51:01,0.09649,15.40820,15.40820,0.00000
2023-05-10 02:51:02,0.10513,16.81445,16.81445,0.00000
2023-05-10 02:51:03,0.10665,15.93359,15.93359,0.00000
2023-05-10 02:51:04,0.08657,14.30078,14.30078,0.00000
2023-05-10 02:51:05,0.10526,16.33984,16.33984,0.00000
2023-05-10 02:51:06,0.10777,16.87500,16.87500,0.00000
2023-05-10 02:51:07,0.10150,15.53516,15.53516,0.00000
2023-05-10 02:51:08,0.09774,15.87305,15.87305,0.00000
2023-05-10 02:51:09,0.11625,18.02930,18.02930,0.00000
2023-05-10 02:51:10,0.10226,16.06250,16.06250,0.00000
2023-05-10 02:51:11,0.09762,15.79883,15.79883,0.00000
2023-05-10 02:51:12,0.09962,15.73047,15.73047,0.00000
2023-05-10 02:51:13,0.12500,18.70898,18.70898,0.00000
2023-05-10 02:51:14,0.09296,14.62109,14.62109,0.00000
2023-05-10 02:51:15,0.10289,15.78906,15.78906,0.00000
2023-05-10 02:51:16,0.11500,17.46875,17.46875,0.00000
2023-05-10 02:51:17,0.10025,15.90625,15.90625,0.00000
2023-05-10 02:51:18,0.08625,14.30078,14.30078,0.00000
2023-05-10 02:51:19,0.10150,15.42969,15.42969,0.00000
2023-05-10 02:51:20,0.10625,16.48047,16.48047,0.00000
2023-05-10 02:51:21,0.10075,15.58984,15.58984,0.00000
2023-05-10 02:51:22,0.08698,14.03125,14.03125,0.00000
2023-05-10 02:51:23,0.09799,15.49609,15.49609,0.00000
2023-05-10 02:51:24,0.11514,17.04297,17.04297,0.00000
2023-05-10 02:51:25,0.09712,15.46875,15.46875,0.00000
2023-05-10 02:51:26,0.09548,15.50781,15.50781,0.00000
2023-05-10 02:51:27,0.11452,18.16406,18.16406,0.00000
2023-05-10 02:51:28,0.09774,15.72266,15.72266,0.00000
2023-05-10 02:51:29,0.09586,15.85547,15.85547,0.00000
2023-05-10 02:51:30,0.09687,15.98438,15.98438,0.00000
2023-05-10 02:51:31,0.11683,18.52734,18.52734,0.00000
2023-05-10 02:51:32,0.08960,14.86719,14.86719,0.00000
2023-05-10 02:51:33,0.09085,14.54688,14.54688,0.00000
2023-05-10 02:51:34,0.12296,17.87891,17.87891,0.00000
2023-05-10 02:51:35,0.10526,16.18750,16.18750,0.00000
2023-05-10 02:51:36,0.08886,14.21875,14.21875,0.00000
2023-05-10 02:51:37,0.10013,15.40625,15.40625,0.00000
2023-05-10 02:51:38,0.10625,16.88281,16.88281,0.00000
2023-05-10 02:51:39,0.09912,15.40625,15.40625,0.00000
2023-05-10 02:51:40,0.08636,14.17969,14.17969,0.00000
2023-05-10 02:51:41,0.10025,15.17969,15.17969,0.00000
2023-05-10 02:51:42,0.08636,14.25391,14.25391,0.00000
2023-05-10 02:51:43,0.10163,15.64063,15.64063,0.00000
2023-05-10 02:51:44,0.08897,14.42969,14.42969,0.00000
2023-05-10 02:51:45,0.11404,17.49219,17.49219,0.00000
2023-05-10 02:51:46,0.10930,16.55859,16.55859,0.00000
2023-05-10 02:51:47,0.08647,14.47656,14.47656,0.00000
2023-05-10 02:51:48,0.09875,15.55469,15.55469,0.00000
2023-05-10 02:51:49,0.10741,16.57031,16.57031,0.00000
2023-05-10 02:51:50,0.10163,15.69922,15.69922,0.00000
2023-05-10 02:51:51,0.08636,14.12500,14.12500,0.00000
2023-05-10 02:51:52,0.10889,16.71875,16.71875,0.00000
2023-05-10 02:51:53,0.11591,17.88672,17.88672,0.00000
2023-05-10 02:51:54,0.09837,15.75000,15.75000,0.00000
2023-05-10 02:51:55,0.10213,15.75391,15.75391,0.00000
2023-05-10 02:51:56,0.12108,19.01172,19.01172,0.00000
2023-05-10 02:51:57,0.09586,15.73828,15.73828,0.00000
2023-05-10 02:51:58,0.09661,15.67188,15.67188,0.00000
2023-05-10 02:51:59,0.09724,15.73438,15.73438,0.00000
2023-05-10 02:52:00,0.09962,16.01563,16.01563,0.00000
2023-05-10 02:52:01,0.09273,15.01953,15.01953,0.00000
2023-05-10 02:52:02,0.09125,14.53906,14.53906,0.00000
2023-05-10 02:52:03,0.11920,18.77344,18.77344,0.00000
2023-05-10 02:52:04,0.10526,16.19141,16.19141,0.00000
2023-05-10 02:52:05,0.08698,14.78516,14.78516,0.00000
2023-05-10 02:52:06,0.09837,15.71875,15.71875,0.00000
2023-05-10 02:52:07,0.10714,16.87109,16.87109,0.00000
2023-05-10 02:52:08,0.09837,15.57813,15.57813,0.00000
2023-05-10 02:52:09,0.08761,14.29688,14.29688,0.00000
2023-05-10 02:52:10,0.11654,18.19141,18.19141,0.00000
2023-05-10 02:52:11,0.10526,16.27344,16.27344,0.00000
2023-05-10 02:52:12,0.08835,14.49219,14.49219,0.00000
2023-05-10 02:52:13,0.10401,16.05859,16.05859,0.00000
2023-05-10 02:52:14,0.10714,16.59375,16.59375,0.00000
2023-05-10 02:52:15,0.10075,15.39453,15.39453,0.00000
2023-05-10 02:52:16,0.09422,14.43359,14.43359,0.00000
2023-05-10 02:52:17,0.10464,16.75391,16.75391,0.00000
2023-05-10 02:52:18,0.10701,16.71875,16.71875,0.00000
2023-05-10 02:52:19,0.09849,15.55859,15.55859,0.00000
2023-05-10 02:52:20,0.09598,15.72656,15.72656,0.00000
2023-05-10 02:52:21,0.11731,18.26172,18.26172,0.00000
2023-05-10 02:52:22,0.10364,16.12500,16.12500,0.00000
2023-05-10 02:52:23,0.09875,15.53516,15.53516,0.00000
2023-05-10 02:52:24,0.09625,15.70313,15.70313,0.00000
2023-05-10 02:52:25,0.10213,16.23438,16.23438,0.00000
2023-05-10 02:52:26,0.09461,15.10156,15.10156,0.00000
2023-05-10 02:52:27,0.08897,14.62500,14.62500,0.00000
2023-05-10 02:52:28,0.11278,17.75000,17.75000,0.00000
2023-05-10 02:52:29,0.10464,16.53516,16.53516,0.00000
2023-05-10 02:52:30,0.08584,14.50000,14.50000,0.00000
2023-05-10 02:52:31,0.09787,15.67188,15.67188,0.00000
2023-05-10 02:52:32,0.10401,16.88672,16.88672,0.00000
2023-05-10 02:52:33,0.09787,15.59766,15.59766,0.00000
2023-05-10 02:52:34,0.08584,14.21875,14.21875,0.00000
2023-05-10 02:52:35,0.10889,17.03516,17.03516,0.00000
2023-05-10 02:52:36,0.11230,17.64063,17.64063,0.00000
2023-05-10 02:52:37,0.10013,15.67578,15.67578,0.00000
2023-05-10 02:52:38,0.09536,15.33984,15.33984,0.00000
2023-05-10 02:52:39,0.12453,19.00391,19.00391,0.00000
2023-05-10 02:52:40,0.09586,15.65625,15.65625,0.00000
2023-05-10 02:52:41,0.09724,15.41406,15.41406,0.00000
2023-05-10 02:52:42,0.09750,15.92578,15.92578,0.00000
2023-05-10 02:52:43,0.11997,17.60547,17.60547,0.00000
2023-05-10 02:52:44,0.09586,15.80859,15.80859,0.00000
2023-05-10 02:52:45,0.09023,14.97266,14.97266,0.00000
2023-05-10 02:52:46,0.11558,17.76172,17.76172,0.00000
2023-05-10 02:52:47,0.10979,16.56250,16.56250,0.00000
2023-05-10 02:52:48,0.08709,14.44141,14.44141,0.00000
2023-05-10 02:52:49,0.09950,15.66406,15.66406,0.00000
2023-05-10 02:52:50,0.10638,17.11719,17.11719,0.00000
2023-05-10 02:52:51,0.10050,15.60547,15.60547,0.00000
2023-05-10 02:52:52,0.08812,14.41016,14.41016,0.00000
2023-05-10 02:52:53,0.11654,17.96484,17.96484,0.00000
2023-05-10 02:52:54,0.10714,16.57813,16.57813,0.00000
2023-05-10 02:52:55,0.08772,14.66406,14.66406,0.00000
2023-05-10 02:52:56,0.09649,14.88672,14.88672,0.00000
2023-05-10 02:52:57,0.10464,16.75781,16.75781,0.00000
2023-05-10 02:52:58,0.09849,15.35156,15.35156,0.00000
2023-05-10 02:52:59,0.08772,14.53906,14.53906,0.00000
2023-05-10 02:53:00,0.10750,16.75000,16.75000,0.00000
2023-05-10 02:53:01,0.10965,16.54297,16.54297,0.00000
2023-05-10 02:53:02,0.09574,15.28125,15.28125,0.00000
2023-05-10 02:53:03,0.09762,15.60156,15.60156,0.00000
2023-05-10 02:53:04,0.12343,18.07422,18.07422,0.00000
2023-05-10 02:53:05,0.09900,15.80078,15.80078,0.00000
2023-05-10 02:53:06,0.09536,15.50781,15.50781,0.00000
2023-05-10 02:53:07,0.09987,15.69141,15.69141,0.00000
2023-05-10 02:53:08,0.11779,18.38672,18.38672,0.00000
2023-05-10 02:53:09,0.08897,14.67969,14.67969,0.00000
2023-05-10 02:53:10,0.09375,15.00000,15.00000,0.00000
2023-05-10 02:53:11,0.12406,18.25391,18.25391,0.00000
2023-05-10 02:53:12,0.10513,16.28516,16.28516,0.00000
2023-05-10 02:53:13,0.09222,14.83594,14.83594,0.00000
2023-05-10 02:53:14,0.09762,15.39063,15.39063,0.00000
2023-05-10 02:53:15,0.10826,16.71094,16.71094,0.00000
2023-05-10 02:53:16,0.10202,15.78516,15.78516,0.00000
2023-05-10 02:53:17,0.08812,14.46875,14.46875,0.00000
2023-05-10 02:53:18,0.10302,15.85938,15.85938,0.00000
2023-05-10 02:53:19,0.11577,17.60156,17.60156,0.00000
2023-05-10 02:53:20,0.09611,15.48047,15.48047,0.00000
2023-05-10 02:53:21,0.09649,15.67578,15.67578,0.00000
2023-05-10 02:53:22,0.12861,19.85547,19.85547,0.00000
2023-05-10 02:53:23,0.10176,16.19922,16.19922,0.00000
2023-05-10 02:53:24,0.09524,15.64453,15.64453,0.00000
2023-05-10 02:53:25,0.09774,15.78906,15.78906,0.00000
2023-05-10 02:53:26,0.11654,18.17578,18.17578,0.00000
2023-05-10 02:53:27,0.08908,14.83984,14.83984,0.00000
2023-05-10 02:53:28,0.10138,15.58594,15.58594,0.00000
2023-05-10 02:53:29,0.10625,16.56641,16.56641,0.00000
2023-05-10 02:53:30,0.09774,15.57422,15.57422,0.00000
2023-05-10 02:53:31,0.08937,14.48047,14.48047,0.00000
2023-05-10 02:53:32,0.09598,14.94531,14.94531,0.00000
2023-05-10 02:53:33,0.10263,16.63672,16.63672,0.00000
2023-05-10 02:53:34,0.09925,15.72656,15.72656,0.00000
2023-05-10 02:53:35,0.08937,13.75391,13.75391,0.00000
2023-05-10 02:53:36,0.10965,16.95703,16.95703,0.00000
2023-05-10 02:53:37,0.11369,17.26563,17.26563,0.00000
2023-05-10 02:53:38,0.09825,15.20313,15.20313,0.00000
2023-05-10 02:53:39,0.09900,15.85938,15.85938,0.00000
2023-05-10 02:53:40,0.12563,18.91406,18.91406,0.00000
2023-05-10 02:53:41,0.09536,15.50391,15.50391,0.00000
2023-05-10 02:53:42,0.09661,15.70703,15.70703,0.00000
2023-05-10 02:53:43,0.10063,16.10938,16.10938,0.00000
2023-05-10 02:53:44,0.09774,15.98828,15.98828,0.00000
2023-05-10 02:53:45,0.09398,15.10156,15.10156,0.00000
2023-05-10 02:53:46,0.09296,15.41797,15.41797,0.00000
2023-05-10 02:53:47,0.11529,17.48047,17.48047,0.00000
2023-05-10 02:53:48,0.10276,16.54688,16.54688,0.00000
2023-05-10 02:53:49,0.08897,14.48828,14.48828,0.00000
2023-05-10 02:53:50,0.09774,15.73828,15.73828,0.00000
2023-05-10 02:53:51,0.10451,16.76172,16.76172,0.00000
2023-05-10 02:53:52,0.09975,15.19922,15.19922,0.00000
2023-05-10 02:53:53,0.08698,14.28516,14.28516,0.00000
2023-05-10 02:53:54,0.11041,17.72656,17.72656,0.00000
2023-05-10 02:53:55,0.10840,16.75391,16.75391,0.00000
2023-05-10 02:53:56,0.10364,16.15625,16.15625,0.00000
2023-05-10 02:53:57,0.08875,14.70313,14.70313,0.00000
2023-05-10 02:53:58,0.11466,17.95703,17.95703,0.00000
2023-05-10 02:53:59,0.10566,16.46094,16.46094,0.00000
2023-05-10 02:54:00,0.10338,16.43359,16.43359,0.00000
2023-05-10 02:54:01,0.10804,16.53125,16.53125,0.00000
2023-05-10 02:54:02,0.11514,17.67969,17.67969,0.00000
2023-05-10 02:54:03,0.09774,15.33203,15.33203,0.00000
2023-05-10 02:54:04,0.09813,15.67969,15.67969,0.00000
2023-05-10 02:54:05,0.11466,17.88281,17.88281,0.00000
2023-05-10 02:54:06,0.10025,15.86328,15.86328,0.00000
2023-05-10 02:54:07,0.09762,16.04297,16.04297,0.00000
2023-05-10 02:54:08,0.09700,15.73828,15.73828,0.00000
2023-05-10 02:54:09,0.11558,17.92578,17.92578,0.00000
2023-05-10 02:54:10,0.09034,14.61719,14.61719,0.00000
2023-05-10 02:54:11,0.09222,14.95313,14.95313,0.00000
2023-05-10 02:54:12,0.10451,16.69922,16.69922,0.00000
2023-05-10 02:54:13,0.10951,16.37109,16.37109,0.00000
2023-05-10 02:54:14,0.08783,14.42188,14.42188,0.00000
2023-05-10 02:54:15,0.09887,15.67969,15.67969,0.00000
2023-05-10 02:54:16,0.11167,17.62891,17.62891,0.00000
2023-05-10 02:54:17,0.10038,15.69141,15.69141,0.00000
2023-05-10 02:54:18,0.08687,14.09766,14.09766,0.00000
2023-05-10 02:54:19,0.10665,16.17188,16.17188,0.00000
2023-05-10 02:54:20,0.10853,16.91406,16.91406,0.00000
2023-05-10 02:54:21,0.09586,15.39063,15.39063,0.00000
2023-05-10 02:54:22,0.09598,15.48438,15.48438,0.00000
2023-05-10 02:54:23,0.12547,19.44531,19.44531,0.00000
2023-05-10 02:54:24,0.09925,16.10547,16.10547,0.00000
2023-05-10 02:54:25,0.10338,15.97656,15.97656,0.00000
2023-05-10 02:54:26,0.09962,15.38672,15.38672,0.00000
2023-05-10 02:54:27,0.09962,16.41406,16.41406,0.00000
2023-05-10 02:54:28,0.09199,14.73438,14.73438,0.00000
2023-05-10 02:54:29,0.10213,15.69141,15.69141,0.00000
2023-05-10 02:54:30,0.10364,16.28906,16.28906,0.00000
2023-05-10 02:54:31,0.10025,15.74609,15.74609,0.00000
2023-05-10 02:54:32,0.08750,14.02734,14.02734,0.00000
2023-05-10 02:54:33,0.10075,15.85156,15.85156,0.00000
2023-05-10 02:54:34,0.10388,16.55469,16.55469,0.00000
2023-05-10 02:54:35,0.09962,15.22656,15.22656,0.00000
2023-05-10 02:54:36,0.08687,14.27344,14.27344,0.00000
2023-05-10 02:54:37,0.11090,16.74219,16.74219,0.00000
2023-05-10 02:54:38,0.11153,17.14453,17.14453,0.00000
2023-05-10 02:54:39,0.09762,14.93359,14.93359,0.00000
2023-05-10 02:54:40,0.09887,15.80469,15.80469,0.00000
2023-05-10 02:54:41,0.12719,18.80859,18.80859,0.00000
2023-05-10 02:54:42,0.09649,15.35156,15.35156,0.00000
2023-05-10 02:54:43,0.09887,15.63672,15.63672,0.00000
2023-05-10 02:54:44,0.11341,17.57813,17.57813,0.00000
2023-05-10 02:54:45,0.11278,17.69141,17.69141,0.00000
2023-05-10 02:54:46,0.10804,17.16016,17.16016,0.00000
2023-05-10 02:54:47,0.10589,16.77344,16.77344,0.00000
2023-05-10 02:54:48,0.12812,19.65234,19.65234,0.00000
2023-05-10 02:54:49,0.10750,16.21484,16.21484,0.00000
2023-05-10 02:54:50,0.10338,16.71484,16.71484,0.00000
2023-05-10 02:54:51,0.11591,17.48828,17.48828,0.00000
2023-05-10 02:54:52,0.12030,18.64063,18.64063,0.00000
2023-05-10 02:54:53,0.11118,16.96875,16.96875,0.00000
2023-05-10 02:54:54,0.10451,16.43750,16.43750,0.00000
2023-05-10 02:54:55,0.12782,19.55469,19.55469,0.00000
2023-05-10 02:54:56,0.10589,16.35156,16.35156,0.00000
2023-05-10 02:54:57,0.11606,17.97266,17.97266,0.00000
2023-05-10 02:54:58,0.12265,17.74219,17.74219,0.00000
2023-05-10 02:54:59,0.13329,20.13281,20.13281,0.00000
2023-05-10 02:55:00,0.12578,18.03516,18.03516,0.00000
2023-05-10 02:55:01,0.12108,18.00000,18.00000,0.00000
2023-05-10 02:55:02,0.12422,18.42969,18.42969,0.00000
2023-05-10 02:55:03,0.11500,17.31250,17.31250,0.00000
2023-05-10 02:55:04,0.09649,15.53906,15.53906,0.00000
2023-05-10 02:55:05,0.10464,16.12891,16.12891,0.00000
2023-05-10 02:55:06,0.11481,17.83984,17.83984,0.00000
2023-05-10 02:55:07,0.09712,15.48828,15.48828,0.00000
2023-05-10 02:55:08,0.09285,15.02344,15.02344,0.00000
2023-05-10 02:55:09,0.10750,16.35156,16.35156,0.00000
2023-05-10 02:55:10,0.10451,16.96484,16.96484,0.00000
2023-05-10 02:55:11,0.11529,17.66016,17.66016,0.00000
2023-05-10 02:55:12,0.11982,18.17188,18.17188,0.00000
2023-05-10 02:55:13,0.14562,20.86328,20.86328,0.00000
2023-05-10 02:55:14,0.12108,18.47656,18.47656,0.00000
2023-05-10 02:55:15,0.12093,18.30469,18.30469,0.00000
2023-05-10 02:55:16,0.10867,16.90234,16.90234,0.00000
2023-05-10 02:55:17,0.11062,17.05859,17.05859,0.00000
2023-05-10 02:55:18,0.11543,17.49609,17.49609,0.00000
2023-05-10 02:55:19,0.12390,17.45703,17.45703,0.00000
2023-05-10 02:55:20,0.12108,18.94531,18.94531,0.00000
2023-05-10 02:55:21,0.11139,16.85547,16.85547,0.00000
2023-05-10 02:55:22,0.11153,17.74219,17.74219,0.00000
2023-05-10 02:55:23,0.11529,17.69141,17.69141,0.00000
2023-05-10 02:55:24,0.13049,20.15234,20.15234,0.00000
2023-05-10 02:55:25,0.11543,18.07813,18.07813,0.00000
2023-05-10 02:55:26,0.11167,17.74609,17.74609,0.00000
2023-05-10 02:55:27,0.11404,17.70703,17.70703,0.00000
2023-05-10 02:55:28,0.11529,18.52734,18.52734,0.00000
2023-05-10 02:55:29,0.11529,18.08203,18.08203,0.00000
2023-05-10 02:55:30,0.11404,17.75000,17.75000,0.00000
2023-05-10 02:55:31,0.13409,20.44531,20.44531,0.00000
2023-05-10 02:55:32,0.11920,18.35547,18.35547,0.00000
2023-05-10 02:55:33,0.12422,17.97266,17.97266,0.00000
2023-05-10 02:55:34,0.11982,18.37109,18.37109,0.00000
2023-05-10 02:55:35,0.12626,19.14844,19.14844,0.00000
2023-05-10 02:55:36,0.12703,17.58594,17.58594,0.00000
2023-05-10 02:55:37,0.10513,16.09766,16.09766,0.00000
2023-05-10 02:55:38,0.10763,16.89844,16.89844,0.00000
2023-05-10 02:55:39,0.11055,17.31250,17.31250,0.00000
2023-05-10 02:55:40,0.11452,17.50391,17.50391,0.00000
2023-05-10 02:55:41,0.12812,18.01563,18.01563,0.00000
2023-05-10 02:55:42,0.13802,20.53125,20.53125,0.00000
2023-05-10 02:55:43,0.12390,18.65234,18.65234,0.00000
2023-05-10 02:55:44,0.11872,18.58984,18.58984,0.00000
2023-05-10 02:55:45,0.11842,18.52734,18.52734,0.00000
2023-05-10 02:55:46,0.12751,18.97656,18.97656,0.00000
2023-05-10 02:55:47,0.12233,18.40625,18.40625,0.00000
2023-05-10 02:55:48,0.11842,18.02734,18.02734,0.00000
2023-05-10 02:55:49,0.06015,11.56250,11.56250,0.00000
2023-05-10 02:55:50,0.09102,13.04297,13.04297,0.00000
2023-05-10 02:55:51,0.05590,10.66797,10.66797,0.00000
2023-05-10 02:55:52,0.06683,11.76563,11.76563,0.00000
2023-05-10 02:55:53,0.04020,7.83203,7.83203,0.00000
2023-05-10 02:55:54,0.03692,7.20313,7.20313,0.00000
2023-05-10 02:55:55,0.04203,7.87109,7.87109,0.00000
2023-05-10 02:55:56,0.03000,6.16406,6.16406,0.00000
2023-05-10 02:55:57,0.03070,6.14453,6.14453,0.00000
2023-05-10 02:55:58,0.02562,8.60547,8.60547,0.00000
2023-05-10 02:55:59,0.03442,10.24609,10.24609,0.00000
