Date,CPU Utilization,Total Power,CPU Power,GPU Power
2023-05-14 14:21:39,0.03346,6.29785,6.29785,0.00000
2023-05-14 14:21:40,0.15279,13.21191,13.21191,0.00000
2023-05-14 14:21:41,0.15694,11.84082,11.84082,0.00000
2023-05-14 14:21:42,0.15486,12.15625,12.15625,0.00000
2023-05-14 14:21:43,0.15892,12.09375,12.09375,0.00000
2023-05-14 14:21:44,0.13990,11.33447,11.33447,0.00000
2023-05-14 14:21:45,0.16145,11.96240,11.96240,0.00000
2023-05-14 14:21:46,0.14393,11.20215,11.20215,0.00000
2023-05-14 14:21:47,0.15756,11.86719,11.86719,0.00000
2023-05-14 14:21:48,0.14070,11.22827,11.22827,0.00000
2023-05-14 14:21:49,0.15905,12.04199,12.04199,0.00000
2023-05-14 14:21:50,0.13918,11.44507,11.44507,0.00000
2023-05-14 14:21:51,0.16155,11.92358,11.92358,0.00000
2023-05-14 14:21:52,0.14420,11.64478,11.64478,0.00000
2023-05-14 14:21:53,0.17274,13.18872,13.18872,0.00000
2023-05-14 14:21:54,0.14903,11.65063,11.65063,0.00000
2023-05-14 14:21:55,0.17146,12.16626,12.16626,0.00000
2023-05-14 14:21:56,0.14564,11.62866,11.62866,0.00000
2023-05-14 14:21:57,0.16103,12.50659,12.50659,0.00000
2023-05-14 14:21:58,0.15554,12.31055,12.31055,0.00000
2023-05-14 14:21:59,0.15799,11.65039,11.65039,0.00000
2023-05-14 14:22:00,0.14438,11.85156,11.85156,0.00000
2023-05-14 14:22:01,0.17252,12.38281,12.38281,0.00000
2023-05-14 14:22:02,0.16489,12.91797,12.91797,0.00000
2023-05-14 14:22:03,0.19521,13.80518,13.80518,0.00000
2023-05-14 14:22:04,0.17233,13.72021,13.72021,0.00000
2023-05-14 14:22:05,0.19359,14.85889,14.85889,0.00000
2023-05-14 14:22:06,0.17055,12.83154,12.83154,0.00000
2023-05-14 14:22:07,0.18102,13.04150,13.04150,0.00000
2023-05-14 14:22:08,0.15647,12.63672,12.63672,0.00000
2023-05-14 14:22:09,0.20618,15.42432,15.42432,0.00000
2023-05-14 14:22:10,0.18526,15.45166,15.45166,0.00000
2023-05-14 14:22:11,0.17695,14.85303,14.85303,0.00000
2023-05-14 14:22:12,0.19899,16.27246,16.27246,0.00000
2023-05-14 14:22:13,0.20642,18.44922,18.44922,0.00000
2023-05-14 14:22:14,0.19420,16.76709,16.76709,0.00000
2023-05-14 14:22:15,0.17055,13.57813,13.57813,0.00000
2023-05-14 14:22:16,0.15035,12.42090,12.42090,0.00000
2023-05-14 14:22:17,0.16593,13.58008,13.58008,0.00000
2023-05-14 14:22:18,0.23048,19.53760,19.53760,0.00000
2023-05-14 14:22:19,0.29167,25.00439,25.00439,0.00000
2023-05-14 14:22:20,0.22166,16.74805,16.74805,0.00000
2023-05-14 14:22:21,0.21879,18.27881,18.27881,0.00000
2023-05-14 14:22:22,0.16352,13.68359,13.68359,0.00000
2023-05-14 14:22:23,0.19861,15.57715,15.57715,0.00000
2023-05-14 14:22:24,0.18033,13.12354,13.12354,0.00000
2023-05-14 14:22:25,0.24734,19.95850,19.95850,0.00000
2023-05-14 14:22:26,0.22678,18.79980,18.79980,0.00000
2023-05-14 14:22:27,0.17680,12.91309,12.91309,0.00000
2023-05-14 14:22:28,0.16447,12.83301,12.83301,0.00000
2023-05-14 14:22:29,0.17076,15.18018,15.18018,0.00000
2023-05-14 14:22:30,0.16688,13.56885,13.56885,0.00000
2023-05-14 14:22:31,0.16886,12.94824,12.94824,0.00000
2023-05-14 14:22:32,0.14796,11.39404,11.39404,0.00000
2023-05-14 14:22:33,0.18695,12.82080,12.82080,0.00000
2023-05-14 14:22:34,0.15674,12.51953,12.51953,0.00000
2023-05-14 14:22:35,0.17462,13.59912,13.59912,0.00000
2023-05-14 14:22:36,0.15500,11.43311,11.43311,0.00000
2023-05-14 14:22:37,0.16291,12.61768,12.61768,0.00000
2023-05-14 14:22:38,0.15915,12.03760,12.03760,0.00000
2023-05-14 14:22:39,0.17410,14.55273,14.55273,0.00000
2023-05-14 14:22:40,0.18553,14.65088,14.65088,0.00000
2023-05-14 14:22:41,0.28081,25.11572,25.11572,0.00000
2023-05-14 14:22:42,0.27181,23.22949,23.22949,0.00000
2023-05-14 14:22:43,0.27837,26.28320,26.28320,0.00000
2023-05-14 14:22:44,0.25759,23.11865,23.11865,0.00000
2023-05-14 14:22:45,0.22879,17.41553,17.41553,0.00000
2023-05-14 14:22:46,0.19369,15.66797,15.66797,0.00000
2023-05-14 14:22:47,0.20315,16.31641,16.31641,0.00000
2023-05-14 14:22:48,0.21136,15.95361,15.95361,0.00000
2023-05-14 14:22:49,0.21132,17.35547,17.35547,0.00000
2023-05-14 14:22:50,0.16279,12.30225,12.30225,0.00000
2023-05-14 14:22:51,0.16562,12.75195,12.75195,0.00000
2023-05-14 14:22:52,0.15235,12.28711,12.28711,0.00000
2023-05-14 14:22:53,0.16865,12.65967,12.65967,0.00000
2023-05-14 14:22:54,0.15660,11.82227,11.82227,0.00000
2023-05-14 14:22:55,0.16521,13.12598,13.12598,0.00000
2023-05-14 14:22:56,0.16677,12.56982,12.56982,0.00000
2023-05-14 14:22:57,0.19900,15.96533,15.96533,0.00000
2023-05-14 14:22:58,0.18581,13.73828,13.73828,0.00000
2023-05-14 14:22:59,0.15631,12.54443,12.54443,0.00000
2023-05-14 14:23:00,0.13864,11.11768,11.11768,0.00000
2023-05-14 14:23:01,0.16384,12.08398,12.08398,0.00000
2023-05-14 14:23:02,0.16050,12.64453,12.64453,0.00000
2023-05-14 14:23:03,0.18593,13.31006,13.31006,0.00000
2023-05-14 14:23:04,0.16226,12.51416,12.51416,0.00000
2023-05-14 14:23:05,0.17141,13.22998,13.22998,0.00000
2023-05-14 14:23:06,0.16804,13.10059,13.10059,0.00000
2023-05-14 14:23:07,0.21073,19.86426,19.86426,0.00000
2023-05-14 14:23:08,0.22089,19.02734,19.02734,0.00000
2023-05-14 14:23:09,0.17465,13.90479,13.90479,0.00000
2023-05-14 14:23:10,0.17087,13.87256,13.87256,0.00000
2023-05-14 14:23:11,0.17873,14.92090,14.92090,0.00000
2023-05-14 14:23:12,0.23932,19.19043,19.19043,0.00000
2023-05-14 14:23:13,0.18319,14.96436,14.96436,0.00000
2023-05-14 14:23:14,0.21824,20.85400,20.85400,0.00000
2023-05-14 14:23:15,0.22075,19.03271,19.03271,0.00000
2023-05-14 14:23:16,0.15428,12.60693,12.60693,0.00000
2023-05-14 14:23:17,0.16877,13.17578,13.17578,0.00000
2023-05-14 14:23:18,0.15530,12.58350,12.58350,0.00000
2023-05-14 14:23:19,0.19177,17.78418,17.78418,0.00000
2023-05-14 14:23:20,0.10139,14.73730,14.73730,0.00000
2023-05-14 14:23:21,0.11524,14.32373,14.32373,0.00000
