Date,CPU Utilization,Total Power,CPU Power,GPU Power
2023-05-12 18:24:33,0.10759,12.62891,12.62891,0.00000
2023-05-12 18:24:34,0.14141,16.07715,16.07715,0.00000
2023-05-12 18:24:35,0.17495,17.03418,17.03418,0.00000
2023-05-12 18:24:36,0.17076,19.79102,19.79102,0.00000
2023-05-12 18:24:37,0.13502,15.32227,15.32227,0.00000
2023-05-12 18:24:38,0.22278,23.67480,23.67480,0.00000
2023-05-12 18:24:39,0.12920,14.49512,14.49512,0.00000
2023-05-12 18:24:40,0.14222,17.32227,17.32227,0.00000
2023-05-12 18:24:41,0.13797,15.53516,15.53516,0.00000
2023-05-12 18:24:42,0.12318,15.39746,15.39746,0.00000
2023-05-12 18:24:43,0.10846,13.21484,13.21484,0.00000
2023-05-12 18:24:44,0.14447,13.49414,13.49414,0.00000
2023-05-12 18:24:45,0.07464,10.13379,10.13379,0.00000
2023-05-12 18:24:46,0.10950,13.37109,13.37109,0.00000
2023-05-12 18:24:47,0.13321,13.49707,13.49707,0.00000
2023-05-12 18:24:48,0.09218,11.07227,11.07227,0.00000
2023-05-12 18:24:49,0.13346,12.52930,12.52930,0.00000
2023-05-12 18:24:50,0.10456,13.60742,13.60742,0.00000
2023-05-12 18:24:51,0.09239,10.69727,10.69727,0.00000
2023-05-12 18:24:52,0.10922,12.05176,12.05176,0.00000
2023-05-12 18:24:53,0.14574,14.06836,14.06836,0.00000
2023-05-12 18:24:54,0.12657,14.39941,14.39941,0.00000
2023-05-12 18:24:55,0.15726,16.00684,16.00684,0.00000
2023-05-12 18:24:56,0.15205,17.21094,17.21094,0.00000
2023-05-12 18:24:57,0.15496,15.62109,15.62109,0.00000
2023-05-12 18:24:58,0.22208,21.91016,21.91016,0.00000
2023-05-12 18:24:59,0.13333,13.82031,13.82031,0.00000
2023-05-12 18:25:00,0.14250,15.08984,15.08984,0.00000
2023-05-12 18:25:01,0.14782,16.33301,16.33301,0.00000
2023-05-12 18:25:02,0.12934,16.10938,16.10938,0.00000
2023-05-12 18:25:03,0.13216,14.71680,14.71680,0.00000
2023-05-12 18:25:04,0.11378,13.98145,13.98145,0.00000
2023-05-12 18:25:05,0.14440,16.00586,16.00586,0.00000
2023-05-12 18:25:06,0.16667,18.49707,18.49707,0.00000
2023-05-12 18:25:07,0.15399,15.75977,15.75977,0.00000
2023-05-12 18:25:08,0.11365,13.55566,13.55566,0.00000
2023-05-12 18:25:09,0.13659,15.33691,15.33691,0.00000
2023-05-12 18:25:10,0.22538,24.70996,24.70996,0.00000
2023-05-12 18:25:11,0.14826,15.37012,15.37012,0.00000
2023-05-12 18:25:12,0.14892,15.52832,15.52832,0.00000
2023-05-12 18:25:13,0.14946,16.12598,16.12598,0.00000
2023-05-12 18:25:14,0.14756,17.38477,17.38477,0.00000
2023-05-12 18:25:15,0.15530,15.53809,15.53809,0.00000
2023-05-12 18:25:16,0.13253,14.34766,14.34766,0.00000
2023-05-12 18:25:17,0.13622,15.15723,15.15723,0.00000
2023-05-12 18:25:18,0.14549,17.83398,17.83398,0.00000
2023-05-12 18:25:19,0.14259,16.13867,16.13867,0.00000
2023-05-12 18:25:20,0.14349,17.65527,17.65527,0.00000
2023-05-12 18:25:21,0.15720,16.09668,16.09668,0.00000
2023-05-12 18:25:22,0.16307,17.81348,17.81348,0.00000
2023-05-12 18:25:23,0.23238,23.29785,23.29785,0.00000
2023-05-12 18:25:24,0.12619,15.09180,15.09180,0.00000
2023-05-12 18:25:25,0.13206,15.08691,15.08691,0.00000
2023-05-12 18:25:26,0.16342,18.80859,18.80859,0.00000
2023-05-12 18:25:27,0.12972,14.39746,14.39746,0.00000
2023-05-12 18:25:28,0.14738,16.11621,16.11621,0.00000
2023-05-12 18:25:29,0.12524,14.54980,14.54980,0.00000
2023-05-12 18:25:30,0.15564,18.34180,18.34180,0.00000
2023-05-12 18:25:31,0.11982,14.31641,14.31641,0.00000
2023-05-12 18:25:32,0.10139,13.24414,13.24414,0.00000
2023-05-12 18:25:33,0.10553,14.23828,14.23828,0.00000
2023-05-12 18:25:34,0.11146,15.61621,15.61621,0.00000
2023-05-12 18:25:35,0.10101,13.31836,13.31836,0.00000
2023-05-12 18:25:36,0.09617,13.00000,13.00000,0.00000
2023-05-12 18:25:37,0.10063,13.59863,13.59863,0.00000
2023-05-12 18:25:38,0.10264,15.88867,15.88867,0.00000
2023-05-12 18:25:39,0.11616,14.02441,14.02441,0.00000
2023-05-12 18:25:40,0.11623,14.33887,14.33887,0.00000
2023-05-12 18:25:41,0.13052,14.21191,14.21191,0.00000
2023-05-12 18:25:42,0.13843,16.49512,16.49512,0.00000
2023-05-12 18:25:43,0.13971,15.16797,15.16797,0.00000
2023-05-12 18:25:44,0.11006,14.17969,14.17969,0.00000
2023-05-12 18:25:45,0.15886,15.68945,15.68945,0.00000
2023-05-12 18:25:46,0.11244,14.94043,14.94043,0.00000
2023-05-12 18:25:47,0.11132,14.45117,14.45117,0.00000
2023-05-12 18:25:48,0.11582,14.40918,14.40918,0.00000
2023-05-12 18:25:49,0.11675,14.35156,14.35156,0.00000
2023-05-12 18:25:50,0.12089,16.45898,16.45898,0.00000
2023-05-12 18:25:51,0.10660,13.76758,13.76758,0.00000
2023-05-12 18:25:52,0.11626,13.77051,13.77051,0.00000
2023-05-12 18:25:53,0.10470,13.82227,13.82227,0.00000
2023-05-12 18:25:54,0.12903,16.02441,16.02441,0.00000
2023-05-12 18:25:55,0.12681,14.54785,14.54785,0.00000
2023-05-12 18:25:56,0.13808,14.41699,14.41699,0.00000
2023-05-12 18:25:57,0.09793,13.50684,13.50684,0.00000
2023-05-12 18:25:58,0.10559,15.53320,15.53320,0.00000
2023-05-12 18:25:59,0.10782,14.18359,14.18359,0.00000
2023-05-12 18:26:00,0.10253,13.44531,13.44531,0.00000
2023-05-12 18:26:01,0.14413,15.89941,15.89941,0.00000
2023-05-12 18:26:02,0.14899,17.00391,17.00391,0.00000
2023-05-12 18:26:03,0.13438,14.52637,14.52637,0.00000
2023-05-12 18:26:04,0.10942,13.44141,13.44141,0.00000
2023-05-12 18:26:05,0.13300,14.48535,14.48535,0.00000
2023-05-12 18:26:06,0.14539,16.62305,16.62305,0.00000
2023-05-12 18:26:07,0.12770,14.51074,14.51074,0.00000
2023-05-12 18:26:08,0.11104,13.34668,13.34668,0.00000
2023-05-12 18:26:09,0.12484,14.86133,14.86133,0.00000
2023-05-12 18:26:10,0.17855,18.48340,18.48340,0.00000
2023-05-12 18:26:11,0.15712,15.74414,15.74414,0.00000
2023-05-12 18:26:12,0.11962,13.52832,13.52832,0.00000
2023-05-12 18:26:13,0.12246,13.97070,13.97070,0.00000
2023-05-12 18:26:14,0.13060,16.51367,16.51367,0.00000
2023-05-12 18:26:15,0.12023,14.45117,14.45117,0.00000
2023-05-12 18:26:16,0.10921,13.53613,13.53613,0.00000
2023-05-12 18:26:17,0.13625,15.31055,15.31055,0.00000
2023-05-12 18:26:18,0.13085,16.92676,16.92676,0.00000
2023-05-12 18:26:19,0.14304,15.73926,15.73926,0.00000
2023-05-12 18:26:20,0.11441,13.67480,13.67480,0.00000
2023-05-12 18:26:21,0.10586,13.53223,13.53223,0.00000
2023-05-12 18:26:22,0.12540,15.53613,15.53613,0.00000
2023-05-12 18:26:23,0.12357,14.26758,14.26758,0.00000
2023-05-12 18:26:24,0.13354,14.19434,14.19434,0.00000
2023-05-12 18:26:25,0.14142,15.15625,15.15625,0.00000
2023-05-12 18:26:26,0.11463,15.81934,15.81934,0.00000
2023-05-12 18:26:27,0.13481,14.62109,14.62109,0.00000
2023-05-12 18:26:28,0.12777,13.51660,13.51660,0.00000
2023-05-12 18:26:29,0.14167,14.54785,14.54785,0.00000
2023-05-12 18:26:30,0.11266,15.62598,15.62598,0.00000
2023-05-12 18:26:31,0.12374,14.43066,14.43066,0.00000
2023-05-12 18:26:32,0.16266,16.98730,16.98730,0.00000
2023-05-12 18:26:33,0.14322,15.25586,15.25586,0.00000
2023-05-12 18:26:34,0.15326,17.63867,17.63867,0.00000
2023-05-12 18:26:35,0.13296,15.25781,15.25781,0.00000
2023-05-12 18:26:36,0.15919,16.88379,16.88379,0.00000
2023-05-12 18:26:37,0.14069,14.03027,14.03027,0.00000
2023-05-12 18:26:38,0.15239,18.18457,18.18457,0.00000
2023-05-12 18:26:39,0.09686,11.40039,11.40039,0.00000
2023-05-12 18:26:40,0.13454,13.67480,13.67480,0.00000
2023-05-12 18:26:41,0.09742,11.42480,11.42480,0.00000
2023-05-12 18:26:42,0.13952,17.35352,17.35352,0.00000
2023-05-12 18:26:43,0.13961,15.74121,15.74121,0.00000
2023-05-12 18:26:44,0.13952,15.30566,15.30566,0.00000
2023-05-12 18:26:45,0.10662,12.27148,12.27148,0.00000
2023-05-12 18:26:46,0.12177,15.66797,15.66797,0.00000
2023-05-12 18:26:47,0.09022,11.89258,11.89258,0.00000
2023-05-12 18:26:48,0.08948,11.74805,11.74805,0.00000
2023-05-12 18:26:49,0.09349,12.12402,12.12402,0.00000
2023-05-12 18:26:50,0.12980,15.04102,15.04102,0.00000
2023-05-12 18:26:51,0.09918,12.13672,12.13672,0.00000
2023-05-12 18:26:52,0.12659,14.92090,14.92090,0.00000
2023-05-12 18:26:53,0.15525,16.98633,16.98633,0.00000
2023-05-12 18:26:54,0.23371,19.35938,19.35938,0.00000
2023-05-12 18:26:55,0.10689,12.47949,12.47949,0.00000
2023-05-12 18:26:56,0.08674,10.80664,10.80664,0.00000
2023-05-12 18:26:57,0.14987,15.22266,15.22266,0.00000
2023-05-12 18:26:58,0.09314,12.97559,12.97559,0.00000
2023-05-12 18:26:59,0.09342,11.42285,11.42285,0.00000
2023-05-12 18:27:00,0.08302,10.95605,10.95605,0.00000
2023-05-12 18:27:01,0.09318,11.52148,11.52148,0.00000
2023-05-12 18:27:02,0.09051,12.60742,12.60742,0.00000
2023-05-12 18:27:03,0.08627,11.11133,11.11133,0.00000
2023-05-12 18:27:04,0.08291,10.10449,10.10449,0.00000
2023-05-12 18:27:05,0.08291,10.87402,10.87402,0.00000
2023-05-12 18:27:06,0.09091,12.54785,12.54785,0.00000
2023-05-12 18:27:07,0.08959,11.68750,11.68750,0.00000
2023-05-12 18:27:08,0.09892,11.81152,11.81152,0.00000
2023-05-12 18:27:09,0.15937,15.89160,15.89160,0.00000
2023-05-12 18:27:10,0.12194,14.58691,14.58691,0.00000
2023-05-12 18:27:11,0.14304,16.92285,16.92285,0.00000
2023-05-12 18:27:12,0.15472,18.18848,18.18848,0.00000
2023-05-12 18:27:13,0.14771,15.85254,15.85254,0.00000
2023-05-12 18:27:14,0.15997,17.96680,17.96680,0.00000
2023-05-12 18:27:15,0.10177,12.33984,12.33984,0.00000
2023-05-12 18:27:16,0.13780,15.03027,15.03027,0.00000
2023-05-12 18:27:17,0.17636,19.88574,19.88574,0.00000
2023-05-12 18:27:18,0.14906,18.75098,18.75098,0.00000
2023-05-12 18:27:19,0.12871,14.95508,14.95508,0.00000
2023-05-12 18:27:20,0.12966,15.49121,15.49121,0.00000
2023-05-12 18:27:21,0.11876,13.80566,13.80566,0.00000
2023-05-12 18:27:22,0.14529,18.19727,18.19727,0.00000
2023-05-12 18:27:23,0.11750,15.16602,15.16602,0.00000
2023-05-12 18:27:24,0.12241,15.87500,15.87500,0.00000
2023-05-12 18:27:25,0.14843,16.30078,16.30078,0.00000
2023-05-12 18:27:26,0.13576,17.18750,17.18750,0.00000
2023-05-12 18:27:27,0.12334,15.03809,15.03809,0.00000
2023-05-12 18:27:28,0.12358,14.03027,14.03027,0.00000
2023-05-12 18:27:29,0.14619,16.19336,16.19336,0.00000
2023-05-12 18:27:30,0.15361,17.53418,17.53418,0.00000
2023-05-12 18:27:31,0.12956,15.09961,15.09961,0.00000
2023-05-12 18:27:32,0.11349,14.11914,14.11914,0.00000
2023-05-12 18:27:33,0.13027,14.73242,14.73242,0.00000
2023-05-12 18:27:34,0.13379,16.66797,16.66797,0.00000
2023-05-12 18:27:35,0.16182,18.22559,18.22559,0.00000
2023-05-12 18:27:36,0.16286,17.42773,17.42773,0.00000
2023-05-12 18:27:37,0.27673,24.15332,24.15332,0.00000
2023-05-12 18:27:38,0.14132,17.64844,17.64844,0.00000
2023-05-12 18:27:39,0.13889,15.47559,15.47559,0.00000
2023-05-12 18:27:40,0.14880,15.09277,15.09277,0.00000
2023-05-12 18:27:41,0.17139,17.45117,17.45117,0.00000
2023-05-12 18:27:42,0.14367,18.28125,18.28125,0.00000
2023-05-12 18:27:43,0.13971,14.27734,14.27734,0.00000
2023-05-12 18:27:44,0.27439,24.98242,24.98242,0.00000
2023-05-12 18:27:45,0.08454,11.74707,11.74707,0.00000
2023-05-12 18:27:46,0.12476,15.34082,15.34082,0.00000
2023-05-12 18:27:47,0.14654,15.24316,15.24316,0.00000
2023-05-12 18:27:48,0.12864,14.28906,14.28906,0.00000
2023-05-12 18:27:49,0.15098,16.84277,16.84277,0.00000
2023-05-12 18:27:50,0.14582,17.57031,17.57031,0.00000
2023-05-12 18:27:51,0.27508,26.09180,26.09180,0.00000
2023-05-12 18:27:52,0.08827,11.19336,11.19336,0.00000
2023-05-12 18:27:53,0.06419,10.87109,10.87109,0.00000
2023-05-12 18:27:54,0.15663,17.71484,17.71484,0.00000
2023-05-12 18:27:55,0.06045,8.70020,8.70020,0.00000
2023-05-12 18:27:56,0.07292,10.71191,10.71191,0.00000
2023-05-12 18:27:57,0.08407,9.75977,9.75977,0.00000
2023-05-12 18:27:58,0.10327,13.84473,13.84473,0.00000
2023-05-12 18:27:59,0.09442,12.69336,12.69336,0.00000
2023-05-12 18:28:00,0.09131,12.73438,12.73438,0.00000
2023-05-12 18:28:01,0.11266,11.46484,11.46484,0.00000
2023-05-12 18:28:02,0.04877,7.66797,7.66797,0.00000
2023-05-12 18:28:03,0.11244,12.61816,12.61816,0.00000
