Date,CPU Utilization,Total Power,CPU Power,GPU Power
2023-05-12 17:36:33,0.09097,10.94141,10.94141,0.00000
2023-05-12 17:36:34,0.12264,15.33594,15.33594,0.00000
2023-05-12 17:36:35,0.13392,14.99219,14.99219,0.00000
2023-05-12 17:36:36,0.11599,11.55859,11.55859,0.00000
2023-05-12 17:36:37,0.08176,9.94141,9.94141,0.00000
2023-05-12 17:36:38,0.10964,11.81641,11.81641,0.00000
2023-05-12 17:36:39,0.09842,11.22656,11.22656,0.00000
2023-05-12 17:36:40,0.13396,14.97266,14.97266,0.00000
2023-05-12 17:36:41,0.12492,13.99219,13.99219,0.00000
2023-05-12 17:36:42,0.09005,10.86328,10.86328,0.00000
2023-05-12 17:36:43,0.13863,14.62109,14.62109,0.00000
2023-05-12 17:36:44,0.14593,14.20313,14.20313,0.00000
2023-05-12 17:36:45,0.10203,11.62891,11.62891,0.00000
2023-05-12 17:36:46,0.11970,14.39063,14.39063,0.00000
2023-05-12 17:36:47,0.12690,13.26172,13.26172,0.00000
2023-05-12 17:36:48,0.08496,9.89844,9.89844,0.00000
2023-05-12 17:36:49,0.10950,11.57813,11.57813,0.00000
2023-05-12 17:36:50,0.07779,9.75391,9.75391,0.00000
2023-05-12 17:36:51,0.12050,13.17969,13.17969,0.00000
2023-05-12 17:36:52,0.12163,14.61719,14.61719,0.00000
2023-05-12 17:36:53,0.10619,12.15625,12.15625,0.00000
2023-05-12 17:36:54,0.07668,9.95703,9.95703,0.00000
2023-05-12 17:36:55,0.09040,11.15234,11.15234,0.00000
2023-05-12 17:36:56,0.09102,11.63672,11.63672,0.00000
2023-05-12 17:36:57,0.10818,13.73047,13.73047,0.00000
2023-05-12 17:36:58,0.09410,11.36328,11.36328,0.00000
2023-05-12 17:36:59,0.07910,9.96094,9.96094,0.00000
2023-05-12 17:37:00,0.13350,15.88281,15.88281,0.00000
2023-05-12 17:37:01,0.12958,14.41797,14.41797,0.00000
2023-05-12 17:37:02,0.12816,13.86719,13.86719,0.00000
2023-05-12 17:37:03,0.12767,15.16016,15.16016,0.00000
2023-05-12 17:37:04,0.12838,12.94141,12.94141,0.00000
2023-05-12 17:37:05,0.09034,10.28516,10.28516,0.00000
2023-05-12 17:37:06,0.08589,10.51172,10.51172,0.00000
2023-05-12 17:37:07,0.07456,9.71094,9.71094,0.00000
2023-05-12 17:37:08,0.16103,17.79297,17.79297,0.00000
2023-05-12 17:37:09,0.11857,12.35156,12.35156,0.00000
2023-05-12 17:37:10,0.10775,12.42578,12.42578,0.00000
2023-05-12 17:37:11,0.12453,15.61328,15.61328,0.00000
2023-05-12 17:37:12,0.09880,11.97266,11.97266,0.00000
2023-05-12 17:37:13,0.12350,13.04297,13.04297,0.00000
2023-05-12 17:37:14,0.11846,14.65234,14.65234,0.00000
2023-05-12 17:37:15,0.11483,12.37891,12.37891,0.00000
2023-05-12 17:37:16,0.14763,16.00000,16.00000,0.00000
2023-05-12 17:37:17,0.10208,11.35156,11.35156,0.00000
2023-05-12 17:37:18,0.09016,10.28125,10.28125,0.00000
2023-05-12 17:37:19,0.09245,10.95313,10.95313,0.00000
2023-05-12 17:37:20,0.09473,12.65625,12.65625,0.00000
2023-05-12 17:37:21,0.08674,11.01563,11.01563,0.00000
2023-05-12 17:37:22,0.07533,9.73047,9.73047,0.00000
2023-05-12 17:37:23,0.08370,10.42578,10.42578,0.00000
2023-05-12 17:37:24,0.09125,11.59766,11.59766,0.00000
2023-05-12 17:37:25,0.12712,14.64844,14.64844,0.00000
2023-05-12 17:37:26,0.11271,11.97656,11.97656,0.00000
2023-05-12 17:37:27,0.08971,9.96094,9.96094,0.00000
2023-05-12 17:37:28,0.12003,12.75391,12.75391,0.00000
2023-05-12 17:37:29,0.10943,12.49219,12.49219,0.00000
2023-05-12 17:37:30,0.13283,15.00391,15.00391,0.00000
2023-05-12 17:37:31,0.11174,13.73828,13.73828,0.00000
2023-05-12 17:37:32,0.10593,12.08594,12.08594,0.00000
2023-05-12 17:37:33,0.10845,12.03906,12.03906,0.00000
2023-05-12 17:37:34,0.13258,15.33203,15.33203,0.00000
2023-05-12 17:37:35,0.15098,17.46094,17.46094,0.00000
2023-05-12 17:37:36,0.15341,16.48047,16.48047,0.00000
2023-05-12 17:37:37,0.12769,12.73047,12.73047,0.00000
2023-05-12 17:37:38,0.13338,15.03906,15.03906,0.00000
2023-05-12 17:37:39,0.09422,11.03516,11.03516,0.00000
2023-05-12 17:37:40,0.10922,11.19531,11.19531,0.00000
2023-05-12 17:37:41,0.09811,11.37500,11.37500,0.00000
2023-05-12 17:37:42,0.09868,13.12500,13.12500,0.00000
2023-05-12 17:37:43,0.10264,11.91406,11.91406,0.00000
2023-05-12 17:37:44,0.12705,14.33594,14.33594,0.00000
2023-05-12 17:37:45,0.16518,17.34766,17.34766,0.00000
2023-05-12 17:37:46,0.10710,11.70703,11.70703,0.00000
2023-05-12 17:37:47,0.13745,16.11328,16.11328,0.00000
2023-05-12 17:37:48,0.11546,13.69531,13.69531,0.00000
2023-05-12 17:37:49,0.12060,12.65625,12.65625,0.00000
2023-05-12 17:37:50,0.12367,12.81641,12.81641,0.00000
2023-05-12 17:37:51,0.12287,14.10156,14.10156,0.00000
2023-05-12 17:37:52,0.11672,11.66016,11.66016,0.00000
2023-05-12 17:37:53,0.16762,17.35938,17.35938,0.00000
2023-05-12 17:37:54,0.11780,12.43750,12.43750,0.00000
2023-05-12 17:37:55,0.09321,11.28516,11.28516,0.00000
2023-05-12 17:37:56,0.13063,14.10156,14.10156,0.00000
2023-05-12 17:37:57,0.10107,12.08984,12.08984,0.00000
2023-05-12 17:37:58,0.10095,12.25391,12.25391,0.00000
2023-05-12 17:37:59,0.09753,13.33594,13.33594,0.00000
2023-05-12 17:38:00,0.10436,13.05859,13.05859,0.00000
2023-05-12 17:38:01,0.11076,14.05078,14.05078,0.00000
2023-05-12 17:38:02,0.09557,11.35547,11.35547,0.00000
2023-05-12 17:38:03,0.08982,11.15234,11.15234,0.00000
2023-05-12 17:38:04,0.14766,16.67188,16.67188,0.00000
2023-05-12 17:38:05,0.15579,15.12891,15.12891,0.00000
2023-05-12 17:38:06,0.08959,10.57422,10.57422,0.00000
2023-05-12 17:38:07,0.09137,10.93359,10.93359,0.00000
2023-05-12 17:38:08,0.10845,11.78125,11.78125,0.00000
2023-05-12 17:38:09,0.14566,14.75391,14.75391,0.00000
2023-05-12 17:38:10,0.11657,14.21875,14.21875,0.00000
2023-05-12 17:38:11,0.11387,12.64063,12.64063,0.00000
2023-05-12 17:38:12,0.10753,11.57813,11.57813,0.00000
2023-05-12 17:38:13,0.12634,13.37500,13.37500,0.00000
2023-05-12 17:38:14,0.18691,21.34375,21.34375,0.00000
2023-05-12 17:38:15,0.16035,17.78906,17.78906,0.00000
2023-05-12 17:38:16,0.24118,25.86719,25.86719,0.00000
2023-05-12 17:38:17,0.24071,23.08203,23.08203,0.00000
2023-05-12 17:38:18,0.13101,13.15625,13.15625,0.00000
2023-05-12 17:38:19,0.13401,13.26172,13.26172,0.00000
2023-05-12 17:38:20,0.08129,10.44922,10.44922,0.00000
2023-05-12 17:38:21,0.15935,17.08203,17.08203,0.00000
2023-05-12 17:38:22,0.11650,12.59375,12.59375,0.00000
2023-05-12 17:38:23,0.12767,12.92578,12.92578,0.00000
2023-05-12 17:38:24,0.10937,12.64453,12.64453,0.00000
2023-05-12 17:38:25,0.10768,11.88281,11.88281,0.00000
2023-05-12 17:38:26,0.15727,15.82813,15.82813,0.00000
2023-05-12 17:38:27,0.10790,13.38281,13.38281,0.00000
2023-05-12 17:38:28,0.10384,11.80078,11.80078,0.00000
2023-05-12 17:38:29,0.08281,10.12891,10.12891,0.00000
2023-05-12 17:38:30,0.08811,11.58594,11.58594,0.00000
2023-05-12 17:38:31,0.08370,10.18359,10.18359,0.00000
2023-05-12 17:38:32,0.14691,16.22266,16.22266,0.00000
2023-05-12 17:38:33,0.14838,13.75781,13.75781,0.00000
2023-05-12 17:38:34,0.09365,11.00000,11.00000,0.00000
2023-05-12 17:38:35,0.10732,11.92188,11.92188,0.00000
2023-05-12 17:38:36,0.14734,14.98438,14.98438,0.00000
2023-05-12 17:38:37,0.10887,13.20313,13.20313,0.00000
2023-05-12 17:38:38,0.11328,14.37891,14.37891,0.00000
2023-05-12 17:38:39,0.11364,12.82813,12.82813,0.00000
2023-05-12 17:38:40,0.08134,10.10938,10.10938,0.00000
2023-05-12 17:38:41,0.10195,11.96875,11.96875,0.00000
2023-05-12 17:38:42,0.08249,11.21484,11.21484,0.00000
2023-05-12 17:38:43,0.10189,11.73828,11.73828,0.00000
2023-05-12 17:38:44,0.11125,13.23828,13.23828,0.00000
2023-05-12 17:38:45,0.12808,13.82422,13.82422,0.00000
2023-05-12 17:38:46,0.16153,17.81641,17.81641,0.00000
2023-05-12 17:38:47,0.10473,12.12891,12.12891,0.00000
2023-05-12 17:38:48,0.07741,10.08594,10.08594,0.00000
2023-05-12 17:38:49,0.10358,14.02344,14.02344,0.00000
2023-05-12 17:38:50,0.09861,11.90234,11.90234,0.00000
2023-05-12 17:38:51,0.09741,11.19141,11.19141,0.00000
2023-05-12 17:38:52,0.10852,13.20703,13.20703,0.00000
2023-05-12 17:38:53,0.09188,11.40234,11.40234,0.00000
2023-05-12 17:38:54,0.10865,12.97266,12.97266,0.00000
2023-05-12 17:38:55,0.11942,13.88281,13.88281,0.00000
2023-05-12 17:38:56,0.10586,13.07031,13.07031,0.00000
2023-05-12 17:38:57,0.09787,10.45313,10.45313,0.00000
2023-05-12 17:38:58,0.10784,11.91406,11.91406,0.00000
2023-05-12 17:38:59,0.13186,14.97656,14.97656,0.00000
2023-05-12 17:39:00,0.11328,14.32031,14.32031,0.00000
2023-05-12 17:39:01,0.12649,14.21875,14.21875,0.00000
2023-05-12 17:39:02,0.12100,12.86719,12.86719,0.00000
2023-05-12 17:39:03,0.11881,12.67969,12.67969,0.00000
2023-05-12 17:39:04,0.14676,16.82813,16.82813,0.00000
2023-05-12 17:39:05,0.20165,21.39063,21.39063,0.00000
2023-05-12 17:39:06,0.23203,23.11328,23.11328,0.00000
2023-05-12 17:39:07,0.15686,17.41016,17.41016,0.00000
2023-05-12 17:39:08,0.16308,17.82813,17.82813,0.00000
2023-05-12 17:39:09,0.13296,14.49219,14.49219,0.00000
2023-05-12 17:39:10,0.11097,11.45313,11.45313,0.00000
2023-05-12 17:39:11,0.09566,12.21094,12.21094,0.00000
2023-05-12 17:39:12,0.13602,15.97266,15.97266,0.00000
2023-05-12 17:39:13,0.09359,11.67188,11.67188,0.00000
2023-05-12 17:39:14,0.07915,10.02344,10.02344,0.00000
2023-05-12 17:39:15,0.10957,12.92578,12.92578,0.00000
2023-05-12 17:39:16,0.11957,12.77344,12.77344,0.00000
2023-05-12 17:39:17,0.11355,15.06641,15.06641,0.00000
2023-05-12 17:39:18,0.10408,13.16016,13.16016,0.00000
2023-05-12 17:39:19,0.09969,10.86328,10.86328,0.00000
2023-05-12 17:39:20,0.13847,14.20313,14.20313,0.00000
2023-05-12 17:39:21,0.12524,15.06250,15.06250,0.00000
2023-05-12 17:39:22,0.14934,15.26563,15.26563,0.00000
2023-05-12 17:39:23,0.11265,13.69141,13.69141,0.00000
2023-05-12 17:39:24,0.15157,15.45703,15.45703,0.00000
2023-05-12 17:39:25,0.09623,11.17969,11.17969,0.00000
2023-05-12 17:39:26,0.11432,14.28906,14.28906,0.00000
2023-05-12 17:39:27,0.11412,13.31641,13.31641,0.00000
2023-05-12 17:39:28,0.14698,17.12500,17.12500,0.00000
2023-05-12 17:39:29,0.10470,12.67188,12.67188,0.00000
2023-05-12 17:39:30,0.10340,11.84375,11.84375,0.00000
2023-05-12 17:39:31,0.12942,16.12500,16.12500,0.00000
2023-05-12 17:39:32,0.17202,20.51563,20.51563,0.00000
2023-05-12 17:39:33,0.10576,12.53516,12.53516,0.00000
2023-05-12 17:39:34,0.12453,14.01953,14.01953,0.00000
2023-05-12 17:39:35,0.08076,11.41406,11.41406,0.00000
2023-05-12 17:39:36,0.09482,10.96484,10.96484,0.00000
2023-05-12 17:39:37,0.11090,14.21484,14.21484,0.00000
2023-05-12 17:39:38,0.17285,20.37500,20.37500,0.00000
2023-05-12 17:39:39,0.17462,19.24219,19.24219,0.00000
2023-05-12 17:39:40,0.14484,16.09375,16.09375,0.00000
2023-05-12 17:39:41,0.08994,12.30469,12.30469,0.00000
2023-05-12 17:39:42,0.09659,11.01563,11.01563,0.00000
2023-05-12 17:39:43,0.08223,11.10547,11.10547,0.00000
2023-05-12 17:39:44,0.12217,15.38281,15.38281,0.00000
2023-05-12 17:39:45,0.17358,20.29297,20.29297,0.00000
2023-05-12 17:39:46,0.14412,15.69141,15.69141,0.00000
2023-05-12 17:39:47,0.09330,12.25391,12.25391,0.00000
2023-05-12 17:39:48,0.13908,14.46484,14.46484,0.00000
2023-05-12 17:39:49,0.11839,14.14844,14.14844,0.00000
2023-05-12 17:39:50,0.11965,14.03125,14.03125,0.00000
2023-05-12 17:39:51,0.11534,14.17969,14.17969,0.00000
2023-05-12 17:39:52,0.09269,12.13281,12.13281,0.00000
