Date,CPU Utilization,Total Power,CPU Power,GPU Power
2023-05-14 14:48:32,0.02388,5.33203,5.33203,0.00000
2023-05-14 14:48:33,0.11418,11.75000,11.75000,0.00000
2023-05-14 14:48:34,0.10289,9.77148,9.77148,0.00000
2023-05-14 14:48:35,0.11522,10.12305,10.12305,0.00000
2023-05-14 14:48:36,0.10855,9.44531,9.44531,0.00000
2023-05-14 14:48:37,0.11683,10.42969,10.42969,0.00000
2023-05-14 14:48:38,0.10194,9.62500,9.62500,0.00000
2023-05-14 14:48:39,0.13267,13.93359,13.93359,0.00000
2023-05-14 14:48:40,0.12171,11.85938,11.85938,0.00000
2023-05-14 14:48:41,0.10649,10.37695,10.37695,0.00000
2023-05-14 14:48:42,0.11882,10.21484,10.21484,0.00000
2023-05-14 14:48:43,0.10289,9.48242,9.48242,0.00000
2023-05-14 14:48:44,0.12946,13.82031,13.82031,0.00000
2023-05-14 14:48:45,0.12374,11.72852,11.72852,0.00000
2023-05-14 14:48:46,0.10576,10.06055,10.06055,0.00000
2023-05-14 14:48:47,0.11244,10.39063,10.39063,0.00000
2023-05-14 14:48:48,0.09661,9.58398,9.58398,0.00000
2023-05-14 14:48:49,0.12915,13.84570,13.84570,0.00000
2023-05-14 14:48:50,0.12422,11.03125,11.03125,0.00000
2023-05-14 14:48:51,0.11021,9.86719,9.86719,0.00000
2023-05-14 14:48:52,0.11529,10.25195,10.25195,0.00000
2023-05-14 14:48:53,0.10031,9.60742,9.60742,0.00000
2023-05-14 14:48:54,0.12899,13.91797,13.91797,0.00000
2023-05-14 14:48:55,0.12226,11.13086,11.13086,0.00000
2023-05-14 14:48:56,0.09906,9.89648,9.89648,0.00000
2023-05-14 14:48:57,0.11820,10.30273,10.30273,0.00000
2023-05-14 14:48:58,0.10658,9.73828,9.73828,0.00000
2023-05-14 14:48:59,0.13033,13.69531,13.69531,0.00000
2023-05-14 14:49:00,0.12406,11.07031,11.07031,0.00000
2023-05-14 14:49:01,0.09906,9.73047,9.73047,0.00000
2023-05-14 14:49:02,0.11661,10.32813,10.32813,0.00000
2023-05-14 14:49:03,0.10388,9.72656,9.72656,0.00000
2023-05-14 14:49:04,0.13049,14.02539,14.02539,0.00000
2023-05-14 14:49:05,0.12116,11.22266,11.22266,0.00000
2023-05-14 14:49:06,0.10414,9.74805,9.74805,0.00000
2023-05-14 14:49:07,0.11522,10.26563,10.26563,0.00000
2023-05-14 14:49:08,0.09762,9.60938,9.60938,0.00000
2023-05-14 14:49:09,0.13283,13.91797,13.91797,0.00000
2023-05-14 14:49:10,0.12359,11.14063,11.14063,0.00000
2023-05-14 14:49:11,0.11468,10.55859,10.55859,0.00000
2023-05-14 14:49:12,0.11160,10.51367,10.51367,0.00000
2023-05-14 14:49:13,0.09956,9.49805,9.49805,0.00000
2023-05-14 14:49:14,0.13008,13.88281,13.88281,0.00000
2023-05-14 14:49:15,0.11967,11.19531,11.19531,0.00000
2023-05-14 14:49:16,0.10451,9.58398,9.58398,0.00000
2023-05-14 14:49:17,0.11466,10.32422,10.32422,0.00000
2023-05-14 14:49:18,0.10025,9.46094,9.46094,0.00000
2023-05-14 14:49:19,0.13008,13.90039,13.90039,0.00000
2023-05-14 14:49:20,0.12163,11.09961,11.09961,0.00000
2023-05-14 14:49:21,0.11416,10.34766,10.34766,0.00000
2023-05-14 14:49:22,0.12138,10.68750,10.68750,0.00000
2023-05-14 14:49:23,0.11389,13.10156,13.10156,0.00000
2023-05-14 14:49:24,0.12133,10.56641,10.56641,0.00000
2023-05-14 14:49:25,0.09906,9.32813,9.32813,0.00000
2023-05-14 14:49:26,0.11522,10.64063,10.64063,0.00000
2023-05-14 14:49:27,0.10226,9.29297,9.29297,0.00000
2023-05-14 14:49:28,0.12875,13.74023,13.74023,0.00000
2023-05-14 14:49:29,0.12085,11.23633,11.23633,0.00000
2023-05-14 14:49:30,0.09843,9.38281,9.38281,0.00000
2023-05-14 14:49:31,0.11754,10.64063,10.64063,0.00000
2023-05-14 14:49:32,0.09894,9.15234,9.15234,0.00000
2023-05-14 14:49:33,0.13204,13.87305,13.87305,0.00000
2023-05-14 14:49:34,0.12578,11.20898,11.20898,0.00000
2023-05-14 14:49:35,0.09768,9.48828,9.48828,0.00000
2023-05-14 14:49:36,0.11647,10.36719,10.36719,0.00000
2023-05-14 14:49:37,0.09843,9.28906,9.28906,0.00000
2023-05-14 14:49:38,0.12665,14.31836,14.31836,0.00000
2023-05-14 14:49:39,0.12233,11.16406,11.16406,0.00000
2023-05-14 14:49:40,0.10609,9.27539,9.27539,0.00000
2023-05-14 14:49:41,0.12201,11.31836,11.31836,0.00000
2023-05-14 14:49:42,0.09962,9.66992,9.66992,0.00000
2023-05-14 14:49:43,0.13892,13.95313,13.95313,0.00000
2023-05-14 14:49:44,0.12093,10.88672,10.88672,0.00000
2023-05-14 14:49:45,0.10069,9.50586,9.50586,0.00000
2023-05-14 14:49:46,0.11587,11.01172,11.01172,0.00000
2023-05-14 14:49:47,0.11271,10.70898,10.70898,0.00000
2023-05-14 14:49:48,0.12962,14.24609,14.24609,0.00000
2023-05-14 14:49:49,0.12351,11.41797,11.41797,0.00000
2023-05-14 14:49:50,0.10131,9.72266,9.72266,0.00000
2023-05-14 14:49:51,0.11468,11.00391,11.00391,0.00000
2023-05-14 14:49:52,0.11445,9.84766,9.84766,0.00000
2023-05-14 14:49:53,0.13183,14.01563,14.01563,0.00000
2023-05-14 14:49:54,0.12853,11.15039,11.15039,0.00000
2023-05-14 14:49:55,0.10182,9.26953,9.26953,0.00000
2023-05-14 14:49:56,0.11654,10.67578,10.67578,0.00000
2023-05-14 14:49:57,0.09819,9.72461,9.72461,0.00000
2023-05-14 14:49:58,0.13631,13.86523,13.86523,0.00000
2023-05-14 14:49:59,0.18039,22.01367,22.01367,0.00000
2023-05-14 14:50:00,0.11990,11.12305,11.12305,0.00000
2023-05-14 14:50:01,0.11558,10.79688,10.79688,0.00000
2023-05-14 14:50:02,0.09649,9.43555,9.43555,0.00000
2023-05-14 14:50:03,0.12555,13.74414,13.74414,0.00000
2023-05-14 14:50:04,0.12233,11.33203,11.33203,0.00000
2023-05-14 14:50:05,0.10609,9.83398,9.83398,0.00000
2023-05-14 14:50:06,0.11111,10.54883,10.54883,0.00000
2023-05-14 14:50:07,0.09793,9.27148,9.27148,0.00000
2023-05-14 14:50:08,0.12719,14.01563,14.01563,0.00000
2023-05-14 14:50:09,0.12673,11.24805,11.24805,0.00000
2023-05-14 14:50:10,0.09774,9.73828,9.73828,0.00000
2023-05-14 14:50:11,0.11776,11.55664,11.55664,0.00000
